<?xml version="1.0" encoding="UTF-8"?>
<!-- Generated by org.testng.reporters.JUnitXMLReporter -->
<testsuite hostname="FOCUS-QA-118" name="Test" tests="135" failures="65" timestamp="4 Jan 2023 14:19:58 GMT" time="4241.436" errors="0">
  <testcase name="verifyBrowserOpen" time="8.98" classname="com.focus.testcases.URLBrowserTest"/>
  <testcase name="checkLoginPageTitleByURLInputInBrowser" time="18.884" classname="com.focus.testcases.URLBrowserTest"/>
  <testcase name="checkLogin" time="14.32" classname="com.focus.testcases.UserRestrictionsTest">
    <failure type="java.lang.AssertionError" message="expected [true] but found [false]">
      <![CDATA[java.lang.AssertionError: expected [true] but found [false]
	at com.focus.testcases.UserRestrictionsTest.checkLogin(UserRestrictionsTest.java:26)
... Removed 30 stack frames]]>
    </failure>
  </testcase> <!-- checkLogin -->
  <testcase name="checkRestoreCompany" time="278.857" classname="com.focus.testcases.UserRestrictionsTest">
    <failure type="org.openqa.selenium.TimeoutException" message="Expected condition failed: waiting for element to be clickable: Proxy element for: DefaultElementLocator &amp;apos;By.xpath: //*[@id=&amp;apos;txtUsername&amp;apos;]&amp;apos; (tried for 20 second(s) with 1000 milliseconds interval)">
      <![CDATA[org.openqa.selenium.TimeoutException: Expected condition failed: waiting for element to be clickable: Proxy element for: DefaultElementLocator 'By.xpath: //*[@id='txtUsername']' (tried for 20 second(s) with 1000 milliseconds interval)
	at org.openqa.selenium.support.ui.FluentWait.timeoutException(FluentWait.java:303)
	at org.openqa.selenium.support.ui.FluentWait.until(FluentWait.java:271)
	at com.focus.Pages.LoginPage.enterUserName(LoginPage.java:1380)
	at com.focus.base.BaseEngine.checkLoginToSelectedCompany(BaseEngine.java:395)
	at com.focus.base.BaseEngine.restoreCompany(BaseEngine.java:533)
	at com.focus.Pages.UserRestrictionsPage.checkRestoreCompany(UserRestrictionsPage.java:29)
	at com.focus.testcases.UserRestrictionsTest.checkRestoreCompany(UserRestrictionsTest.java:33)
Caused by: org.openqa.selenium.NoSuchElementException: no such element: Unable to locate element: {"method":"xpath","selector":"//*[@id='txtUsername']"}
  (Session info: chrome=108.0.5359.125)
For documentation on this error, please visit: http://seleniumhq.org/exceptions/no_such_element.html
Build info: version: '3.12.0', revision: '7c6e0b3', time: '2018-05-08T14:04:26.12Z'
System info: host: 'FOCUS-QA-118', ip: '172.25.128.1', os.name: 'Windows 10', os.arch: 'amd64', os.version: '10.0', java.version: '1.8.0_111'
Driver info: org.openqa.selenium.chrome.ChromeDriver
Capabilities {acceptInsecureCerts: false, browserName: chrome, browserVersion: 108.0.5359.125, chrome: {chromedriverVersion: 108.0.5359.71 (1e0e3868ee06..., userDataDir: C:\Users\Admin\AppData\Loca...}, goog:chromeOptions: {debuggerAddress: localhost:56967}, javascriptEnabled: true, networkConnectionEnabled: false, pageLoadStrategy: normal, platform: WINDOWS, platformName: WINDOWS, proxy: Proxy(), setWindowRect: true, strictFileInteractability: false, timeouts: {implicit: 0, pageLoad: 300000, script: 30000}, unhandledPromptBehavior: dismiss and notify, webauthn:extension:credBlob: true, webauthn:extension:largeBlob: true, webauthn:virtualAuthenticators: true}
Session ID: f6a783fb13d2167b4042629b5e034545
*** Element info: {Using=xpath, value=//*[@id='txtUsername']}
	at org.openqa.selenium.remote.http.W3CHttpResponseCodec.createException(W3CHttpResponseCodec.java:187)
	at org.openqa.selenium.remote.http.W3CHttpResponseCodec.decode(W3CHttpResponseCodec.java:122)
	at org.openqa.selenium.remote.http.W3CHttpResponseCodec.decode(W3CHttpResponseCodec.java:49)
	at org.openqa.selenium.remote.HttpCommandExecutor.execute(HttpCommandExecutor.java:158)
	at org.openqa.selenium.remote.service.DriverCommandExecutor.execute(DriverCommandExecutor.java:83)
	at org.openqa.selenium.remote.RemoteWebDriver.execute(RemoteWebDriver.java:543)
	at org.openqa.selenium.remote.RemoteWebDriver.findElement(RemoteWebDriver.java:317)
	at org.openqa.selenium.remote.RemoteWebDriver.findElementByXPath(RemoteWebDriver.java:419)
	at org.openqa.selenium.By$ByXPath.findElement(By.java:353)
	at org.openqa.selenium.remote.RemoteWebDriver.findElement(RemoteWebDriver.java:309)
	at org.openqa.selenium.support.pagefactory.DefaultElementLocator.findElement(DefaultElementLocator.java:69)
	at org.openqa.selenium.support.pagefactory.internal.LocatingElementHandler.invoke(LocatingElementHandler.java:38)
	at com.sun.proxy.$Proxy14.isDisplayed(Unknown Source)
	at org.openqa.selenium.support.ui.ExpectedConditions.elementIfVisible(ExpectedConditions.java:315)
	at org.openqa.selenium.support.ui.ExpectedConditions.access$100(ExpectedConditions.java:44)
	at org.openqa.selenium.support.ui.ExpectedConditions$10.apply(ExpectedConditions.java:301)
	at org.openqa.selenium.support.ui.ExpectedConditions$10.apply(ExpectedConditions.java:298)
	at org.openqa.selenium.support.ui.ExpectedConditions$23.apply(ExpectedConditions.java:686)
	at org.openqa.selenium.support.ui.ExpectedConditions$23.apply(ExpectedConditions.java:682)
	at org.openqa.selenium.support.ui.FluentWait.until(FluentWait.java:248)
	... 29 more
... Removed 28 stack frames]]>
    </failure>
  </testcase> <!-- checkRestoreCompany -->
  <testcase name="checkLoginWithERR" time="18.102" classname="com.focus.testcases.UserRestrictionsTest"/>
  <testcase name="checkAccountMasterWhetherShowingOnlyRestrictedAccountsInList" time="7.857" classname="com.focus.testcases.UserRestrictionsTest">
    <failure type="java.lang.AssertionError" message="expected [true] but found [false]">
      <![CDATA[java.lang.AssertionError: expected [true] but found [false]
	at com.focus.testcases.UserRestrictionsTest.checkAccountMasterWhetherShowingOnlyRestrictedAccountsInList(UserRestrictionsTest.java:55)
... Removed 30 stack frames]]>
    </failure>
  </testcase> <!-- checkAccountMasterWhetherShowingOnlyRestrictedAccountsInList -->
  <testcase name="checkChildAccountsInsideTheGroupAccountsIndivdually" time="25.41" classname="com.focus.testcases.UserRestrictionsTest"/>
  <testcase name="checkSearchAccountsWhetherNonRestrictedAccountsAreDisplaying" time="16.007" classname="com.focus.testcases.UserRestrictionsTest"/>
  <testcase name="checkItemMasterWhetherShowingOnlyRestrictedItemsInList" time="16.174" classname="com.focus.testcases.UserRestrictionsTest">
    <failure type="java.lang.AssertionError" message="expected [true] but found [false]">
      <![CDATA[java.lang.AssertionError: expected [true] but found [false]
	at com.focus.testcases.UserRestrictionsTest.checkItemMasterWhetherShowingOnlyRestrictedItemsInList(UserRestrictionsTest.java:76)
... Removed 30 stack frames]]>
    </failure>
  </testcase> <!-- checkItemMasterWhetherShowingOnlyRestrictedItemsInList -->
  <testcase name="checkSearchItemsWhetherNonRestrictedItemsAreDisplaying" time="46.449" classname="com.focus.testcases.UserRestrictionsTest"/>
  <testcase name="checkDepartmentMasterWhetherShowingOnlyRestrictedDepartmentInList" time="15.233" classname="com.focus.testcases.UserRestrictionsTest"/>
  <testcase name="checkSearchDepartmentWhetherNonRestrictedDepartmentsAreDisplaying" time="46.372" classname="com.focus.testcases.UserRestrictionsTest"/>
  <testcase name="checkWarehouseMasterWhetherShowingOnlyRestrictedWarehouseInList" time="15.062" classname="com.focus.testcases.UserRestrictionsTest">
    <failure type="java.lang.AssertionError" message="expected [true] but found [false]">
      <![CDATA[java.lang.AssertionError: expected [true] but found [false]
	at com.focus.testcases.UserRestrictionsTest.checkWarehouseMasterWhetherShowingOnlyRestrictedWarehouseInList(UserRestrictionsTest.java:105)
... Removed 30 stack frames]]>
    </failure>
  </testcase> <!-- checkWarehouseMasterWhetherShowingOnlyRestrictedWarehouseInList -->
  <testcase name="checkSearchWarehouseWhetherNonRestrictedWarehousesAreDisplaying" time="46.347" classname="com.focus.testcases.UserRestrictionsTest"/>
  <testcase name="checkBranchMasterWhetherShowingOnlyRestrictedBranchInList" time="12.346" classname="com.focus.testcases.UserRestrictionsTest"/>
  <testcase name="checkPurchaseVoucherHomePageMastersList" time="10.705" classname="com.focus.testcases.UserRestrictionsTest">
    <failure type="java.lang.AssertionError" message="expected [true] but found [false]">
      <![CDATA[java.lang.AssertionError: expected [true] but found [false]
	at com.focus.testcases.UserRestrictionsTest.checkPurchaseVoucherHomePageMastersList(UserRestrictionsTest.java:126)
... Removed 30 stack frames]]>
    </failure>
  </testcase> <!-- checkPurchaseVoucherHomePageMastersList -->
  <testcase name="checkPurchasesVoucherForAllTheMastersListInMastersDropdown" time="26.002" classname="com.focus.testcases.UserRestrictionsTest"/>
  <testcase name="checkSalesInvoiceVoucherHomePgaeMastersList" time="8.646" classname="com.focus.testcases.UserRestrictionsTest"/>
  <testcase name="checkMastersListInSalesInvoices" time="21.22" classname="com.focus.testcases.UserRestrictionsTest"/>
  <testcase name="checkPaymentsVoucherHomePageMastersList" time="2.928" classname="com.focus.testcases.UserRestrictionsTest"/>
  <testcase name="checkMastersListInPayments" time="17.939" classname="com.focus.testcases.UserRestrictionsTest"/>
  <testcase name="checkReceiptsHomePageMasterList" time="2.871" classname="com.focus.testcases.UserRestrictionsTest"/>
  <testcase name="checkMasterInReceipts" time="17.23" classname="com.focus.testcases.UserRestrictionsTest"/>
  <testcase name="checkLoginWithRERInFA" time="86.151" classname="com.focus.testcases.FocusInventoryReportsTest">
    <failure type="org.openqa.selenium.TimeoutException" message="Expected condition failed: waiting for element to be clickable: Proxy element for: DefaultElementLocator &amp;apos;By.xpath: //*[@id=&amp;apos;txtUsername&amp;apos;]&amp;apos; (tried for 20 second(s) with 1000 milliseconds interval)">
      <![CDATA[org.openqa.selenium.TimeoutException: Expected condition failed: waiting for element to be clickable: Proxy element for: DefaultElementLocator 'By.xpath: //*[@id='txtUsername']' (tried for 20 second(s) with 1000 milliseconds interval)
	at org.openqa.selenium.support.ui.FluentWait.timeoutException(FluentWait.java:303)
	at org.openqa.selenium.support.ui.FluentWait.until(FluentWait.java:271)
	at com.focus.Pages.LoginPageOld.enterUserName(LoginPageOld.java:923)
	at com.focus.Pages.UserRestrictionsPage.checkLoginWithRERInFA(UserRestrictionsPage.java:572)
	at com.focus.testcases.FocusInventoryReportsTest.checkLoginWithRERInFA(FocusInventoryReportsTest.java:25)
Caused by: org.openqa.selenium.NoSuchElementException: no such element: Unable to locate element: {"method":"xpath","selector":"//*[@id='txtUsername']"}
  (Session info: chrome=108.0.5359.125)
For documentation on this error, please visit: http://seleniumhq.org/exceptions/no_such_element.html
Build info: version: '3.12.0', revision: '7c6e0b3', time: '2018-05-08T14:04:26.12Z'
System info: host: 'FOCUS-QA-118', ip: '172.25.128.1', os.name: 'Windows 10', os.arch: 'amd64', os.version: '10.0', java.version: '1.8.0_111'
Driver info: org.openqa.selenium.chrome.ChromeDriver
Capabilities {acceptInsecureCerts: false, browserName: chrome, browserVersion: 108.0.5359.125, chrome: {chromedriverVersion: 108.0.5359.71 (1e0e3868ee06..., userDataDir: C:\Users\Admin\AppData\Loca...}, goog:chromeOptions: {debuggerAddress: localhost:56967}, javascriptEnabled: true, networkConnectionEnabled: false, pageLoadStrategy: normal, platform: WINDOWS, platformName: WINDOWS, proxy: Proxy(), setWindowRect: true, strictFileInteractability: false, timeouts: {implicit: 0, pageLoad: 300000, script: 30000}, unhandledPromptBehavior: dismiss and notify, webauthn:extension:credBlob: true, webauthn:extension:largeBlob: true, webauthn:virtualAuthenticators: true}
Session ID: f6a783fb13d2167b4042629b5e034545
*** Element info: {Using=xpath, value=//*[@id='txtUsername']}
	at org.openqa.selenium.remote.http.W3CHttpResponseCodec.createException(W3CHttpResponseCodec.java:187)
	at org.openqa.selenium.remote.http.W3CHttpResponseCodec.decode(W3CHttpResponseCodec.java:122)
	at org.openqa.selenium.remote.http.W3CHttpResponseCodec.decode(W3CHttpResponseCodec.java:49)
	at org.openqa.selenium.remote.HttpCommandExecutor.execute(HttpCommandExecutor.java:158)
	at org.openqa.selenium.remote.service.DriverCommandExecutor.execute(DriverCommandExecutor.java:83)
	at org.openqa.selenium.remote.RemoteWebDriver.execute(RemoteWebDriver.java:543)
	at org.openqa.selenium.remote.RemoteWebDriver.findElement(RemoteWebDriver.java:317)
	at org.openqa.selenium.remote.RemoteWebDriver.findElementByXPath(RemoteWebDriver.java:419)
	at org.openqa.selenium.By$ByXPath.findElement(By.java:353)
	at org.openqa.selenium.remote.RemoteWebDriver.findElement(RemoteWebDriver.java:309)
	at org.openqa.selenium.support.pagefactory.DefaultElementLocator.findElement(DefaultElementLocator.java:69)
	at org.openqa.selenium.support.pagefactory.internal.LocatingElementHandler.invoke(LocatingElementHandler.java:38)
	at com.sun.proxy.$Proxy14.isDisplayed(Unknown Source)
	at org.openqa.selenium.support.ui.ExpectedConditions.elementIfVisible(ExpectedConditions.java:315)
	at org.openqa.selenium.support.ui.ExpectedConditions.access$100(ExpectedConditions.java:44)
	at org.openqa.selenium.support.ui.ExpectedConditions$10.apply(ExpectedConditions.java:301)
	at org.openqa.selenium.support.ui.ExpectedConditions$10.apply(ExpectedConditions.java:298)
	at org.openqa.selenium.support.ui.ExpectedConditions$23.apply(ExpectedConditions.java:686)
	at org.openqa.selenium.support.ui.ExpectedConditions$23.apply(ExpectedConditions.java:682)
	at org.openqa.selenium.support.ui.FluentWait.until(FluentWait.java:248)
	... 27 more
... Removed 28 stack frames]]>
    </failure>
  </testcase> <!-- checkLoginWithRERInFA -->
  <testcase name="checkItemQueryReport" time="50.787" classname="com.focus.testcases.FocusInventoryReportsTest"/>
  <testcase name="checkStockLedgerReport" time="152.219" classname="com.focus.testcases.FocusInventoryReportsTest"/>
  <testcase name="checkFilterInStockLedger" time="37.88" classname="com.focus.testcases.FocusInventoryReportsTest">
    <failure type="java.lang.AssertionError" message="expected [true] but found [false]">
      <![CDATA[java.lang.AssertionError: expected [true] but found [false]
	at com.focus.testcases.FocusInventoryReportsTest.checkFilterInStockLedger(FocusInventoryReportsTest.java:46)
... Removed 30 stack frames]]>
    </failure>
  </testcase> <!-- checkFilterInStockLedger -->
  <testcase name="checkOpeningStockRegisterReport" time="17.123" classname="com.focus.testcases.FocusInventoryReportsTest">
    <failure type="java.lang.AssertionError" message="expected [true] but found [false]">
      <![CDATA[java.lang.AssertionError: expected [true] but found [false]
	at com.focus.testcases.FocusInventoryReportsTest.checkOpeningStockRegisterReport(FocusInventoryReportsTest.java:53)
... Removed 30 stack frames]]>
    </failure>
  </testcase> <!-- checkOpeningStockRegisterReport -->
  <testcase name="checkStockStatementReport" time="35.562" classname="com.focus.testcases.FocusInventoryReportsTest"/>
  <testcase name="checkPrintOptionInStockStatements" time="29.379" classname="com.focus.testcases.FocusInventoryReportsTest">
    <failure type="java.lang.IndexOutOfBoundsException" message="Index: 2, Size: 2">
      <![CDATA[java.lang.IndexOutOfBoundsException: Index: 2, Size: 2
	at java.util.ArrayList.rangeCheck(Unknown Source)
	at java.util.ArrayList.get(Unknown Source)
	at com.focus.Pages.FocusInventoryReportsPage.checkPrintOptionInStockStatements(FocusInventoryReportsPage.java:1152)
	at com.focus.testcases.FocusInventoryReportsTest.checkPrintOptionInStockStatements(FocusInventoryReportsTest.java:67)
... Removed 24 stack frames]]>
    </failure>
  </testcase> <!-- checkPrintOptionInStockStatements -->
  <testcase name="checkStockMovementReport" time="1.311" classname="com.focus.testcases.FocusInventoryReportsTest">
    <failure type="org.openqa.selenium.ElementClickInterceptedException" message="element click intercepted: Element &amp;lt;a href=&amp;quot;#&amp;quot; id=&amp;quot;135&amp;quot; title=&amp;quot;Inventory&amp;quot; data-toggle=&amp;quot;true&amp;quot; data-bind=&amp;quot;0&amp;quot; class=&amp;quot;nav-link hovco&amp;quot; onclick=&amp;quot;GLOBAL.DisplayList(this)&amp;quot;&amp;gt;...&amp;lt;/a&amp;gt; is not clickable at point (44, 237). Other element would receive the click: &amp;lt;div class=&amp;quot;modal-dialog-back-area&amp;quot;&amp;gt;&amp;lt;/div&amp;gt;
  (Session info: chrome=108.0.5359.125)
Build info: version: &amp;apos;3.12.0&amp;apos;, revision: &amp;apos;7c6e0b3&amp;apos;, time: &amp;apos;2018-05-08T14:04:26.12Z&amp;apos;
System info: host: &amp;apos;FOCUS-QA-118&amp;apos;, ip: &amp;apos;172.25.128.1&amp;apos;, os.name: &amp;apos;Windows 10&amp;apos;, os.arch: &amp;apos;amd64&amp;apos;, os.version: &amp;apos;10.0&amp;apos;, java.version: &amp;apos;1.8.0_111&amp;apos;
Driver info: org.openqa.selenium.chrome.ChromeDriver
Capabilities {acceptInsecureCerts: false, browserName: chrome, browserVersion: 108.0.5359.125, chrome: {chromedriverVersion: 108.0.5359.71 (1e0e3868ee06..., userDataDir: C:\Users\Admin\AppData\Loca...}, goog:chromeOptions: {debuggerAddress: localhost:56967}, javascriptEnabled: true, networkConnectionEnabled: false, pageLoadStrategy: normal, platform: WINDOWS, platformName: WINDOWS, proxy: Proxy(), setWindowRect: true, strictFileInteractability: false, timeouts: {implicit: 0, pageLoad: 300000, script: 30000}, unhandledPromptBehavior: dismiss and notify, webauthn:extension:credBlob: true, webauthn:extension:largeBlob: true, webauthn:virtualAuthenticators: true}
Session ID: f6a783fb13d2167b4042629b5e034545">
      <![CDATA[org.openqa.selenium.ElementClickInterceptedException: element click intercepted: Element <a href="#" id="135" title="Inventory" data-toggle="true" data-bind="0" class="nav-link hovco" onclick="GLOBAL.DisplayList(this)">...</a> is not clickable at point (44, 237). Other element would receive the click: <div class="modal-dialog-back-area"></div>
  (Session info: chrome=108.0.5359.125)
Build info: version: '3.12.0', revision: '7c6e0b3', time: '2018-05-08T14:04:26.12Z'
System info: host: 'FOCUS-QA-118', ip: '172.25.128.1', os.name: 'Windows 10', os.arch: 'amd64', os.version: '10.0', java.version: '1.8.0_111'
Driver info: org.openqa.selenium.chrome.ChromeDriver
Capabilities {acceptInsecureCerts: false, browserName: chrome, browserVersion: 108.0.5359.125, chrome: {chromedriverVersion: 108.0.5359.71 (1e0e3868ee06..., userDataDir: C:\Users\Admin\AppData\Loca...}, goog:chromeOptions: {debuggerAddress: localhost:56967}, javascriptEnabled: true, networkConnectionEnabled: false, pageLoadStrategy: normal, platform: WINDOWS, platformName: WINDOWS, proxy: Proxy(), setWindowRect: true, strictFileInteractability: false, timeouts: {implicit: 0, pageLoad: 300000, script: 30000}, unhandledPromptBehavior: dismiss and notify, webauthn:extension:credBlob: true, webauthn:extension:largeBlob: true, webauthn:virtualAuthenticators: true}
Session ID: f6a783fb13d2167b4042629b5e034545
	at org.openqa.selenium.remote.http.W3CHttpResponseCodec.createException(W3CHttpResponseCodec.java:187)
	at org.openqa.selenium.remote.http.W3CHttpResponseCodec.decode(W3CHttpResponseCodec.java:122)
	at org.openqa.selenium.remote.http.W3CHttpResponseCodec.decode(W3CHttpResponseCodec.java:49)
	at org.openqa.selenium.remote.HttpCommandExecutor.execute(HttpCommandExecutor.java:158)
	at org.openqa.selenium.remote.service.DriverCommandExecutor.execute(DriverCommandExecutor.java:83)
	at org.openqa.selenium.remote.RemoteWebDriver.execute(RemoteWebDriver.java:543)
	at org.openqa.selenium.remote.RemoteWebElement.execute(RemoteWebElement.java:276)
	at org.openqa.selenium.remote.RemoteWebElement.click(RemoteWebElement.java:83)
	at org.openqa.selenium.support.pagefactory.internal.LocatingElementHandler.invoke(LocatingElementHandler.java:51)
	at com.sun.proxy.$Proxy14.click(Unknown Source)
	at com.focus.Pages.FocusInventoryReportsPage.checkStockMovementReport(FocusInventoryReportsPage.java:1189)
	at com.focus.testcases.FocusInventoryReportsTest.checkStockMovementReport(FocusInventoryReportsTest.java:74)
... Removed 31 stack frames]]>
    </failure>
  </testcase> <!-- checkStockMovementReport -->
  <testcase name="checkVirtualStockAnalysisReport" time="1.258" classname="com.focus.testcases.FocusInventoryReportsTest">
    <failure type="org.openqa.selenium.ElementClickInterceptedException" message="element click intercepted: Element &amp;lt;a href=&amp;quot;#&amp;quot; id=&amp;quot;135&amp;quot; title=&amp;quot;Inventory&amp;quot; data-toggle=&amp;quot;true&amp;quot; data-bind=&amp;quot;0&amp;quot; class=&amp;quot;nav-link hovco&amp;quot; onclick=&amp;quot;GLOBAL.DisplayList(this)&amp;quot;&amp;gt;...&amp;lt;/a&amp;gt; is not clickable at point (44, 237). Other element would receive the click: &amp;lt;div class=&amp;quot;modal-dialog-back-area&amp;quot;&amp;gt;&amp;lt;/div&amp;gt;
  (Session info: chrome=108.0.5359.125)
Build info: version: &amp;apos;3.12.0&amp;apos;, revision: &amp;apos;7c6e0b3&amp;apos;, time: &amp;apos;2018-05-08T14:04:26.12Z&amp;apos;
System info: host: &amp;apos;FOCUS-QA-118&amp;apos;, ip: &amp;apos;172.25.128.1&amp;apos;, os.name: &amp;apos;Windows 10&amp;apos;, os.arch: &amp;apos;amd64&amp;apos;, os.version: &amp;apos;10.0&amp;apos;, java.version: &amp;apos;1.8.0_111&amp;apos;
Driver info: org.openqa.selenium.chrome.ChromeDriver
Capabilities {acceptInsecureCerts: false, browserName: chrome, browserVersion: 108.0.5359.125, chrome: {chromedriverVersion: 108.0.5359.71 (1e0e3868ee06..., userDataDir: C:\Users\Admin\AppData\Loca...}, goog:chromeOptions: {debuggerAddress: localhost:56967}, javascriptEnabled: true, networkConnectionEnabled: false, pageLoadStrategy: normal, platform: WINDOWS, platformName: WINDOWS, proxy: Proxy(), setWindowRect: true, strictFileInteractability: false, timeouts: {implicit: 0, pageLoad: 300000, script: 30000}, unhandledPromptBehavior: dismiss and notify, webauthn:extension:credBlob: true, webauthn:extension:largeBlob: true, webauthn:virtualAuthenticators: true}
Session ID: f6a783fb13d2167b4042629b5e034545">
      <![CDATA[org.openqa.selenium.ElementClickInterceptedException: element click intercepted: Element <a href="#" id="135" title="Inventory" data-toggle="true" data-bind="0" class="nav-link hovco" onclick="GLOBAL.DisplayList(this)">...</a> is not clickable at point (44, 237). Other element would receive the click: <div class="modal-dialog-back-area"></div>
  (Session info: chrome=108.0.5359.125)
Build info: version: '3.12.0', revision: '7c6e0b3', time: '2018-05-08T14:04:26.12Z'
System info: host: 'FOCUS-QA-118', ip: '172.25.128.1', os.name: 'Windows 10', os.arch: 'amd64', os.version: '10.0', java.version: '1.8.0_111'
Driver info: org.openqa.selenium.chrome.ChromeDriver
Capabilities {acceptInsecureCerts: false, browserName: chrome, browserVersion: 108.0.5359.125, chrome: {chromedriverVersion: 108.0.5359.71 (1e0e3868ee06..., userDataDir: C:\Users\Admin\AppData\Loca...}, goog:chromeOptions: {debuggerAddress: localhost:56967}, javascriptEnabled: true, networkConnectionEnabled: false, pageLoadStrategy: normal, platform: WINDOWS, platformName: WINDOWS, proxy: Proxy(), setWindowRect: true, strictFileInteractability: false, timeouts: {implicit: 0, pageLoad: 300000, script: 30000}, unhandledPromptBehavior: dismiss and notify, webauthn:extension:credBlob: true, webauthn:extension:largeBlob: true, webauthn:virtualAuthenticators: true}
Session ID: f6a783fb13d2167b4042629b5e034545
	at org.openqa.selenium.remote.http.W3CHttpResponseCodec.createException(W3CHttpResponseCodec.java:187)
	at org.openqa.selenium.remote.http.W3CHttpResponseCodec.decode(W3CHttpResponseCodec.java:122)
	at org.openqa.selenium.remote.http.W3CHttpResponseCodec.decode(W3CHttpResponseCodec.java:49)
	at org.openqa.selenium.remote.HttpCommandExecutor.execute(HttpCommandExecutor.java:158)
	at org.openqa.selenium.remote.service.DriverCommandExecutor.execute(DriverCommandExecutor.java:83)
	at org.openqa.selenium.remote.RemoteWebDriver.execute(RemoteWebDriver.java:543)
	at org.openqa.selenium.remote.RemoteWebElement.execute(RemoteWebElement.java:276)
	at org.openqa.selenium.remote.RemoteWebElement.click(RemoteWebElement.java:83)
	at org.openqa.selenium.support.pagefactory.internal.LocatingElementHandler.invoke(LocatingElementHandler.java:51)
	at com.sun.proxy.$Proxy14.click(Unknown Source)
	at com.focus.Pages.FocusInventoryReportsPage.checkVirtualStockAnalysisReport(FocusInventoryReportsPage.java:1282)
	at com.focus.testcases.FocusInventoryReportsTest.checkVirtualStockAnalysisReport(FocusInventoryReportsTest.java:81)
... Removed 31 stack frames]]>
    </failure>
  </testcase> <!-- checkVirtualStockAnalysisReport -->
  <testcase name="checkStockValuationReportByProduct" time="15.836" classname="com.focus.testcases.FocusInventoryReportsTest"/>
  <testcase name="checkStockValuationReportByProductByInventoryTag" time="12.262" classname="com.focus.testcases.FocusInventoryReportsTest">
    <failure type="java.lang.AssertionError" message="expected [true] but found [false]">
      <![CDATA[java.lang.AssertionError: expected [true] but found [false]
	at com.focus.testcases.FocusInventoryReportsTest.checkStockValuationReportByProductByInventoryTag(FocusInventoryReportsTest.java:95)
... Removed 30 stack frames]]>
    </failure>
  </testcase> <!-- checkStockValuationReportByProductByInventoryTag -->
  <testcase name="checkStockValuationReportByInventoryByProduct" time="11.501" classname="com.focus.testcases.FocusInventoryReportsTest">
    <failure type="java.lang.AssertionError" message="expected [true] but found [false]">
      <![CDATA[java.lang.AssertionError: expected [true] but found [false]
	at com.focus.testcases.FocusInventoryReportsTest.checkStockValuationReportByInventoryByProduct(FocusInventoryReportsTest.java:102)
... Removed 30 stack frames]]>
    </failure>
  </testcase> <!-- checkStockValuationReportByInventoryByProduct -->
  <testcase name="checkStockReprtByTagReport" time="19.16" classname="com.focus.testcases.FocusInventoryReportsTest"/>
  <testcase name="checkStockValuationByFATagReport" time="23.789" classname="com.focus.testcases.FocusInventoryReportsTest">
    <failure type="java.lang.AssertionError" message="expected [true] but found [false]">
      <![CDATA[java.lang.AssertionError: expected [true] but found [false]
	at com.focus.testcases.FocusInventoryReportsTest.checkStockValuationByFATagReport(FocusInventoryReportsTest.java:116)
... Removed 30 stack frames]]>
    </failure>
  </testcase> <!-- checkStockValuationByFATagReport -->
  <testcase name="checkABCAnalysisReport" time="13.592" classname="com.focus.testcases.FocusInventoryReportsTest"/>
  <testcase name="checkStockAnalysisByBatchReport" time="14.975" classname="com.focus.testcases.FocusInventoryReportsTest"/>
  <testcase name="checkStockAnalysisByRMAReport" time="19.395" classname="com.focus.testcases.FocusInventoryReportsTest"/>
  <testcase name="checkStockDetailsByBins" time="25.638" classname="com.focus.testcases.FocusInventoryReportsTest"/>
  <testcase name="checkStockBlanceByBinsReport" time="28.916" classname="com.focus.testcases.FocusInventoryReportsTest"/>
  <testcase name="checkStockBalanceByItemsByBinsReport" time="16.523" classname="com.focus.testcases.FocusInventoryReportsTest"/>
  <testcase name="checkExpiredStockByBinsReports" time="17.641" classname="com.focus.testcases.FocusInventoryReportsTest"/>
  <testcase name="checkStockBalanceByWarehouse" time="19.874" classname="com.focus.testcases.FocusInventoryReportsTest"/>
  <testcase name="checkAgeingAnalysisByBatchReport" time="12.439" classname="com.focus.testcases.FocusInventoryReportsTest"/>
  <testcase name="checkStockAgeingAnalysisByRMAReport" time="39.766" classname="com.focus.testcases.FocusInventoryReportsTest">
    <failure type="java.lang.AssertionError" message="expected [true] but found [false]">
      <![CDATA[java.lang.AssertionError: expected [true] but found [false]
	at com.focus.testcases.FocusInventoryReportsTest.checkStockAgeingAnalysisByRMAReport(FocusInventoryReportsTest.java:193)
... Removed 30 stack frames]]>
    </failure>
  </testcase> <!-- checkStockAgeingAnalysisByRMAReport -->
  <testcase name="checkFastMovingItemsReport" time="15.906" classname="com.focus.testcases.FocusInventoryReportsTest"/>
  <testcase name="checkSlowMovingItemsReport" time="16.135" classname="com.focus.testcases.FocusInventoryReportsTest"/>
  <testcase name="checkPeakAndLowBlancesReport" time="18.116" classname="com.focus.testcases.FocusInventoryReportsTest"/>
  <testcase name="checkBestSellingItemReport" time="14.233" classname="com.focus.testcases.FocusInventoryReportsTest"/>
  <testcase name="checkStockTransferRegisterReport" time="19.959" classname="com.focus.testcases.FocusInventoryReportsTest"/>
  <testcase name="checkTransactionTypeWiseStockReport" time="27.483" classname="com.focus.testcases.FocusInventoryReportsTest">
    <failure type="java.lang.AssertionError" message="expected [true] but found [false]">
      <![CDATA[java.lang.AssertionError: expected [true] but found [false]
	at com.focus.testcases.FocusInventoryReportsTest.checkTransactionTypeWiseStockReport(FocusInventoryReportsTest.java:257)
... Removed 30 stack frames]]>
    </failure>
  </testcase> <!-- checkTransactionTypeWiseStockReport -->
  <testcase name="checkActualConsumptionReport" time="22.46" classname="com.focus.testcases.FocusInventoryReportsTest"/>
  <testcase name="checkGeneralLedgerandInventoryMismatchReport" time="109.825" classname="com.focus.testcases.FocusInventoryReportsTest">
    <failure type="org.openqa.selenium.TimeoutException" message="Expected condition failed: waiting for element to be clickable: [[ChromeDriver: chrome on WINDOWS (f6a783fb13d2167b4042629b5e034545)] -&amp;gt; xpath: //*[@id=&amp;apos;id_user_profile_icons&amp;apos;]/li[2]/a] (tried for 90 second(s) with 500 milliseconds interval)
Build info: version: &amp;apos;3.12.0&amp;apos;, revision: &amp;apos;7c6e0b3&amp;apos;, time: &amp;apos;2018-05-08T14:04:26.12Z&amp;apos;
System info: host: &amp;apos;FOCUS-QA-118&amp;apos;, ip: &amp;apos;172.25.128.1&amp;apos;, os.name: &amp;apos;Windows 10&amp;apos;, os.arch: &amp;apos;amd64&amp;apos;, os.version: &amp;apos;10.0&amp;apos;, java.version: &amp;apos;1.8.0_111&amp;apos;
Driver info: org.openqa.selenium.chrome.ChromeDriver
Capabilities {acceptInsecureCerts: false, browserName: chrome, browserVersion: 108.0.5359.125, chrome: {chromedriverVersion: 108.0.5359.71 (1e0e3868ee06..., userDataDir: C:\Users\Admin\AppData\Loca...}, goog:chromeOptions: {debuggerAddress: localhost:56967}, javascriptEnabled: true, networkConnectionEnabled: false, pageLoadStrategy: normal, platform: WINDOWS, platformName: WINDOWS, proxy: Proxy(), setWindowRect: true, strictFileInteractability: false, timeouts: {implicit: 0, pageLoad: 300000, script: 30000}, unhandledPromptBehavior: dismiss and notify, webauthn:extension:credBlob: true, webauthn:extension:largeBlob: true, webauthn:virtualAuthenticators: true}
Session ID: f6a783fb13d2167b4042629b5e034545">
      <![CDATA[org.openqa.selenium.TimeoutException: Expected condition failed: waiting for element to be clickable: [[ChromeDriver: chrome on WINDOWS (f6a783fb13d2167b4042629b5e034545)] -> xpath: //*[@id='id_user_profile_icons']/li[2]/a] (tried for 90 second(s) with 500 milliseconds interval)
Build info: version: '3.12.0', revision: '7c6e0b3', time: '2018-05-08T14:04:26.12Z'
System info: host: 'FOCUS-QA-118', ip: '172.25.128.1', os.name: 'Windows 10', os.arch: 'amd64', os.version: '10.0', java.version: '1.8.0_111'
Driver info: org.openqa.selenium.chrome.ChromeDriver
Capabilities {acceptInsecureCerts: false, browserName: chrome, browserVersion: 108.0.5359.125, chrome: {chromedriverVersion: 108.0.5359.71 (1e0e3868ee06..., userDataDir: C:\Users\Admin\AppData\Loca...}, goog:chromeOptions: {debuggerAddress: localhost:56967}, javascriptEnabled: true, networkConnectionEnabled: false, pageLoadStrategy: normal, platform: WINDOWS, platformName: WINDOWS, proxy: Proxy(), setWindowRect: true, strictFileInteractability: false, timeouts: {implicit: 0, pageLoad: 300000, script: 30000}, unhandledPromptBehavior: dismiss and notify, webauthn:extension:credBlob: true, webauthn:extension:largeBlob: true, webauthn:virtualAuthenticators: true}
Session ID: f6a783fb13d2167b4042629b5e034545
	at org.openqa.selenium.support.ui.WebDriverWait.timeoutException(WebDriverWait.java:81)
	at org.openqa.selenium.support.ui.FluentWait.until(FluentWait.java:271)
	at com.focus.Pages.FocusInventoryReportsPage.checkGeneralLedgerandInventoryMismatchReport(FocusInventoryReportsPage.java:5076)
	at com.focus.testcases.FocusInventoryReportsTest.checkGeneralLedgerandInventoryMismatchReport(FocusInventoryReportsTest.java:271)
... Removed 24 stack frames]]>
    </failure>
  </testcase> <!-- checkGeneralLedgerandInventoryMismatchReport -->
  <testcase name="checkLoginWithRERInFA" time="86.126" classname="com.focus.testcases.FocusFinancialsReportTest">
    <failure type="org.openqa.selenium.TimeoutException" message="Expected condition failed: waiting for element to be clickable: Proxy element for: DefaultElementLocator &amp;apos;By.xpath: //*[@id=&amp;apos;txtUsername&amp;apos;]&amp;apos; (tried for 20 second(s) with 1000 milliseconds interval)">
      <![CDATA[org.openqa.selenium.TimeoutException: Expected condition failed: waiting for element to be clickable: Proxy element for: DefaultElementLocator 'By.xpath: //*[@id='txtUsername']' (tried for 20 second(s) with 1000 milliseconds interval)
	at org.openqa.selenium.support.ui.FluentWait.timeoutException(FluentWait.java:303)
	at org.openqa.selenium.support.ui.FluentWait.until(FluentWait.java:271)
	at com.focus.Pages.LoginPageOld.enterUserName(LoginPageOld.java:923)
	at com.focus.Pages.UserRestrictionsPage.checkLoginWithRERInFA(UserRestrictionsPage.java:572)
	at com.focus.testcases.FocusFinancialsReportTest.checkLoginWithRERInFA(FocusFinancialsReportTest.java:33)
Caused by: org.openqa.selenium.NoSuchElementException: no such element: Unable to locate element: {"method":"xpath","selector":"//*[@id='txtUsername']"}
  (Session info: chrome=108.0.5359.125)
For documentation on this error, please visit: http://seleniumhq.org/exceptions/no_such_element.html
Build info: version: '3.12.0', revision: '7c6e0b3', time: '2018-05-08T14:04:26.12Z'
System info: host: 'FOCUS-QA-118', ip: '172.25.128.1', os.name: 'Windows 10', os.arch: 'amd64', os.version: '10.0', java.version: '1.8.0_111'
Driver info: org.openqa.selenium.chrome.ChromeDriver
Capabilities {acceptInsecureCerts: false, browserName: chrome, browserVersion: 108.0.5359.125, chrome: {chromedriverVersion: 108.0.5359.71 (1e0e3868ee06..., userDataDir: C:\Users\Admin\AppData\Loca...}, goog:chromeOptions: {debuggerAddress: localhost:56967}, javascriptEnabled: true, networkConnectionEnabled: false, pageLoadStrategy: normal, platform: WINDOWS, platformName: WINDOWS, proxy: Proxy(), setWindowRect: true, strictFileInteractability: false, timeouts: {implicit: 0, pageLoad: 300000, script: 30000}, unhandledPromptBehavior: dismiss and notify, webauthn:extension:credBlob: true, webauthn:extension:largeBlob: true, webauthn:virtualAuthenticators: true}
Session ID: f6a783fb13d2167b4042629b5e034545
*** Element info: {Using=xpath, value=//*[@id='txtUsername']}
	at org.openqa.selenium.remote.http.W3CHttpResponseCodec.createException(W3CHttpResponseCodec.java:187)
	at org.openqa.selenium.remote.http.W3CHttpResponseCodec.decode(W3CHttpResponseCodec.java:122)
	at org.openqa.selenium.remote.http.W3CHttpResponseCodec.decode(W3CHttpResponseCodec.java:49)
	at org.openqa.selenium.remote.HttpCommandExecutor.execute(HttpCommandExecutor.java:158)
	at org.openqa.selenium.remote.service.DriverCommandExecutor.execute(DriverCommandExecutor.java:83)
	at org.openqa.selenium.remote.RemoteWebDriver.execute(RemoteWebDriver.java:543)
	at org.openqa.selenium.remote.RemoteWebDriver.findElement(RemoteWebDriver.java:317)
	at org.openqa.selenium.remote.RemoteWebDriver.findElementByXPath(RemoteWebDriver.java:419)
	at org.openqa.selenium.By$ByXPath.findElement(By.java:353)
	at org.openqa.selenium.remote.RemoteWebDriver.findElement(RemoteWebDriver.java:309)
	at org.openqa.selenium.support.pagefactory.DefaultElementLocator.findElement(DefaultElementLocator.java:69)
	at org.openqa.selenium.support.pagefactory.internal.LocatingElementHandler.invoke(LocatingElementHandler.java:38)
	at com.sun.proxy.$Proxy14.isDisplayed(Unknown Source)
	at org.openqa.selenium.support.ui.ExpectedConditions.elementIfVisible(ExpectedConditions.java:315)
	at org.openqa.selenium.support.ui.ExpectedConditions.access$100(ExpectedConditions.java:44)
	at org.openqa.selenium.support.ui.ExpectedConditions$10.apply(ExpectedConditions.java:301)
	at org.openqa.selenium.support.ui.ExpectedConditions$10.apply(ExpectedConditions.java:298)
	at org.openqa.selenium.support.ui.ExpectedConditions$23.apply(ExpectedConditions.java:686)
	at org.openqa.selenium.support.ui.ExpectedConditions$23.apply(ExpectedConditions.java:682)
	at org.openqa.selenium.support.ui.FluentWait.until(FluentWait.java:248)
	... 27 more
... Removed 28 stack frames]]>
    </failure>
  </testcase> <!-- checkLoginWithRERInFA -->
  <testcase name="checkLedgerReport" time="136.787" classname="com.focus.testcases.FocusFinancialsReportTest">
    <failure type="java.lang.AssertionError" message="expected [true] but found [false]">
      <![CDATA[java.lang.AssertionError: expected [true] but found [false]
	at com.focus.testcases.FocusFinancialsReportTest.checkLedgerReport(FocusFinancialsReportTest.java:40)
... Removed 30 stack frames]]>
    </failure>
  </testcase> <!-- checkLedgerReport -->
  <testcase name="checkPrintOptionInLedgerAndValidatePDF" time="28.663" classname="com.focus.testcases.FocusFinancialsReportTest">
    <failure type="java.lang.IndexOutOfBoundsException" message="Index: 2, Size: 2">
      <![CDATA[java.lang.IndexOutOfBoundsException: Index: 2, Size: 2
	at java.util.ArrayList.rangeCheck(Unknown Source)
	at java.util.ArrayList.get(Unknown Source)
	at com.focus.Pages.FocusFinancialsReportPage.checkPrintOptionInLedgerAndValidatePDF(FocusFinancialsReportPage.java:989)
	at com.focus.testcases.FocusFinancialsReportTest.checkPrintOptionInLedgerAndValidatePDF(FocusFinancialsReportTest.java:47)
... Removed 24 stack frames]]>
    </failure>
  </testcase> <!-- checkPrintOptionInLedgerAndValidatePDF -->
  <testcase name="checkFilterOptionInLedger" time="1.217" classname="com.focus.testcases.FocusFinancialsReportTest">
    <failure type="org.openqa.selenium.ElementClickInterceptedException" message="element click intercepted: Element &amp;lt;li class=&amp;quot;nav-item dropdown&amp;quot; id=&amp;quot;filterIcon_23f51f7a-ff50-44f3-8e61-0729dc27f3af&amp;quot;&amp;gt;...&amp;lt;/li&amp;gt; is not clickable at point (1199, 97). Other element would receive the click: &amp;lt;div class=&amp;quot;modal-dialog-back-area&amp;quot;&amp;gt;&amp;lt;/div&amp;gt;
  (Session info: chrome=108.0.5359.125)
Build info: version: &amp;apos;3.12.0&amp;apos;, revision: &amp;apos;7c6e0b3&amp;apos;, time: &amp;apos;2018-05-08T14:04:26.12Z&amp;apos;
System info: host: &amp;apos;FOCUS-QA-118&amp;apos;, ip: &amp;apos;172.25.128.1&amp;apos;, os.name: &amp;apos;Windows 10&amp;apos;, os.arch: &amp;apos;amd64&amp;apos;, os.version: &amp;apos;10.0&amp;apos;, java.version: &amp;apos;1.8.0_111&amp;apos;
Driver info: org.openqa.selenium.chrome.ChromeDriver
Capabilities {acceptInsecureCerts: false, browserName: chrome, browserVersion: 108.0.5359.125, chrome: {chromedriverVersion: 108.0.5359.71 (1e0e3868ee06..., userDataDir: C:\Users\Admin\AppData\Loca...}, goog:chromeOptions: {debuggerAddress: localhost:56967}, javascriptEnabled: true, networkConnectionEnabled: false, pageLoadStrategy: normal, platform: WINDOWS, platformName: WINDOWS, proxy: Proxy(), setWindowRect: true, strictFileInteractability: false, timeouts: {implicit: 0, pageLoad: 300000, script: 30000}, unhandledPromptBehavior: dismiss and notify, webauthn:extension:credBlob: true, webauthn:extension:largeBlob: true, webauthn:virtualAuthenticators: true}
Session ID: f6a783fb13d2167b4042629b5e034545">
      <![CDATA[org.openqa.selenium.ElementClickInterceptedException: element click intercepted: Element <li class="nav-item dropdown" id="filterIcon_23f51f7a-ff50-44f3-8e61-0729dc27f3af">...</li> is not clickable at point (1199, 97). Other element would receive the click: <div class="modal-dialog-back-area"></div>
  (Session info: chrome=108.0.5359.125)
Build info: version: '3.12.0', revision: '7c6e0b3', time: '2018-05-08T14:04:26.12Z'
System info: host: 'FOCUS-QA-118', ip: '172.25.128.1', os.name: 'Windows 10', os.arch: 'amd64', os.version: '10.0', java.version: '1.8.0_111'
Driver info: org.openqa.selenium.chrome.ChromeDriver
Capabilities {acceptInsecureCerts: false, browserName: chrome, browserVersion: 108.0.5359.125, chrome: {chromedriverVersion: 108.0.5359.71 (1e0e3868ee06..., userDataDir: C:\Users\Admin\AppData\Loca...}, goog:chromeOptions: {debuggerAddress: localhost:56967}, javascriptEnabled: true, networkConnectionEnabled: false, pageLoadStrategy: normal, platform: WINDOWS, platformName: WINDOWS, proxy: Proxy(), setWindowRect: true, strictFileInteractability: false, timeouts: {implicit: 0, pageLoad: 300000, script: 30000}, unhandledPromptBehavior: dismiss and notify, webauthn:extension:credBlob: true, webauthn:extension:largeBlob: true, webauthn:virtualAuthenticators: true}
Session ID: f6a783fb13d2167b4042629b5e034545
	at org.openqa.selenium.remote.http.W3CHttpResponseCodec.createException(W3CHttpResponseCodec.java:187)
	at org.openqa.selenium.remote.http.W3CHttpResponseCodec.decode(W3CHttpResponseCodec.java:122)
	at org.openqa.selenium.remote.http.W3CHttpResponseCodec.decode(W3CHttpResponseCodec.java:49)
	at org.openqa.selenium.remote.HttpCommandExecutor.execute(HttpCommandExecutor.java:158)
	at org.openqa.selenium.remote.service.DriverCommandExecutor.execute(DriverCommandExecutor.java:83)
	at org.openqa.selenium.remote.RemoteWebDriver.execute(RemoteWebDriver.java:543)
	at org.openqa.selenium.remote.RemoteWebElement.execute(RemoteWebElement.java:276)
	at org.openqa.selenium.remote.RemoteWebElement.click(RemoteWebElement.java:83)
	at org.openqa.selenium.support.pagefactory.internal.LocatingElementHandler.invoke(LocatingElementHandler.java:51)
	at com.sun.proxy.$Proxy14.click(Unknown Source)
	at com.focus.Pages.FocusFinancialsReportPage.checkFilterOptionInLedger(FocusFinancialsReportPage.java:1026)
	at com.focus.testcases.FocusFinancialsReportTest.checkFilterOptionInLedger(FocusFinancialsReportTest.java:54)
... Removed 31 stack frames]]>
    </failure>
  </testcase> <!-- checkFilterOptionInLedger -->
  <testcase name="checkLedgerDetailReport" time="91.692" classname="com.focus.testcases.FocusFinancialsReportTest">
    <failure type="java.lang.AssertionError" message="expected [true] but found [false]">
      <![CDATA[java.lang.AssertionError: expected [true] but found [false]
	at com.focus.testcases.FocusFinancialsReportTest.checkLedgerDetailReport(FocusFinancialsReportTest.java:61)
... Removed 30 stack frames]]>
    </failure>
  </testcase> <!-- checkLedgerDetailReport -->
  <testcase name="checkSubLedgerReport" time="11.785" classname="com.focus.testcases.FocusFinancialsReportTest">
    <failure type="java.lang.AssertionError" message="expected [true] but found [false]">
      <![CDATA[java.lang.AssertionError: expected [true] but found [false]
	at com.focus.testcases.FocusFinancialsReportTest.checkSubLedgerReport(FocusFinancialsReportTest.java:68)
... Removed 30 stack frames]]>
    </failure>
  </testcase> <!-- checkSubLedgerReport -->
  <testcase name="checkCashBookReport" time="9.168" classname="com.focus.testcases.FocusFinancialsReportTest">
    <failure type="java.lang.AssertionError" message="expected [true] but found [false]">
      <![CDATA[java.lang.AssertionError: expected [true] but found [false]
	at com.focus.testcases.FocusFinancialsReportTest.checkCashBookReport(FocusFinancialsReportTest.java:75)
... Removed 30 stack frames]]>
    </failure>
  </testcase> <!-- checkCashBookReport -->
  <testcase name="checkBankBookAccountReport" time="13.397" classname="com.focus.testcases.FocusFinancialsReportTest">
    <failure type="java.lang.AssertionError" message="expected [true] but found [false]">
      <![CDATA[java.lang.AssertionError: expected [true] but found [false]
	at com.focus.testcases.FocusFinancialsReportTest.checkBankBookAccountReport(FocusFinancialsReportTest.java:82)
... Removed 30 stack frames]]>
    </failure>
  </testcase> <!-- checkBankBookAccountReport -->
  <testcase name="checkPettyCashBookReport" time="6.935" classname="com.focus.testcases.FocusFinancialsReportTest">
    <failure type="java.lang.AssertionError" message="expected [true] but found [false]">
      <![CDATA[java.lang.AssertionError: expected [true] but found [false]
	at com.focus.testcases.FocusFinancialsReportTest.checkPettyCashBookReport(FocusFinancialsReportTest.java:89)
... Removed 30 stack frames]]>
    </failure>
  </testcase> <!-- checkPettyCashBookReport -->
  <testcase name="checkDayBookReport" time="40.757" classname="com.focus.testcases.FocusFinancialsReportTest">
    <failure type="java.lang.AssertionError" message="expected [true] but found [false]">
      <![CDATA[java.lang.AssertionError: expected [true] but found [false]
	at com.focus.testcases.FocusFinancialsReportTest.checkDayBookReport(FocusFinancialsReportTest.java:96)
... Removed 30 stack frames]]>
    </failure>
  </testcase> <!-- checkDayBookReport -->
  <testcase name="checkVirtualBankLedger" time="21.451" classname="com.focus.testcases.FocusFinancialsReportTest"/>
  <testcase name="checkSalesRegisterReport" time="7.592" classname="com.focus.testcases.FocusFinancialsReportTest"/>
  <testcase name="checkSalesSummaryRegisterReport" time="6.101" classname="com.focus.testcases.FocusFinancialsReportTest"/>
  <testcase name="checkMonthlySalesReport" time="3.901" classname="com.focus.testcases.FocusFinancialsReportTest"/>
  <testcase name="checkTopCustomersReports" time="3.921" classname="com.focus.testcases.FocusFinancialsReportTest"/>
  <testcase name="checkTopCustomersReportsForGroupAccount" time="3.84" classname="com.focus.testcases.FocusFinancialsReportTest"/>
  <testcase name="checkPurchaseRegisterReport" time="8.216" classname="com.focus.testcases.FocusFinancialsReportTest"/>
  <testcase name="checkPurchaseReturnRegister" time="6.654" classname="com.focus.testcases.FocusFinancialsReportTest"/>
  <testcase name="checkSummaryPurchaseRegister" time="5.498" classname="com.focus.testcases.FocusFinancialsReportTest"/>
  <testcase name="checkOpeningBalanceRegister" time="15.563" classname="com.focus.testcases.FocusFinancialsReportTest">
    <failure type="java.lang.AssertionError" message="expected [true] but found [false]">
      <![CDATA[java.lang.AssertionError: expected [true] but found [false]
	at com.focus.testcases.FocusFinancialsReportTest.checkOpeningBalanceRegister(FocusFinancialsReportTest.java:168)
... Removed 30 stack frames]]>
    </failure>
  </testcase> <!-- checkOpeningBalanceRegister -->
  <testcase name="checkJournalEntryRegister" time="7.367" classname="com.focus.testcases.FocusFinancialsReportTest">
    <failure type="java.lang.AssertionError" message="expected [true] but found [false]">
      <![CDATA[java.lang.AssertionError: expected [true] but found [false]
	at com.focus.testcases.FocusFinancialsReportTest.checkJournalEntryRegister(FocusFinancialsReportTest.java:175)
... Removed 30 stack frames]]>
    </failure>
  </testcase> <!-- checkJournalEntryRegister -->
  <testcase name="checkCreditNoteRegister" time="6.645" classname="com.focus.testcases.FocusFinancialsReportTest"/>
  <testcase name="checkReciptsRegister" time="6.615" classname="com.focus.testcases.FocusFinancialsReportTest">
    <failure type="java.lang.AssertionError" message="expected [true] but found [false]">
      <![CDATA[java.lang.AssertionError: expected [true] but found [false]
	at com.focus.testcases.FocusFinancialsReportTest.checkReciptsRegister(FocusFinancialsReportTest.java:189)
... Removed 30 stack frames]]>
    </failure>
  </testcase> <!-- checkReciptsRegister -->
  <testcase name="checkPaymentsRegister" time="6.625" classname="com.focus.testcases.FocusFinancialsReportTest">
    <failure type="java.lang.AssertionError" message="expected [true] but found [false]">
      <![CDATA[java.lang.AssertionError: expected [true] but found [false]
	at com.focus.testcases.FocusFinancialsReportTest.checkPaymentsRegister(FocusFinancialsReportTest.java:196)
... Removed 30 stack frames]]>
    </failure>
  </testcase> <!-- checkPaymentsRegister -->
  <testcase name="checkPDCReceiptsRegister" time="4.618" classname="com.focus.testcases.FocusFinancialsReportTest"/>
  <testcase name="checkPDCPaymentsRegister" time="10.73" classname="com.focus.testcases.FocusFinancialsReportTest"/>
  <testcase name="checkEntryJournalRegister" time="37.627" classname="com.focus.testcases.FocusFinancialsReportTest">
    <failure type="java.lang.AssertionError" message="expected [true] but found [false]">
      <![CDATA[java.lang.AssertionError: expected [true] but found [false]
	at com.focus.testcases.FocusFinancialsReportTest.checkEntryJournalRegister(FocusFinancialsReportTest.java:217)
... Removed 30 stack frames]]>
    </failure>
  </testcase> <!-- checkEntryJournalRegister -->
  <testcase name="checkEntryJournalDetailReport" time="40.216" classname="com.focus.testcases.FocusFinancialsReportTest">
    <failure type="java.lang.AssertionError" message="expected [true] but found [false]">
      <![CDATA[java.lang.AssertionError: expected [true] but found [false]
	at com.focus.testcases.FocusFinancialsReportTest.checkEntryJournalDetailReport(FocusFinancialsReportTest.java:224)
... Removed 30 stack frames]]>
    </failure>
  </testcase> <!-- checkEntryJournalDetailReport -->
  <testcase name="checkSalesGroupedByCustomer" time="20.451" classname="com.focus.testcases.FocusFinancialsReportTest"/>
  <testcase name="checkSalesGroupedByItem" time="19.315" classname="com.focus.testcases.FocusFinancialsReportTest"/>
  <testcase name="checkSalesGroupedByDepartment" time="10.691" classname="com.focus.testcases.FocusFinancialsReportTest"/>
  <testcase name="checkPurchasesGroupedByVendor" time="22.895" classname="com.focus.testcases.FocusFinancialsReportTest"/>
  <testcase name="checkPurchasesGroupedByItem" time="22.757" classname="com.focus.testcases.FocusFinancialsReportTest">
    <failure type="java.lang.AssertionError" message="expected [true] but found [false]">
      <![CDATA[java.lang.AssertionError: expected [true] but found [false]
	at com.focus.testcases.FocusFinancialsReportTest.checkPurchasesGroupedByItem(FocusFinancialsReportTest.java:260)
... Removed 30 stack frames]]>
    </failure>
  </testcase> <!-- checkPurchasesGroupedByItem -->
  <testcase name="checkPurchasesGroupedByDepartment" time="21.707" classname="com.focus.testcases.FocusFinancialsReportTest"/>
  <testcase name="checkPeakAndLowBlanceAmount" time="10.493" classname="com.focus.testcases.FocusFinancialsReportTest">
    <failure type="java.lang.AssertionError" message="expected [true] but found [false]">
      <![CDATA[java.lang.AssertionError: expected [true] but found [false]
	at com.focus.testcases.FocusFinancialsReportTest.checkPeakAndLowBlanceAmount(FocusFinancialsReportTest.java:274)
... Removed 30 stack frames]]>
    </failure>
  </testcase> <!-- checkPeakAndLowBlanceAmount -->
  <testcase name="checkComparativeAnalysisReport" time="17.557" classname="com.focus.testcases.FocusFinancialsReportTest">
    <failure type="java.lang.AssertionError" message="expected [true] but found [false]">
      <![CDATA[java.lang.AssertionError: expected [true] but found [false]
	at com.focus.testcases.FocusFinancialsReportTest.checkComparativeAnalysisReport(FocusFinancialsReportTest.java:281)
... Removed 30 stack frames]]>
    </failure>
  </testcase> <!-- checkComparativeAnalysisReport -->
  <testcase name="checkTransactionsTypeAnalysis" time="7.626" classname="com.focus.testcases.FocusFinancialsReportTest"/>
  <testcase name="checkABCAnalysisAmountReport" time="15.76" classname="com.focus.testcases.FocusFinancialsReportTest"/>
  <testcase name="checkInterestCalculationReport" time="22.83" classname="com.focus.testcases.FocusFinancialsReportTest">
    <failure type="java.lang.AssertionError" message="expected [true] but found [false]">
      <![CDATA[java.lang.AssertionError: expected [true] but found [false]
	at com.focus.testcases.FocusFinancialsReportTest.checkInterestCalculationReport(FocusFinancialsReportTest.java:302)
... Removed 30 stack frames]]>
    </failure>
  </testcase> <!-- checkInterestCalculationReport -->
  <testcase name="checkMasterInfoOfAccountReport" time="20.076" classname="com.focus.testcases.FocusFinancialsReportTest">
    <failure type="java.lang.AssertionError" message="expected [true] but found [false]">
      <![CDATA[java.lang.AssertionError: expected [true] but found [false]
	at com.focus.testcases.FocusFinancialsReportTest.checkMasterInfoOfAccountReport(FocusFinancialsReportTest.java:309)
... Removed 30 stack frames]]>
    </failure>
  </testcase> <!-- checkMasterInfoOfAccountReport -->
  <testcase name="checkProductLableReport" time="8.595" classname="com.focus.testcases.FocusFinancialsReportTest"/>
  <testcase name="checkUnitConversionReport" time="9.497" classname="com.focus.testcases.FocusFinancialsReportTest"/>
  <testcase name="checkSkidDefinitionReport" time="12.054" classname="com.focus.testcases.FocusFinancialsReportTest"/>
  <testcase name="checkAuditTrailTransactionsOfOpeningBalances" time="6.594" classname="com.focus.testcases.FocusFinancialsReportTest"/>
  <testcase name="checkAuditTrailLoginsOfUsers" time="10.005" classname="com.focus.testcases.FocusFinancialsReportTest"/>
  <testcase name="checkAccountQueryReport" time="92.275" classname="com.focus.testcases.FocusFinancialsReportTest">
    <failure type="org.openqa.selenium.TimeoutException" message="Expected condition failed: waiting for element to be clickable: Proxy element for: DefaultElementLocator &amp;apos;By.xpath: //span[@id=&amp;apos;openingBal&amp;apos;]&amp;apos; (tried for 20 second(s) with 1000 milliseconds interval)">
      <![CDATA[org.openqa.selenium.TimeoutException: Expected condition failed: waiting for element to be clickable: Proxy element for: DefaultElementLocator 'By.xpath: //span[@id='openingBal']' (tried for 20 second(s) with 1000 milliseconds interval)
	at org.openqa.selenium.support.ui.FluentWait.timeoutException(FluentWait.java:303)
	at org.openqa.selenium.support.ui.FluentWait.until(FluentWait.java:271)
	at com.focus.Pages.FocusFinancialsReportPage.checkAccountQueryReport(FocusFinancialsReportPage.java:7610)
	at com.focus.testcases.FocusFinancialsReportTest.checkAccountQueryReport(FocusFinancialsReportTest.java:353)
Caused by: org.openqa.selenium.NoSuchElementException: no such element: Unable to locate element: {"method":"xpath","selector":"//span[@id='openingBal']"}
  (Session info: chrome=108.0.5359.125)
For documentation on this error, please visit: http://seleniumhq.org/exceptions/no_such_element.html
Build info: version: '3.12.0', revision: '7c6e0b3', time: '2018-05-08T14:04:26.12Z'
System info: host: 'FOCUS-QA-118', ip: '172.25.128.1', os.name: 'Windows 10', os.arch: 'amd64', os.version: '10.0', java.version: '1.8.0_111'
Driver info: org.openqa.selenium.chrome.ChromeDriver
Capabilities {acceptInsecureCerts: false, browserName: chrome, browserVersion: 108.0.5359.125, chrome: {chromedriverVersion: 108.0.5359.71 (1e0e3868ee06..., userDataDir: C:\Users\Admin\AppData\Loca...}, goog:chromeOptions: {debuggerAddress: localhost:56967}, javascriptEnabled: true, networkConnectionEnabled: false, pageLoadStrategy: normal, platform: WINDOWS, platformName: WINDOWS, proxy: Proxy(), setWindowRect: true, strictFileInteractability: false, timeouts: {implicit: 0, pageLoad: 300000, script: 30000}, unhandledPromptBehavior: dismiss and notify, webauthn:extension:credBlob: true, webauthn:extension:largeBlob: true, webauthn:virtualAuthenticators: true}
Session ID: f6a783fb13d2167b4042629b5e034545
*** Element info: {Using=xpath, value=//span[@id='openingBal']}
	at org.openqa.selenium.remote.http.W3CHttpResponseCodec.createException(W3CHttpResponseCodec.java:187)
	at org.openqa.selenium.remote.http.W3CHttpResponseCodec.decode(W3CHttpResponseCodec.java:122)
	at org.openqa.selenium.remote.http.W3CHttpResponseCodec.decode(W3CHttpResponseCodec.java:49)
	at org.openqa.selenium.remote.HttpCommandExecutor.execute(HttpCommandExecutor.java:158)
	at org.openqa.selenium.remote.service.DriverCommandExecutor.execute(DriverCommandExecutor.java:83)
	at org.openqa.selenium.remote.RemoteWebDriver.execute(RemoteWebDriver.java:543)
	at org.openqa.selenium.remote.RemoteWebDriver.findElement(RemoteWebDriver.java:317)
	at org.openqa.selenium.remote.RemoteWebDriver.findElementByXPath(RemoteWebDriver.java:419)
	at org.openqa.selenium.By$ByXPath.findElement(By.java:353)
	at org.openqa.selenium.remote.RemoteWebDriver.findElement(RemoteWebDriver.java:309)
	at org.openqa.selenium.support.pagefactory.DefaultElementLocator.findElement(DefaultElementLocator.java:69)
	at org.openqa.selenium.support.pagefactory.internal.LocatingElementHandler.invoke(LocatingElementHandler.java:38)
	at com.sun.proxy.$Proxy14.isDisplayed(Unknown Source)
	at org.openqa.selenium.support.ui.ExpectedConditions.elementIfVisible(ExpectedConditions.java:315)
	at org.openqa.selenium.support.ui.ExpectedConditions.access$100(ExpectedConditions.java:44)
	at org.openqa.selenium.support.ui.ExpectedConditions$10.apply(ExpectedConditions.java:301)
	at org.openqa.selenium.support.ui.ExpectedConditions$10.apply(ExpectedConditions.java:298)
	at org.openqa.selenium.support.ui.ExpectedConditions$23.apply(ExpectedConditions.java:686)
	at org.openqa.selenium.support.ui.ExpectedConditions$23.apply(ExpectedConditions.java:682)
	at org.openqa.selenium.support.ui.FluentWait.until(FluentWait.java:248)
	... 26 more
... Removed 28 stack frames]]>
    </failure>
  </testcase> <!-- checkAccountQueryReport -->
  <testcase name="checkTransactionAuthorizationReport" time="11.477" classname="com.focus.testcases.FocusFinancialsReportTest"/>
  <testcase name="checkMasterAuthorizationReport" time="10.815" classname="com.focus.testcases.FocusFinancialsReportTest"/>
  <testcase name="checkCustomerListingOfOutstandingBillsReport" time="57.137" classname="com.focus.testcases.FocusFinancialsReportTest">
    <failure type="java.lang.AssertionError" message="expected [true] but found [false]">
      <![CDATA[java.lang.AssertionError: expected [true] but found [false]
	at com.focus.testcases.FocusFinancialsReportTest.checkCustomerListingOfOutstandingBillsReport(FocusFinancialsReportTest.java:376)
... Removed 30 stack frames]]>
    </failure>
  </testcase> <!-- checkCustomerListingOfOutstandingBillsReport -->
  <testcase name="checkCustomerStatementsReport" time="44.844" classname="com.focus.testcases.FocusFinancialsReportTest">
    <failure type="java.lang.AssertionError" message="expected [true] but found [false]">
      <![CDATA[java.lang.AssertionError: expected [true] but found [false]
	at com.focus.testcases.FocusFinancialsReportTest.checkCustomerStatementsReport(FocusFinancialsReportTest.java:383)
... Removed 30 stack frames]]>
    </failure>
  </testcase> <!-- checkCustomerStatementsReport -->
  <testcase name="checkCustomerDueDateAnalysis" time="50.995" classname="com.focus.testcases.FocusFinancialsReportTest">
    <failure type="java.lang.AssertionError" message="expected [true] but found [false]">
      <![CDATA[java.lang.AssertionError: expected [true] but found [false]
	at com.focus.testcases.FocusFinancialsReportTest.checkCustomerDueDateAnalysis(FocusFinancialsReportTest.java:390)
... Removed 30 stack frames]]>
    </failure>
  </testcase> <!-- checkCustomerDueDateAnalysis -->
  <testcase name="checkCustomerAgeingDetailAnalysis" time="109.504" classname="com.focus.testcases.FocusFinancialsReportTest">
    <failure type="java.lang.AssertionError" message="expected [true] but found [false]">
      <![CDATA[java.lang.AssertionError: expected [true] but found [false]
	at com.focus.testcases.FocusFinancialsReportTest.checkCustomerAgeingDetailAnalysis(FocusFinancialsReportTest.java:397)
... Removed 30 stack frames]]>
    </failure>
  </testcase> <!-- checkCustomerAgeingDetailAnalysis -->
  <testcase name="checkCustomerAgeingDetailByDueDate" time="135.677" classname="com.focus.testcases.FocusFinancialsReportTest">
    <failure type="java.lang.AssertionError" message="expected [true] but found [false]">
      <![CDATA[java.lang.AssertionError: expected [true] but found [false]
	at com.focus.testcases.FocusFinancialsReportTest.checkCustomerAgeingDetailByDueDate(FocusFinancialsReportTest.java:404)
... Removed 30 stack frames]]>
    </failure>
  </testcase> <!-- checkCustomerAgeingDetailByDueDate -->
  <testcase name="checkCustomerOverDueAnalysis" time="58.01" classname="com.focus.testcases.FocusFinancialsReportTest">
    <failure type="java.lang.AssertionError" message="expected [true] but found [false]">
      <![CDATA[java.lang.AssertionError: expected [true] but found [false]
	at com.focus.testcases.FocusFinancialsReportTest.checkCustomerOverDueAnalysis(FocusFinancialsReportTest.java:411)
... Removed 30 stack frames]]>
    </failure>
  </testcase> <!-- checkCustomerOverDueAnalysis -->
  <testcase name="checkCustomerAgeingSummaryReport" time="4.269" classname="com.focus.testcases.FocusFinancialsReportTest"/>
  <testcase name="checkCustomerSummaryAgeingByDueDateReport" time="4.739" classname="com.focus.testcases.FocusFinancialsReportTest"/>
  <testcase name="checkCustomerOverDueSummaryReport" time="4.483" classname="com.focus.testcases.FocusFinancialsReportTest">
    <failure type="java.lang.AssertionError" message="expected [true] but found [false]">
      <![CDATA[java.lang.AssertionError: expected [true] but found [false]
	at com.focus.testcases.FocusFinancialsReportTest.checkCustomerOverDueSummaryReport(FocusFinancialsReportTest.java:432)
... Removed 30 stack frames]]>
    </failure>
  </testcase> <!-- checkCustomerOverDueSummaryReport -->
  <testcase name="checkCustomerBillWiseSummaryReport" time="4.213" classname="com.focus.testcases.FocusFinancialsReportTest"/>
  <testcase name="checkVendorListingOfOutStandingBills" time="79.318" classname="com.focus.testcases.FocusFinancialsReportTest">
    <failure type="java.lang.AssertionError" message="expected [true] but found [false]">
      <![CDATA[java.lang.AssertionError: expected [true] but found [false]
	at com.focus.testcases.FocusFinancialsReportTest.checkVendorListingOfOutStandingBills(FocusFinancialsReportTest.java:446)
... Removed 30 stack frames]]>
    </failure>
  </testcase> <!-- checkVendorListingOfOutStandingBills -->
  <testcase name="checkVendorStatementsReport" time="74.76" classname="com.focus.testcases.FocusFinancialsReportTest">
    <failure type="java.lang.AssertionError" message="expected [true] but found [false]">
      <![CDATA[java.lang.AssertionError: expected [true] but found [false]
	at com.focus.testcases.FocusFinancialsReportTest.checkVendorStatementsReport(FocusFinancialsReportTest.java:453)
... Removed 30 stack frames]]>
    </failure>
  </testcase> <!-- checkVendorStatementsReport -->
  <testcase name="checkVendorDueDateAnalysisReport" time="76.112" classname="com.focus.testcases.FocusFinancialsReportTest">
    <failure type="java.lang.AssertionError" message="expected [true] but found [false]">
      <![CDATA[java.lang.AssertionError: expected [true] but found [false]
	at com.focus.testcases.FocusFinancialsReportTest.checkVendorDueDateAnalysisReport(FocusFinancialsReportTest.java:460)
... Removed 30 stack frames]]>
    </failure>
  </testcase> <!-- checkVendorDueDateAnalysisReport -->
  <testcase name="checkVendorAgeingDetailsAnalysis" time="247.49" classname="com.focus.testcases.FocusFinancialsReportTest">
    <failure type="java.lang.AssertionError" message="expected [true] but found [false]">
      <![CDATA[java.lang.AssertionError: expected [true] but found [false]
	at com.focus.testcases.FocusFinancialsReportTest.checkVendorAgeingDetailsAnalysis(FocusFinancialsReportTest.java:468)
... Removed 30 stack frames]]>
    </failure>
  </testcase> <!-- checkVendorAgeingDetailsAnalysis -->
  <testcase name="checkVendorAgeingDetailByDueDateReport" time="254.466" classname="com.focus.testcases.FocusFinancialsReportTest">
    <failure type="java.lang.AssertionError" message="expected [true] but found [false]">
      <![CDATA[java.lang.AssertionError: expected [true] but found [false]
	at com.focus.testcases.FocusFinancialsReportTest.checkVendorAgeingDetailByDueDateReport(FocusFinancialsReportTest.java:477)
... Removed 30 stack frames]]>
    </failure>
  </testcase> <!-- checkVendorAgeingDetailByDueDateReport -->
  <testcase name="checkVendorOverDueAnalysisReport" time="101.237" classname="com.focus.testcases.FocusFinancialsReportTest">
    <failure type="java.lang.AssertionError" message="expected [true] but found [false]">
      <![CDATA[java.lang.AssertionError: expected [true] but found [false]
	at com.focus.testcases.FocusFinancialsReportTest.checkVendorOverDueAnalysisReport(FocusFinancialsReportTest.java:484)
... Removed 30 stack frames]]>
    </failure>
  </testcase> <!-- checkVendorOverDueAnalysisReport -->
  <testcase name="checkVendorAgeingSummaryAnalysisReport" time="4.55" classname="com.focus.testcases.FocusFinancialsReportTest">
    <failure type="java.lang.AssertionError" message="expected [true] but found [false]">
      <![CDATA[java.lang.AssertionError: expected [true] but found [false]
	at com.focus.testcases.FocusFinancialsReportTest.checkVendorAgeingSummaryAnalysisReport(FocusFinancialsReportTest.java:492)
... Removed 30 stack frames]]>
    </failure>
  </testcase> <!-- checkVendorAgeingSummaryAnalysisReport -->
  <testcase name="checkVendorSummaryAgeingByDueDateReport" time="3.947" classname="com.focus.testcases.FocusFinancialsReportTest">
    <failure type="java.lang.AssertionError" message="expected [true] but found [false]">
      <![CDATA[java.lang.AssertionError: expected [true] but found [false]
	at com.focus.testcases.FocusFinancialsReportTest.checkVendorSummaryAgeingByDueDateReport(FocusFinancialsReportTest.java:499)
... Removed 30 stack frames]]>
    </failure>
  </testcase> <!-- checkVendorSummaryAgeingByDueDateReport -->
  <testcase name="checkVendorOverDueSummaryReport" time="3.316" classname="com.focus.testcases.FocusFinancialsReportTest">
    <failure type="java.lang.AssertionError" message="expected [true] but found [false]">
      <![CDATA[java.lang.AssertionError: expected [true] but found [false]
	at com.focus.testcases.FocusFinancialsReportTest.checkVendorOverDueSummaryReport(FocusFinancialsReportTest.java:506)
... Removed 30 stack frames]]>
    </failure>
  </testcase> <!-- checkVendorOverDueSummaryReport -->
  <testcase name="checkVendorBillWiseSummaryReport" time="4.475" classname="com.focus.testcases.FocusFinancialsReportTest">
    <failure type="java.lang.AssertionError" message="expected [true] but found [false]">
      <![CDATA[java.lang.AssertionError: expected [true] but found [false]
	at com.focus.testcases.FocusFinancialsReportTest.checkVendorBillWiseSummaryReport(FocusFinancialsReportTest.java:513)
... Removed 30 stack frames]]>
    </failure>
  </testcase> <!-- checkVendorBillWiseSummaryReport -->
  <testcase name="checkLogutAndLoginWithRER" time="17.967" classname="com.focus.testcases.FocusFinancialsReportTest"/>
  <testcase name="checkTrailBalanceReport" time="102.024" classname="com.focus.testcases.FocusFinancialsReportTest">
    <failure type="java.lang.AssertionError" message="expected [true] but found [false]">
      <![CDATA[java.lang.AssertionError: expected [true] but found [false]
	at com.focus.testcases.FocusFinancialsReportTest.checkTrailBalanceReport(FocusFinancialsReportTest.java:530)
... Removed 30 stack frames]]>
    </failure>
  </testcase> <!-- checkTrailBalanceReport -->
  <testcase name="checkProfitAndLoassReport" time="10.086" classname="com.focus.testcases.FocusFinancialsReportTest">
    <failure type="java.lang.AssertionError" message="expected [true] but found [false]">
      <![CDATA[java.lang.AssertionError: expected [true] but found [false]
	at com.focus.testcases.FocusFinancialsReportTest.checkProfitAndLoassReport(FocusFinancialsReportTest.java:537)
... Removed 30 stack frames]]>
    </failure>
  </testcase> <!-- checkProfitAndLoassReport -->
  <testcase name="checkTradingAccountReport" time="12.681" classname="com.focus.testcases.FocusFinancialsReportTest">
    <failure type="java.lang.AssertionError" message="expected [true] but found [false]">
      <![CDATA[java.lang.AssertionError: expected [true] but found [false]
	at com.focus.testcases.FocusFinancialsReportTest.checkTradingAccountReport(FocusFinancialsReportTest.java:544)
... Removed 30 stack frames]]>
    </failure>
  </testcase> <!-- checkTradingAccountReport -->
  <testcase name="checkTrandingAndProfitAndLoss" time="13.544" classname="com.focus.testcases.FocusFinancialsReportTest">
    <failure type="java.lang.AssertionError" message="expected [true] but found [false]">
      <![CDATA[java.lang.AssertionError: expected [true] but found [false]
	at com.focus.testcases.FocusFinancialsReportTest.checkTrandingAndProfitAndLoss(FocusFinancialsReportTest.java:551)
... Removed 30 stack frames]]>
    </failure>
  </testcase> <!-- checkTrandingAndProfitAndLoss -->
  <testcase name="checkBalanceSheetReport" time="11.976" classname="com.focus.testcases.FocusFinancialsReportTest">
    <failure type="java.lang.AssertionError" message="expected [true] but found [false]">
      <![CDATA[java.lang.AssertionError: expected [true] but found [false]
	at com.focus.testcases.FocusFinancialsReportTest.checkBalanceSheetReport(FocusFinancialsReportTest.java:558)
... Removed 30 stack frames]]>
    </failure>
  </testcase> <!-- checkBalanceSheetReport -->
  <testcase name="checkSchedulesReports" time="53.034" classname="com.focus.testcases.FocusFinancialsReportTest">
    <failure type="java.lang.AssertionError" message="expected [true] but found [false]">
      <![CDATA[java.lang.AssertionError: expected [true] but found [false]
	at com.focus.testcases.FocusFinancialsReportTest.checkSchedulesReports(FocusFinancialsReportTest.java:565)
... Removed 30 stack frames]]>
    </failure>
  </testcase> <!-- checkSchedulesReports -->
  <testcase name="checkFundFlowReport" time="11.938" classname="com.focus.testcases.FocusFinancialsReportTest">
    <failure type="java.lang.AssertionError" message="expected [true] but found [false]">
      <![CDATA[java.lang.AssertionError: expected [true] but found [false]
	at com.focus.testcases.FocusFinancialsReportTest.checkFundFlowReport(FocusFinancialsReportTest.java:572)
... Removed 30 stack frames]]>
    </failure>
  </testcase> <!-- checkFundFlowReport -->
  <testcase name="checkCashFlowReport" time="4.487" classname="com.focus.testcases.FocusFinancialsReportTest">
    <failure type="java.lang.AssertionError" message="expected [true] but found [false]">
      <![CDATA[java.lang.AssertionError: expected [true] but found [false]
	at com.focus.testcases.FocusFinancialsReportTest.checkCashFlowReport(FocusFinancialsReportTest.java:579)
... Removed 30 stack frames]]>
    </failure>
  </testcase> <!-- checkCashFlowReport -->
  <testcase name="checkAdvanceCashFlowReport" time="8.516" classname="com.focus.testcases.FocusFinancialsReportTest"/>
  <testcase name="checkIncomeExpensesTrendReport" time="6.596" classname="com.focus.testcases.FocusFinancialsReportTest"/>
  <testcase name="checklogout" time="10.26" classname="com.focus.testcases.FocusFinancialsReportTest"/>
</testsuite> <!-- Test -->
