<!DOCTYPE html PUBLIC "-//W3C//DTD XHTML 1.1//EN" "http://www.w3.org/TR/xhtml11/DTD/xhtml11.dtd">
<html xmlns="http://www.w3.org/1999/xhtml"><head><title>TestNG Report</title><style type="text/css">table {margin-bottom:10px;border-collapse:collapse;empty-cells:show}th,td {border:1px solid #009;padding:.25em .5em}th {vertical-align:bottom}td {vertical-align:top}table a {font-weight:bold}.stripe td {background-color: #E6EBF9}.num {text-align:right}.passedodd td {background-color: #3F3}.passedeven td {background-color: #0A0}.skippedodd td {background-color: #DDD}.skippedeven td {background-color: #CCC}.failedodd td,.attn {background-color: #F33}.failedeven td,.stripe .attn {background-color: #D00}.stacktrace {white-space:pre;font-family:monospace}.totop {font-size:85%;text-align:center;border-bottom:2px solid #000}</style></head><body><table><tr><th>Test</th><th># Passed</th><th># Skipped</th><th># Failed</th><th>Time (ms)</th><th>Included Groups</th><th>Excluded Groups</th></tr><tr><th colspan="7">Suite</th></tr><tr><td><a href="#t0">Test</a></td><td class="num">70</td><td class="num">0</td><td class="num attn">65</td><td class="num">4,241,436</td><td></td><td></td></tr></table><table><thead><tr><th>Class</th><th>Method</th><th>Start</th><th>Time (ms)</th></tr></thead><tbody><tr><th colspan="4">Suite</th></tr></tbody><tbody id="t0"><tr><th colspan="4">Test &#8212; failed</th></tr><tr class="failedeven"><td rowspan="47">com.focus.testcases.FocusFinancialsReportTest</td><td><a href="#m0">checkAccountQueryReport</a></td><td rowspan="1">1672840293084</td><td rowspan="1">92275</td></tr><tr class="failedeven"><td><a href="#m1">checkBalanceSheetReport</a></td><td rowspan="1">1672841890542</td><td rowspan="1">11976</td></tr><tr class="failedeven"><td><a href="#m2">checkBankBookAccountReport</a></td><td rowspan="1">1672839768079</td><td rowspan="1">13397</td></tr><tr class="failedeven"><td><a href="#m3">checkCashBookReport</a></td><td rowspan="1">1672839758792</td><td rowspan="1">9168</td></tr><tr class="failedeven"><td><a href="#m4">checkCashFlowReport</a></td><td rowspan="1">1672841967834</td><td rowspan="1">4487</td></tr><tr class="failedeven"><td><a href="#m5">checkComparativeAnalysisReport</a></td><td rowspan="1">1672840162094</td><td rowspan="1">17557</td></tr><tr class="failedeven"><td><a href="#m6">checkCustomerAgeingDetailAnalysis</a></td><td rowspan="1">1672840561136</td><td rowspan="1">109504</td></tr><tr class="failedeven"><td><a href="#m7">checkCustomerAgeingDetailByDueDate</a></td><td rowspan="1">1672840670750</td><td rowspan="1">135677</td></tr><tr class="failedeven"><td><a href="#m8">checkCustomerDueDateAnalysis</a></td><td rowspan="1">1672840510002</td><td rowspan="1">50995</td></tr><tr class="failedeven"><td><a href="#m9">checkCustomerListingOfOutstandingBillsReport</a></td><td rowspan="1">1672840407757</td><td rowspan="1">57137</td></tr><tr class="failedeven"><td><a href="#m10">checkCustomerOverDueAnalysis</a></td><td rowspan="1">1672840806571</td><td rowspan="1">58010</td></tr><tr class="failedeven"><td><a href="#m11">checkCustomerOverDueSummaryReport</a></td><td rowspan="1">1672840873745</td><td rowspan="1">4483</td></tr><tr class="failedeven"><td><a href="#m12">checkCustomerStatementsReport</a></td><td rowspan="1">1672840465033</td><td rowspan="1">44844</td></tr><tr class="failedeven"><td><a href="#m13">checkDayBookReport</a></td><td rowspan="1">1672839788653</td><td rowspan="1">40757</td></tr><tr class="failedeven"><td><a href="#m14">checkEntryJournalDetailReport</a></td><td rowspan="1">1672839993168</td><td rowspan="1">40216</td></tr><tr class="failedeven"><td><a href="#m15">checkEntryJournalRegister</a></td><td rowspan="1">1672839955419</td><td rowspan="1">37627</td></tr><tr class="failedeven"><td><a href="#m16">checkFilterOptionInLedger</a></td><td rowspan="1">1672839653731</td><td rowspan="1">1217</td></tr><tr class="failedeven"><td><a href="#m17">checkFundFlowReport</a></td><td rowspan="1">1672841955777</td><td rowspan="1">11938</td></tr><tr class="failedeven"><td><a href="#m18">checkInterestCalculationReport</a></td><td rowspan="1">1672840203165</td><td rowspan="1">22830</td></tr><tr class="failedeven"><td><a href="#m19">checkJournalEntryRegister</a></td><td rowspan="1">1672839912455</td><td rowspan="1">7367</td></tr><tr class="failedeven"><td><a href="#m20">checkLedgerDetailReport</a></td><td rowspan="1">1672839655097</td><td rowspan="1">91692</td></tr><tr class="failedeven"><td><a href="#m21">checkLedgerReport</a></td><td rowspan="1">1672839487946</td><td rowspan="1">136787</td></tr><tr class="failedeven"><td><a href="#m22">checkLoginWithRERInFA</a></td><td rowspan="1">1672839401701</td><td rowspan="1">86126</td></tr><tr class="failedeven"><td><a href="#m23">checkMasterInfoOfAccountReport</a></td><td rowspan="1">1672840226118</td><td rowspan="1">20076</td></tr><tr class="failedeven"><td><a href="#m24">checkOpeningBalanceRegister</a></td><td rowspan="1">1672839896749</td><td rowspan="1">15563</td></tr><tr class="failedeven"><td><a href="#m25">checkPaymentsRegister</a></td><td rowspan="1">1672839933326</td><td rowspan="1">6625</td></tr><tr class="failedeven"><td><a href="#m26">checkPeakAndLowBlanceAmount</a></td><td rowspan="1">1672840151479</td><td rowspan="1">10493</td></tr><tr class="failedeven"><td><a href="#m27">checkPettyCashBookReport</a></td><td rowspan="1">1672839781598</td><td rowspan="1">6935</td></tr><tr class="failedeven"><td><a href="#m28">checkPrintOptionInLedgerAndValidatePDF</a></td><td rowspan="1">1672839624858</td><td rowspan="1">28663</td></tr><tr class="failedeven"><td><a href="#m29">checkProfitAndLoassReport</a></td><td rowspan="1">1672841853675</td><td rowspan="1">10086</td></tr><tr class="failedeven"><td><a href="#m30">checkPurchasesGroupedByItem</a></td><td rowspan="1">1672840106892</td><td rowspan="1">22757</td></tr><tr class="failedeven"><td><a href="#m31">checkReciptsRegister</a></td><td rowspan="1">1672839926595</td><td rowspan="1">6615</td></tr><tr class="failedeven"><td><a href="#m32">checkSchedulesReports</a></td><td rowspan="1">1672841902626</td><td rowspan="1">53034</td></tr><tr class="failedeven"><td><a href="#m33">checkSubLedgerReport</a></td><td rowspan="1">1672839746902</td><td rowspan="1">11785</td></tr><tr class="failedeven"><td><a href="#m34">checkTradingAccountReport</a></td><td rowspan="1">1672841863908</td><td rowspan="1">12681</td></tr><tr class="failedeven"><td><a href="#m35">checkTrailBalanceReport</a></td><td rowspan="1">1672841751506</td><td rowspan="1">102024</td></tr><tr class="failedeven"><td><a href="#m36">checkTrandingAndProfitAndLoss</a></td><td rowspan="1">1672841876810</td><td rowspan="1">13544</td></tr><tr class="failedeven"><td><a href="#m37">checkVendorAgeingDetailByDueDateReport</a></td><td rowspan="1">1672841360785</td><td rowspan="1">254466</td></tr><tr class="failedeven"><td><a href="#m38">checkVendorAgeingDetailsAnalysis</a></td><td rowspan="1">1672841113166</td><td rowspan="1">247490</td></tr><tr class="failedeven"><td><a href="#m39">checkVendorAgeingSummaryAnalysisReport</a></td><td rowspan="1">1672841716776</td><td rowspan="1">4550</td></tr><tr class="failedeven"><td><a href="#m40">checkVendorBillWiseSummaryReport</a></td><td rowspan="1">1672841728945</td><td rowspan="1">4475</td></tr><tr class="failedeven"><td><a href="#m41">checkVendorDueDateAnalysisReport</a></td><td rowspan="1">1672841036916</td><td rowspan="1">76112</td></tr><tr class="failedeven"><td><a href="#m42">checkVendorListingOfOutStandingBills</a></td><td rowspan="1">1672840882567</td><td rowspan="1">79318</td></tr><tr class="failedeven"><td><a href="#m43">checkVendorOverDueAnalysisReport</a></td><td rowspan="1">1672841615407</td><td rowspan="1">101237</td></tr><tr class="failedeven"><td><a href="#m44">checkVendorOverDueSummaryReport</a></td><td rowspan="1">1672841725519</td><td rowspan="1">3316</td></tr><tr class="failedeven"><td><a href="#m45">checkVendorStatementsReport</a></td><td rowspan="1">1672840962041</td><td rowspan="1">74760</td></tr><tr class="failedeven"><td><a href="#m46">checkVendorSummaryAgeingByDueDateReport</a></td><td rowspan="1">1672841721453</td><td rowspan="1">3947</td></tr><tr class="failedodd"><td rowspan="12">com.focus.testcases.FocusInventoryReportsTest</td><td><a href="#m47">checkFilterInStockLedger</a></td><td rowspan="1">1672838740977</td><td rowspan="1">37880</td></tr><tr class="failedodd"><td><a href="#m48">checkGeneralLedgerandInventoryMismatchReport</a></td><td rowspan="1">1672839291735</td><td rowspan="1">109825</td></tr><tr class="failedodd"><td><a href="#m49">checkLoginWithRERInFA</a></td><td rowspan="1">1672838451668</td><td rowspan="1">86151</td></tr><tr class="failedodd"><td><a href="#m50">checkOpeningStockRegisterReport</a></td><td rowspan="1">1672838779123</td><td rowspan="1">17123</td></tr><tr class="failedodd"><td><a href="#m51">checkPrintOptionInStockStatements</a></td><td rowspan="1">1672838832056</td><td rowspan="1">29379</td></tr><tr class="failedodd"><td><a href="#m52">checkStockAgeingAnalysisByRMAReport</a></td><td rowspan="1">1672839117367</td><td rowspan="1">39766</td></tr><tr class="failedodd"><td><a href="#m53">checkStockMovementReport</a></td><td rowspan="1">1672838861841</td><td rowspan="1">1311</td></tr><tr class="failedodd"><td><a href="#m54">checkStockValuationByFATagReport</a></td><td rowspan="1">1672838924290</td><td rowspan="1">23789</td></tr><tr class="failedodd"><td><a href="#m55">checkStockValuationReportByInventoryByProduct</a></td><td rowspan="1">1672838893343</td><td rowspan="1">11501</td></tr><tr class="failedodd"><td><a href="#m56">checkStockValuationReportByProductByInventoryTag</a></td><td rowspan="1">1672838880801</td><td rowspan="1">12262</td></tr><tr class="failedodd"><td><a href="#m57">checkTransactionTypeWiseStockReport</a></td><td rowspan="1">1672839241672</td><td rowspan="1">27483</td></tr><tr class="failedodd"><td><a href="#m58">checkVirtualStockAnalysisReport</a></td><td rowspan="1">1672838863430</td><td rowspan="1">1258</td></tr><tr class="failedeven"><td rowspan="6">com.focus.testcases.UserRestrictionsTest</td><td><a href="#m59">checkAccountMasterWhetherShowingOnlyRestrictedAccountsInList</a></td><td rowspan="1">1672838096346</td><td rowspan="1">7857</td></tr><tr class="failedeven"><td><a href="#m60">checkItemMasterWhetherShowingOnlyRestrictedItemsInList</a></td><td rowspan="1">1672838145735</td><td rowspan="1">16174</td></tr><tr class="failedeven"><td><a href="#m61">checkLogin</a></td><td rowspan="1">1672837784754</td><td rowspan="1">14320</td></tr><tr class="failedeven"><td><a href="#m62">checkPurchaseVoucherHomePageMastersList</a></td><td rowspan="1">1672838343996</td><td rowspan="1">10705</td></tr><tr class="failedeven"><td><a href="#m63">checkRestoreCompany</a></td><td rowspan="1">1672837799250</td><td rowspan="1">278857</td></tr><tr class="failedeven"><td><a href="#m64">checkWarehouseMasterWhetherShowingOnlyRestrictedWarehouseInList</a></td><td rowspan="1">1672838270091</td><td rowspan="1">15062</td></tr><tr><th colspan="4">Test &#8212; passed</th></tr><tr class="passedeven"><td rowspan="33">com.focus.testcases.FocusFinancialsReportTest</td><td><a href="#m65">checkABCAnalysisAmountReport</a></td><td rowspan="1">1672840187404</td><td rowspan="1">15760</td></tr><tr class="passedeven"><td><a href="#m66">checkAdvanceCashFlowReport</a></td><td rowspan="1">1672841972450</td><td rowspan="1">8516</td></tr><tr class="passedeven"><td><a href="#m67">checkAuditTrailLoginsOfUsers</a></td><td rowspan="1">1672840283072</td><td rowspan="1">10005</td></tr><tr class="passedeven"><td><a href="#m68">checkAuditTrailTransactionsOfOpeningBalances</a></td><td rowspan="1">1672840276477</td><td rowspan="1">6594</td></tr><tr class="passedeven"><td><a href="#m69">checkCreditNoteRegister</a></td><td rowspan="1">1672839919949</td><td rowspan="1">6645</td></tr><tr class="passedeven"><td><a href="#m70">checkCustomerAgeingSummaryReport</a></td><td rowspan="1">1672840864735</td><td rowspan="1">4269</td></tr><tr class="passedeven"><td><a href="#m71">checkCustomerBillWiseSummaryReport</a></td><td rowspan="1">1672840878353</td><td rowspan="1">4213</td></tr><tr class="passedeven"><td><a href="#m72">checkCustomerSummaryAgeingByDueDateReport</a></td><td rowspan="1">1672840869005</td><td rowspan="1">4739</td></tr><tr class="passedeven"><td><a href="#m73">checkIncomeExpensesTrendReport</a></td><td rowspan="1">1672841980967</td><td rowspan="1">6596</td></tr><tr class="passedeven"><td><a href="#m74">checkLogutAndLoginWithRER</a></td><td rowspan="1">1672841733538</td><td rowspan="1">17967</td></tr><tr class="passedeven"><td><a href="#m75">checkMasterAuthorizationReport</a></td><td rowspan="1">1672840396940</td><td rowspan="1">10815</td></tr><tr class="passedeven"><td><a href="#m76">checkMonthlySalesReport</a></td><td rowspan="1">1672839864691</td><td rowspan="1">3901</td></tr><tr class="passedeven"><td><a href="#m77">checkPDCPaymentsRegister</a></td><td rowspan="1">1672839944688</td><td rowspan="1">10730</td></tr><tr class="passedeven"><td><a href="#m78">checkPDCReceiptsRegister</a></td><td rowspan="1">1672839940068</td><td rowspan="1">4618</td></tr><tr class="passedeven"><td><a href="#m79">checkProductLableReport</a></td><td rowspan="1">1672840246325</td><td rowspan="1">8595</td></tr><tr class="passedeven"><td><a href="#m80">checkPurchaseRegisterReport</a></td><td rowspan="1">1672839876367</td><td rowspan="1">8216</td></tr><tr class="passedeven"><td><a href="#m81">checkPurchaseReturnRegister</a></td><td rowspan="1">1672839884591</td><td rowspan="1">6654</td></tr><tr class="passedeven"><td><a href="#m82">checkPurchasesGroupedByDepartment</a></td><td rowspan="1">1672840129766</td><td rowspan="1">21707</td></tr><tr class="passedeven"><td><a href="#m83">checkPurchasesGroupedByVendor</a></td><td rowspan="1">1672840083987</td><td rowspan="1">22895</td></tr><tr class="passedeven"><td><a href="#m84">checkSalesGroupedByCustomer</a></td><td rowspan="1">1672840033510</td><td rowspan="1">20451</td></tr><tr class="passedeven"><td><a href="#m85">checkSalesGroupedByDepartment</a></td><td rowspan="1">1672840073287</td><td rowspan="1">10691</td></tr><tr class="passedeven"><td><a href="#m86">checkSalesGroupedByItem</a></td><td rowspan="1">1672840053961</td><td rowspan="1">19315</td></tr><tr class="passedeven"><td><a href="#m87">checkSalesRegisterReport</a></td><td rowspan="1">1672839850989</td><td rowspan="1">7592</td></tr><tr class="passedeven"><td><a href="#m88">checkSalesSummaryRegisterReport</a></td><td rowspan="1">1672839858589</td><td rowspan="1">6101</td></tr><tr class="passedeven"><td><a href="#m89">checkSkidDefinitionReport</a></td><td rowspan="1">1672840264421</td><td rowspan="1">12054</td></tr><tr class="passedeven"><td><a href="#m90">checkSummaryPurchaseRegister</a></td><td rowspan="1">1672839891249</td><td rowspan="1">5498</td></tr><tr class="passedeven"><td><a href="#m91">checkTopCustomersReports</a></td><td rowspan="1">1672839868594</td><td rowspan="1">3921</td></tr><tr class="passedeven"><td><a href="#m92">checkTopCustomersReportsForGroupAccount</a></td><td rowspan="1">1672839872517</td><td rowspan="1">3840</td></tr><tr class="passedeven"><td><a href="#m93">checkTransactionAuthorizationReport</a></td><td rowspan="1">1672840385461</td><td rowspan="1">11477</td></tr><tr class="passedeven"><td><a href="#m94">checkTransactionsTypeAnalysis</a></td><td rowspan="1">1672840179776</td><td rowspan="1">7626</td></tr><tr class="passedeven"><td><a href="#m95">checkUnitConversionReport</a></td><td rowspan="1">1672840254922</td><td rowspan="1">9497</td></tr><tr class="passedeven"><td><a href="#m96">checkVirtualBankLedger</a></td><td rowspan="1">1672839829536</td><td rowspan="1">21451</td></tr><tr class="passedeven"><td><a href="#m97">checklogout</a></td><td rowspan="1">1672841987564</td><td rowspan="1">10260</td></tr><tr class="passedodd"><td rowspan="20">com.focus.testcases.FocusInventoryReportsTest</td><td><a href="#m98">checkABCAnalysisReport</a></td><td rowspan="1">1672838948355</td><td rowspan="1">13592</td></tr><tr class="passedodd"><td><a href="#m99">checkActualConsumptionReport</a></td><td rowspan="1">1672839269274</td><td rowspan="1">22460</td></tr><tr class="passedodd"><td><a href="#m100">checkAgeingAnalysisByBatchReport</a></td><td rowspan="1">1672839104927</td><td rowspan="1">12439</td></tr><tr class="passedodd"><td><a href="#m101">checkBestSellingItemReport</a></td><td rowspan="1">1672839207477</td><td rowspan="1">14233</td></tr><tr class="passedodd"><td><a href="#m102">checkExpiredStockByBinsReports</a></td><td rowspan="1">1672839067407</td><td rowspan="1">17641</td></tr><tr class="passedodd"><td><a href="#m103">checkFastMovingItemsReport</a></td><td rowspan="1">1672839157314</td><td rowspan="1">15906</td></tr><tr class="passedodd"><td><a href="#m104">checkItemQueryReport</a></td><td rowspan="1">1672838537967</td><td rowspan="1">50787</td></tr><tr class="passedodd"><td><a href="#m105">checkPeakAndLowBlancesReport</a></td><td rowspan="1">1672839189359</td><td rowspan="1">18116</td></tr><tr class="passedodd"><td><a href="#m106">checkSlowMovingItemsReport</a></td><td rowspan="1">1672839173222</td><td rowspan="1">16135</td></tr><tr class="passedodd"><td><a href="#m107">checkStockAnalysisByBatchReport</a></td><td rowspan="1">1672838961949</td><td rowspan="1">14975</td></tr><tr class="passedodd"><td><a href="#m108">checkStockAnalysisByRMAReport</a></td><td rowspan="1">1672838976926</td><td rowspan="1">19395</td></tr><tr class="passedodd"><td><a href="#m109">checkStockBalanceByItemsByBinsReport</a></td><td rowspan="1">1672839050881</td><td rowspan="1">16523</td></tr><tr class="passedodd"><td><a href="#m110">checkStockBalanceByWarehouse</a></td><td rowspan="1">1672839085050</td><td rowspan="1">19874</td></tr><tr class="passedodd"><td><a href="#m111">checkStockBlanceByBinsReport</a></td><td rowspan="1">1672839021962</td><td rowspan="1">28916</td></tr><tr class="passedodd"><td><a href="#m112">checkStockDetailsByBins</a></td><td rowspan="1">1672838996323</td><td rowspan="1">25638</td></tr><tr class="passedodd"><td><a href="#m113">checkStockLedgerReport</a></td><td rowspan="1">1672838588755</td><td rowspan="1">152219</td></tr><tr class="passedodd"><td><a href="#m114">checkStockReprtByTagReport</a></td><td rowspan="1">1672838905128</td><td rowspan="1">19160</td></tr><tr class="passedodd"><td><a href="#m115">checkStockStatementReport</a></td><td rowspan="1">1672838796492</td><td rowspan="1">35562</td></tr><tr class="passedodd"><td><a href="#m116">checkStockTransferRegisterReport</a></td><td rowspan="1">1672839221711</td><td rowspan="1">19959</td></tr><tr class="passedodd"><td><a href="#m117">checkStockValuationReportByProduct</a></td><td rowspan="1">1672838864963</td><td rowspan="1">15836</td></tr><tr class="passedeven"><td rowspan="2">com.focus.testcases.URLBrowserTest</td><td><a href="#m118">checkLoginPageTitleByURLInputInBrowser</a></td><td rowspan="1">1672837765865</td><td rowspan="1">18884</td></tr><tr class="passedeven"><td><a href="#m119">verifyBrowserOpen</a></td><td rowspan="1">1672837756875</td><td rowspan="1">8980</td></tr><tr class="passedodd"><td rowspan="15">com.focus.testcases.UserRestrictionsTest</td><td><a href="#m120">checkBranchMasterWhetherShowingOnlyRestrictedBranchInList</a></td><td rowspan="1">1672838331647</td><td rowspan="1">12346</td></tr><tr class="passedodd"><td><a href="#m121">checkChildAccountsInsideTheGroupAccountsIndivdually</a></td><td rowspan="1">1672838104315</td><td rowspan="1">25410</td></tr><tr class="passedodd"><td><a href="#m122">checkDepartmentMasterWhetherShowingOnlyRestrictedDepartmentInList</a></td><td rowspan="1">1672838208483</td><td rowspan="1">15233</td></tr><tr class="passedodd"><td><a href="#m123">checkLoginWithERR</a></td><td rowspan="1">1672838078242</td><td rowspan="1">18102</td></tr><tr class="passedodd"><td><a href="#m124">checkMasterInReceipts</a></td><td rowspan="1">1672838434436</td><td rowspan="1">17230</td></tr><tr class="passedodd"><td><a href="#m125">checkMastersListInPayments</a></td><td rowspan="1">1672838413624</td><td rowspan="1">17939</td></tr><tr class="passedodd"><td><a href="#m126">checkMastersListInSalesInvoices</a></td><td rowspan="1">1672838389474</td><td rowspan="1">21220</td></tr><tr class="passedodd"><td><a href="#m127">checkPaymentsVoucherHomePageMastersList</a></td><td rowspan="1">1672838410695</td><td rowspan="1">2928</td></tr><tr class="passedodd"><td><a href="#m128">checkPurchasesVoucherForAllTheMastersListInMastersDropdown</a></td><td rowspan="1">1672838354822</td><td rowspan="1">26002</td></tr><tr class="passedodd"><td><a href="#m129">checkReceiptsHomePageMasterList</a></td><td rowspan="1">1672838431564</td><td rowspan="1">2871</td></tr><tr class="passedodd"><td><a href="#m130">checkSalesInvoiceVoucherHomePgaeMastersList</a></td><td rowspan="1">1672838380826</td><td rowspan="1">8646</td></tr><tr class="passedodd"><td><a href="#m131">checkSearchAccountsWhetherNonRestrictedAccountsAreDisplaying</a></td><td rowspan="1">1672838129727</td><td rowspan="1">16007</td></tr><tr class="passedodd"><td><a href="#m132">checkSearchDepartmentWhetherNonRestrictedDepartmentsAreDisplaying</a></td><td rowspan="1">1672838223717</td><td rowspan="1">46372</td></tr><tr class="passedodd"><td><a href="#m133">checkSearchItemsWhetherNonRestrictedItemsAreDisplaying</a></td><td rowspan="1">1672838162031</td><td rowspan="1">46449</td></tr><tr class="passedodd"><td><a href="#m134">checkSearchWarehouseWhetherNonRestrictedWarehousesAreDisplaying</a></td><td rowspan="1">1672838285298</td><td rowspan="1">46347</td></tr></tbody></table><h2>Test</h2><h3 id="m0">com.focus.testcases.FocusFinancialsReportTest#checkAccountQueryReport</h3><table class="result"><tr><th>Messages</th></tr><tr><td><div class="messages">Completed executing following method : FocusFinancialsReportTest.checkAccountQueryReport<br/>Test Method resides in com.focus.testcases.FocusFinancialsReportTest<br/>Test Status: Failed<br/>About to begin executing following method : BaseEngine.afterMethodExecution</div></td></tr><tr><th>Exception</th></tr><tr><td><div class="stacktrace">org.openqa.selenium.TimeoutException: Expected condition failed: waiting for element to be clickable: Proxy element for: DefaultElementLocator &apos;By.xpath: //span[@id=&apos;openingBal&apos;]&apos; (tried for 20 second(s) with 1000 milliseconds interval)
	at org.openqa.selenium.support.ui.FluentWait.timeoutException(FluentWait.java:303)
	at org.openqa.selenium.support.ui.FluentWait.until(FluentWait.java:271)
	at com.focus.Pages.FocusFinancialsReportPage.checkAccountQueryReport(FocusFinancialsReportPage.java:7610)
	at com.focus.testcases.FocusFinancialsReportTest.checkAccountQueryReport(FocusFinancialsReportTest.java:353)
Caused by: org.openqa.selenium.NoSuchElementException: no such element: Unable to locate element: {&quot;method&quot;:&quot;xpath&quot;,&quot;selector&quot;:&quot;//span[@id=&apos;openingBal&apos;]&quot;}
  (Session info: chrome=108.0.5359.125)
For documentation on this error, please visit: http://seleniumhq.org/exceptions/no_such_element.html
Build info: version: &apos;3.12.0&apos;, revision: &apos;7c6e0b3&apos;, time: &apos;2018-05-08T14:04:26.12Z&apos;
System info: host: &apos;FOCUS-QA-118&apos;, ip: &apos;172.25.128.1&apos;, os.name: &apos;Windows 10&apos;, os.arch: &apos;amd64&apos;, os.version: &apos;10.0&apos;, java.version: &apos;1.8.0_111&apos;
Driver info: org.openqa.selenium.chrome.ChromeDriver
Capabilities {acceptInsecureCerts: false, browserName: chrome, browserVersion: 108.0.5359.125, chrome: {chromedriverVersion: 108.0.5359.71 (1e0e3868ee06..., userDataDir: C:\Users\Admin\AppData\Loca...}, goog:chromeOptions: {debuggerAddress: localhost:56967}, javascriptEnabled: true, networkConnectionEnabled: false, pageLoadStrategy: normal, platform: WINDOWS, platformName: WINDOWS, proxy: Proxy(), setWindowRect: true, strictFileInteractability: false, timeouts: {implicit: 0, pageLoad: 300000, script: 30000}, unhandledPromptBehavior: dismiss and notify, webauthn:extension:credBlob: true, webauthn:extension:largeBlob: true, webauthn:virtualAuthenticators: true}
Session ID: f6a783fb13d2167b4042629b5e034545
*** Element info: {Using=xpath, value=//span[@id=&apos;openingBal&apos;]}
	at org.openqa.selenium.remote.http.W3CHttpResponseCodec.createException(W3CHttpResponseCodec.java:187)
	at org.openqa.selenium.remote.http.W3CHttpResponseCodec.decode(W3CHttpResponseCodec.java:122)
	at org.openqa.selenium.remote.http.W3CHttpResponseCodec.decode(W3CHttpResponseCodec.java:49)
	at org.openqa.selenium.remote.HttpCommandExecutor.execute(HttpCommandExecutor.java:158)
	at org.openqa.selenium.remote.service.DriverCommandExecutor.execute(DriverCommandExecutor.java:83)
	at org.openqa.selenium.remote.RemoteWebDriver.execute(RemoteWebDriver.java:543)
	at org.openqa.selenium.remote.RemoteWebDriver.findElement(RemoteWebDriver.java:317)
	at org.openqa.selenium.remote.RemoteWebDriver.findElementByXPath(RemoteWebDriver.java:419)
	at org.openqa.selenium.By$ByXPath.findElement(By.java:353)
	at org.openqa.selenium.remote.RemoteWebDriver.findElement(RemoteWebDriver.java:309)
	at org.openqa.selenium.support.pagefactory.DefaultElementLocator.findElement(DefaultElementLocator.java:69)
	at org.openqa.selenium.support.pagefactory.internal.LocatingElementHandler.invoke(LocatingElementHandler.java:38)
	at com.sun.proxy.$Proxy14.isDisplayed(Unknown Source)
	at org.openqa.selenium.support.ui.ExpectedConditions.elementIfVisible(ExpectedConditions.java:315)
	at org.openqa.selenium.support.ui.ExpectedConditions.access$100(ExpectedConditions.java:44)
	at org.openqa.selenium.support.ui.ExpectedConditions$10.apply(ExpectedConditions.java:301)
	at org.openqa.selenium.support.ui.ExpectedConditions$10.apply(ExpectedConditions.java:298)
	at org.openqa.selenium.support.ui.ExpectedConditions$23.apply(ExpectedConditions.java:686)
	at org.openqa.selenium.support.ui.ExpectedConditions$23.apply(ExpectedConditions.java:682)
	at org.openqa.selenium.support.ui.FluentWait.until(FluentWait.java:248)
	... 26 more
... Removed 28 stack frames</div></td></tr></table><p class="totop"><a href="#summary">back to summary</a></p><h3 id="m1">com.focus.testcases.FocusFinancialsReportTest#checkBalanceSheetReport</h3><table class="result"><tr><th>Messages</th></tr><tr><td><div class="messages">Completed executing following method : FocusFinancialsReportTest.checkBalanceSheetReport<br/>Test Method resides in com.focus.testcases.FocusFinancialsReportTest<br/>Test Status: Failed<br/>About to begin executing following method : BaseEngine.afterMethodExecution</div></td></tr><tr><th>Exception</th></tr><tr><td><div class="stacktrace">java.lang.AssertionError: expected [true] but found [false]
	at com.focus.testcases.FocusFinancialsReportTest.checkBalanceSheetReport(FocusFinancialsReportTest.java:558)
... Removed 30 stack frames</div></td></tr></table><p class="totop"><a href="#summary">back to summary</a></p><h3 id="m2">com.focus.testcases.FocusFinancialsReportTest#checkBankBookAccountReport</h3><table class="result"><tr><th>Messages</th></tr><tr><td><div class="messages">Completed executing following method : FocusFinancialsReportTest.checkBankBookAccountReport<br/>Test Method resides in com.focus.testcases.FocusFinancialsReportTest<br/>Test Status: Failed<br/>About to begin executing following method : BaseEngine.afterMethodExecution</div></td></tr><tr><th>Exception</th></tr><tr><td><div class="stacktrace">java.lang.AssertionError: expected [true] but found [false]
	at com.focus.testcases.FocusFinancialsReportTest.checkBankBookAccountReport(FocusFinancialsReportTest.java:82)
... Removed 30 stack frames</div></td></tr></table><p class="totop"><a href="#summary">back to summary</a></p><h3 id="m3">com.focus.testcases.FocusFinancialsReportTest#checkCashBookReport</h3><table class="result"><tr><th>Messages</th></tr><tr><td><div class="messages">Completed executing following method : FocusFinancialsReportTest.checkCashBookReport<br/>Test Method resides in com.focus.testcases.FocusFinancialsReportTest<br/>Test Status: Failed<br/>About to begin executing following method : BaseEngine.afterMethodExecution</div></td></tr><tr><th>Exception</th></tr><tr><td><div class="stacktrace">java.lang.AssertionError: expected [true] but found [false]
	at com.focus.testcases.FocusFinancialsReportTest.checkCashBookReport(FocusFinancialsReportTest.java:75)
... Removed 30 stack frames</div></td></tr></table><p class="totop"><a href="#summary">back to summary</a></p><h3 id="m4">com.focus.testcases.FocusFinancialsReportTest#checkCashFlowReport</h3><table class="result"><tr><th>Messages</th></tr><tr><td><div class="messages">Completed executing following method : FocusFinancialsReportTest.checkCashFlowReport<br/>Test Method resides in com.focus.testcases.FocusFinancialsReportTest<br/>Test Status: Failed<br/>About to begin executing following method : BaseEngine.afterMethodExecution</div></td></tr><tr><th>Exception</th></tr><tr><td><div class="stacktrace">java.lang.AssertionError: expected [true] but found [false]
	at com.focus.testcases.FocusFinancialsReportTest.checkCashFlowReport(FocusFinancialsReportTest.java:579)
... Removed 30 stack frames</div></td></tr></table><p class="totop"><a href="#summary">back to summary</a></p><h3 id="m5">com.focus.testcases.FocusFinancialsReportTest#checkComparativeAnalysisReport</h3><table class="result"><tr><th>Messages</th></tr><tr><td><div class="messages">Completed executing following method : FocusFinancialsReportTest.checkComparativeAnalysisReport<br/>Test Method resides in com.focus.testcases.FocusFinancialsReportTest<br/>Test Status: Failed<br/>About to begin executing following method : BaseEngine.afterMethodExecution</div></td></tr><tr><th>Exception</th></tr><tr><td><div class="stacktrace">java.lang.AssertionError: expected [true] but found [false]
	at com.focus.testcases.FocusFinancialsReportTest.checkComparativeAnalysisReport(FocusFinancialsReportTest.java:281)
... Removed 30 stack frames</div></td></tr></table><p class="totop"><a href="#summary">back to summary</a></p><h3 id="m6">com.focus.testcases.FocusFinancialsReportTest#checkCustomerAgeingDetailAnalysis</h3><table class="result"><tr><th>Messages</th></tr><tr><td><div class="messages">Completed executing following method : FocusFinancialsReportTest.checkCustomerAgeingDetailAnalysis<br/>Test Method resides in com.focus.testcases.FocusFinancialsReportTest<br/>Test Status: Failed<br/>About to begin executing following method : BaseEngine.afterMethodExecution</div></td></tr><tr><th>Exception</th></tr><tr><td><div class="stacktrace">java.lang.AssertionError: expected [true] but found [false]
	at com.focus.testcases.FocusFinancialsReportTest.checkCustomerAgeingDetailAnalysis(FocusFinancialsReportTest.java:397)
... Removed 30 stack frames</div></td></tr></table><p class="totop"><a href="#summary">back to summary</a></p><h3 id="m7">com.focus.testcases.FocusFinancialsReportTest#checkCustomerAgeingDetailByDueDate</h3><table class="result"><tr><th>Messages</th></tr><tr><td><div class="messages">Completed executing following method : FocusFinancialsReportTest.checkCustomerAgeingDetailByDueDate<br/>Test Method resides in com.focus.testcases.FocusFinancialsReportTest<br/>Test Status: Failed<br/>About to begin executing following method : BaseEngine.afterMethodExecution</div></td></tr><tr><th>Exception</th></tr><tr><td><div class="stacktrace">java.lang.AssertionError: expected [true] but found [false]
	at com.focus.testcases.FocusFinancialsReportTest.checkCustomerAgeingDetailByDueDate(FocusFinancialsReportTest.java:404)
... Removed 30 stack frames</div></td></tr></table><p class="totop"><a href="#summary">back to summary</a></p><h3 id="m8">com.focus.testcases.FocusFinancialsReportTest#checkCustomerDueDateAnalysis</h3><table class="result"><tr><th>Messages</th></tr><tr><td><div class="messages">Completed executing following method : FocusFinancialsReportTest.checkCustomerDueDateAnalysis<br/>Test Method resides in com.focus.testcases.FocusFinancialsReportTest<br/>Test Status: Failed<br/>About to begin executing following method : BaseEngine.afterMethodExecution</div></td></tr><tr><th>Exception</th></tr><tr><td><div class="stacktrace">java.lang.AssertionError: expected [true] but found [false]
	at com.focus.testcases.FocusFinancialsReportTest.checkCustomerDueDateAnalysis(FocusFinancialsReportTest.java:390)
... Removed 30 stack frames</div></td></tr></table><p class="totop"><a href="#summary">back to summary</a></p><h3 id="m9">com.focus.testcases.FocusFinancialsReportTest#checkCustomerListingOfOutstandingBillsReport</h3><table class="result"><tr><th>Messages</th></tr><tr><td><div class="messages">Completed executing following method : FocusFinancialsReportTest.checkCustomerListingOfOutstandingBillsReport<br/>Test Method resides in com.focus.testcases.FocusFinancialsReportTest<br/>Test Status: Failed<br/>About to begin executing following method : BaseEngine.afterMethodExecution</div></td></tr><tr><th>Exception</th></tr><tr><td><div class="stacktrace">java.lang.AssertionError: expected [true] but found [false]
	at com.focus.testcases.FocusFinancialsReportTest.checkCustomerListingOfOutstandingBillsReport(FocusFinancialsReportTest.java:376)
... Removed 30 stack frames</div></td></tr></table><p class="totop"><a href="#summary">back to summary</a></p><h3 id="m10">com.focus.testcases.FocusFinancialsReportTest#checkCustomerOverDueAnalysis</h3><table class="result"><tr><th>Messages</th></tr><tr><td><div class="messages">Completed executing following method : FocusFinancialsReportTest.checkCustomerOverDueAnalysis<br/>Test Method resides in com.focus.testcases.FocusFinancialsReportTest<br/>Test Status: Failed<br/>About to begin executing following method : BaseEngine.afterMethodExecution</div></td></tr><tr><th>Exception</th></tr><tr><td><div class="stacktrace">java.lang.AssertionError: expected [true] but found [false]
	at com.focus.testcases.FocusFinancialsReportTest.checkCustomerOverDueAnalysis(FocusFinancialsReportTest.java:411)
... Removed 30 stack frames</div></td></tr></table><p class="totop"><a href="#summary">back to summary</a></p><h3 id="m11">com.focus.testcases.FocusFinancialsReportTest#checkCustomerOverDueSummaryReport</h3><table class="result"><tr><th>Messages</th></tr><tr><td><div class="messages">Completed executing following method : FocusFinancialsReportTest.checkCustomerOverDueSummaryReport<br/>Test Method resides in com.focus.testcases.FocusFinancialsReportTest<br/>Test Status: Failed<br/>About to begin executing following method : BaseEngine.afterMethodExecution</div></td></tr><tr><th>Exception</th></tr><tr><td><div class="stacktrace">java.lang.AssertionError: expected [true] but found [false]
	at com.focus.testcases.FocusFinancialsReportTest.checkCustomerOverDueSummaryReport(FocusFinancialsReportTest.java:432)
... Removed 30 stack frames</div></td></tr></table><p class="totop"><a href="#summary">back to summary</a></p><h3 id="m12">com.focus.testcases.FocusFinancialsReportTest#checkCustomerStatementsReport</h3><table class="result"><tr><th>Messages</th></tr><tr><td><div class="messages">Completed executing following method : FocusFinancialsReportTest.checkCustomerStatementsReport<br/>Test Method resides in com.focus.testcases.FocusFinancialsReportTest<br/>Test Status: Failed<br/>About to begin executing following method : BaseEngine.afterMethodExecution</div></td></tr><tr><th>Exception</th></tr><tr><td><div class="stacktrace">java.lang.AssertionError: expected [true] but found [false]
	at com.focus.testcases.FocusFinancialsReportTest.checkCustomerStatementsReport(FocusFinancialsReportTest.java:383)
... Removed 30 stack frames</div></td></tr></table><p class="totop"><a href="#summary">back to summary</a></p><h3 id="m13">com.focus.testcases.FocusFinancialsReportTest#checkDayBookReport</h3><table class="result"><tr><th>Messages</th></tr><tr><td><div class="messages">Completed executing following method : FocusFinancialsReportTest.checkDayBookReport<br/>Test Method resides in com.focus.testcases.FocusFinancialsReportTest<br/>Test Status: Failed<br/>About to begin executing following method : BaseEngine.afterMethodExecution</div></td></tr><tr><th>Exception</th></tr><tr><td><div class="stacktrace">java.lang.AssertionError: expected [true] but found [false]
	at com.focus.testcases.FocusFinancialsReportTest.checkDayBookReport(FocusFinancialsReportTest.java:96)
... Removed 30 stack frames</div></td></tr></table><p class="totop"><a href="#summary">back to summary</a></p><h3 id="m14">com.focus.testcases.FocusFinancialsReportTest#checkEntryJournalDetailReport</h3><table class="result"><tr><th>Messages</th></tr><tr><td><div class="messages">Completed executing following method : FocusFinancialsReportTest.checkEntryJournalDetailReport<br/>Test Method resides in com.focus.testcases.FocusFinancialsReportTest<br/>Test Status: Failed<br/>About to begin executing following method : BaseEngine.afterMethodExecution</div></td></tr><tr><th>Exception</th></tr><tr><td><div class="stacktrace">java.lang.AssertionError: expected [true] but found [false]
	at com.focus.testcases.FocusFinancialsReportTest.checkEntryJournalDetailReport(FocusFinancialsReportTest.java:224)
... Removed 30 stack frames</div></td></tr></table><p class="totop"><a href="#summary">back to summary</a></p><h3 id="m15">com.focus.testcases.FocusFinancialsReportTest#checkEntryJournalRegister</h3><table class="result"><tr><th>Messages</th></tr><tr><td><div class="messages">Completed executing following method : FocusFinancialsReportTest.checkEntryJournalRegister<br/>Test Method resides in com.focus.testcases.FocusFinancialsReportTest<br/>Test Status: Failed<br/>About to begin executing following method : BaseEngine.afterMethodExecution</div></td></tr><tr><th>Exception</th></tr><tr><td><div class="stacktrace">java.lang.AssertionError: expected [true] but found [false]
	at com.focus.testcases.FocusFinancialsReportTest.checkEntryJournalRegister(FocusFinancialsReportTest.java:217)
... Removed 30 stack frames</div></td></tr></table><p class="totop"><a href="#summary">back to summary</a></p><h3 id="m16">com.focus.testcases.FocusFinancialsReportTest#checkFilterOptionInLedger</h3><table class="result"><tr><th>Messages</th></tr><tr><td><div class="messages">Completed executing following method : FocusFinancialsReportTest.checkFilterOptionInLedger<br/>Test Method resides in com.focus.testcases.FocusFinancialsReportTest<br/>Test Status: Failed<br/>About to begin executing following method : BaseEngine.afterMethodExecution</div></td></tr><tr><th>Exception</th></tr><tr><td><div class="stacktrace">org.openqa.selenium.ElementClickInterceptedException: element click intercepted: Element &lt;li class=&quot;nav-item dropdown&quot; id=&quot;filterIcon_23f51f7a-ff50-44f3-8e61-0729dc27f3af&quot;&gt;...&lt;/li&gt; is not clickable at point (1199, 97). Other element would receive the click: &lt;div class=&quot;modal-dialog-back-area&quot;&gt;&lt;/div&gt;
  (Session info: chrome=108.0.5359.125)
Build info: version: &apos;3.12.0&apos;, revision: &apos;7c6e0b3&apos;, time: &apos;2018-05-08T14:04:26.12Z&apos;
System info: host: &apos;FOCUS-QA-118&apos;, ip: &apos;172.25.128.1&apos;, os.name: &apos;Windows 10&apos;, os.arch: &apos;amd64&apos;, os.version: &apos;10.0&apos;, java.version: &apos;1.8.0_111&apos;
Driver info: org.openqa.selenium.chrome.ChromeDriver
Capabilities {acceptInsecureCerts: false, browserName: chrome, browserVersion: 108.0.5359.125, chrome: {chromedriverVersion: 108.0.5359.71 (1e0e3868ee06..., userDataDir: C:\Users\Admin\AppData\Loca...}, goog:chromeOptions: {debuggerAddress: localhost:56967}, javascriptEnabled: true, networkConnectionEnabled: false, pageLoadStrategy: normal, platform: WINDOWS, platformName: WINDOWS, proxy: Proxy(), setWindowRect: true, strictFileInteractability: false, timeouts: {implicit: 0, pageLoad: 300000, script: 30000}, unhandledPromptBehavior: dismiss and notify, webauthn:extension:credBlob: true, webauthn:extension:largeBlob: true, webauthn:virtualAuthenticators: true}
Session ID: f6a783fb13d2167b4042629b5e034545
	at org.openqa.selenium.remote.http.W3CHttpResponseCodec.createException(W3CHttpResponseCodec.java:187)
	at org.openqa.selenium.remote.http.W3CHttpResponseCodec.decode(W3CHttpResponseCodec.java:122)
	at org.openqa.selenium.remote.http.W3CHttpResponseCodec.decode(W3CHttpResponseCodec.java:49)
	at org.openqa.selenium.remote.HttpCommandExecutor.execute(HttpCommandExecutor.java:158)
	at org.openqa.selenium.remote.service.DriverCommandExecutor.execute(DriverCommandExecutor.java:83)
	at org.openqa.selenium.remote.RemoteWebDriver.execute(RemoteWebDriver.java:543)
	at org.openqa.selenium.remote.RemoteWebElement.execute(RemoteWebElement.java:276)
	at org.openqa.selenium.remote.RemoteWebElement.click(RemoteWebElement.java:83)
	at org.openqa.selenium.support.pagefactory.internal.LocatingElementHandler.invoke(LocatingElementHandler.java:51)
	at com.sun.proxy.$Proxy14.click(Unknown Source)
	at com.focus.Pages.FocusFinancialsReportPage.checkFilterOptionInLedger(FocusFinancialsReportPage.java:1026)
	at com.focus.testcases.FocusFinancialsReportTest.checkFilterOptionInLedger(FocusFinancialsReportTest.java:54)
... Removed 31 stack frames</div></td></tr></table><p class="totop"><a href="#summary">back to summary</a></p><h3 id="m17">com.focus.testcases.FocusFinancialsReportTest#checkFundFlowReport</h3><table class="result"><tr><th>Messages</th></tr><tr><td><div class="messages">Completed executing following method : FocusFinancialsReportTest.checkFundFlowReport<br/>Test Method resides in com.focus.testcases.FocusFinancialsReportTest<br/>Test Status: Failed<br/>About to begin executing following method : BaseEngine.afterMethodExecution</div></td></tr><tr><th>Exception</th></tr><tr><td><div class="stacktrace">java.lang.AssertionError: expected [true] but found [false]
	at com.focus.testcases.FocusFinancialsReportTest.checkFundFlowReport(FocusFinancialsReportTest.java:572)
... Removed 30 stack frames</div></td></tr></table><p class="totop"><a href="#summary">back to summary</a></p><h3 id="m18">com.focus.testcases.FocusFinancialsReportTest#checkInterestCalculationReport</h3><table class="result"><tr><th>Messages</th></tr><tr><td><div class="messages">Completed executing following method : FocusFinancialsReportTest.checkInterestCalculationReport<br/>Test Method resides in com.focus.testcases.FocusFinancialsReportTest<br/>Test Status: Failed<br/>About to begin executing following method : BaseEngine.afterMethodExecution</div></td></tr><tr><th>Exception</th></tr><tr><td><div class="stacktrace">java.lang.AssertionError: expected [true] but found [false]
	at com.focus.testcases.FocusFinancialsReportTest.checkInterestCalculationReport(FocusFinancialsReportTest.java:302)
... Removed 30 stack frames</div></td></tr></table><p class="totop"><a href="#summary">back to summary</a></p><h3 id="m19">com.focus.testcases.FocusFinancialsReportTest#checkJournalEntryRegister</h3><table class="result"><tr><th>Messages</th></tr><tr><td><div class="messages">Completed executing following method : FocusFinancialsReportTest.checkJournalEntryRegister<br/>Test Method resides in com.focus.testcases.FocusFinancialsReportTest<br/>Test Status: Failed<br/>About to begin executing following method : BaseEngine.afterMethodExecution</div></td></tr><tr><th>Exception</th></tr><tr><td><div class="stacktrace">java.lang.AssertionError: expected [true] but found [false]
	at com.focus.testcases.FocusFinancialsReportTest.checkJournalEntryRegister(FocusFinancialsReportTest.java:175)
... Removed 30 stack frames</div></td></tr></table><p class="totop"><a href="#summary">back to summary</a></p><h3 id="m20">com.focus.testcases.FocusFinancialsReportTest#checkLedgerDetailReport</h3><table class="result"><tr><th>Messages</th></tr><tr><td><div class="messages">Completed executing following method : FocusFinancialsReportTest.checkLedgerDetailReport<br/>Test Method resides in com.focus.testcases.FocusFinancialsReportTest<br/>Test Status: Failed<br/>About to begin executing following method : BaseEngine.afterMethodExecution</div></td></tr><tr><th>Exception</th></tr><tr><td><div class="stacktrace">java.lang.AssertionError: expected [true] but found [false]
	at com.focus.testcases.FocusFinancialsReportTest.checkLedgerDetailReport(FocusFinancialsReportTest.java:61)
... Removed 30 stack frames</div></td></tr></table><p class="totop"><a href="#summary">back to summary</a></p><h3 id="m21">com.focus.testcases.FocusFinancialsReportTest#checkLedgerReport</h3><table class="result"><tr><th>Messages</th></tr><tr><td><div class="messages">Completed executing following method : FocusFinancialsReportTest.checkLedgerReport<br/>Test Method resides in com.focus.testcases.FocusFinancialsReportTest<br/>Test Status: Failed<br/>About to begin executing following method : BaseEngine.afterMethodExecution</div></td></tr><tr><th>Exception</th></tr><tr><td><div class="stacktrace">java.lang.AssertionError: expected [true] but found [false]
	at com.focus.testcases.FocusFinancialsReportTest.checkLedgerReport(FocusFinancialsReportTest.java:40)
... Removed 30 stack frames</div></td></tr></table><p class="totop"><a href="#summary">back to summary</a></p><h3 id="m22">com.focus.testcases.FocusFinancialsReportTest#checkLoginWithRERInFA</h3><table class="result"><tr><th>Messages</th></tr><tr><td><div class="messages">Completed executing following method : FocusFinancialsReportTest.checkLoginWithRERInFA<br/>Test Method resides in com.focus.testcases.FocusFinancialsReportTest<br/>Test Status: Failed<br/>About to begin executing following method : BaseEngine.afterMethodExecution</div></td></tr><tr><th>Exception</th></tr><tr><td><div class="stacktrace">org.openqa.selenium.TimeoutException: Expected condition failed: waiting for element to be clickable: Proxy element for: DefaultElementLocator &apos;By.xpath: //*[@id=&apos;txtUsername&apos;]&apos; (tried for 20 second(s) with 1000 milliseconds interval)
	at org.openqa.selenium.support.ui.FluentWait.timeoutException(FluentWait.java:303)
	at org.openqa.selenium.support.ui.FluentWait.until(FluentWait.java:271)
	at com.focus.Pages.LoginPageOld.enterUserName(LoginPageOld.java:923)
	at com.focus.Pages.UserRestrictionsPage.checkLoginWithRERInFA(UserRestrictionsPage.java:572)
	at com.focus.testcases.FocusFinancialsReportTest.checkLoginWithRERInFA(FocusFinancialsReportTest.java:33)
Caused by: org.openqa.selenium.NoSuchElementException: no such element: Unable to locate element: {&quot;method&quot;:&quot;xpath&quot;,&quot;selector&quot;:&quot;//*[@id=&apos;txtUsername&apos;]&quot;}
  (Session info: chrome=108.0.5359.125)
For documentation on this error, please visit: http://seleniumhq.org/exceptions/no_such_element.html
Build info: version: &apos;3.12.0&apos;, revision: &apos;7c6e0b3&apos;, time: &apos;2018-05-08T14:04:26.12Z&apos;
System info: host: &apos;FOCUS-QA-118&apos;, ip: &apos;172.25.128.1&apos;, os.name: &apos;Windows 10&apos;, os.arch: &apos;amd64&apos;, os.version: &apos;10.0&apos;, java.version: &apos;1.8.0_111&apos;
Driver info: org.openqa.selenium.chrome.ChromeDriver
Capabilities {acceptInsecureCerts: false, browserName: chrome, browserVersion: 108.0.5359.125, chrome: {chromedriverVersion: 108.0.5359.71 (1e0e3868ee06..., userDataDir: C:\Users\Admin\AppData\Loca...}, goog:chromeOptions: {debuggerAddress: localhost:56967}, javascriptEnabled: true, networkConnectionEnabled: false, pageLoadStrategy: normal, platform: WINDOWS, platformName: WINDOWS, proxy: Proxy(), setWindowRect: true, strictFileInteractability: false, timeouts: {implicit: 0, pageLoad: 300000, script: 30000}, unhandledPromptBehavior: dismiss and notify, webauthn:extension:credBlob: true, webauthn:extension:largeBlob: true, webauthn:virtualAuthenticators: true}
Session ID: f6a783fb13d2167b4042629b5e034545
*** Element info: {Using=xpath, value=//*[@id=&apos;txtUsername&apos;]}
	at org.openqa.selenium.remote.http.W3CHttpResponseCodec.createException(W3CHttpResponseCodec.java:187)
	at org.openqa.selenium.remote.http.W3CHttpResponseCodec.decode(W3CHttpResponseCodec.java:122)
	at org.openqa.selenium.remote.http.W3CHttpResponseCodec.decode(W3CHttpResponseCodec.java:49)
	at org.openqa.selenium.remote.HttpCommandExecutor.execute(HttpCommandExecutor.java:158)
	at org.openqa.selenium.remote.service.DriverCommandExecutor.execute(DriverCommandExecutor.java:83)
	at org.openqa.selenium.remote.RemoteWebDriver.execute(RemoteWebDriver.java:543)
	at org.openqa.selenium.remote.RemoteWebDriver.findElement(RemoteWebDriver.java:317)
	at org.openqa.selenium.remote.RemoteWebDriver.findElementByXPath(RemoteWebDriver.java:419)
	at org.openqa.selenium.By$ByXPath.findElement(By.java:353)
	at org.openqa.selenium.remote.RemoteWebDriver.findElement(RemoteWebDriver.java:309)
	at org.openqa.selenium.support.pagefactory.DefaultElementLocator.findElement(DefaultElementLocator.java:69)
	at org.openqa.selenium.support.pagefactory.internal.LocatingElementHandler.invoke(LocatingElementHandler.java:38)
	at com.sun.proxy.$Proxy14.isDisplayed(Unknown Source)
	at org.openqa.selenium.support.ui.ExpectedConditions.elementIfVisible(ExpectedConditions.java:315)
	at org.openqa.selenium.support.ui.ExpectedConditions.access$100(ExpectedConditions.java:44)
	at org.openqa.selenium.support.ui.ExpectedConditions$10.apply(ExpectedConditions.java:301)
	at org.openqa.selenium.support.ui.ExpectedConditions$10.apply(ExpectedConditions.java:298)
	at org.openqa.selenium.support.ui.ExpectedConditions$23.apply(ExpectedConditions.java:686)
	at org.openqa.selenium.support.ui.ExpectedConditions$23.apply(ExpectedConditions.java:682)
	at org.openqa.selenium.support.ui.FluentWait.until(FluentWait.java:248)
	... 27 more
... Removed 28 stack frames</div></td></tr></table><p class="totop"><a href="#summary">back to summary</a></p><h3 id="m23">com.focus.testcases.FocusFinancialsReportTest#checkMasterInfoOfAccountReport</h3><table class="result"><tr><th>Messages</th></tr><tr><td><div class="messages">Completed executing following method : FocusFinancialsReportTest.checkMasterInfoOfAccountReport<br/>Test Method resides in com.focus.testcases.FocusFinancialsReportTest<br/>Test Status: Failed<br/>About to begin executing following method : BaseEngine.afterMethodExecution</div></td></tr><tr><th>Exception</th></tr><tr><td><div class="stacktrace">java.lang.AssertionError: expected [true] but found [false]
	at com.focus.testcases.FocusFinancialsReportTest.checkMasterInfoOfAccountReport(FocusFinancialsReportTest.java:309)
... Removed 30 stack frames</div></td></tr></table><p class="totop"><a href="#summary">back to summary</a></p><h3 id="m24">com.focus.testcases.FocusFinancialsReportTest#checkOpeningBalanceRegister</h3><table class="result"><tr><th>Messages</th></tr><tr><td><div class="messages">Completed executing following method : FocusFinancialsReportTest.checkOpeningBalanceRegister<br/>Test Method resides in com.focus.testcases.FocusFinancialsReportTest<br/>Test Status: Failed<br/>About to begin executing following method : BaseEngine.afterMethodExecution</div></td></tr><tr><th>Exception</th></tr><tr><td><div class="stacktrace">java.lang.AssertionError: expected [true] but found [false]
	at com.focus.testcases.FocusFinancialsReportTest.checkOpeningBalanceRegister(FocusFinancialsReportTest.java:168)
... Removed 30 stack frames</div></td></tr></table><p class="totop"><a href="#summary">back to summary</a></p><h3 id="m25">com.focus.testcases.FocusFinancialsReportTest#checkPaymentsRegister</h3><table class="result"><tr><th>Messages</th></tr><tr><td><div class="messages">Completed executing following method : FocusFinancialsReportTest.checkPaymentsRegister<br/>Test Method resides in com.focus.testcases.FocusFinancialsReportTest<br/>Test Status: Failed<br/>About to begin executing following method : BaseEngine.afterMethodExecution</div></td></tr><tr><th>Exception</th></tr><tr><td><div class="stacktrace">java.lang.AssertionError: expected [true] but found [false]
	at com.focus.testcases.FocusFinancialsReportTest.checkPaymentsRegister(FocusFinancialsReportTest.java:196)
... Removed 30 stack frames</div></td></tr></table><p class="totop"><a href="#summary">back to summary</a></p><h3 id="m26">com.focus.testcases.FocusFinancialsReportTest#checkPeakAndLowBlanceAmount</h3><table class="result"><tr><th>Messages</th></tr><tr><td><div class="messages">Completed executing following method : FocusFinancialsReportTest.checkPeakAndLowBlanceAmount<br/>Test Method resides in com.focus.testcases.FocusFinancialsReportTest<br/>Test Status: Failed<br/>About to begin executing following method : BaseEngine.afterMethodExecution</div></td></tr><tr><th>Exception</th></tr><tr><td><div class="stacktrace">java.lang.AssertionError: expected [true] but found [false]
	at com.focus.testcases.FocusFinancialsReportTest.checkPeakAndLowBlanceAmount(FocusFinancialsReportTest.java:274)
... Removed 30 stack frames</div></td></tr></table><p class="totop"><a href="#summary">back to summary</a></p><h3 id="m27">com.focus.testcases.FocusFinancialsReportTest#checkPettyCashBookReport</h3><table class="result"><tr><th>Messages</th></tr><tr><td><div class="messages">Completed executing following method : FocusFinancialsReportTest.checkPettyCashBookReport<br/>Test Method resides in com.focus.testcases.FocusFinancialsReportTest<br/>Test Status: Failed<br/>About to begin executing following method : BaseEngine.afterMethodExecution</div></td></tr><tr><th>Exception</th></tr><tr><td><div class="stacktrace">java.lang.AssertionError: expected [true] but found [false]
	at com.focus.testcases.FocusFinancialsReportTest.checkPettyCashBookReport(FocusFinancialsReportTest.java:89)
... Removed 30 stack frames</div></td></tr></table><p class="totop"><a href="#summary">back to summary</a></p><h3 id="m28">com.focus.testcases.FocusFinancialsReportTest#checkPrintOptionInLedgerAndValidatePDF</h3><table class="result"><tr><th>Messages</th></tr><tr><td><div class="messages">Completed executing following method : FocusFinancialsReportTest.checkPrintOptionInLedgerAndValidatePDF<br/>Test Method resides in com.focus.testcases.FocusFinancialsReportTest<br/>Test Status: Failed<br/>About to begin executing following method : BaseEngine.afterMethodExecution</div></td></tr><tr><th>Exception</th></tr><tr><td><div class="stacktrace">java.lang.IndexOutOfBoundsException: Index: 2, Size: 2
	at java.util.ArrayList.rangeCheck(Unknown Source)
	at java.util.ArrayList.get(Unknown Source)
	at com.focus.Pages.FocusFinancialsReportPage.checkPrintOptionInLedgerAndValidatePDF(FocusFinancialsReportPage.java:989)
	at com.focus.testcases.FocusFinancialsReportTest.checkPrintOptionInLedgerAndValidatePDF(FocusFinancialsReportTest.java:47)
... Removed 24 stack frames</div></td></tr></table><p class="totop"><a href="#summary">back to summary</a></p><h3 id="m29">com.focus.testcases.FocusFinancialsReportTest#checkProfitAndLoassReport</h3><table class="result"><tr><th>Messages</th></tr><tr><td><div class="messages">Completed executing following method : FocusFinancialsReportTest.checkProfitAndLoassReport<br/>Test Method resides in com.focus.testcases.FocusFinancialsReportTest<br/>Test Status: Failed<br/>About to begin executing following method : BaseEngine.afterMethodExecution</div></td></tr><tr><th>Exception</th></tr><tr><td><div class="stacktrace">java.lang.AssertionError: expected [true] but found [false]
	at com.focus.testcases.FocusFinancialsReportTest.checkProfitAndLoassReport(FocusFinancialsReportTest.java:537)
... Removed 30 stack frames</div></td></tr></table><p class="totop"><a href="#summary">back to summary</a></p><h3 id="m30">com.focus.testcases.FocusFinancialsReportTest#checkPurchasesGroupedByItem</h3><table class="result"><tr><th>Messages</th></tr><tr><td><div class="messages">Completed executing following method : FocusFinancialsReportTest.checkPurchasesGroupedByItem<br/>Test Method resides in com.focus.testcases.FocusFinancialsReportTest<br/>Test Status: Failed<br/>About to begin executing following method : BaseEngine.afterMethodExecution</div></td></tr><tr><th>Exception</th></tr><tr><td><div class="stacktrace">java.lang.AssertionError: expected [true] but found [false]
	at com.focus.testcases.FocusFinancialsReportTest.checkPurchasesGroupedByItem(FocusFinancialsReportTest.java:260)
... Removed 30 stack frames</div></td></tr></table><p class="totop"><a href="#summary">back to summary</a></p><h3 id="m31">com.focus.testcases.FocusFinancialsReportTest#checkReciptsRegister</h3><table class="result"><tr><th>Messages</th></tr><tr><td><div class="messages">Completed executing following method : FocusFinancialsReportTest.checkReciptsRegister<br/>Test Method resides in com.focus.testcases.FocusFinancialsReportTest<br/>Test Status: Failed<br/>About to begin executing following method : BaseEngine.afterMethodExecution</div></td></tr><tr><th>Exception</th></tr><tr><td><div class="stacktrace">java.lang.AssertionError: expected [true] but found [false]
	at com.focus.testcases.FocusFinancialsReportTest.checkReciptsRegister(FocusFinancialsReportTest.java:189)
... Removed 30 stack frames</div></td></tr></table><p class="totop"><a href="#summary">back to summary</a></p><h3 id="m32">com.focus.testcases.FocusFinancialsReportTest#checkSchedulesReports</h3><table class="result"><tr><th>Messages</th></tr><tr><td><div class="messages">Completed executing following method : FocusFinancialsReportTest.checkSchedulesReports<br/>Test Method resides in com.focus.testcases.FocusFinancialsReportTest<br/>Test Status: Failed<br/>About to begin executing following method : BaseEngine.afterMethodExecution</div></td></tr><tr><th>Exception</th></tr><tr><td><div class="stacktrace">java.lang.AssertionError: expected [true] but found [false]
	at com.focus.testcases.FocusFinancialsReportTest.checkSchedulesReports(FocusFinancialsReportTest.java:565)
... Removed 30 stack frames</div></td></tr></table><p class="totop"><a href="#summary">back to summary</a></p><h3 id="m33">com.focus.testcases.FocusFinancialsReportTest#checkSubLedgerReport</h3><table class="result"><tr><th>Messages</th></tr><tr><td><div class="messages">Completed executing following method : FocusFinancialsReportTest.checkSubLedgerReport<br/>Test Method resides in com.focus.testcases.FocusFinancialsReportTest<br/>Test Status: Failed<br/>About to begin executing following method : BaseEngine.afterMethodExecution</div></td></tr><tr><th>Exception</th></tr><tr><td><div class="stacktrace">java.lang.AssertionError: expected [true] but found [false]
	at com.focus.testcases.FocusFinancialsReportTest.checkSubLedgerReport(FocusFinancialsReportTest.java:68)
... Removed 30 stack frames</div></td></tr></table><p class="totop"><a href="#summary">back to summary</a></p><h3 id="m34">com.focus.testcases.FocusFinancialsReportTest#checkTradingAccountReport</h3><table class="result"><tr><th>Messages</th></tr><tr><td><div class="messages">Completed executing following method : FocusFinancialsReportTest.checkTradingAccountReport<br/>Test Method resides in com.focus.testcases.FocusFinancialsReportTest<br/>Test Status: Failed<br/>About to begin executing following method : BaseEngine.afterMethodExecution</div></td></tr><tr><th>Exception</th></tr><tr><td><div class="stacktrace">java.lang.AssertionError: expected [true] but found [false]
	at com.focus.testcases.FocusFinancialsReportTest.checkTradingAccountReport(FocusFinancialsReportTest.java:544)
... Removed 30 stack frames</div></td></tr></table><p class="totop"><a href="#summary">back to summary</a></p><h3 id="m35">com.focus.testcases.FocusFinancialsReportTest#checkTrailBalanceReport</h3><table class="result"><tr><th>Messages</th></tr><tr><td><div class="messages">Completed executing following method : FocusFinancialsReportTest.checkTrailBalanceReport<br/>Test Method resides in com.focus.testcases.FocusFinancialsReportTest<br/>Test Status: Failed<br/>About to begin executing following method : BaseEngine.afterMethodExecution</div></td></tr><tr><th>Exception</th></tr><tr><td><div class="stacktrace">java.lang.AssertionError: expected [true] but found [false]
	at com.focus.testcases.FocusFinancialsReportTest.checkTrailBalanceReport(FocusFinancialsReportTest.java:530)
... Removed 30 stack frames</div></td></tr></table><p class="totop"><a href="#summary">back to summary</a></p><h3 id="m36">com.focus.testcases.FocusFinancialsReportTest#checkTrandingAndProfitAndLoss</h3><table class="result"><tr><th>Messages</th></tr><tr><td><div class="messages">Completed executing following method : FocusFinancialsReportTest.checkTrandingAndProfitAndLoss<br/>Test Method resides in com.focus.testcases.FocusFinancialsReportTest<br/>Test Status: Failed<br/>About to begin executing following method : BaseEngine.afterMethodExecution</div></td></tr><tr><th>Exception</th></tr><tr><td><div class="stacktrace">java.lang.AssertionError: expected [true] but found [false]
	at com.focus.testcases.FocusFinancialsReportTest.checkTrandingAndProfitAndLoss(FocusFinancialsReportTest.java:551)
... Removed 30 stack frames</div></td></tr></table><p class="totop"><a href="#summary">back to summary</a></p><h3 id="m37">com.focus.testcases.FocusFinancialsReportTest#checkVendorAgeingDetailByDueDateReport</h3><table class="result"><tr><th>Messages</th></tr><tr><td><div class="messages">Completed executing following method : FocusFinancialsReportTest.checkVendorAgeingDetailByDueDateReport<br/>Test Method resides in com.focus.testcases.FocusFinancialsReportTest<br/>Test Status: Failed<br/>About to begin executing following method : BaseEngine.afterMethodExecution</div></td></tr><tr><th>Exception</th></tr><tr><td><div class="stacktrace">java.lang.AssertionError: expected [true] but found [false]
	at com.focus.testcases.FocusFinancialsReportTest.checkVendorAgeingDetailByDueDateReport(FocusFinancialsReportTest.java:477)
... Removed 30 stack frames</div></td></tr></table><p class="totop"><a href="#summary">back to summary</a></p><h3 id="m38">com.focus.testcases.FocusFinancialsReportTest#checkVendorAgeingDetailsAnalysis</h3><table class="result"><tr><th>Messages</th></tr><tr><td><div class="messages">Completed executing following method : FocusFinancialsReportTest.checkVendorAgeingDetailsAnalysis<br/>Test Method resides in com.focus.testcases.FocusFinancialsReportTest<br/>Test Status: Failed<br/>About to begin executing following method : BaseEngine.afterMethodExecution</div></td></tr><tr><th>Exception</th></tr><tr><td><div class="stacktrace">java.lang.AssertionError: expected [true] but found [false]
	at com.focus.testcases.FocusFinancialsReportTest.checkVendorAgeingDetailsAnalysis(FocusFinancialsReportTest.java:468)
... Removed 30 stack frames</div></td></tr></table><p class="totop"><a href="#summary">back to summary</a></p><h3 id="m39">com.focus.testcases.FocusFinancialsReportTest#checkVendorAgeingSummaryAnalysisReport</h3><table class="result"><tr><th>Messages</th></tr><tr><td><div class="messages">Completed executing following method : FocusFinancialsReportTest.checkVendorAgeingSummaryAnalysisReport<br/>Test Method resides in com.focus.testcases.FocusFinancialsReportTest<br/>Test Status: Failed<br/>About to begin executing following method : BaseEngine.afterMethodExecution</div></td></tr><tr><th>Exception</th></tr><tr><td><div class="stacktrace">java.lang.AssertionError: expected [true] but found [false]
	at com.focus.testcases.FocusFinancialsReportTest.checkVendorAgeingSummaryAnalysisReport(FocusFinancialsReportTest.java:492)
... Removed 30 stack frames</div></td></tr></table><p class="totop"><a href="#summary">back to summary</a></p><h3 id="m40">com.focus.testcases.FocusFinancialsReportTest#checkVendorBillWiseSummaryReport</h3><table class="result"><tr><th>Messages</th></tr><tr><td><div class="messages">Completed executing following method : FocusFinancialsReportTest.checkVendorBillWiseSummaryReport<br/>Test Method resides in com.focus.testcases.FocusFinancialsReportTest<br/>Test Status: Failed<br/>About to begin executing following method : BaseEngine.afterMethodExecution</div></td></tr><tr><th>Exception</th></tr><tr><td><div class="stacktrace">java.lang.AssertionError: expected [true] but found [false]
	at com.focus.testcases.FocusFinancialsReportTest.checkVendorBillWiseSummaryReport(FocusFinancialsReportTest.java:513)
... Removed 30 stack frames</div></td></tr></table><p class="totop"><a href="#summary">back to summary</a></p><h3 id="m41">com.focus.testcases.FocusFinancialsReportTest#checkVendorDueDateAnalysisReport</h3><table class="result"><tr><th>Messages</th></tr><tr><td><div class="messages">Completed executing following method : FocusFinancialsReportTest.checkVendorDueDateAnalysisReport<br/>Test Method resides in com.focus.testcases.FocusFinancialsReportTest<br/>Test Status: Failed<br/>About to begin executing following method : BaseEngine.afterMethodExecution</div></td></tr><tr><th>Exception</th></tr><tr><td><div class="stacktrace">java.lang.AssertionError: expected [true] but found [false]
	at com.focus.testcases.FocusFinancialsReportTest.checkVendorDueDateAnalysisReport(FocusFinancialsReportTest.java:460)
... Removed 30 stack frames</div></td></tr></table><p class="totop"><a href="#summary">back to summary</a></p><h3 id="m42">com.focus.testcases.FocusFinancialsReportTest#checkVendorListingOfOutStandingBills</h3><table class="result"><tr><th>Messages</th></tr><tr><td><div class="messages">Completed executing following method : FocusFinancialsReportTest.checkVendorListingOfOutStandingBills<br/>Test Method resides in com.focus.testcases.FocusFinancialsReportTest<br/>Test Status: Failed<br/>About to begin executing following method : BaseEngine.afterMethodExecution</div></td></tr><tr><th>Exception</th></tr><tr><td><div class="stacktrace">java.lang.AssertionError: expected [true] but found [false]
	at com.focus.testcases.FocusFinancialsReportTest.checkVendorListingOfOutStandingBills(FocusFinancialsReportTest.java:446)
... Removed 30 stack frames</div></td></tr></table><p class="totop"><a href="#summary">back to summary</a></p><h3 id="m43">com.focus.testcases.FocusFinancialsReportTest#checkVendorOverDueAnalysisReport</h3><table class="result"><tr><th>Messages</th></tr><tr><td><div class="messages">Completed executing following method : FocusFinancialsReportTest.checkVendorOverDueAnalysisReport<br/>Test Method resides in com.focus.testcases.FocusFinancialsReportTest<br/>Test Status: Failed<br/>About to begin executing following method : BaseEngine.afterMethodExecution</div></td></tr><tr><th>Exception</th></tr><tr><td><div class="stacktrace">java.lang.AssertionError: expected [true] but found [false]
	at com.focus.testcases.FocusFinancialsReportTest.checkVendorOverDueAnalysisReport(FocusFinancialsReportTest.java:484)
... Removed 30 stack frames</div></td></tr></table><p class="totop"><a href="#summary">back to summary</a></p><h3 id="m44">com.focus.testcases.FocusFinancialsReportTest#checkVendorOverDueSummaryReport</h3><table class="result"><tr><th>Messages</th></tr><tr><td><div class="messages">Completed executing following method : FocusFinancialsReportTest.checkVendorOverDueSummaryReport<br/>Test Method resides in com.focus.testcases.FocusFinancialsReportTest<br/>Test Status: Failed<br/>About to begin executing following method : BaseEngine.afterMethodExecution</div></td></tr><tr><th>Exception</th></tr><tr><td><div class="stacktrace">java.lang.AssertionError: expected [true] but found [false]
	at com.focus.testcases.FocusFinancialsReportTest.checkVendorOverDueSummaryReport(FocusFinancialsReportTest.java:506)
... Removed 30 stack frames</div></td></tr></table><p class="totop"><a href="#summary">back to summary</a></p><h3 id="m45">com.focus.testcases.FocusFinancialsReportTest#checkVendorStatementsReport</h3><table class="result"><tr><th>Messages</th></tr><tr><td><div class="messages">Completed executing following method : FocusFinancialsReportTest.checkVendorStatementsReport<br/>Test Method resides in com.focus.testcases.FocusFinancialsReportTest<br/>Test Status: Failed<br/>About to begin executing following method : BaseEngine.afterMethodExecution</div></td></tr><tr><th>Exception</th></tr><tr><td><div class="stacktrace">java.lang.AssertionError: expected [true] but found [false]
	at com.focus.testcases.FocusFinancialsReportTest.checkVendorStatementsReport(FocusFinancialsReportTest.java:453)
... Removed 30 stack frames</div></td></tr></table><p class="totop"><a href="#summary">back to summary</a></p><h3 id="m46">com.focus.testcases.FocusFinancialsReportTest#checkVendorSummaryAgeingByDueDateReport</h3><table class="result"><tr><th>Messages</th></tr><tr><td><div class="messages">Completed executing following method : FocusFinancialsReportTest.checkVendorSummaryAgeingByDueDateReport<br/>Test Method resides in com.focus.testcases.FocusFinancialsReportTest<br/>Test Status: Failed<br/>About to begin executing following method : BaseEngine.afterMethodExecution</div></td></tr><tr><th>Exception</th></tr><tr><td><div class="stacktrace">java.lang.AssertionError: expected [true] but found [false]
	at com.focus.testcases.FocusFinancialsReportTest.checkVendorSummaryAgeingByDueDateReport(FocusFinancialsReportTest.java:499)
... Removed 30 stack frames</div></td></tr></table><p class="totop"><a href="#summary">back to summary</a></p><h3 id="m47">com.focus.testcases.FocusInventoryReportsTest#checkFilterInStockLedger</h3><table class="result"><tr><th>Messages</th></tr><tr><td><div class="messages">Completed executing following method : FocusInventoryReportsTest.checkFilterInStockLedger<br/>Test Method resides in com.focus.testcases.FocusInventoryReportsTest<br/>Test Status: Failed<br/>About to begin executing following method : BaseEngine.afterMethodExecution</div></td></tr><tr><th>Exception</th></tr><tr><td><div class="stacktrace">java.lang.AssertionError: expected [true] but found [false]
	at com.focus.testcases.FocusInventoryReportsTest.checkFilterInStockLedger(FocusInventoryReportsTest.java:46)
... Removed 30 stack frames</div></td></tr></table><p class="totop"><a href="#summary">back to summary</a></p><h3 id="m48">com.focus.testcases.FocusInventoryReportsTest#checkGeneralLedgerandInventoryMismatchReport</h3><table class="result"><tr><th>Messages</th></tr><tr><td><div class="messages">Completed executing following method : FocusInventoryReportsTest.checkGeneralLedgerandInventoryMismatchReport<br/>Test Method resides in com.focus.testcases.FocusInventoryReportsTest<br/>Test Status: Failed<br/>About to begin executing following method : BaseEngine.afterMethodExecution</div></td></tr><tr><th>Exception</th></tr><tr><td><div class="stacktrace">org.openqa.selenium.TimeoutException: Expected condition failed: waiting for element to be clickable: [[ChromeDriver: chrome on WINDOWS (f6a783fb13d2167b4042629b5e034545)] -&gt; xpath: //*[@id=&apos;id_user_profile_icons&apos;]/li[2]/a] (tried for 90 second(s) with 500 milliseconds interval)
Build info: version: &apos;3.12.0&apos;, revision: &apos;7c6e0b3&apos;, time: &apos;2018-05-08T14:04:26.12Z&apos;
System info: host: &apos;FOCUS-QA-118&apos;, ip: &apos;172.25.128.1&apos;, os.name: &apos;Windows 10&apos;, os.arch: &apos;amd64&apos;, os.version: &apos;10.0&apos;, java.version: &apos;1.8.0_111&apos;
Driver info: org.openqa.selenium.chrome.ChromeDriver
Capabilities {acceptInsecureCerts: false, browserName: chrome, browserVersion: 108.0.5359.125, chrome: {chromedriverVersion: 108.0.5359.71 (1e0e3868ee06..., userDataDir: C:\Users\Admin\AppData\Loca...}, goog:chromeOptions: {debuggerAddress: localhost:56967}, javascriptEnabled: true, networkConnectionEnabled: false, pageLoadStrategy: normal, platform: WINDOWS, platformName: WINDOWS, proxy: Proxy(), setWindowRect: true, strictFileInteractability: false, timeouts: {implicit: 0, pageLoad: 300000, script: 30000}, unhandledPromptBehavior: dismiss and notify, webauthn:extension:credBlob: true, webauthn:extension:largeBlob: true, webauthn:virtualAuthenticators: true}
Session ID: f6a783fb13d2167b4042629b5e034545
	at org.openqa.selenium.support.ui.WebDriverWait.timeoutException(WebDriverWait.java:81)
	at org.openqa.selenium.support.ui.FluentWait.until(FluentWait.java:271)
	at com.focus.Pages.FocusInventoryReportsPage.checkGeneralLedgerandInventoryMismatchReport(FocusInventoryReportsPage.java:5076)
	at com.focus.testcases.FocusInventoryReportsTest.checkGeneralLedgerandInventoryMismatchReport(FocusInventoryReportsTest.java:271)
... Removed 24 stack frames</div></td></tr></table><p class="totop"><a href="#summary">back to summary</a></p><h3 id="m49">com.focus.testcases.FocusInventoryReportsTest#checkLoginWithRERInFA</h3><table class="result"><tr><th>Messages</th></tr><tr><td><div class="messages">Completed executing following method : FocusInventoryReportsTest.checkLoginWithRERInFA<br/>Test Method resides in com.focus.testcases.FocusInventoryReportsTest<br/>Test Status: Failed<br/>About to begin executing following method : BaseEngine.afterMethodExecution</div></td></tr><tr><th>Exception</th></tr><tr><td><div class="stacktrace">org.openqa.selenium.TimeoutException: Expected condition failed: waiting for element to be clickable: Proxy element for: DefaultElementLocator &apos;By.xpath: //*[@id=&apos;txtUsername&apos;]&apos; (tried for 20 second(s) with 1000 milliseconds interval)
	at org.openqa.selenium.support.ui.FluentWait.timeoutException(FluentWait.java:303)
	at org.openqa.selenium.support.ui.FluentWait.until(FluentWait.java:271)
	at com.focus.Pages.LoginPageOld.enterUserName(LoginPageOld.java:923)
	at com.focus.Pages.UserRestrictionsPage.checkLoginWithRERInFA(UserRestrictionsPage.java:572)
	at com.focus.testcases.FocusInventoryReportsTest.checkLoginWithRERInFA(FocusInventoryReportsTest.java:25)
Caused by: org.openqa.selenium.NoSuchElementException: no such element: Unable to locate element: {&quot;method&quot;:&quot;xpath&quot;,&quot;selector&quot;:&quot;//*[@id=&apos;txtUsername&apos;]&quot;}
  (Session info: chrome=108.0.5359.125)
For documentation on this error, please visit: http://seleniumhq.org/exceptions/no_such_element.html
Build info: version: &apos;3.12.0&apos;, revision: &apos;7c6e0b3&apos;, time: &apos;2018-05-08T14:04:26.12Z&apos;
System info: host: &apos;FOCUS-QA-118&apos;, ip: &apos;172.25.128.1&apos;, os.name: &apos;Windows 10&apos;, os.arch: &apos;amd64&apos;, os.version: &apos;10.0&apos;, java.version: &apos;1.8.0_111&apos;
Driver info: org.openqa.selenium.chrome.ChromeDriver
Capabilities {acceptInsecureCerts: false, browserName: chrome, browserVersion: 108.0.5359.125, chrome: {chromedriverVersion: 108.0.5359.71 (1e0e3868ee06..., userDataDir: C:\Users\Admin\AppData\Loca...}, goog:chromeOptions: {debuggerAddress: localhost:56967}, javascriptEnabled: true, networkConnectionEnabled: false, pageLoadStrategy: normal, platform: WINDOWS, platformName: WINDOWS, proxy: Proxy(), setWindowRect: true, strictFileInteractability: false, timeouts: {implicit: 0, pageLoad: 300000, script: 30000}, unhandledPromptBehavior: dismiss and notify, webauthn:extension:credBlob: true, webauthn:extension:largeBlob: true, webauthn:virtualAuthenticators: true}
Session ID: f6a783fb13d2167b4042629b5e034545
*** Element info: {Using=xpath, value=//*[@id=&apos;txtUsername&apos;]}
	at org.openqa.selenium.remote.http.W3CHttpResponseCodec.createException(W3CHttpResponseCodec.java:187)
	at org.openqa.selenium.remote.http.W3CHttpResponseCodec.decode(W3CHttpResponseCodec.java:122)
	at org.openqa.selenium.remote.http.W3CHttpResponseCodec.decode(W3CHttpResponseCodec.java:49)
	at org.openqa.selenium.remote.HttpCommandExecutor.execute(HttpCommandExecutor.java:158)
	at org.openqa.selenium.remote.service.DriverCommandExecutor.execute(DriverCommandExecutor.java:83)
	at org.openqa.selenium.remote.RemoteWebDriver.execute(RemoteWebDriver.java:543)
	at org.openqa.selenium.remote.RemoteWebDriver.findElement(RemoteWebDriver.java:317)
	at org.openqa.selenium.remote.RemoteWebDriver.findElementByXPath(RemoteWebDriver.java:419)
	at org.openqa.selenium.By$ByXPath.findElement(By.java:353)
	at org.openqa.selenium.remote.RemoteWebDriver.findElement(RemoteWebDriver.java:309)
	at org.openqa.selenium.support.pagefactory.DefaultElementLocator.findElement(DefaultElementLocator.java:69)
	at org.openqa.selenium.support.pagefactory.internal.LocatingElementHandler.invoke(LocatingElementHandler.java:38)
	at com.sun.proxy.$Proxy14.isDisplayed(Unknown Source)
	at org.openqa.selenium.support.ui.ExpectedConditions.elementIfVisible(ExpectedConditions.java:315)
	at org.openqa.selenium.support.ui.ExpectedConditions.access$100(ExpectedConditions.java:44)
	at org.openqa.selenium.support.ui.ExpectedConditions$10.apply(ExpectedConditions.java:301)
	at org.openqa.selenium.support.ui.ExpectedConditions$10.apply(ExpectedConditions.java:298)
	at org.openqa.selenium.support.ui.ExpectedConditions$23.apply(ExpectedConditions.java:686)
	at org.openqa.selenium.support.ui.ExpectedConditions$23.apply(ExpectedConditions.java:682)
	at org.openqa.selenium.support.ui.FluentWait.until(FluentWait.java:248)
	... 27 more
... Removed 28 stack frames</div></td></tr></table><p class="totop"><a href="#summary">back to summary</a></p><h3 id="m50">com.focus.testcases.FocusInventoryReportsTest#checkOpeningStockRegisterReport</h3><table class="result"><tr><th>Messages</th></tr><tr><td><div class="messages">Completed executing following method : FocusInventoryReportsTest.checkOpeningStockRegisterReport<br/>Test Method resides in com.focus.testcases.FocusInventoryReportsTest<br/>Test Status: Failed<br/>About to begin executing following method : BaseEngine.afterMethodExecution</div></td></tr><tr><th>Exception</th></tr><tr><td><div class="stacktrace">java.lang.AssertionError: expected [true] but found [false]
	at com.focus.testcases.FocusInventoryReportsTest.checkOpeningStockRegisterReport(FocusInventoryReportsTest.java:53)
... Removed 30 stack frames</div></td></tr></table><p class="totop"><a href="#summary">back to summary</a></p><h3 id="m51">com.focus.testcases.FocusInventoryReportsTest#checkPrintOptionInStockStatements</h3><table class="result"><tr><th>Messages</th></tr><tr><td><div class="messages">Completed executing following method : FocusInventoryReportsTest.checkPrintOptionInStockStatements<br/>Test Method resides in com.focus.testcases.FocusInventoryReportsTest<br/>Test Status: Failed<br/>About to begin executing following method : BaseEngine.afterMethodExecution</div></td></tr><tr><th>Exception</th></tr><tr><td><div class="stacktrace">java.lang.IndexOutOfBoundsException: Index: 2, Size: 2
	at java.util.ArrayList.rangeCheck(Unknown Source)
	at java.util.ArrayList.get(Unknown Source)
	at com.focus.Pages.FocusInventoryReportsPage.checkPrintOptionInStockStatements(FocusInventoryReportsPage.java:1152)
	at com.focus.testcases.FocusInventoryReportsTest.checkPrintOptionInStockStatements(FocusInventoryReportsTest.java:67)
... Removed 24 stack frames</div></td></tr></table><p class="totop"><a href="#summary">back to summary</a></p><h3 id="m52">com.focus.testcases.FocusInventoryReportsTest#checkStockAgeingAnalysisByRMAReport</h3><table class="result"><tr><th>Messages</th></tr><tr><td><div class="messages">Completed executing following method : FocusInventoryReportsTest.checkStockAgeingAnalysisByRMAReport<br/>Test Method resides in com.focus.testcases.FocusInventoryReportsTest<br/>Test Status: Failed<br/>About to begin executing following method : BaseEngine.afterMethodExecution</div></td></tr><tr><th>Exception</th></tr><tr><td><div class="stacktrace">java.lang.AssertionError: expected [true] but found [false]
	at com.focus.testcases.FocusInventoryReportsTest.checkStockAgeingAnalysisByRMAReport(FocusInventoryReportsTest.java:193)
... Removed 30 stack frames</div></td></tr></table><p class="totop"><a href="#summary">back to summary</a></p><h3 id="m53">com.focus.testcases.FocusInventoryReportsTest#checkStockMovementReport</h3><table class="result"><tr><th>Messages</th></tr><tr><td><div class="messages">Completed executing following method : FocusInventoryReportsTest.checkStockMovementReport<br/>Test Method resides in com.focus.testcases.FocusInventoryReportsTest<br/>Test Status: Failed<br/>About to begin executing following method : BaseEngine.afterMethodExecution</div></td></tr><tr><th>Exception</th></tr><tr><td><div class="stacktrace">org.openqa.selenium.ElementClickInterceptedException: element click intercepted: Element &lt;a href=&quot;#&quot; id=&quot;135&quot; title=&quot;Inventory&quot; data-toggle=&quot;true&quot; data-bind=&quot;0&quot; class=&quot;nav-link hovco&quot; onclick=&quot;GLOBAL.DisplayList(this)&quot;&gt;...&lt;/a&gt; is not clickable at point (44, 237). Other element would receive the click: &lt;div class=&quot;modal-dialog-back-area&quot;&gt;&lt;/div&gt;
  (Session info: chrome=108.0.5359.125)
Build info: version: &apos;3.12.0&apos;, revision: &apos;7c6e0b3&apos;, time: &apos;2018-05-08T14:04:26.12Z&apos;
System info: host: &apos;FOCUS-QA-118&apos;, ip: &apos;172.25.128.1&apos;, os.name: &apos;Windows 10&apos;, os.arch: &apos;amd64&apos;, os.version: &apos;10.0&apos;, java.version: &apos;1.8.0_111&apos;
Driver info: org.openqa.selenium.chrome.ChromeDriver
Capabilities {acceptInsecureCerts: false, browserName: chrome, browserVersion: 108.0.5359.125, chrome: {chromedriverVersion: 108.0.5359.71 (1e0e3868ee06..., userDataDir: C:\Users\Admin\AppData\Loca...}, goog:chromeOptions: {debuggerAddress: localhost:56967}, javascriptEnabled: true, networkConnectionEnabled: false, pageLoadStrategy: normal, platform: WINDOWS, platformName: WINDOWS, proxy: Proxy(), setWindowRect: true, strictFileInteractability: false, timeouts: {implicit: 0, pageLoad: 300000, script: 30000}, unhandledPromptBehavior: dismiss and notify, webauthn:extension:credBlob: true, webauthn:extension:largeBlob: true, webauthn:virtualAuthenticators: true}
Session ID: f6a783fb13d2167b4042629b5e034545
	at org.openqa.selenium.remote.http.W3CHttpResponseCodec.createException(W3CHttpResponseCodec.java:187)
	at org.openqa.selenium.remote.http.W3CHttpResponseCodec.decode(W3CHttpResponseCodec.java:122)
	at org.openqa.selenium.remote.http.W3CHttpResponseCodec.decode(W3CHttpResponseCodec.java:49)
	at org.openqa.selenium.remote.HttpCommandExecutor.execute(HttpCommandExecutor.java:158)
	at org.openqa.selenium.remote.service.DriverCommandExecutor.execute(DriverCommandExecutor.java:83)
	at org.openqa.selenium.remote.RemoteWebDriver.execute(RemoteWebDriver.java:543)
	at org.openqa.selenium.remote.RemoteWebElement.execute(RemoteWebElement.java:276)
	at org.openqa.selenium.remote.RemoteWebElement.click(RemoteWebElement.java:83)
	at org.openqa.selenium.support.pagefactory.internal.LocatingElementHandler.invoke(LocatingElementHandler.java:51)
	at com.sun.proxy.$Proxy14.click(Unknown Source)
	at com.focus.Pages.FocusInventoryReportsPage.checkStockMovementReport(FocusInventoryReportsPage.java:1189)
	at com.focus.testcases.FocusInventoryReportsTest.checkStockMovementReport(FocusInventoryReportsTest.java:74)
... Removed 31 stack frames</div></td></tr></table><p class="totop"><a href="#summary">back to summary</a></p><h3 id="m54">com.focus.testcases.FocusInventoryReportsTest#checkStockValuationByFATagReport</h3><table class="result"><tr><th>Messages</th></tr><tr><td><div class="messages">Completed executing following method : FocusInventoryReportsTest.checkStockValuationByFATagReport<br/>Test Method resides in com.focus.testcases.FocusInventoryReportsTest<br/>Test Status: Failed<br/>About to begin executing following method : BaseEngine.afterMethodExecution</div></td></tr><tr><th>Exception</th></tr><tr><td><div class="stacktrace">java.lang.AssertionError: expected [true] but found [false]
	at com.focus.testcases.FocusInventoryReportsTest.checkStockValuationByFATagReport(FocusInventoryReportsTest.java:116)
... Removed 30 stack frames</div></td></tr></table><p class="totop"><a href="#summary">back to summary</a></p><h3 id="m55">com.focus.testcases.FocusInventoryReportsTest#checkStockValuationReportByInventoryByProduct</h3><table class="result"><tr><th>Messages</th></tr><tr><td><div class="messages">Completed executing following method : FocusInventoryReportsTest.checkStockValuationReportByInventoryByProduct<br/>Test Method resides in com.focus.testcases.FocusInventoryReportsTest<br/>Test Status: Failed<br/>About to begin executing following method : BaseEngine.afterMethodExecution</div></td></tr><tr><th>Exception</th></tr><tr><td><div class="stacktrace">java.lang.AssertionError: expected [true] but found [false]
	at com.focus.testcases.FocusInventoryReportsTest.checkStockValuationReportByInventoryByProduct(FocusInventoryReportsTest.java:102)
... Removed 30 stack frames</div></td></tr></table><p class="totop"><a href="#summary">back to summary</a></p><h3 id="m56">com.focus.testcases.FocusInventoryReportsTest#checkStockValuationReportByProductByInventoryTag</h3><table class="result"><tr><th>Messages</th></tr><tr><td><div class="messages">Completed executing following method : FocusInventoryReportsTest.checkStockValuationReportByProductByInventoryTag<br/>Test Method resides in com.focus.testcases.FocusInventoryReportsTest<br/>Test Status: Failed<br/>About to begin executing following method : BaseEngine.afterMethodExecution</div></td></tr><tr><th>Exception</th></tr><tr><td><div class="stacktrace">java.lang.AssertionError: expected [true] but found [false]
	at com.focus.testcases.FocusInventoryReportsTest.checkStockValuationReportByProductByInventoryTag(FocusInventoryReportsTest.java:95)
... Removed 30 stack frames</div></td></tr></table><p class="totop"><a href="#summary">back to summary</a></p><h3 id="m57">com.focus.testcases.FocusInventoryReportsTest#checkTransactionTypeWiseStockReport</h3><table class="result"><tr><th>Messages</th></tr><tr><td><div class="messages">Completed executing following method : FocusInventoryReportsTest.checkTransactionTypeWiseStockReport<br/>Test Method resides in com.focus.testcases.FocusInventoryReportsTest<br/>Test Status: Failed<br/>About to begin executing following method : BaseEngine.afterMethodExecution</div></td></tr><tr><th>Exception</th></tr><tr><td><div class="stacktrace">java.lang.AssertionError: expected [true] but found [false]
	at com.focus.testcases.FocusInventoryReportsTest.checkTransactionTypeWiseStockReport(FocusInventoryReportsTest.java:257)
... Removed 30 stack frames</div></td></tr></table><p class="totop"><a href="#summary">back to summary</a></p><h3 id="m58">com.focus.testcases.FocusInventoryReportsTest#checkVirtualStockAnalysisReport</h3><table class="result"><tr><th>Messages</th></tr><tr><td><div class="messages">Completed executing following method : FocusInventoryReportsTest.checkVirtualStockAnalysisReport<br/>Test Method resides in com.focus.testcases.FocusInventoryReportsTest<br/>Test Status: Failed<br/>About to begin executing following method : BaseEngine.afterMethodExecution</div></td></tr><tr><th>Exception</th></tr><tr><td><div class="stacktrace">org.openqa.selenium.ElementClickInterceptedException: element click intercepted: Element &lt;a href=&quot;#&quot; id=&quot;135&quot; title=&quot;Inventory&quot; data-toggle=&quot;true&quot; data-bind=&quot;0&quot; class=&quot;nav-link hovco&quot; onclick=&quot;GLOBAL.DisplayList(this)&quot;&gt;...&lt;/a&gt; is not clickable at point (44, 237). Other element would receive the click: &lt;div class=&quot;modal-dialog-back-area&quot;&gt;&lt;/div&gt;
  (Session info: chrome=108.0.5359.125)
Build info: version: &apos;3.12.0&apos;, revision: &apos;7c6e0b3&apos;, time: &apos;2018-05-08T14:04:26.12Z&apos;
System info: host: &apos;FOCUS-QA-118&apos;, ip: &apos;172.25.128.1&apos;, os.name: &apos;Windows 10&apos;, os.arch: &apos;amd64&apos;, os.version: &apos;10.0&apos;, java.version: &apos;1.8.0_111&apos;
Driver info: org.openqa.selenium.chrome.ChromeDriver
Capabilities {acceptInsecureCerts: false, browserName: chrome, browserVersion: 108.0.5359.125, chrome: {chromedriverVersion: 108.0.5359.71 (1e0e3868ee06..., userDataDir: C:\Users\Admin\AppData\Loca...}, goog:chromeOptions: {debuggerAddress: localhost:56967}, javascriptEnabled: true, networkConnectionEnabled: false, pageLoadStrategy: normal, platform: WINDOWS, platformName: WINDOWS, proxy: Proxy(), setWindowRect: true, strictFileInteractability: false, timeouts: {implicit: 0, pageLoad: 300000, script: 30000}, unhandledPromptBehavior: dismiss and notify, webauthn:extension:credBlob: true, webauthn:extension:largeBlob: true, webauthn:virtualAuthenticators: true}
Session ID: f6a783fb13d2167b4042629b5e034545
	at org.openqa.selenium.remote.http.W3CHttpResponseCodec.createException(W3CHttpResponseCodec.java:187)
	at org.openqa.selenium.remote.http.W3CHttpResponseCodec.decode(W3CHttpResponseCodec.java:122)
	at org.openqa.selenium.remote.http.W3CHttpResponseCodec.decode(W3CHttpResponseCodec.java:49)
	at org.openqa.selenium.remote.HttpCommandExecutor.execute(HttpCommandExecutor.java:158)
	at org.openqa.selenium.remote.service.DriverCommandExecutor.execute(DriverCommandExecutor.java:83)
	at org.openqa.selenium.remote.RemoteWebDriver.execute(RemoteWebDriver.java:543)
	at org.openqa.selenium.remote.RemoteWebElement.execute(RemoteWebElement.java:276)
	at org.openqa.selenium.remote.RemoteWebElement.click(RemoteWebElement.java:83)
	at org.openqa.selenium.support.pagefactory.internal.LocatingElementHandler.invoke(LocatingElementHandler.java:51)
	at com.sun.proxy.$Proxy14.click(Unknown Source)
	at com.focus.Pages.FocusInventoryReportsPage.checkVirtualStockAnalysisReport(FocusInventoryReportsPage.java:1282)
	at com.focus.testcases.FocusInventoryReportsTest.checkVirtualStockAnalysisReport(FocusInventoryReportsTest.java:81)
... Removed 31 stack frames</div></td></tr></table><p class="totop"><a href="#summary">back to summary</a></p><h3 id="m59">com.focus.testcases.UserRestrictionsTest#checkAccountMasterWhetherShowingOnlyRestrictedAccountsInList</h3><table class="result"><tr><th>Messages</th></tr><tr><td><div class="messages">Completed executing following method : UserRestrictionsTest.checkAccountMasterWhetherShowingOnlyRestrictedAccountsInList<br/>Test Method resides in com.focus.testcases.UserRestrictionsTest<br/>Test Status: Failed<br/>About to begin executing following method : BaseEngine.afterMethodExecution</div></td></tr><tr><th>Exception</th></tr><tr><td><div class="stacktrace">java.lang.AssertionError: expected [true] but found [false]
	at com.focus.testcases.UserRestrictionsTest.checkAccountMasterWhetherShowingOnlyRestrictedAccountsInList(UserRestrictionsTest.java:55)
... Removed 30 stack frames</div></td></tr></table><p class="totop"><a href="#summary">back to summary</a></p><h3 id="m60">com.focus.testcases.UserRestrictionsTest#checkItemMasterWhetherShowingOnlyRestrictedItemsInList</h3><table class="result"><tr><th>Messages</th></tr><tr><td><div class="messages">Completed executing following method : UserRestrictionsTest.checkItemMasterWhetherShowingOnlyRestrictedItemsInList<br/>Test Method resides in com.focus.testcases.UserRestrictionsTest<br/>Test Status: Failed<br/>About to begin executing following method : BaseEngine.afterMethodExecution</div></td></tr><tr><th>Exception</th></tr><tr><td><div class="stacktrace">java.lang.AssertionError: expected [true] but found [false]
	at com.focus.testcases.UserRestrictionsTest.checkItemMasterWhetherShowingOnlyRestrictedItemsInList(UserRestrictionsTest.java:76)
... Removed 30 stack frames</div></td></tr></table><p class="totop"><a href="#summary">back to summary</a></p><h3 id="m61">com.focus.testcases.UserRestrictionsTest#checkLogin</h3><table class="result"><tr><th>Messages</th></tr><tr><td><div class="messages">Completed executing following method : UserRestrictionsTest.checkLogin<br/>Test Method resides in com.focus.testcases.UserRestrictionsTest<br/>Test Status: Failed<br/>About to begin executing following method : BaseEngine.afterMethodExecution</div></td></tr><tr><th>Exception</th></tr><tr><td><div class="stacktrace">java.lang.AssertionError: expected [true] but found [false]
	at com.focus.testcases.UserRestrictionsTest.checkLogin(UserRestrictionsTest.java:26)
... Removed 30 stack frames</div></td></tr></table><p class="totop"><a href="#summary">back to summary</a></p><h3 id="m62">com.focus.testcases.UserRestrictionsTest#checkPurchaseVoucherHomePageMastersList</h3><table class="result"><tr><th>Messages</th></tr><tr><td><div class="messages">Completed executing following method : UserRestrictionsTest.checkPurchaseVoucherHomePageMastersList<br/>Test Method resides in com.focus.testcases.UserRestrictionsTest<br/>Test Status: Failed<br/>About to begin executing following method : BaseEngine.afterMethodExecution</div></td></tr><tr><th>Exception</th></tr><tr><td><div class="stacktrace">java.lang.AssertionError: expected [true] but found [false]
	at com.focus.testcases.UserRestrictionsTest.checkPurchaseVoucherHomePageMastersList(UserRestrictionsTest.java:126)
... Removed 30 stack frames</div></td></tr></table><p class="totop"><a href="#summary">back to summary</a></p><h3 id="m63">com.focus.testcases.UserRestrictionsTest#checkRestoreCompany</h3><table class="result"><tr><th>Messages</th></tr><tr><td><div class="messages">Completed executing following method : UserRestrictionsTest.checkRestoreCompany<br/>Test Method resides in com.focus.testcases.UserRestrictionsTest<br/>Test Status: Failed<br/>About to begin executing following method : BaseEngine.afterMethodExecution</div></td></tr><tr><th>Exception</th></tr><tr><td><div class="stacktrace">org.openqa.selenium.TimeoutException: Expected condition failed: waiting for element to be clickable: Proxy element for: DefaultElementLocator &apos;By.xpath: //*[@id=&apos;txtUsername&apos;]&apos; (tried for 20 second(s) with 1000 milliseconds interval)
	at org.openqa.selenium.support.ui.FluentWait.timeoutException(FluentWait.java:303)
	at org.openqa.selenium.support.ui.FluentWait.until(FluentWait.java:271)
	at com.focus.Pages.LoginPage.enterUserName(LoginPage.java:1380)
	at com.focus.base.BaseEngine.checkLoginToSelectedCompany(BaseEngine.java:395)
	at com.focus.base.BaseEngine.restoreCompany(BaseEngine.java:533)
	at com.focus.Pages.UserRestrictionsPage.checkRestoreCompany(UserRestrictionsPage.java:29)
	at com.focus.testcases.UserRestrictionsTest.checkRestoreCompany(UserRestrictionsTest.java:33)
Caused by: org.openqa.selenium.NoSuchElementException: no such element: Unable to locate element: {&quot;method&quot;:&quot;xpath&quot;,&quot;selector&quot;:&quot;//*[@id=&apos;txtUsername&apos;]&quot;}
  (Session info: chrome=108.0.5359.125)
For documentation on this error, please visit: http://seleniumhq.org/exceptions/no_such_element.html
Build info: version: &apos;3.12.0&apos;, revision: &apos;7c6e0b3&apos;, time: &apos;2018-05-08T14:04:26.12Z&apos;
System info: host: &apos;FOCUS-QA-118&apos;, ip: &apos;172.25.128.1&apos;, os.name: &apos;Windows 10&apos;, os.arch: &apos;amd64&apos;, os.version: &apos;10.0&apos;, java.version: &apos;1.8.0_111&apos;
Driver info: org.openqa.selenium.chrome.ChromeDriver
Capabilities {acceptInsecureCerts: false, browserName: chrome, browserVersion: 108.0.5359.125, chrome: {chromedriverVersion: 108.0.5359.71 (1e0e3868ee06..., userDataDir: C:\Users\Admin\AppData\Loca...}, goog:chromeOptions: {debuggerAddress: localhost:56967}, javascriptEnabled: true, networkConnectionEnabled: false, pageLoadStrategy: normal, platform: WINDOWS, platformName: WINDOWS, proxy: Proxy(), setWindowRect: true, strictFileInteractability: false, timeouts: {implicit: 0, pageLoad: 300000, script: 30000}, unhandledPromptBehavior: dismiss and notify, webauthn:extension:credBlob: true, webauthn:extension:largeBlob: true, webauthn:virtualAuthenticators: true}
Session ID: f6a783fb13d2167b4042629b5e034545
*** Element info: {Using=xpath, value=//*[@id=&apos;txtUsername&apos;]}
	at org.openqa.selenium.remote.http.W3CHttpResponseCodec.createException(W3CHttpResponseCodec.java:187)
	at org.openqa.selenium.remote.http.W3CHttpResponseCodec.decode(W3CHttpResponseCodec.java:122)
	at org.openqa.selenium.remote.http.W3CHttpResponseCodec.decode(W3CHttpResponseCodec.java:49)
	at org.openqa.selenium.remote.HttpCommandExecutor.execute(HttpCommandExecutor.java:158)
	at org.openqa.selenium.remote.service.DriverCommandExecutor.execute(DriverCommandExecutor.java:83)
	at org.openqa.selenium.remote.RemoteWebDriver.execute(RemoteWebDriver.java:543)
	at org.openqa.selenium.remote.RemoteWebDriver.findElement(RemoteWebDriver.java:317)
	at org.openqa.selenium.remote.RemoteWebDriver.findElementByXPath(RemoteWebDriver.java:419)
	at org.openqa.selenium.By$ByXPath.findElement(By.java:353)
	at org.openqa.selenium.remote.RemoteWebDriver.findElement(RemoteWebDriver.java:309)
	at org.openqa.selenium.support.pagefactory.DefaultElementLocator.findElement(DefaultElementLocator.java:69)
	at org.openqa.selenium.support.pagefactory.internal.LocatingElementHandler.invoke(LocatingElementHandler.java:38)
	at com.sun.proxy.$Proxy14.isDisplayed(Unknown Source)
	at org.openqa.selenium.support.ui.ExpectedConditions.elementIfVisible(ExpectedConditions.java:315)
	at org.openqa.selenium.support.ui.ExpectedConditions.access$100(ExpectedConditions.java:44)
	at org.openqa.selenium.support.ui.ExpectedConditions$10.apply(ExpectedConditions.java:301)
	at org.openqa.selenium.support.ui.ExpectedConditions$10.apply(ExpectedConditions.java:298)
	at org.openqa.selenium.support.ui.ExpectedConditions$23.apply(ExpectedConditions.java:686)
	at org.openqa.selenium.support.ui.ExpectedConditions$23.apply(ExpectedConditions.java:682)
	at org.openqa.selenium.support.ui.FluentWait.until(FluentWait.java:248)
	... 29 more
... Removed 28 stack frames</div></td></tr></table><p class="totop"><a href="#summary">back to summary</a></p><h3 id="m64">com.focus.testcases.UserRestrictionsTest#checkWarehouseMasterWhetherShowingOnlyRestrictedWarehouseInList</h3><table class="result"><tr><th>Messages</th></tr><tr><td><div class="messages">Completed executing following method : UserRestrictionsTest.checkWarehouseMasterWhetherShowingOnlyRestrictedWarehouseInList<br/>Test Method resides in com.focus.testcases.UserRestrictionsTest<br/>Test Status: Failed<br/>About to begin executing following method : BaseEngine.afterMethodExecution</div></td></tr><tr><th>Exception</th></tr><tr><td><div class="stacktrace">java.lang.AssertionError: expected [true] but found [false]
	at com.focus.testcases.UserRestrictionsTest.checkWarehouseMasterWhetherShowingOnlyRestrictedWarehouseInList(UserRestrictionsTest.java:105)
... Removed 30 stack frames</div></td></tr></table><p class="totop"><a href="#summary">back to summary</a></p><h3 id="m65">com.focus.testcases.FocusFinancialsReportTest#checkABCAnalysisAmountReport</h3><table class="result"><tr><th>Messages</th></tr><tr><td><div class="messages">Completed executing following method : FocusFinancialsReportTest.checkABCAnalysisAmountReport<br/>Test Method resides in com.focus.testcases.FocusFinancialsReportTest<br/>Test Status: Pass<br/>About to begin executing following method : BaseEngine.afterMethodExecution</div></td></tr></table><p class="totop"><a href="#summary">back to summary</a></p><h3 id="m66">com.focus.testcases.FocusFinancialsReportTest#checkAdvanceCashFlowReport</h3><table class="result"><tr><th>Messages</th></tr><tr><td><div class="messages">Completed executing following method : FocusFinancialsReportTest.checkAdvanceCashFlowReport<br/>Test Method resides in com.focus.testcases.FocusFinancialsReportTest<br/>Test Status: Pass<br/>About to begin executing following method : BaseEngine.afterMethodExecution</div></td></tr></table><p class="totop"><a href="#summary">back to summary</a></p><h3 id="m67">com.focus.testcases.FocusFinancialsReportTest#checkAuditTrailLoginsOfUsers</h3><table class="result"><tr><th>Messages</th></tr><tr><td><div class="messages">Completed executing following method : FocusFinancialsReportTest.checkAuditTrailLoginsOfUsers<br/>Test Method resides in com.focus.testcases.FocusFinancialsReportTest<br/>Test Status: Pass<br/>About to begin executing following method : BaseEngine.afterMethodExecution</div></td></tr></table><p class="totop"><a href="#summary">back to summary</a></p><h3 id="m68">com.focus.testcases.FocusFinancialsReportTest#checkAuditTrailTransactionsOfOpeningBalances</h3><table class="result"><tr><th>Messages</th></tr><tr><td><div class="messages">Completed executing following method : FocusFinancialsReportTest.checkAuditTrailTransactionsOfOpeningBalances<br/>Test Method resides in com.focus.testcases.FocusFinancialsReportTest<br/>Test Status: Pass<br/>About to begin executing following method : BaseEngine.afterMethodExecution</div></td></tr></table><p class="totop"><a href="#summary">back to summary</a></p><h3 id="m69">com.focus.testcases.FocusFinancialsReportTest#checkCreditNoteRegister</h3><table class="result"><tr><th>Messages</th></tr><tr><td><div class="messages">Completed executing following method : FocusFinancialsReportTest.checkCreditNoteRegister<br/>Test Method resides in com.focus.testcases.FocusFinancialsReportTest<br/>Test Status: Pass<br/>About to begin executing following method : BaseEngine.afterMethodExecution</div></td></tr></table><p class="totop"><a href="#summary">back to summary</a></p><h3 id="m70">com.focus.testcases.FocusFinancialsReportTest#checkCustomerAgeingSummaryReport</h3><table class="result"><tr><th>Messages</th></tr><tr><td><div class="messages">Completed executing following method : FocusFinancialsReportTest.checkCustomerAgeingSummaryReport<br/>Test Method resides in com.focus.testcases.FocusFinancialsReportTest<br/>Test Status: Pass<br/>About to begin executing following method : BaseEngine.afterMethodExecution</div></td></tr></table><p class="totop"><a href="#summary">back to summary</a></p><h3 id="m71">com.focus.testcases.FocusFinancialsReportTest#checkCustomerBillWiseSummaryReport</h3><table class="result"><tr><th>Messages</th></tr><tr><td><div class="messages">Completed executing following method : FocusFinancialsReportTest.checkCustomerBillWiseSummaryReport<br/>Test Method resides in com.focus.testcases.FocusFinancialsReportTest<br/>Test Status: Pass<br/>About to begin executing following method : BaseEngine.afterMethodExecution</div></td></tr></table><p class="totop"><a href="#summary">back to summary</a></p><h3 id="m72">com.focus.testcases.FocusFinancialsReportTest#checkCustomerSummaryAgeingByDueDateReport</h3><table class="result"><tr><th>Messages</th></tr><tr><td><div class="messages">Completed executing following method : FocusFinancialsReportTest.checkCustomerSummaryAgeingByDueDateReport<br/>Test Method resides in com.focus.testcases.FocusFinancialsReportTest<br/>Test Status: Pass<br/>About to begin executing following method : BaseEngine.afterMethodExecution</div></td></tr></table><p class="totop"><a href="#summary">back to summary</a></p><h3 id="m73">com.focus.testcases.FocusFinancialsReportTest#checkIncomeExpensesTrendReport</h3><table class="result"><tr><th>Messages</th></tr><tr><td><div class="messages">Completed executing following method : FocusFinancialsReportTest.checkIncomeExpensesTrendReport<br/>Test Method resides in com.focus.testcases.FocusFinancialsReportTest<br/>Test Status: Pass<br/>About to begin executing following method : BaseEngine.afterMethodExecution</div></td></tr></table><p class="totop"><a href="#summary">back to summary</a></p><h3 id="m74">com.focus.testcases.FocusFinancialsReportTest#checkLogutAndLoginWithRER</h3><table class="result"><tr><th>Messages</th></tr><tr><td><div class="messages">Completed executing following method : FocusFinancialsReportTest.checkLogutAndLoginWithRER<br/>Test Method resides in com.focus.testcases.FocusFinancialsReportTest<br/>Test Status: Pass<br/>About to begin executing following method : BaseEngine.afterMethodExecution</div></td></tr></table><p class="totop"><a href="#summary">back to summary</a></p><h3 id="m75">com.focus.testcases.FocusFinancialsReportTest#checkMasterAuthorizationReport</h3><table class="result"><tr><th>Messages</th></tr><tr><td><div class="messages">Completed executing following method : FocusFinancialsReportTest.checkMasterAuthorizationReport<br/>Test Method resides in com.focus.testcases.FocusFinancialsReportTest<br/>Test Status: Pass<br/>About to begin executing following method : BaseEngine.afterMethodExecution</div></td></tr></table><p class="totop"><a href="#summary">back to summary</a></p><h3 id="m76">com.focus.testcases.FocusFinancialsReportTest#checkMonthlySalesReport</h3><table class="result"><tr><th>Messages</th></tr><tr><td><div class="messages">Completed executing following method : FocusFinancialsReportTest.checkMonthlySalesReport<br/>Test Method resides in com.focus.testcases.FocusFinancialsReportTest<br/>Test Status: Pass<br/>About to begin executing following method : BaseEngine.afterMethodExecution</div></td></tr></table><p class="totop"><a href="#summary">back to summary</a></p><h3 id="m77">com.focus.testcases.FocusFinancialsReportTest#checkPDCPaymentsRegister</h3><table class="result"><tr><th>Messages</th></tr><tr><td><div class="messages">Completed executing following method : FocusFinancialsReportTest.checkPDCPaymentsRegister<br/>Test Method resides in com.focus.testcases.FocusFinancialsReportTest<br/>Test Status: Pass<br/>About to begin executing following method : BaseEngine.afterMethodExecution</div></td></tr></table><p class="totop"><a href="#summary">back to summary</a></p><h3 id="m78">com.focus.testcases.FocusFinancialsReportTest#checkPDCReceiptsRegister</h3><table class="result"><tr><th>Messages</th></tr><tr><td><div class="messages">Completed executing following method : FocusFinancialsReportTest.checkPDCReceiptsRegister<br/>Test Method resides in com.focus.testcases.FocusFinancialsReportTest<br/>Test Status: Pass<br/>About to begin executing following method : BaseEngine.afterMethodExecution</div></td></tr></table><p class="totop"><a href="#summary">back to summary</a></p><h3 id="m79">com.focus.testcases.FocusFinancialsReportTest#checkProductLableReport</h3><table class="result"><tr><th>Messages</th></tr><tr><td><div class="messages">Completed executing following method : FocusFinancialsReportTest.checkProductLableReport<br/>Test Method resides in com.focus.testcases.FocusFinancialsReportTest<br/>Test Status: Pass<br/>About to begin executing following method : BaseEngine.afterMethodExecution</div></td></tr></table><p class="totop"><a href="#summary">back to summary</a></p><h3 id="m80">com.focus.testcases.FocusFinancialsReportTest#checkPurchaseRegisterReport</h3><table class="result"><tr><th>Messages</th></tr><tr><td><div class="messages">Completed executing following method : FocusFinancialsReportTest.checkPurchaseRegisterReport<br/>Test Method resides in com.focus.testcases.FocusFinancialsReportTest<br/>Test Status: Pass<br/>About to begin executing following method : BaseEngine.afterMethodExecution</div></td></tr></table><p class="totop"><a href="#summary">back to summary</a></p><h3 id="m81">com.focus.testcases.FocusFinancialsReportTest#checkPurchaseReturnRegister</h3><table class="result"><tr><th>Messages</th></tr><tr><td><div class="messages">Completed executing following method : FocusFinancialsReportTest.checkPurchaseReturnRegister<br/>Test Method resides in com.focus.testcases.FocusFinancialsReportTest<br/>Test Status: Pass<br/>About to begin executing following method : BaseEngine.afterMethodExecution</div></td></tr></table><p class="totop"><a href="#summary">back to summary</a></p><h3 id="m82">com.focus.testcases.FocusFinancialsReportTest#checkPurchasesGroupedByDepartment</h3><table class="result"><tr><th>Messages</th></tr><tr><td><div class="messages">Completed executing following method : FocusFinancialsReportTest.checkPurchasesGroupedByDepartment<br/>Test Method resides in com.focus.testcases.FocusFinancialsReportTest<br/>Test Status: Pass<br/>About to begin executing following method : BaseEngine.afterMethodExecution</div></td></tr></table><p class="totop"><a href="#summary">back to summary</a></p><h3 id="m83">com.focus.testcases.FocusFinancialsReportTest#checkPurchasesGroupedByVendor</h3><table class="result"><tr><th>Messages</th></tr><tr><td><div class="messages">Completed executing following method : FocusFinancialsReportTest.checkPurchasesGroupedByVendor<br/>Test Method resides in com.focus.testcases.FocusFinancialsReportTest<br/>Test Status: Pass<br/>About to begin executing following method : BaseEngine.afterMethodExecution</div></td></tr></table><p class="totop"><a href="#summary">back to summary</a></p><h3 id="m84">com.focus.testcases.FocusFinancialsReportTest#checkSalesGroupedByCustomer</h3><table class="result"><tr><th>Messages</th></tr><tr><td><div class="messages">Completed executing following method : FocusFinancialsReportTest.checkSalesGroupedByCustomer<br/>Test Method resides in com.focus.testcases.FocusFinancialsReportTest<br/>Test Status: Pass<br/>About to begin executing following method : BaseEngine.afterMethodExecution</div></td></tr></table><p class="totop"><a href="#summary">back to summary</a></p><h3 id="m85">com.focus.testcases.FocusFinancialsReportTest#checkSalesGroupedByDepartment</h3><table class="result"><tr><th>Messages</th></tr><tr><td><div class="messages">Completed executing following method : FocusFinancialsReportTest.checkSalesGroupedByDepartment<br/>Test Method resides in com.focus.testcases.FocusFinancialsReportTest<br/>Test Status: Pass<br/>About to begin executing following method : BaseEngine.afterMethodExecution</div></td></tr></table><p class="totop"><a href="#summary">back to summary</a></p><h3 id="m86">com.focus.testcases.FocusFinancialsReportTest#checkSalesGroupedByItem</h3><table class="result"><tr><th>Messages</th></tr><tr><td><div class="messages">Completed executing following method : FocusFinancialsReportTest.checkSalesGroupedByItem<br/>Test Method resides in com.focus.testcases.FocusFinancialsReportTest<br/>Test Status: Pass<br/>About to begin executing following method : BaseEngine.afterMethodExecution</div></td></tr></table><p class="totop"><a href="#summary">back to summary</a></p><h3 id="m87">com.focus.testcases.FocusFinancialsReportTest#checkSalesRegisterReport</h3><table class="result"><tr><th>Messages</th></tr><tr><td><div class="messages">Completed executing following method : FocusFinancialsReportTest.checkSalesRegisterReport<br/>Test Method resides in com.focus.testcases.FocusFinancialsReportTest<br/>Test Status: Pass<br/>About to begin executing following method : BaseEngine.afterMethodExecution</div></td></tr></table><p class="totop"><a href="#summary">back to summary</a></p><h3 id="m88">com.focus.testcases.FocusFinancialsReportTest#checkSalesSummaryRegisterReport</h3><table class="result"><tr><th>Messages</th></tr><tr><td><div class="messages">Completed executing following method : FocusFinancialsReportTest.checkSalesSummaryRegisterReport<br/>Test Method resides in com.focus.testcases.FocusFinancialsReportTest<br/>Test Status: Pass<br/>About to begin executing following method : BaseEngine.afterMethodExecution</div></td></tr></table><p class="totop"><a href="#summary">back to summary</a></p><h3 id="m89">com.focus.testcases.FocusFinancialsReportTest#checkSkidDefinitionReport</h3><table class="result"><tr><th>Messages</th></tr><tr><td><div class="messages">Completed executing following method : FocusFinancialsReportTest.checkSkidDefinitionReport<br/>Test Method resides in com.focus.testcases.FocusFinancialsReportTest<br/>Test Status: Pass<br/>About to begin executing following method : BaseEngine.afterMethodExecution</div></td></tr></table><p class="totop"><a href="#summary">back to summary</a></p><h3 id="m90">com.focus.testcases.FocusFinancialsReportTest#checkSummaryPurchaseRegister</h3><table class="result"><tr><th>Messages</th></tr><tr><td><div class="messages">Completed executing following method : FocusFinancialsReportTest.checkSummaryPurchaseRegister<br/>Test Method resides in com.focus.testcases.FocusFinancialsReportTest<br/>Test Status: Pass<br/>About to begin executing following method : BaseEngine.afterMethodExecution</div></td></tr></table><p class="totop"><a href="#summary">back to summary</a></p><h3 id="m91">com.focus.testcases.FocusFinancialsReportTest#checkTopCustomersReports</h3><table class="result"><tr><th>Messages</th></tr><tr><td><div class="messages">Completed executing following method : FocusFinancialsReportTest.checkTopCustomersReports<br/>Test Method resides in com.focus.testcases.FocusFinancialsReportTest<br/>Test Status: Pass<br/>About to begin executing following method : BaseEngine.afterMethodExecution</div></td></tr></table><p class="totop"><a href="#summary">back to summary</a></p><h3 id="m92">com.focus.testcases.FocusFinancialsReportTest#checkTopCustomersReportsForGroupAccount</h3><table class="result"><tr><th>Messages</th></tr><tr><td><div class="messages">Completed executing following method : FocusFinancialsReportTest.checkTopCustomersReportsForGroupAccount<br/>Test Method resides in com.focus.testcases.FocusFinancialsReportTest<br/>Test Status: Pass<br/>About to begin executing following method : BaseEngine.afterMethodExecution</div></td></tr></table><p class="totop"><a href="#summary">back to summary</a></p><h3 id="m93">com.focus.testcases.FocusFinancialsReportTest#checkTransactionAuthorizationReport</h3><table class="result"><tr><th>Messages</th></tr><tr><td><div class="messages">Completed executing following method : FocusFinancialsReportTest.checkTransactionAuthorizationReport<br/>Test Method resides in com.focus.testcases.FocusFinancialsReportTest<br/>Test Status: Pass<br/>About to begin executing following method : BaseEngine.afterMethodExecution</div></td></tr></table><p class="totop"><a href="#summary">back to summary</a></p><h3 id="m94">com.focus.testcases.FocusFinancialsReportTest#checkTransactionsTypeAnalysis</h3><table class="result"><tr><th>Messages</th></tr><tr><td><div class="messages">Completed executing following method : FocusFinancialsReportTest.checkTransactionsTypeAnalysis<br/>Test Method resides in com.focus.testcases.FocusFinancialsReportTest<br/>Test Status: Pass<br/>About to begin executing following method : BaseEngine.afterMethodExecution</div></td></tr></table><p class="totop"><a href="#summary">back to summary</a></p><h3 id="m95">com.focus.testcases.FocusFinancialsReportTest#checkUnitConversionReport</h3><table class="result"><tr><th>Messages</th></tr><tr><td><div class="messages">Completed executing following method : FocusFinancialsReportTest.checkUnitConversionReport<br/>Test Method resides in com.focus.testcases.FocusFinancialsReportTest<br/>Test Status: Pass<br/>About to begin executing following method : BaseEngine.afterMethodExecution</div></td></tr></table><p class="totop"><a href="#summary">back to summary</a></p><h3 id="m96">com.focus.testcases.FocusFinancialsReportTest#checkVirtualBankLedger</h3><table class="result"><tr><th>Messages</th></tr><tr><td><div class="messages">Completed executing following method : FocusFinancialsReportTest.checkVirtualBankLedger<br/>Test Method resides in com.focus.testcases.FocusFinancialsReportTest<br/>Test Status: Pass<br/>About to begin executing following method : BaseEngine.afterMethodExecution</div></td></tr></table><p class="totop"><a href="#summary">back to summary</a></p><h3 id="m97">com.focus.testcases.FocusFinancialsReportTest#checklogout</h3><table class="result"><tr><th>Messages</th></tr><tr><td><div class="messages">Completed executing following method : FocusFinancialsReportTest.checklogout<br/>Test Method resides in com.focus.testcases.FocusFinancialsReportTest<br/>Test Status: Pass<br/>About to begin executing following method : BaseEngine.afterMethodExecution</div></td></tr></table><p class="totop"><a href="#summary">back to summary</a></p><h3 id="m98">com.focus.testcases.FocusInventoryReportsTest#checkABCAnalysisReport</h3><table class="result"><tr><th>Messages</th></tr><tr><td><div class="messages">Completed executing following method : FocusInventoryReportsTest.checkABCAnalysisReport<br/>Test Method resides in com.focus.testcases.FocusInventoryReportsTest<br/>Test Status: Pass<br/>About to begin executing following method : BaseEngine.afterMethodExecution</div></td></tr></table><p class="totop"><a href="#summary">back to summary</a></p><h3 id="m99">com.focus.testcases.FocusInventoryReportsTest#checkActualConsumptionReport</h3><table class="result"><tr><th>Messages</th></tr><tr><td><div class="messages">Completed executing following method : FocusInventoryReportsTest.checkActualConsumptionReport<br/>Test Method resides in com.focus.testcases.FocusInventoryReportsTest<br/>Test Status: Pass<br/>About to begin executing following method : BaseEngine.afterMethodExecution</div></td></tr></table><p class="totop"><a href="#summary">back to summary</a></p><h3 id="m100">com.focus.testcases.FocusInventoryReportsTest#checkAgeingAnalysisByBatchReport</h3><table class="result"><tr><th>Messages</th></tr><tr><td><div class="messages">Completed executing following method : FocusInventoryReportsTest.checkAgeingAnalysisByBatchReport<br/>Test Method resides in com.focus.testcases.FocusInventoryReportsTest<br/>Test Status: Pass<br/>About to begin executing following method : BaseEngine.afterMethodExecution</div></td></tr></table><p class="totop"><a href="#summary">back to summary</a></p><h3 id="m101">com.focus.testcases.FocusInventoryReportsTest#checkBestSellingItemReport</h3><table class="result"><tr><th>Messages</th></tr><tr><td><div class="messages">Completed executing following method : FocusInventoryReportsTest.checkBestSellingItemReport<br/>Test Method resides in com.focus.testcases.FocusInventoryReportsTest<br/>Test Status: Pass<br/>About to begin executing following method : BaseEngine.afterMethodExecution</div></td></tr></table><p class="totop"><a href="#summary">back to summary</a></p><h3 id="m102">com.focus.testcases.FocusInventoryReportsTest#checkExpiredStockByBinsReports</h3><table class="result"><tr><th>Messages</th></tr><tr><td><div class="messages">Completed executing following method : FocusInventoryReportsTest.checkExpiredStockByBinsReports<br/>Test Method resides in com.focus.testcases.FocusInventoryReportsTest<br/>Test Status: Pass<br/>About to begin executing following method : BaseEngine.afterMethodExecution</div></td></tr></table><p class="totop"><a href="#summary">back to summary</a></p><h3 id="m103">com.focus.testcases.FocusInventoryReportsTest#checkFastMovingItemsReport</h3><table class="result"><tr><th>Messages</th></tr><tr><td><div class="messages">Completed executing following method : FocusInventoryReportsTest.checkFastMovingItemsReport<br/>Test Method resides in com.focus.testcases.FocusInventoryReportsTest<br/>Test Status: Pass<br/>About to begin executing following method : BaseEngine.afterMethodExecution</div></td></tr></table><p class="totop"><a href="#summary">back to summary</a></p><h3 id="m104">com.focus.testcases.FocusInventoryReportsTest#checkItemQueryReport</h3><table class="result"><tr><th>Messages</th></tr><tr><td><div class="messages">Completed executing following method : FocusInventoryReportsTest.checkItemQueryReport<br/>Test Method resides in com.focus.testcases.FocusInventoryReportsTest<br/>Test Status: Pass<br/>About to begin executing following method : BaseEngine.afterMethodExecution</div></td></tr></table><p class="totop"><a href="#summary">back to summary</a></p><h3 id="m105">com.focus.testcases.FocusInventoryReportsTest#checkPeakAndLowBlancesReport</h3><table class="result"><tr><th>Messages</th></tr><tr><td><div class="messages">Completed executing following method : FocusInventoryReportsTest.checkPeakAndLowBlancesReport<br/>Test Method resides in com.focus.testcases.FocusInventoryReportsTest<br/>Test Status: Pass<br/>About to begin executing following method : BaseEngine.afterMethodExecution</div></td></tr></table><p class="totop"><a href="#summary">back to summary</a></p><h3 id="m106">com.focus.testcases.FocusInventoryReportsTest#checkSlowMovingItemsReport</h3><table class="result"><tr><th>Messages</th></tr><tr><td><div class="messages">Completed executing following method : FocusInventoryReportsTest.checkSlowMovingItemsReport<br/>Test Method resides in com.focus.testcases.FocusInventoryReportsTest<br/>Test Status: Pass<br/>About to begin executing following method : BaseEngine.afterMethodExecution</div></td></tr></table><p class="totop"><a href="#summary">back to summary</a></p><h3 id="m107">com.focus.testcases.FocusInventoryReportsTest#checkStockAnalysisByBatchReport</h3><table class="result"><tr><th>Messages</th></tr><tr><td><div class="messages">Completed executing following method : FocusInventoryReportsTest.checkStockAnalysisByBatchReport<br/>Test Method resides in com.focus.testcases.FocusInventoryReportsTest<br/>Test Status: Pass<br/>About to begin executing following method : BaseEngine.afterMethodExecution</div></td></tr></table><p class="totop"><a href="#summary">back to summary</a></p><h3 id="m108">com.focus.testcases.FocusInventoryReportsTest#checkStockAnalysisByRMAReport</h3><table class="result"><tr><th>Messages</th></tr><tr><td><div class="messages">Completed executing following method : FocusInventoryReportsTest.checkStockAnalysisByRMAReport<br/>Test Method resides in com.focus.testcases.FocusInventoryReportsTest<br/>Test Status: Pass<br/>About to begin executing following method : BaseEngine.afterMethodExecution</div></td></tr></table><p class="totop"><a href="#summary">back to summary</a></p><h3 id="m109">com.focus.testcases.FocusInventoryReportsTest#checkStockBalanceByItemsByBinsReport</h3><table class="result"><tr><th>Messages</th></tr><tr><td><div class="messages">Completed executing following method : FocusInventoryReportsTest.checkStockBalanceByItemsByBinsReport<br/>Test Method resides in com.focus.testcases.FocusInventoryReportsTest<br/>Test Status: Pass<br/>About to begin executing following method : BaseEngine.afterMethodExecution</div></td></tr></table><p class="totop"><a href="#summary">back to summary</a></p><h3 id="m110">com.focus.testcases.FocusInventoryReportsTest#checkStockBalanceByWarehouse</h3><table class="result"><tr><th>Messages</th></tr><tr><td><div class="messages">Completed executing following method : FocusInventoryReportsTest.checkStockBalanceByWarehouse<br/>Test Method resides in com.focus.testcases.FocusInventoryReportsTest<br/>Test Status: Pass<br/>About to begin executing following method : BaseEngine.afterMethodExecution</div></td></tr></table><p class="totop"><a href="#summary">back to summary</a></p><h3 id="m111">com.focus.testcases.FocusInventoryReportsTest#checkStockBlanceByBinsReport</h3><table class="result"><tr><th>Messages</th></tr><tr><td><div class="messages">Completed executing following method : FocusInventoryReportsTest.checkStockBlanceByBinsReport<br/>Test Method resides in com.focus.testcases.FocusInventoryReportsTest<br/>Test Status: Pass<br/>About to begin executing following method : BaseEngine.afterMethodExecution</div></td></tr></table><p class="totop"><a href="#summary">back to summary</a></p><h3 id="m112">com.focus.testcases.FocusInventoryReportsTest#checkStockDetailsByBins</h3><table class="result"><tr><th>Messages</th></tr><tr><td><div class="messages">Completed executing following method : FocusInventoryReportsTest.checkStockDetailsByBins<br/>Test Method resides in com.focus.testcases.FocusInventoryReportsTest<br/>Test Status: Pass<br/>About to begin executing following method : BaseEngine.afterMethodExecution</div></td></tr></table><p class="totop"><a href="#summary">back to summary</a></p><h3 id="m113">com.focus.testcases.FocusInventoryReportsTest#checkStockLedgerReport</h3><table class="result"><tr><th>Messages</th></tr><tr><td><div class="messages">Completed executing following method : FocusInventoryReportsTest.checkStockLedgerReport<br/>Test Method resides in com.focus.testcases.FocusInventoryReportsTest<br/>Test Status: Pass<br/>About to begin executing following method : BaseEngine.afterMethodExecution</div></td></tr></table><p class="totop"><a href="#summary">back to summary</a></p><h3 id="m114">com.focus.testcases.FocusInventoryReportsTest#checkStockReprtByTagReport</h3><table class="result"><tr><th>Messages</th></tr><tr><td><div class="messages">Completed executing following method : FocusInventoryReportsTest.checkStockReprtByTagReport<br/>Test Method resides in com.focus.testcases.FocusInventoryReportsTest<br/>Test Status: Pass<br/>About to begin executing following method : BaseEngine.afterMethodExecution</div></td></tr></table><p class="totop"><a href="#summary">back to summary</a></p><h3 id="m115">com.focus.testcases.FocusInventoryReportsTest#checkStockStatementReport</h3><table class="result"><tr><th>Messages</th></tr><tr><td><div class="messages">Completed executing following method : FocusInventoryReportsTest.checkStockStatementReport<br/>Test Method resides in com.focus.testcases.FocusInventoryReportsTest<br/>Test Status: Pass<br/>About to begin executing following method : BaseEngine.afterMethodExecution</div></td></tr></table><p class="totop"><a href="#summary">back to summary</a></p><h3 id="m116">com.focus.testcases.FocusInventoryReportsTest#checkStockTransferRegisterReport</h3><table class="result"><tr><th>Messages</th></tr><tr><td><div class="messages">Completed executing following method : FocusInventoryReportsTest.checkStockTransferRegisterReport<br/>Test Method resides in com.focus.testcases.FocusInventoryReportsTest<br/>Test Status: Pass<br/>About to begin executing following method : BaseEngine.afterMethodExecution</div></td></tr></table><p class="totop"><a href="#summary">back to summary</a></p><h3 id="m117">com.focus.testcases.FocusInventoryReportsTest#checkStockValuationReportByProduct</h3><table class="result"><tr><th>Messages</th></tr><tr><td><div class="messages">Completed executing following method : FocusInventoryReportsTest.checkStockValuationReportByProduct<br/>Test Method resides in com.focus.testcases.FocusInventoryReportsTest<br/>Test Status: Pass<br/>About to begin executing following method : BaseEngine.afterMethodExecution</div></td></tr></table><p class="totop"><a href="#summary">back to summary</a></p><h3 id="m118">com.focus.testcases.URLBrowserTest#checkLoginPageTitleByURLInputInBrowser</h3><table class="result"><tr><th>Messages</th></tr><tr><td><div class="messages">Completed executing following method : URLBrowserTest.checkLoginPageTitleByURLInputInBrowser<br/>Test Method resides in com.focus.testcases.URLBrowserTest<br/>Test Status: Pass<br/>About to begin executing following method : BaseEngine.afterMethodExecution</div></td></tr></table><p class="totop"><a href="#summary">back to summary</a></p><h3 id="m119">com.focus.testcases.URLBrowserTest#verifyBrowserOpen</h3><table class="result"><tr><th>Messages</th></tr><tr><td><div class="messages">Completed executing following method : URLBrowserTest.verifyBrowserOpen<br/>Test Method resides in com.focus.testcases.URLBrowserTest<br/>Test Status: Pass<br/>About to begin executing following method : BaseEngine.afterMethodExecution</div></td></tr></table><p class="totop"><a href="#summary">back to summary</a></p><h3 id="m120">com.focus.testcases.UserRestrictionsTest#checkBranchMasterWhetherShowingOnlyRestrictedBranchInList</h3><table class="result"><tr><th>Messages</th></tr><tr><td><div class="messages">Completed executing following method : UserRestrictionsTest.checkBranchMasterWhetherShowingOnlyRestrictedBranchInList<br/>Test Method resides in com.focus.testcases.UserRestrictionsTest<br/>Test Status: Pass<br/>About to begin executing following method : BaseEngine.afterMethodExecution</div></td></tr></table><p class="totop"><a href="#summary">back to summary</a></p><h3 id="m121">com.focus.testcases.UserRestrictionsTest#checkChildAccountsInsideTheGroupAccountsIndivdually</h3><table class="result"><tr><th>Messages</th></tr><tr><td><div class="messages">Completed executing following method : UserRestrictionsTest.checkChildAccountsInsideTheGroupAccountsIndivdually<br/>Test Method resides in com.focus.testcases.UserRestrictionsTest<br/>Test Status: Pass<br/>About to begin executing following method : BaseEngine.afterMethodExecution</div></td></tr></table><p class="totop"><a href="#summary">back to summary</a></p><h3 id="m122">com.focus.testcases.UserRestrictionsTest#checkDepartmentMasterWhetherShowingOnlyRestrictedDepartmentInList</h3><table class="result"><tr><th>Messages</th></tr><tr><td><div class="messages">Completed executing following method : UserRestrictionsTest.checkDepartmentMasterWhetherShowingOnlyRestrictedDepartmentInList<br/>Test Method resides in com.focus.testcases.UserRestrictionsTest<br/>Test Status: Pass<br/>About to begin executing following method : BaseEngine.afterMethodExecution</div></td></tr></table><p class="totop"><a href="#summary">back to summary</a></p><h3 id="m123">com.focus.testcases.UserRestrictionsTest#checkLoginWithERR</h3><table class="result"><tr><th>Messages</th></tr><tr><td><div class="messages">Completed executing following method : UserRestrictionsTest.checkLoginWithERR<br/>Test Method resides in com.focus.testcases.UserRestrictionsTest<br/>Test Status: Pass<br/>About to begin executing following method : BaseEngine.afterMethodExecution</div></td></tr></table><p class="totop"><a href="#summary">back to summary</a></p><h3 id="m124">com.focus.testcases.UserRestrictionsTest#checkMasterInReceipts</h3><table class="result"><tr><th>Messages</th></tr><tr><td><div class="messages">Completed executing following method : UserRestrictionsTest.checkMasterInReceipts<br/>Test Method resides in com.focus.testcases.UserRestrictionsTest<br/>Test Status: Pass<br/>About to begin executing following method : BaseEngine.afterMethodExecution</div></td></tr></table><p class="totop"><a href="#summary">back to summary</a></p><h3 id="m125">com.focus.testcases.UserRestrictionsTest#checkMastersListInPayments</h3><table class="result"><tr><th>Messages</th></tr><tr><td><div class="messages">Completed executing following method : UserRestrictionsTest.checkMastersListInPayments<br/>Test Method resides in com.focus.testcases.UserRestrictionsTest<br/>Test Status: Pass<br/>About to begin executing following method : BaseEngine.afterMethodExecution</div></td></tr></table><p class="totop"><a href="#summary">back to summary</a></p><h3 id="m126">com.focus.testcases.UserRestrictionsTest#checkMastersListInSalesInvoices</h3><table class="result"><tr><th>Messages</th></tr><tr><td><div class="messages">Completed executing following method : UserRestrictionsTest.checkMastersListInSalesInvoices<br/>Test Method resides in com.focus.testcases.UserRestrictionsTest<br/>Test Status: Pass<br/>About to begin executing following method : BaseEngine.afterMethodExecution</div></td></tr></table><p class="totop"><a href="#summary">back to summary</a></p><h3 id="m127">com.focus.testcases.UserRestrictionsTest#checkPaymentsVoucherHomePageMastersList</h3><table class="result"><tr><th>Messages</th></tr><tr><td><div class="messages">Completed executing following method : UserRestrictionsTest.checkPaymentsVoucherHomePageMastersList<br/>Test Method resides in com.focus.testcases.UserRestrictionsTest<br/>Test Status: Pass<br/>About to begin executing following method : BaseEngine.afterMethodExecution</div></td></tr></table><p class="totop"><a href="#summary">back to summary</a></p><h3 id="m128">com.focus.testcases.UserRestrictionsTest#checkPurchasesVoucherForAllTheMastersListInMastersDropdown</h3><table class="result"><tr><th>Messages</th></tr><tr><td><div class="messages">Completed executing following method : UserRestrictionsTest.checkPurchasesVoucherForAllTheMastersListInMastersDropdown<br/>Test Method resides in com.focus.testcases.UserRestrictionsTest<br/>Test Status: Pass<br/>About to begin executing following method : BaseEngine.afterMethodExecution</div></td></tr></table><p class="totop"><a href="#summary">back to summary</a></p><h3 id="m129">com.focus.testcases.UserRestrictionsTest#checkReceiptsHomePageMasterList</h3><table class="result"><tr><th>Messages</th></tr><tr><td><div class="messages">Completed executing following method : UserRestrictionsTest.checkReceiptsHomePageMasterList<br/>Test Method resides in com.focus.testcases.UserRestrictionsTest<br/>Test Status: Pass<br/>About to begin executing following method : BaseEngine.afterMethodExecution</div></td></tr></table><p class="totop"><a href="#summary">back to summary</a></p><h3 id="m130">com.focus.testcases.UserRestrictionsTest#checkSalesInvoiceVoucherHomePgaeMastersList</h3><table class="result"><tr><th>Messages</th></tr><tr><td><div class="messages">Completed executing following method : UserRestrictionsTest.checkSalesInvoiceVoucherHomePgaeMastersList<br/>Test Method resides in com.focus.testcases.UserRestrictionsTest<br/>Test Status: Pass<br/>About to begin executing following method : BaseEngine.afterMethodExecution</div></td></tr></table><p class="totop"><a href="#summary">back to summary</a></p><h3 id="m131">com.focus.testcases.UserRestrictionsTest#checkSearchAccountsWhetherNonRestrictedAccountsAreDisplaying</h3><table class="result"><tr><th>Messages</th></tr><tr><td><div class="messages">Completed executing following method : UserRestrictionsTest.checkSearchAccountsWhetherNonRestrictedAccountsAreDisplaying<br/>Test Method resides in com.focus.testcases.UserRestrictionsTest<br/>Test Status: Pass<br/>About to begin executing following method : BaseEngine.afterMethodExecution</div></td></tr></table><p class="totop"><a href="#summary">back to summary</a></p><h3 id="m132">com.focus.testcases.UserRestrictionsTest#checkSearchDepartmentWhetherNonRestrictedDepartmentsAreDisplaying</h3><table class="result"><tr><th>Messages</th></tr><tr><td><div class="messages">Completed executing following method : UserRestrictionsTest.checkSearchDepartmentWhetherNonRestrictedDepartmentsAreDisplaying<br/>Test Method resides in com.focus.testcases.UserRestrictionsTest<br/>Test Status: Pass<br/>About to begin executing following method : BaseEngine.afterMethodExecution</div></td></tr></table><p class="totop"><a href="#summary">back to summary</a></p><h3 id="m133">com.focus.testcases.UserRestrictionsTest#checkSearchItemsWhetherNonRestrictedItemsAreDisplaying</h3><table class="result"><tr><th>Messages</th></tr><tr><td><div class="messages">Completed executing following method : UserRestrictionsTest.checkSearchItemsWhetherNonRestrictedItemsAreDisplaying<br/>Test Method resides in com.focus.testcases.UserRestrictionsTest<br/>Test Status: Pass<br/>About to begin executing following method : BaseEngine.afterMethodExecution</div></td></tr></table><p class="totop"><a href="#summary">back to summary</a></p><h3 id="m134">com.focus.testcases.UserRestrictionsTest#checkSearchWarehouseWhetherNonRestrictedWarehousesAreDisplaying</h3><table class="result"><tr><th>Messages</th></tr><tr><td><div class="messages">Completed executing following method : UserRestrictionsTest.checkSearchWarehouseWhetherNonRestrictedWarehousesAreDisplaying<br/>Test Method resides in com.focus.testcases.UserRestrictionsTest<br/>Test Status: Pass<br/>About to begin executing following method : BaseEngine.afterMethodExecution</div></td></tr></table><p class="totop"><a href="#summary">back to summary</a></p></body></html>