<?xml version="1.0" encoding="UTF-8"?>
<!-- Generated by org.testng.reporters.JUnitReportReporter -->
<testsuite hostname="FOCUS-QA-118" name="com.focus.testcases.ItemMasterCustomizationTest" tests="24" failures="3" timestamp="3 Aug 2021 07:17:04 GMT" time="659.274" errors="0">
  <testcase name="checkRuleOnSavingItemWithExtraFieldInCreateTab" time="30.132" classname="com.focus.testcases.ItemMasterCustomizationTest"/>
  <testcase name="checkSavingItemWithDefaultCode" time="104.789" classname="com.focus.testcases.ItemMasterCustomizationTest">
    <failure type="java.lang.AssertionError" message="expected [true] but found [false]">
      <![CDATA[java.lang.AssertionError: expected [true] but found [false]
	at org.testng.Assert.fail(Assert.java:94)
	at org.testng.Assert.failNotEquals(Assert.java:513)
	at org.testng.Assert.assertEqualsImpl(Assert.java:135)
	at org.testng.Assert.assertEquals(Assert.java:116)
	at org.testng.Assert.assertEquals(Assert.java:305)
	at org.testng.Assert.assertEquals(Assert.java:315)
	at com.focus.testcases.ItemMasterCustomizationTest.checkSavingItemWithDefaultCode(ItemMasterCustomizationTest.java:134)
	at sun.reflect.NativeMethodAccessorImpl.invoke0(Native Method)
	at sun.reflect.NativeMethodAccessorImpl.invoke(Unknown Source)
	at sun.reflect.DelegatingMethodAccessorImpl.invoke(Unknown Source)
	at java.lang.reflect.Method.invoke(Unknown Source)
	at org.testng.internal.MethodInvocationHelper.invokeMethod(MethodInvocationHelper.java:86)
	at org.testng.internal.Invoker.invokeMethod(Invoker.java:643)
	at org.testng.internal.Invoker.invokeTestMethod(Invoker.java:820)
	at org.testng.internal.Invoker.invokeTestMethods(Invoker.java:1128)
	at org.testng.internal.TestMethodWorker.invokeTestMethods(TestMethodWorker.java:129)
	at org.testng.internal.TestMethodWorker.run(TestMethodWorker.java:112)
	at org.testng.TestRunner.privateRun(TestRunner.java:782)
	at org.testng.TestRunner.run(TestRunner.java:632)
	at org.testng.SuiteRunner.runTest(SuiteRunner.java:366)
	at org.testng.SuiteRunner.runSequentially(SuiteRunner.java:361)
	at org.testng.SuiteRunner.privateRun(SuiteRunner.java:319)
	at org.testng.SuiteRunner.run(SuiteRunner.java:268)
	at org.testng.SuiteRunnerWorker.runSuite(SuiteRunnerWorker.java:52)
	at org.testng.SuiteRunnerWorker.run(SuiteRunnerWorker.java:86)
	at org.testng.TestNG.runSuitesSequentially(TestNG.java:1244)
	at org.testng.TestNG.runSuitesLocally(TestNG.java:1169)
	at org.testng.TestNG.run(TestNG.java:1064)
	at org.testng.remote.AbstractRemoteTestNG.run(AbstractRemoteTestNG.java:114)
	at org.testng.remote.RemoteTestNG.initAndRun(RemoteTestNG.java:251)
	at org.testng.remote.RemoteTestNG.main(RemoteTestNG.java:77)
]]>
    </failure>
  </testcase> <!-- checkSavingItemWithDefaultCode -->
  <testcase name="checkValidatingDashletAddedInInfoPanelBySelectingTestMaster" time="5.245" classname="com.focus.testcases.ItemMasterCustomizationTest"/>
  <testcase name="checkRuleValidationAccordingToRuleWithCondition" time="5.459" classname="com.focus.testcases.ItemMasterCustomizationTest"/>
  <testcase name="checkOkButtonAfterSavingRule" time="11.026" classname="com.focus.testcases.ItemMasterCustomizationTest"/>
  <testcase name="checkRulesTabUnderMasterCustomizationUnderCreateTAB" time="56.366" classname="com.focus.testcases.ItemMasterCustomizationTest"/>
  <testcase name="checkValidatingGlobalItemCode" time="5.582" classname="com.focus.testcases.ItemMasterCustomizationTest"/>
  <testcase name="checkLogoutAndLoginAfterAddingReport" time="27.217" classname="com.focus.testcases.ItemMasterCustomizationTest"/>
  <testcase name="checkRuleSavingUnderRuleOptionUnderAccountMasters" time="49.572" classname="com.focus.testcases.ItemMasterCustomizationTest"/>
  <testcase name="checkABCAnalysisReportforAllItems" time="11.548" classname="com.focus.testcases.ItemMasterCustomizationTest"/>
  <testcase name="checkValidatingImageInfoPanelInCustomizePopup" time="14.318" classname="com.focus.testcases.ItemMasterCustomizationTest"/>
  <testcase name="checkValidatinItemCodeIsAccordingToRule" time="5.240" classname="com.focus.testcases.ItemMasterCustomizationTest"/>
  <testcase name="checkCustomizeMasterImageInfoPanelCustomizationAddingPanel" time="22.773" classname="com.focus.testcases.ItemMasterCustomizationTest"/>
  <testcase name="checkSavingItemForGlobalRule" time="24.839" classname="com.focus.testcases.ItemMasterCustomizationTest">
    <failure type="java.lang.AssertionError" message="expected [true] but found [false]">
      <![CDATA[java.lang.AssertionError: expected [true] but found [false]
	at org.testng.Assert.fail(Assert.java:94)
	at org.testng.Assert.failNotEquals(Assert.java:513)
	at org.testng.Assert.assertEqualsImpl(Assert.java:135)
	at org.testng.Assert.assertEquals(Assert.java:116)
	at org.testng.Assert.assertEquals(Assert.java:305)
	at org.testng.Assert.assertEquals(Assert.java:315)
	at com.focus.testcases.ItemMasterCustomizationTest.checkSavingItemForGlobalRule(ItemMasterCustomizationTest.java:157)
	at sun.reflect.NativeMethodAccessorImpl.invoke0(Native Method)
	at sun.reflect.NativeMethodAccessorImpl.invoke(Unknown Source)
	at sun.reflect.DelegatingMethodAccessorImpl.invoke(Unknown Source)
	at java.lang.reflect.Method.invoke(Unknown Source)
	at org.testng.internal.MethodInvocationHelper.invokeMethod(MethodInvocationHelper.java:86)
	at org.testng.internal.Invoker.invokeMethod(Invoker.java:643)
	at org.testng.internal.Invoker.invokeTestMethod(Invoker.java:820)
	at org.testng.internal.Invoker.invokeTestMethods(Invoker.java:1128)
	at org.testng.internal.TestMethodWorker.invokeTestMethods(TestMethodWorker.java:129)
	at org.testng.internal.TestMethodWorker.run(TestMethodWorker.java:112)
	at org.testng.TestRunner.privateRun(TestRunner.java:782)
	at org.testng.TestRunner.run(TestRunner.java:632)
	at org.testng.SuiteRunner.runTest(SuiteRunner.java:366)
	at org.testng.SuiteRunner.runSequentially(SuiteRunner.java:361)
	at org.testng.SuiteRunner.privateRun(SuiteRunner.java:319)
	at org.testng.SuiteRunner.run(SuiteRunner.java:268)
	at org.testng.SuiteRunnerWorker.runSuite(SuiteRunnerWorker.java:52)
	at org.testng.SuiteRunnerWorker.run(SuiteRunnerWorker.java:86)
	at org.testng.TestNG.runSuitesSequentially(TestNG.java:1244)
	at org.testng.TestNG.runSuitesLocally(TestNG.java:1169)
	at org.testng.TestNG.run(TestNG.java:1064)
	at org.testng.remote.AbstractRemoteTestNG.run(AbstractRemoteTestNG.java:114)
	at org.testng.remote.RemoteTestNG.initAndRun(RemoteTestNG.java:251)
	at org.testng.remote.RemoteTestNG.main(RemoteTestNG.java:77)
]]>
    </failure>
  </testcase> <!-- checkSavingItemForGlobalRule -->
  <testcase name="checkValidatingDashletAddedInInfoPanelCustomizePopup" time="8.700" classname="com.focus.testcases.ItemMasterCustomizationTest"/>
  <testcase name="checkValidatingElseCoditionForGobalitem" time="22.492" classname="com.focus.testcases.ItemMasterCustomizationTest"/>
  <testcase name="checkABCAnalysisDisplayingInMasterRibbonControl" time="8.296" classname="com.focus.testcases.ItemMasterCustomizationTest"/>
  <testcase name="checkCustomizeMasterInfoPanelCustomizationAddingPanel" time="105.703" classname="com.focus.testcases.ItemMasterCustomizationTest">
    <failure type="java.lang.AssertionError" message="expected [true] but found [false]">
      <![CDATA[java.lang.AssertionError: expected [true] but found [false]
	at org.testng.Assert.fail(Assert.java:94)
	at org.testng.Assert.failNotEquals(Assert.java:513)
	at org.testng.Assert.assertEqualsImpl(Assert.java:135)
	at org.testng.Assert.assertEquals(Assert.java:116)
	at org.testng.Assert.assertEquals(Assert.java:305)
	at org.testng.Assert.assertEquals(Assert.java:315)
	at com.focus.testcases.ItemMasterCustomizationTest.checkCustomizeMasterInfoPanelCustomizationAddingPanel(ItemMasterCustomizationTest.java:38)
	at sun.reflect.NativeMethodAccessorImpl.invoke0(Native Method)
	at sun.reflect.NativeMethodAccessorImpl.invoke(Unknown Source)
	at sun.reflect.DelegatingMethodAccessorImpl.invoke(Unknown Source)
	at java.lang.reflect.Method.invoke(Unknown Source)
	at org.testng.internal.MethodInvocationHelper.invokeMethod(MethodInvocationHelper.java:86)
	at org.testng.internal.Invoker.invokeMethod(Invoker.java:643)
	at org.testng.internal.Invoker.invokeTestMethod(Invoker.java:820)
	at org.testng.internal.Invoker.invokeTestMethods(Invoker.java:1128)
	at org.testng.internal.TestMethodWorker.invokeTestMethods(TestMethodWorker.java:129)
	at org.testng.internal.TestMethodWorker.run(TestMethodWorker.java:112)
	at org.testng.TestRunner.privateRun(TestRunner.java:782)
	at org.testng.TestRunner.run(TestRunner.java:632)
	at org.testng.SuiteRunner.runTest(SuiteRunner.java:366)
	at org.testng.SuiteRunner.runSequentially(SuiteRunner.java:361)
	at org.testng.SuiteRunner.privateRun(SuiteRunner.java:319)
	at org.testng.SuiteRunner.run(SuiteRunner.java:268)
	at org.testng.SuiteRunnerWorker.runSuite(SuiteRunnerWorker.java:52)
	at org.testng.SuiteRunnerWorker.run(SuiteRunnerWorker.java:86)
	at org.testng.TestNG.runSuitesSequentially(TestNG.java:1244)
	at org.testng.TestNG.runSuitesLocally(TestNG.java:1169)
	at org.testng.TestNG.run(TestNG.java:1064)
	at org.testng.remote.AbstractRemoteTestNG.run(AbstractRemoteTestNG.java:114)
	at org.testng.remote.RemoteTestNG.initAndRun(RemoteTestNG.java:251)
	at org.testng.remote.RemoteTestNG.main(RemoteTestNG.java:77)
]]>
    </failure>
  </testcase> <!-- checkCustomizeMasterInfoPanelCustomizationAddingPanel -->
  <testcase name="checkSavingItemWithAnImageForInfoPanel" time="21.893" classname="com.focus.testcases.ItemMasterCustomizationTest"/>
  <testcase name="checkValidatingDashletAddedInImageInfoPanelBySelectingImageItemInMaster" time="5.160" classname="com.focus.testcases.ItemMasterCustomizationTest"/>
  <testcase name="checkValidatingRuleElseConditionForGloablitem" time="9.206" classname="com.focus.testcases.ItemMasterCustomizationTest"/>
  <testcase name="checkLogin" time="24.199" classname="com.focus.testcases.ItemMasterCustomizationTest"/>
  <testcase name="checkABCReportsInCustomizeItemMasterReportsTab" time="23.628" classname="com.focus.testcases.ItemMasterCustomizationTest"/>
  <testcase name="checkSavingRuleWithConditionForDefaultCode" time="55.891" classname="com.focus.testcases.ItemMasterCustomizationTest"/>
</testsuite> <!-- com.focus.testcases.ItemMasterCustomizationTest -->
