<?xml version="1.0" encoding="UTF-8"?>
<!-- Generated by org.testng.reporters.JUnitReportReporter -->
<testsuite hostname="FOCUS-QA-118" name="com.focus.testcases.SmokeMasterAuthorizationDefinitionTest" tests="47" failures="1" timestamp="14 Jun 2021 17:24:16 GMT" time="567.295" errors="0">
  <testcase name="checkDescriptionAsMandatory" time="5.790" classname="com.focus.testcases.SmokeMasterAuthorizationDefinitionTest"/>
  <testcase name="checkFieldsTabUserDetailsOptions" time="10.640" classname="com.focus.testcases.SmokeMasterAuthorizationDefinitionTest"/>
  <testcase name="checkSavedAlertTemplateInTemplate" time="32.382" classname="com.focus.testcases.SmokeMasterAuthorizationDefinitionTest"/>
  <testcase name="checkConditionCheckbox" time="11.311" classname="com.focus.testcases.SmokeMasterAuthorizationDefinitionTest"/>
  <testcase name="checkUserSelectionIsManadatory" time="4.717" classname="com.focus.testcases.SmokeMasterAuthorizationDefinitionTest"/>
  <testcase name="checkEscalationTabOptions" time="4.689" classname="com.focus.testcases.SmokeMasterAuthorizationDefinitionTest"/>
  <testcase name="checkCreatedEmailInEmailHedaerTemplate" time="7.118" classname="com.focus.testcases.SmokeMasterAuthorizationDefinitionTest"/>
  <testcase name="checkEscalationTypeDropdownOptions" time="4.696" classname="com.focus.testcases.SmokeMasterAuthorizationDefinitionTest"/>
  <testcase name="checkSavedEmailTemplateInEmailTemplate" time="20.206" classname="com.focus.testcases.SmokeMasterAuthorizationDefinitionTest"/>
  <testcase name="checkSaveWithoutSelectionOfMaster" time="4.670" classname="com.focus.testcases.SmokeMasterAuthorizationDefinitionTest"/>
  <testcase name="checkSaveAuthorizationWithConditionAndAlerts" time="9.869" classname="com.focus.testcases.SmokeMasterAuthorizationDefinitionTest"/>
  <testcase name="checkSaveWithoutName" time="4.931" classname="com.focus.testcases.SmokeMasterAuthorizationDefinitionTest"/>
  <testcase name="checkConditionAsMandatory" time="5.175" classname="com.focus.testcases.SmokeMasterAuthorizationDefinitionTest">
    <failure type="java.lang.AssertionError" message="expected [true] but found [false]">
      <![CDATA[java.lang.AssertionError: expected [true] but found [false]
	at org.testng.Assert.fail(Assert.java:94)
	at org.testng.Assert.failNotEquals(Assert.java:513)
	at org.testng.Assert.assertEqualsImpl(Assert.java:135)
	at org.testng.Assert.assertEquals(Assert.java:116)
	at org.testng.Assert.assertEquals(Assert.java:305)
	at org.testng.Assert.assertEquals(Assert.java:315)
	at com.focus.testcases.SmokeMasterAuthorizationDefinitionTest.checkConditionAsMandatory(SmokeMasterAuthorizationDefinitionTest.java:181)
	at sun.reflect.NativeMethodAccessorImpl.invoke0(Native Method)
	at sun.reflect.NativeMethodAccessorImpl.invoke(Unknown Source)
	at sun.reflect.DelegatingMethodAccessorImpl.invoke(Unknown Source)
	at java.lang.reflect.Method.invoke(Unknown Source)
	at org.testng.internal.MethodInvocationHelper.invokeMethod(MethodInvocationHelper.java:86)
	at org.testng.internal.Invoker.invokeMethod(Invoker.java:643)
	at org.testng.internal.Invoker.invokeTestMethod(Invoker.java:820)
	at org.testng.internal.Invoker.invokeTestMethods(Invoker.java:1128)
	at org.testng.internal.TestMethodWorker.invokeTestMethods(TestMethodWorker.java:129)
	at org.testng.internal.TestMethodWorker.run(TestMethodWorker.java:112)
	at org.testng.TestRunner.privateRun(TestRunner.java:782)
	at org.testng.TestRunner.run(TestRunner.java:632)
	at org.testng.SuiteRunner.runTest(SuiteRunner.java:366)
	at org.testng.SuiteRunner.runSequentially(SuiteRunner.java:361)
	at org.testng.SuiteRunner.privateRun(SuiteRunner.java:319)
	at org.testng.SuiteRunner.run(SuiteRunner.java:268)
	at org.testng.SuiteRunnerWorker.runSuite(SuiteRunnerWorker.java:52)
	at org.testng.SuiteRunnerWorker.run(SuiteRunnerWorker.java:86)
	at org.testng.TestNG.runSuitesSequentially(TestNG.java:1244)
	at org.testng.TestNG.runSuitesLocally(TestNG.java:1169)
	at org.testng.TestNG.run(TestNG.java:1064)
	at org.testng.remote.AbstractRemoteTestNG.run(AbstractRemoteTestNG.java:114)
	at org.testng.remote.RemoteTestNG.initAndRun(RemoteTestNG.java:251)
	at org.testng.remote.RemoteTestNG.main(RemoteTestNG.java:77)
]]>
    </failure>
  </testcase> <!-- checkConditionAsMandatory -->
  <testcase name="checkFieldsTabMiscellaneousOptions" time="10.228" classname="com.focus.testcases.SmokeMasterAuthorizationDefinitionTest"/>
  <testcase name="checkOkInAlertDeleteOption" time="6.344" classname="com.focus.testcases.SmokeMasterAuthorizationDefinitionTest"/>
  <testcase name="checkCancelButton" time="3.038" classname="com.focus.testcases.SmokeMasterAuthorizationDefinitionTest"/>
  <testcase name="checkMasterDropdownOptions" time="6.762" classname="com.focus.testcases.SmokeMasterAuthorizationDefinitionTest"/>
  <testcase name="checkAlertsTabOptions" time="4.671" classname="com.focus.testcases.SmokeMasterAuthorizationDefinitionTest"/>
  <testcase name="checkOkButtonOnSelectingUser" time="5.561" classname="com.focus.testcases.SmokeMasterAuthorizationDefinitionTest"/>
  <testcase name="checkEscalationTabOptionsAfterClickingAddBtn" time="7.769" classname="com.focus.testcases.SmokeMasterAuthorizationDefinitionTest"/>
  <testcase name="checkLoginWithValidUserNameAndPasswordToCheckMasterAuthorization" time="37.463" classname="com.focus.testcases.SmokeMasterAuthorizationDefinitionTest"/>
  <testcase name="checkFieldsDragInHeaderOptions" time="124.152" classname="com.focus.testcases.SmokeMasterAuthorizationDefinitionTest"/>
  <testcase name="checkDesignAreaPrintScreen" time="7.135" classname="com.focus.testcases.SmokeMasterAuthorizationDefinitionTest"/>
  <testcase name="checkCloseAndLogoutTheCompany" time="11.208" classname="com.focus.testcases.SmokeMasterAuthorizationDefinitionTest"/>
  <testcase name="checkSelectingAccountinMasterDropdown" time="4.864" classname="com.focus.testcases.SmokeMasterAuthorizationDefinitionTest"/>
  <testcase name="checkSavedNameDisplayInNameTextBox" time="8.017" classname="com.focus.testcases.SmokeMasterAuthorizationDefinitionTest"/>
  <testcase name="checkEditOnSelectAlertsTabOptions" time="6.924" classname="com.focus.testcases.SmokeMasterAuthorizationDefinitionTest"/>
  <testcase name="checkExitOptionInLayout" time="6.921" classname="com.focus.testcases.SmokeMasterAuthorizationDefinitionTest"/>
  <testcase name="checkDisplayingMastersNameInListOfMasters" time="6.215" classname="com.focus.testcases.SmokeMasterAuthorizationDefinitionTest"/>
  <testcase name="checkUserDropdownOptions" time="3.324" classname="com.focus.testcases.SmokeMasterAuthorizationDefinitionTest"/>
  <testcase name="checkSaveButtonWithCondition" time="6.780" classname="com.focus.testcases.SmokeMasterAuthorizationDefinitionTest"/>
  <testcase name="checkUserSelectionTabOptions" time="4.595" classname="com.focus.testcases.SmokeMasterAuthorizationDefinitionTest"/>
  <testcase name="checkClearButton" time="6.474" classname="com.focus.testcases.SmokeMasterAuthorizationDefinitionTest"/>
  <testcase name="checkFieldsTabMasterFieldsOptions" time="11.017" classname="com.focus.testcases.SmokeMasterAuthorizationDefinitionTest"/>
  <testcase name="checkAlertMessageOnDeleteAuthorization" time="46.010" classname="com.focus.testcases.SmokeMasterAuthorizationDefinitionTest"/>
  <testcase name="checkEmailTemplateCompanyExpandInFieldsTabOptions" time="10.256" classname="com.focus.testcases.SmokeMasterAuthorizationDefinitionTest"/>
  <testcase name="checkStartPoint" time="5.193" classname="com.focus.testcases.SmokeMasterAuthorizationDefinitionTest"/>
  <testcase name="checkEditMasterAuthorizationSettings" time="8.043" classname="com.focus.testcases.SmokeMasterAuthorizationDefinitionTest"/>
  <testcase name="checkSaveWithAllMandatoryInputs" time="6.884" classname="com.focus.testcases.SmokeMasterAuthorizationDefinitionTest"/>
  <testcase name="checkActiveCheckBox" time="5.636" classname="com.focus.testcases.SmokeMasterAuthorizationDefinitionTest"/>
  <testcase name="checkCancelInAlertDeleteOption" time="7.305" classname="com.focus.testcases.SmokeMasterAuthorizationDefinitionTest"/>
  <testcase name="checkSavedSMSTemplateInTemplate" time="28.064" classname="com.focus.testcases.SmokeMasterAuthorizationDefinitionTest"/>
  <testcase name="checkInputNameAndClickOnSaveWithoutAuthorizationSettings" time="6.560" classname="com.focus.testcases.SmokeMasterAuthorizationDefinitionTest"/>
  <testcase name="checkConditionTabOptions" time="7.436" classname="com.focus.testcases.SmokeMasterAuthorizationDefinitionTest"/>
  <testcase name="checkSavingMasterAuthorization" time="4.855" classname="com.focus.testcases.SmokeMasterAuthorizationDefinitionTest"/>
  <testcase name="checkOpenMasterAuthorization" time="9.824" classname="com.focus.testcases.SmokeMasterAuthorizationDefinitionTest"/>
  <testcase name="checkCancelButtonInDefinitionScreen" time="5.573" classname="com.focus.testcases.SmokeMasterAuthorizationDefinitionTest"/>
</testsuite> <!-- com.focus.testcases.SmokeMasterAuthorizationDefinitionTest -->
