<?xml version="1.0" encoding="UTF-8"?>
<!-- Generated by org.testng.reporters.JUnitReportReporter -->
<testsuite hostname="FOCUS-QA-118" name="com.focus.testcases.LoginPageCompanyCreationTest" tests="19" failures="1" timestamp="14 Jun 2021 15:00:29 GMT" time="270.672" errors="0">
  <testcase name="verifyGlobalCurrencyListOfCurrencyDisplayInCreateCompany" time="2.526" classname="com.focus.testcases.LoginPageCompanyCreationTest">
    <failure type="java.lang.AssertionError" message="expected [true] but found [false]">
      <![CDATA[java.lang.AssertionError: expected [true] but found [false]
	at org.testng.Assert.fail(Assert.java:94)
	at org.testng.Assert.failNotEquals(Assert.java:513)
	at org.testng.Assert.assertEqualsImpl(Assert.java:135)
	at org.testng.Assert.assertEquals(Assert.java:116)
	at org.testng.Assert.assertEquals(Assert.java:305)
	at org.testng.Assert.assertEquals(Assert.java:315)
	at com.focus.testcases.LoginPageCompanyCreationTest.verifyGlobalCurrencyListOfCurrencyDisplayInCreateCompany(LoginPageCompanyCreationTest.java:122)
	at sun.reflect.NativeMethodAccessorImpl.invoke0(Native Method)
	at sun.reflect.NativeMethodAccessorImpl.invoke(Unknown Source)
	at sun.reflect.DelegatingMethodAccessorImpl.invoke(Unknown Source)
	at java.lang.reflect.Method.invoke(Unknown Source)
	at org.testng.internal.MethodInvocationHelper.invokeMethod(MethodInvocationHelper.java:86)
	at org.testng.internal.Invoker.invokeMethod(Invoker.java:643)
	at org.testng.internal.Invoker.invokeTestMethod(Invoker.java:820)
	at org.testng.internal.Invoker.invokeTestMethods(Invoker.java:1128)
	at org.testng.internal.TestMethodWorker.invokeTestMethods(TestMethodWorker.java:129)
	at org.testng.internal.TestMethodWorker.run(TestMethodWorker.java:112)
	at org.testng.TestRunner.privateRun(TestRunner.java:782)
	at org.testng.TestRunner.run(TestRunner.java:632)
	at org.testng.SuiteRunner.runTest(SuiteRunner.java:366)
	at org.testng.SuiteRunner.runSequentially(SuiteRunner.java:361)
	at org.testng.SuiteRunner.privateRun(SuiteRunner.java:319)
	at org.testng.SuiteRunner.run(SuiteRunner.java:268)
	at org.testng.SuiteRunnerWorker.runSuite(SuiteRunnerWorker.java:52)
	at org.testng.SuiteRunnerWorker.run(SuiteRunnerWorker.java:86)
	at org.testng.TestNG.runSuitesSequentially(TestNG.java:1244)
	at org.testng.TestNG.runSuitesLocally(TestNG.java:1169)
	at org.testng.TestNG.run(TestNG.java:1064)
	at org.testng.remote.AbstractRemoteTestNG.run(AbstractRemoteTestNG.java:114)
	at org.testng.remote.RemoteTestNG.initAndRun(RemoteTestNG.java:251)
	at org.testng.remote.RemoteTestNG.main(RemoteTestNG.java:77)
]]>
    </failure>
  </testcase> <!-- verifyGlobalCurrencyListOfCurrencyDisplayInCreateCompany -->
  <testcase name="verifyOkButtonPasswordBlakInCreateCompany" time="6.287" classname="com.focus.testcases.LoginPageCompanyCreationTest"/>
  <testcase name="verifyLogoutAfterCreateCompanyAndSignIn" time="2.988" classname="com.focus.testcases.LoginPageCompanyCreationTest"/>
  <testcase name="verifyCalenderTypeValuesInCreateCompany" time="2.735" classname="com.focus.testcases.LoginPageCompanyCreationTest"/>
  <testcase name="verifyLoginScreenAfterCompanyCreationInCreateCompany" time="2.723" classname="com.focus.testcases.LoginPageCompanyCreationTest"/>
  <testcase name="verifyLanguageDefaultLanguageComboboxInCreateCompany" time="2.083" classname="com.focus.testcases.LoginPageCompanyCreationTest"/>
  <testcase name="verifyAccountingDateFormatInCreateCompany" time="2.738" classname="com.focus.testcases.LoginPageCompanyCreationTest"/>
  <testcase name="verifyCountryIndiaDisplayInCreateCompany" time="2.585" classname="com.focus.testcases.LoginPageCompanyCreationTest"/>
  <testcase name="checkCreateCompanyInLoginPage" time="7.439" classname="com.focus.testcases.LoginPageCompanyCreationTest"/>
  <testcase name="verifyCalenderTypeCountAndDefaultValueInCreateCompany" time="2.853" classname="com.focus.testcases.LoginPageCompanyCreationTest"/>
  <testcase name="verifyDefaultLanguageComboboxByUnSelectLangaugesInCreateCompany" time="2.726" classname="com.focus.testcases.LoginPageCompanyCreationTest"/>
  <testcase name="verifyOkButtonCompanyNameBlakInCreateCompany" time="4.428" classname="com.focus.testcases.LoginPageCompanyCreationTest"/>
  <testcase name="checkCompanyCreatePageFields" time="11.350" classname="com.focus.testcases.LoginPageCompanyCreationTest"/>
  <testcase name="verifySignInAfterCreateCompany" time="12.140" classname="com.focus.testcases.LoginPageCompanyCreationTest"/>
  <testcase name="verifyDefaultLanguageComboboxBySelectLangaugesInCreateCompany" time="2.912" classname="com.focus.testcases.LoginPageCompanyCreationTest"/>
  <testcase name="verifyCompanyLogoInCreateCompany" time="189.203" classname="com.focus.testcases.LoginPageCompanyCreationTest"/>
  <testcase name="verifyGlobalCurrencyDefaltValueDisplayInCreateCompany" time="2.658" classname="com.focus.testcases.LoginPageCompanyCreationTest"/>
  <testcase name="verifyCountryComboboxCountInCreateCompany" time="2.714" classname="com.focus.testcases.LoginPageCompanyCreationTest"/>
  <testcase name="verifyCompanyListAfterCreateCompany" time="7.584" classname="com.focus.testcases.LoginPageCompanyCreationTest"/>
</testsuite> <!-- com.focus.testcases.LoginPageCompanyCreationTest -->
