<?xml version="1.0" encoding="UTF-8"?>
<!-- Generated by org.testng.reporters.JUnitReportReporter -->
<testsuite hostname="FOCUS-QA-118" name="com.focus.testcases.SmokePreferencesTest" tests="84" failures="6" timestamp="14 Jun 2021 15:00:29 GMT" time="763.056" errors="0">
  <testcase name="verifyUpdateMRNstockvaluethroughPurchaseOption" time="4.662" classname="com.focus.testcases.SmokePreferencesTest"/>
  <testcase name="verifyUpdateButtonInMailSettings" time="9.787" classname="com.focus.testcases.SmokePreferencesTest"/>
  <testcase name="verifyCloseButtonInMailSettings" time="4.993" classname="com.focus.testcases.SmokePreferencesTest"/>
  <testcase name="verifyCloseButton" time="4.722" classname="com.focus.testcases.SmokePreferencesTest"/>
  <testcase name="checkUpdatingtheMailSettingsbyUpdatingEmailid" time="12.788" classname="com.focus.testcases.SmokePreferencesTest"/>
  <testcase name="checkBudgetScreenUnderPreference" time="11.793" classname="com.focus.testcases.SmokePreferencesTest"/>
  <testcase name="checkEditAndSavingRateValues" time="16.777" classname="com.focus.testcases.SmokePreferencesTest"/>
  <testcase name="verifyUserSecureConnection" time="4.439" classname="com.focus.testcases.SmokePreferencesTest"/>
  <testcase name="verifyEnableBinsOption" time="5.006" classname="com.focus.testcases.SmokePreferencesTest"/>
  <testcase name="checkLetterForCreditInPreferences" time="9.403" classname="com.focus.testcases.SmokePreferencesTest">
    <failure type="java.lang.AssertionError" message="expected [true] but found [false]">
      <![CDATA[java.lang.AssertionError: expected [true] but found [false]
	at org.testng.Assert.fail(Assert.java:94)
	at org.testng.Assert.failNotEquals(Assert.java:513)
	at org.testng.Assert.assertEqualsImpl(Assert.java:135)
	at org.testng.Assert.assertEquals(Assert.java:116)
	at org.testng.Assert.assertEquals(Assert.java:305)
	at org.testng.Assert.assertEquals(Assert.java:315)
	at com.focus.testcases.SmokePreferencesTest.checkLetterForCreditInPreferences(SmokePreferencesTest.java:716)
	at sun.reflect.NativeMethodAccessorImpl.invoke0(Native Method)
	at sun.reflect.NativeMethodAccessorImpl.invoke(Unknown Source)
	at sun.reflect.DelegatingMethodAccessorImpl.invoke(Unknown Source)
	at java.lang.reflect.Method.invoke(Unknown Source)
	at org.testng.internal.MethodInvocationHelper.invokeMethod(MethodInvocationHelper.java:86)
	at org.testng.internal.Invoker.invokeMethod(Invoker.java:643)
	at org.testng.internal.Invoker.invokeTestMethod(Invoker.java:820)
	at org.testng.internal.Invoker.invokeTestMethods(Invoker.java:1128)
	at org.testng.internal.TestMethodWorker.invokeTestMethods(TestMethodWorker.java:129)
	at org.testng.internal.TestMethodWorker.run(TestMethodWorker.java:112)
	at org.testng.TestRunner.privateRun(TestRunner.java:782)
	at org.testng.TestRunner.run(TestRunner.java:632)
	at org.testng.SuiteRunner.runTest(SuiteRunner.java:366)
	at org.testng.SuiteRunner.runSequentially(SuiteRunner.java:361)
	at org.testng.SuiteRunner.privateRun(SuiteRunner.java:319)
	at org.testng.SuiteRunner.run(SuiteRunner.java:268)
	at org.testng.SuiteRunnerWorker.runSuite(SuiteRunnerWorker.java:52)
	at org.testng.SuiteRunnerWorker.run(SuiteRunnerWorker.java:86)
	at org.testng.TestNG.runSuitesSequentially(TestNG.java:1244)
	at org.testng.TestNG.runSuitesLocally(TestNG.java:1169)
	at org.testng.TestNG.run(TestNG.java:1064)
	at org.testng.remote.AbstractRemoteTestNG.run(AbstractRemoteTestNG.java:114)
	at org.testng.remote.RemoteTestNG.initAndRun(RemoteTestNG.java:251)
	at org.testng.remote.RemoteTestNG.main(RemoteTestNG.java:77)
]]>
    </failure>
  </testcase> <!-- checkLetterForCreditInPreferences -->
  <testcase name="verifyARAPinPreferences" time="4.605" classname="com.focus.testcases.SmokePreferencesTest"/>
  <testcase name="checkVATInPreferences" time="7.698" classname="com.focus.testcases.SmokePreferencesTest"/>
  <testcase name="checkExternalModulesInPreferences" time="17.630" classname="com.focus.testcases.SmokePreferencesTest"/>
  <testcase name="checkSaveVATAccountsInPreferences" time="35.654" classname="com.focus.testcases.SmokePreferencesTest"/>
  <testcase name="verifyEditTagsByUpdateOkButton" time="5.111" classname="com.focus.testcases.SmokePreferencesTest"/>
  <testcase name="verifyAuthenticationType" time="7.449" classname="com.focus.testcases.SmokePreferencesTest"/>
  <testcase name="verifyIncludeReservestockinStockLedgerOption" time="4.822" classname="com.focus.testcases.SmokePreferencesTest"/>
  <testcase name="checkTagsDefaultTagSettingsOption" time="7.197" classname="com.focus.testcases.SmokePreferencesTest"/>
  <testcase name="verifyDependOnMaintainBillWiseFroARAPOptions" time="4.661" classname="com.focus.testcases.SmokePreferencesTest"/>
  <testcase name="checkSavedOptionsInPreferences" time="92.590" classname="com.focus.testcases.SmokePreferencesTest"/>
  <testcase name="checkAvailableOptionsInSettingsMenu" time="10.436" classname="com.focus.testcases.SmokePreferencesTest"/>
  <testcase name="verifyTagsAfterSaveTags" time="13.997" classname="com.focus.testcases.SmokePreferencesTest"/>
  <testcase name="verifyUpdateButtonInBatches" time="9.417" classname="com.focus.testcases.SmokePreferencesTest"/>
  <testcase name="verifySMTPAddress" time="4.461" classname="com.focus.testcases.SmokePreferencesTest"/>
  <testcase name="verifyEnableAccountingTag" time="13.100" classname="com.focus.testcases.SmokePreferencesTest"/>
  <testcase name="verifyLocalCurrencyOption" time="4.374" classname="com.focus.testcases.SmokePreferencesTest"/>
  <testcase name="checkUpdatedEmailid" time="10.290" classname="com.focus.testcases.SmokePreferencesTest"/>
  <testcase name="checkConfigureTransactionsMenu" time="22.989" classname="com.focus.testcases.SmokePreferencesTest"/>
  <testcase name="checkUpdatebuttonARAP" time="10.138" classname="com.focus.testcases.SmokePreferencesTest"/>
  <testcase name="checkCreateVATInputAccountInPreferences" time="11.537" classname="com.focus.testcases.SmokePreferencesTest"/>
  <testcase name="checkSelectingAPTagAsDeparment" time="4.460" classname="com.focus.testcases.SmokePreferencesTest"/>
  <testcase name="verifyPickCreditDayFromOptions" time="5.456" classname="com.focus.testcases.SmokePreferencesTest"/>
  <testcase name="verifyUpdateButton" time="6.441" classname="com.focus.testcases.SmokePreferencesTest"/>
  <testcase name="checkUpdatedFieldsinMailSettings" time="16.930" classname="com.focus.testcases.SmokePreferencesTest"/>
  <testcase name="checkSavingtheSaleandPurchaseRates" time="13.305" classname="com.focus.testcases.SmokePreferencesTest"/>
  <testcase name="checkEnableSellingRateBuyingRateTag" time="10.117" classname="com.focus.testcases.SmokePreferencesTest">
    <failure type="java.lang.AssertionError" message="expected [true] but found [false]">
      <![CDATA[java.lang.AssertionError: expected [true] but found [false]
	at org.testng.Assert.fail(Assert.java:94)
	at org.testng.Assert.failNotEquals(Assert.java:513)
	at org.testng.Assert.assertEqualsImpl(Assert.java:135)
	at org.testng.Assert.assertEquals(Assert.java:116)
	at org.testng.Assert.assertEquals(Assert.java:305)
	at org.testng.Assert.assertEquals(Assert.java:315)
	at com.focus.testcases.SmokePreferencesTest.checkEnableSellingRateBuyingRateTag(SmokePreferencesTest.java:91)
	at sun.reflect.NativeMethodAccessorImpl.invoke0(Native Method)
	at sun.reflect.NativeMethodAccessorImpl.invoke(Unknown Source)
	at sun.reflect.DelegatingMethodAccessorImpl.invoke(Unknown Source)
	at java.lang.reflect.Method.invoke(Unknown Source)
	at org.testng.internal.MethodInvocationHelper.invokeMethod(MethodInvocationHelper.java:86)
	at org.testng.internal.Invoker.invokeMethod(Invoker.java:643)
	at org.testng.internal.Invoker.invokeTestMethod(Invoker.java:820)
	at org.testng.internal.Invoker.invokeTestMethods(Invoker.java:1128)
	at org.testng.internal.TestMethodWorker.invokeTestMethods(TestMethodWorker.java:129)
	at org.testng.internal.TestMethodWorker.run(TestMethodWorker.java:112)
	at org.testng.TestRunner.privateRun(TestRunner.java:782)
	at org.testng.TestRunner.run(TestRunner.java:632)
	at org.testng.SuiteRunner.runTest(SuiteRunner.java:366)
	at org.testng.SuiteRunner.runSequentially(SuiteRunner.java:361)
	at org.testng.SuiteRunner.privateRun(SuiteRunner.java:319)
	at org.testng.SuiteRunner.run(SuiteRunner.java:268)
	at org.testng.SuiteRunnerWorker.runSuite(SuiteRunnerWorker.java:52)
	at org.testng.SuiteRunnerWorker.run(SuiteRunnerWorker.java:86)
	at org.testng.TestNG.runSuitesSequentially(TestNG.java:1244)
	at org.testng.TestNG.runSuitesLocally(TestNG.java:1169)
	at org.testng.TestNG.run(TestNG.java:1064)
	at org.testng.remote.AbstractRemoteTestNG.run(AbstractRemoteTestNG.java:114)
	at org.testng.remote.RemoteTestNG.initAndRun(RemoteTestNG.java:251)
	at org.testng.remote.RemoteTestNG.main(RemoteTestNG.java:77)
]]>
    </failure>
  </testcase> <!-- checkEnableSellingRateBuyingRateTag -->
  <testcase name="checkAccountsinPreferences" time="8.108" classname="com.focus.testcases.SmokePreferencesTest">
    <failure type="java.lang.AssertionError" message="expected [true] but found [false]">
      <![CDATA[java.lang.AssertionError: expected [true] but found [false]
	at org.testng.Assert.fail(Assert.java:94)
	at org.testng.Assert.failNotEquals(Assert.java:513)
	at org.testng.Assert.assertEqualsImpl(Assert.java:135)
	at org.testng.Assert.assertEquals(Assert.java:116)
	at org.testng.Assert.assertEquals(Assert.java:305)
	at org.testng.Assert.assertEquals(Assert.java:315)
	at com.focus.testcases.SmokePreferencesTest.checkAccountsinPreferences(SmokePreferencesTest.java:163)
	at sun.reflect.NativeMethodAccessorImpl.invoke0(Native Method)
	at sun.reflect.NativeMethodAccessorImpl.invoke(Unknown Source)
	at sun.reflect.DelegatingMethodAccessorImpl.invoke(Unknown Source)
	at java.lang.reflect.Method.invoke(Unknown Source)
	at org.testng.internal.MethodInvocationHelper.invokeMethod(MethodInvocationHelper.java:86)
	at org.testng.internal.Invoker.invokeMethod(Invoker.java:643)
	at org.testng.internal.Invoker.invokeTestMethod(Invoker.java:820)
	at org.testng.internal.Invoker.invokeTestMethods(Invoker.java:1128)
	at org.testng.internal.TestMethodWorker.invokeTestMethods(TestMethodWorker.java:129)
	at org.testng.internal.TestMethodWorker.run(TestMethodWorker.java:112)
	at org.testng.TestRunner.privateRun(TestRunner.java:782)
	at org.testng.TestRunner.run(TestRunner.java:632)
	at org.testng.SuiteRunner.runTest(SuiteRunner.java:366)
	at org.testng.SuiteRunner.runSequentially(SuiteRunner.java:361)
	at org.testng.SuiteRunner.privateRun(SuiteRunner.java:319)
	at org.testng.SuiteRunner.run(SuiteRunner.java:268)
	at org.testng.SuiteRunnerWorker.runSuite(SuiteRunnerWorker.java:52)
	at org.testng.SuiteRunnerWorker.run(SuiteRunnerWorker.java:86)
	at org.testng.TestNG.runSuitesSequentially(TestNG.java:1244)
	at org.testng.TestNG.runSuitesLocally(TestNG.java:1169)
	at org.testng.TestNG.run(TestNG.java:1064)
	at org.testng.remote.AbstractRemoteTestNG.run(AbstractRemoteTestNG.java:114)
	at org.testng.remote.RemoteTestNG.initAndRun(RemoteTestNG.java:251)
	at org.testng.remote.RemoteTestNG.main(RemoteTestNG.java:77)
]]>
    </failure>
  </testcase> <!-- checkAccountsinPreferences -->
  <testcase name="verifyUpdateInventoryOptions" time="1.636" classname="com.focus.testcases.SmokePreferencesTest"/>
  <testcase name="verifyAvailbilityofBatch" time="4.523" classname="com.focus.testcases.SmokePreferencesTest"/>
  <testcase name="checkSelectingARTagAsDeparment" time="4.809" classname="com.focus.testcases.SmokePreferencesTest"/>
  <testcase name="verifyMiscellaneousInPreferences" time="4.299" classname="com.focus.testcases.SmokePreferencesTest"/>
  <testcase name="verifyInputUnitsinTransactionsOption" time="4.592" classname="com.focus.testcases.SmokePreferencesTest"/>
  <testcase name="verifykMailSettings" time="6.547" classname="com.focus.testcases.SmokePreferencesTest"/>
  <testcase name="verifyInventoryOptions" time="5.242" classname="com.focus.testcases.SmokePreferencesTest"/>
  <testcase name="verifyUpdateButtonInRMA" time="8.427" classname="com.focus.testcases.SmokePreferencesTest"/>
  <testcase name="checkEnableOverDueCheckOptions" time="4.455" classname="com.focus.testcases.SmokePreferencesTest"/>
  <testcase name="verifyEnableRMASupportOption" time="4.451" classname="com.focus.testcases.SmokePreferencesTest"/>
  <testcase name="verifyMiscellaneousOptions" time="6.295" classname="com.focus.testcases.SmokePreferencesTest"/>
  <testcase name="verifyReservation" time="5.075" classname="com.focus.testcases.SmokePreferencesTest"/>
  <testcase name="verifyRMAOptions" time="6.670" classname="com.focus.testcases.SmokePreferencesTest"/>
  <testcase name="checkMRPInPreferences" time="7.708" classname="com.focus.testcases.SmokePreferencesTest"/>
  <testcase name="checkUpdateButtonInBins" time="9.401" classname="com.focus.testcases.SmokePreferencesTest"/>
  <testcase name="verifyAvailbilityofBins" time="4.420" classname="com.focus.testcases.SmokePreferencesTest"/>
  <testcase name="checkMastersOptioninthePreferences" time="5.938" classname="com.focus.testcases.SmokePreferencesTest"/>
  <testcase name="verifyEditTagsByUpdateButton" time="6.298" classname="com.focus.testcases.SmokePreferencesTest"/>
  <testcase name="verifySavingDependOnMaintainBillWiseFroARAPOptions" time="4.520" classname="com.focus.testcases.SmokePreferencesTest"/>
  <testcase name="verifyAvailbilityofInventory" time="5.896" classname="com.focus.testcases.SmokePreferencesTest"/>
  <testcase name="verifyPassword" time="4.794" classname="com.focus.testcases.SmokePreferencesTest"/>
  <testcase name="checkAvailbilityofPDCandPDCOptionsinPreference" time="6.866" classname="com.focus.testcases.SmokePreferencesTest"/>
  <testcase name="checkINFOInPreferences" time="8.554" classname="com.focus.testcases.SmokePreferencesTest"/>
  <testcase name="checkPreferencesOption" time="13.827" classname="com.focus.testcases.SmokePreferencesTest"/>
  <testcase name="verifyAvailbilityofRMA" time="4.200" classname="com.focus.testcases.SmokePreferencesTest"/>
  <testcase name="verifyInputingLocalCurrencyOption" time="4.814" classname="com.focus.testcases.SmokePreferencesTest"/>
  <testcase name="checkMailSettings" time="6.517" classname="com.focus.testcases.SmokePreferencesTest"/>
  <testcase name="verifyEnableCreditLimitCheckOptions" time="5.513" classname="com.focus.testcases.SmokePreferencesTest"/>
  <testcase name="checkPOSInPreferences" time="9.374" classname="com.focus.testcases.SmokePreferencesTest"/>
  <testcase name="verifySMTPsettings" time="4.428" classname="com.focus.testcases.SmokePreferencesTest"/>
  <testcase name="verifyEMail" time="5.430" classname="com.focus.testcases.SmokePreferencesTest"/>
  <testcase name="checkUpdateOkbuttonMiscelleanous" time="7.089" classname="com.focus.testcases.SmokePreferencesTest"/>
  <testcase name="checkProductionInPreferences" time="7.759" classname="com.focus.testcases.SmokePreferencesTest"/>
  <testcase name="checkEnableBatchExpiryOptions" time="4.816" classname="com.focus.testcases.SmokePreferencesTest"/>
  <testcase name="checkCloseAndLogoutTheCompany" time="4.487" classname="com.focus.testcases.SmokePreferencesTest"/>
  <testcase name="verifyEnableBins" time="4.468" classname="com.focus.testcases.SmokePreferencesTest"/>
  <testcase name="verifyARAPoptions" time="5.162" classname="com.focus.testcases.SmokePreferencesTest"/>
  <testcase name="verifyEnableInventoryTag" time="6.373" classname="com.focus.testcases.SmokePreferencesTest">
    <failure type="java.lang.AssertionError" message="expected [true] but found [false]">
      <![CDATA[java.lang.AssertionError: expected [true] but found [false]
	at org.testng.Assert.fail(Assert.java:94)
	at org.testng.Assert.failNotEquals(Assert.java:513)
	at org.testng.Assert.assertEqualsImpl(Assert.java:135)
	at org.testng.Assert.assertEquals(Assert.java:116)
	at org.testng.Assert.assertEquals(Assert.java:305)
	at org.testng.Assert.assertEquals(Assert.java:315)
	at com.focus.testcases.SmokePreferencesTest.verifyEnableInventoryTag(SmokePreferencesTest.java:82)
	at sun.reflect.NativeMethodAccessorImpl.invoke0(Native Method)
	at sun.reflect.NativeMethodAccessorImpl.invoke(Unknown Source)
	at sun.reflect.DelegatingMethodAccessorImpl.invoke(Unknown Source)
	at java.lang.reflect.Method.invoke(Unknown Source)
	at org.testng.internal.MethodInvocationHelper.invokeMethod(MethodInvocationHelper.java:86)
	at org.testng.internal.Invoker.invokeMethod(Invoker.java:643)
	at org.testng.internal.Invoker.invokeTestMethod(Invoker.java:820)
	at org.testng.internal.Invoker.invokeTestMethods(Invoker.java:1128)
	at org.testng.internal.TestMethodWorker.invokeTestMethods(TestMethodWorker.java:129)
	at org.testng.internal.TestMethodWorker.run(TestMethodWorker.java:112)
	at org.testng.TestRunner.privateRun(TestRunner.java:782)
	at org.testng.TestRunner.run(TestRunner.java:632)
	at org.testng.SuiteRunner.runTest(SuiteRunner.java:366)
	at org.testng.SuiteRunner.runSequentially(SuiteRunner.java:361)
	at org.testng.SuiteRunner.privateRun(SuiteRunner.java:319)
	at org.testng.SuiteRunner.run(SuiteRunner.java:268)
	at org.testng.SuiteRunnerWorker.runSuite(SuiteRunnerWorker.java:52)
	at org.testng.SuiteRunnerWorker.run(SuiteRunnerWorker.java:86)
	at org.testng.TestNG.runSuitesSequentially(TestNG.java:1244)
	at org.testng.TestNG.runSuitesLocally(TestNG.java:1169)
	at org.testng.TestNG.run(TestNG.java:1064)
	at org.testng.remote.AbstractRemoteTestNG.run(AbstractRemoteTestNG.java:114)
	at org.testng.remote.RemoteTestNG.initAndRun(RemoteTestNG.java:251)
	at org.testng.remote.RemoteTestNG.main(RemoteTestNG.java:77)
]]>
    </failure>
  </testcase> <!-- verifyEnableInventoryTag -->
  <testcase name="checkFixedAssetsInPreferences" time="7.319" classname="com.focus.testcases.SmokePreferencesTest">
    <failure type="java.lang.AssertionError" message="expected [true] but found [false]">
      <![CDATA[java.lang.AssertionError: expected [true] but found [false]
	at org.testng.Assert.fail(Assert.java:94)
	at org.testng.Assert.failNotEquals(Assert.java:513)
	at org.testng.Assert.assertEqualsImpl(Assert.java:135)
	at org.testng.Assert.assertEquals(Assert.java:116)
	at org.testng.Assert.assertEquals(Assert.java:305)
	at org.testng.Assert.assertEquals(Assert.java:315)
	at com.focus.testcases.SmokePreferencesTest.checkFixedAssetsInPreferences(SmokePreferencesTest.java:666)
	at sun.reflect.NativeMethodAccessorImpl.invoke0(Native Method)
	at sun.reflect.NativeMethodAccessorImpl.invoke(Unknown Source)
	at sun.reflect.DelegatingMethodAccessorImpl.invoke(Unknown Source)
	at java.lang.reflect.Method.invoke(Unknown Source)
	at org.testng.internal.MethodInvocationHelper.invokeMethod(MethodInvocationHelper.java:86)
	at org.testng.internal.Invoker.invokeMethod(Invoker.java:643)
	at org.testng.internal.Invoker.invokeTestMethod(Invoker.java:820)
	at org.testng.internal.Invoker.invokeTestMethods(Invoker.java:1128)
	at org.testng.internal.TestMethodWorker.invokeTestMethods(TestMethodWorker.java:129)
	at org.testng.internal.TestMethodWorker.run(TestMethodWorker.java:112)
	at org.testng.TestRunner.privateRun(TestRunner.java:782)
	at org.testng.TestRunner.run(TestRunner.java:632)
	at org.testng.SuiteRunner.runTest(SuiteRunner.java:366)
	at org.testng.SuiteRunner.runSequentially(SuiteRunner.java:361)
	at org.testng.SuiteRunner.privateRun(SuiteRunner.java:319)
	at org.testng.SuiteRunner.run(SuiteRunner.java:268)
	at org.testng.SuiteRunnerWorker.runSuite(SuiteRunnerWorker.java:52)
	at org.testng.SuiteRunnerWorker.run(SuiteRunnerWorker.java:86)
	at org.testng.TestNG.runSuitesSequentially(TestNG.java:1244)
	at org.testng.TestNG.runSuitesLocally(TestNG.java:1169)
	at org.testng.TestNG.run(TestNG.java:1064)
	at org.testng.remote.AbstractRemoteTestNG.run(AbstractRemoteTestNG.java:114)
	at org.testng.remote.RemoteTestNG.initAndRun(RemoteTestNG.java:251)
	at org.testng.remote.RemoteTestNG.main(RemoteTestNG.java:77)
]]>
    </failure>
  </testcase> <!-- checkFixedAssetsInPreferences -->
  <testcase name="verifyUpdatedTagsAfterUpdate" time="13.956" classname="com.focus.testcases.SmokePreferencesTest"/>
  <testcase name="checkQualityControlInPreferences" time="5.018" classname="com.focus.testcases.SmokePreferencesTest"/>
  <testcase name="verifyUpdateOkButton" time="5.944" classname="com.focus.testcases.SmokePreferencesTest"/>
  <testcase name="verifyEnableBatchNumbersOption" time="5.163" classname="com.focus.testcases.SmokePreferencesTest"/>
  <testcase name="checkLoginCompanyWithValidCredentials" time="19.809" classname="com.focus.testcases.SmokePreferencesTest"/>
  <testcase name="checkWarehouseMangementInPreferences" time="15.719" classname="com.focus.testcases.SmokePreferencesTest">
    <failure type="java.lang.AssertionError" message="expected [true] but found [false]">
      <![CDATA[java.lang.AssertionError: expected [true] but found [false]
	at org.testng.Assert.fail(Assert.java:94)
	at org.testng.Assert.failNotEquals(Assert.java:513)
	at org.testng.Assert.assertEqualsImpl(Assert.java:135)
	at org.testng.Assert.assertEquals(Assert.java:116)
	at org.testng.Assert.assertEquals(Assert.java:305)
	at org.testng.Assert.assertEquals(Assert.java:315)
	at com.focus.testcases.SmokePreferencesTest.checkWarehouseMangementInPreferences(SmokePreferencesTest.java:708)
	at sun.reflect.NativeMethodAccessorImpl.invoke0(Native Method)
	at sun.reflect.NativeMethodAccessorImpl.invoke(Unknown Source)
	at sun.reflect.DelegatingMethodAccessorImpl.invoke(Unknown Source)
	at java.lang.reflect.Method.invoke(Unknown Source)
	at org.testng.internal.MethodInvocationHelper.invokeMethod(MethodInvocationHelper.java:86)
	at org.testng.internal.Invoker.invokeMethod(Invoker.java:643)
	at org.testng.internal.Invoker.invokeTestMethod(Invoker.java:820)
	at org.testng.internal.Invoker.invokeTestMethods(Invoker.java:1128)
	at org.testng.internal.TestMethodWorker.invokeTestMethods(TestMethodWorker.java:129)
	at org.testng.internal.TestMethodWorker.run(TestMethodWorker.java:112)
	at org.testng.TestRunner.privateRun(TestRunner.java:782)
	at org.testng.TestRunner.run(TestRunner.java:632)
	at org.testng.SuiteRunner.runTest(SuiteRunner.java:366)
	at org.testng.SuiteRunner.runSequentially(SuiteRunner.java:361)
	at org.testng.SuiteRunner.privateRun(SuiteRunner.java:319)
	at org.testng.SuiteRunner.run(SuiteRunner.java:268)
	at org.testng.SuiteRunnerWorker.runSuite(SuiteRunnerWorker.java:52)
	at org.testng.SuiteRunnerWorker.run(SuiteRunnerWorker.java:86)
	at org.testng.TestNG.runSuitesSequentially(TestNG.java:1244)
	at org.testng.TestNG.runSuitesLocally(TestNG.java:1169)
	at org.testng.TestNG.run(TestNG.java:1064)
	at org.testng.remote.AbstractRemoteTestNG.run(AbstractRemoteTestNG.java:114)
	at org.testng.remote.RemoteTestNG.initAndRun(RemoteTestNG.java:251)
	at org.testng.remote.RemoteTestNG.main(RemoteTestNG.java:77)
]]>
    </failure>
  </testcase> <!-- checkWarehouseMangementInPreferences -->
  <testcase name="verifyOutgoingPort" time="6.960" classname="com.focus.testcases.SmokePreferencesTest"/>
  <testcase name="checkPronghornInPreferences" time="10.152" classname="com.focus.testcases.SmokePreferencesTest"/>
</testsuite> <!-- com.focus.testcases.SmokePreferencesTest -->
