<?xml version="1.0" encoding="UTF-8"?>
<!-- Generated by org.testng.reporters.JUnitReportReporter -->
<testsuite hostname="FOCUS-QA-118" name="com.focus.testcases.SmokeCurrencyTest" tests="35" failures="3" timestamp="14 Jun 2021 15:00:29 GMT" time="578.767" errors="0">
  <testcase name="checkImportedValuesSecondInExchangeRate" time="27.355" classname="com.focus.testcases.SmokeCurrencyTest"/>
  <testcase name="checkClickOnExchangeRateFromCurrecnyMenu" time="11.248" classname="com.focus.testcases.SmokeCurrencyTest"/>
  <testcase name="checkCancelOptionSaveExchangeRateInExchangeRateOptionInCurrencyMaster" time="10.783" classname="com.focus.testcases.SmokeCurrencyTest"/>
  <testcase name="checkSaveOptionInCurrencyMaster" time="29.749" classname="com.focus.testcases.SmokeCurrencyTest"/>
  <testcase name="checkDeleteRowInUSDExchangeRate" time="6.704" classname="com.focus.testcases.SmokeCurrencyTest"/>
  <testcase name="checkCurrencyUpdateInformationInCurrencyMaster" time="19.025" classname="com.focus.testcases.SmokeCurrencyTest">
    <failure type="java.lang.AssertionError" message="expected [true] but found [false]">
      <![CDATA[java.lang.AssertionError: expected [true] but found [false]
	at org.testng.Assert.fail(Assert.java:94)
	at org.testng.Assert.failNotEquals(Assert.java:513)
	at org.testng.Assert.assertEqualsImpl(Assert.java:135)
	at org.testng.Assert.assertEquals(Assert.java:116)
	at org.testng.Assert.assertEquals(Assert.java:305)
	at org.testng.Assert.assertEquals(Assert.java:315)
	at com.focus.testcases.SmokeCurrencyTest.checkCurrencyUpdateInformationInCurrencyMaster(SmokeCurrencyTest.java:50)
	at sun.reflect.NativeMethodAccessorImpl.invoke0(Native Method)
	at sun.reflect.NativeMethodAccessorImpl.invoke(Unknown Source)
	at sun.reflect.DelegatingMethodAccessorImpl.invoke(Unknown Source)
	at java.lang.reflect.Method.invoke(Unknown Source)
	at org.testng.internal.MethodInvocationHelper.invokeMethod(MethodInvocationHelper.java:86)
	at org.testng.internal.Invoker.invokeMethod(Invoker.java:643)
	at org.testng.internal.Invoker.invokeTestMethod(Invoker.java:820)
	at org.testng.internal.Invoker.invokeTestMethods(Invoker.java:1128)
	at org.testng.internal.TestMethodWorker.invokeTestMethods(TestMethodWorker.java:129)
	at org.testng.internal.TestMethodWorker.run(TestMethodWorker.java:112)
	at org.testng.TestRunner.privateRun(TestRunner.java:782)
	at org.testng.TestRunner.run(TestRunner.java:632)
	at org.testng.SuiteRunner.runTest(SuiteRunner.java:366)
	at org.testng.SuiteRunner.runSequentially(SuiteRunner.java:361)
	at org.testng.SuiteRunner.privateRun(SuiteRunner.java:319)
	at org.testng.SuiteRunner.run(SuiteRunner.java:268)
	at org.testng.SuiteRunnerWorker.runSuite(SuiteRunnerWorker.java:52)
	at org.testng.SuiteRunnerWorker.run(SuiteRunnerWorker.java:86)
	at org.testng.TestNG.runSuitesSequentially(TestNG.java:1244)
	at org.testng.TestNG.runSuitesLocally(TestNG.java:1169)
	at org.testng.TestNG.run(TestNG.java:1064)
	at org.testng.remote.AbstractRemoteTestNG.run(AbstractRemoteTestNG.java:114)
	at org.testng.remote.RemoteTestNG.initAndRun(RemoteTestNG.java:251)
	at org.testng.remote.RemoteTestNG.main(RemoteTestNG.java:77)
]]>
    </failure>
  </testcase> <!-- checkCurrencyUpdateInformationInCurrencyMaster -->
  <testcase name="checkExchangeRateHistoryClearButton" time="5.808" classname="com.focus.testcases.SmokeCurrencyTest"/>
  <testcase name="checkSavedCurrencyValuesAfterDeleteAndInput" time="30.613" classname="com.focus.testcases.SmokeCurrencyTest"/>
  <testcase name="checkSelectColumnsMappingInImportScreenOfExchangeRate" time="6.501" classname="com.focus.testcases.SmokeCurrencyTest"/>
  <testcase name="checkCurrencyMenuUnderMastersMenuFromHomeMenu" time="6.973" classname="com.focus.testcases.SmokeCurrencyTest"/>
  <testcase name="checkLogoutInCurrencyMasterPage" time="5.047" classname="com.focus.testcases.SmokeCurrencyTest"/>
  <testcase name="checkSaveAEDExchangeRate" time="50.682" classname="com.focus.testcases.SmokeCurrencyTest"/>
  <testcase name="checkImportedValuesFirstInExchangeRate" time="27.172" classname="com.focus.testcases.SmokeCurrencyTest"/>
  <testcase name="checkCancelOptionInExchangeRateHistory" time="6.476" classname="com.focus.testcases.SmokeCurrencyTest"/>
  <testcase name="checkSaveExchangeRateBaseCurrencyUSD" time="26.614" classname="com.focus.testcases.SmokeCurrencyTest"/>
  <testcase name="checkExchangeRateHistorySelectAED" time="26.309" classname="com.focus.testcases.SmokeCurrencyTest">
    <failure type="java.lang.AssertionError" message="expected [true] but found [false]">
      <![CDATA[java.lang.AssertionError: expected [true] but found [false]
	at org.testng.Assert.fail(Assert.java:94)
	at org.testng.Assert.failNotEquals(Assert.java:513)
	at org.testng.Assert.assertEqualsImpl(Assert.java:135)
	at org.testng.Assert.assertEquals(Assert.java:116)
	at org.testng.Assert.assertEquals(Assert.java:305)
	at org.testng.Assert.assertEquals(Assert.java:315)
	at com.focus.testcases.SmokeCurrencyTest.checkExchangeRateHistorySelectAED(SmokeCurrencyTest.java:264)
	at sun.reflect.NativeMethodAccessorImpl.invoke0(Native Method)
	at sun.reflect.NativeMethodAccessorImpl.invoke(Unknown Source)
	at sun.reflect.DelegatingMethodAccessorImpl.invoke(Unknown Source)
	at java.lang.reflect.Method.invoke(Unknown Source)
	at org.testng.internal.MethodInvocationHelper.invokeMethod(MethodInvocationHelper.java:86)
	at org.testng.internal.Invoker.invokeMethod(Invoker.java:643)
	at org.testng.internal.Invoker.invokeTestMethod(Invoker.java:820)
	at org.testng.internal.Invoker.invokeTestMethods(Invoker.java:1128)
	at org.testng.internal.TestMethodWorker.invokeTestMethods(TestMethodWorker.java:129)
	at org.testng.internal.TestMethodWorker.run(TestMethodWorker.java:112)
	at org.testng.TestRunner.privateRun(TestRunner.java:782)
	at org.testng.TestRunner.run(TestRunner.java:632)
	at org.testng.SuiteRunner.runTest(SuiteRunner.java:366)
	at org.testng.SuiteRunner.runSequentially(SuiteRunner.java:361)
	at org.testng.SuiteRunner.privateRun(SuiteRunner.java:319)
	at org.testng.SuiteRunner.run(SuiteRunner.java:268)
	at org.testng.SuiteRunnerWorker.runSuite(SuiteRunnerWorker.java:52)
	at org.testng.SuiteRunnerWorker.run(SuiteRunnerWorker.java:86)
	at org.testng.TestNG.runSuitesSequentially(TestNG.java:1244)
	at org.testng.TestNG.runSuitesLocally(TestNG.java:1169)
	at org.testng.TestNG.run(TestNG.java:1064)
	at org.testng.remote.AbstractRemoteTestNG.run(AbstractRemoteTestNG.java:114)
	at org.testng.remote.RemoteTestNG.initAndRun(RemoteTestNG.java:251)
	at org.testng.remote.RemoteTestNG.main(RemoteTestNG.java:77)
]]>
    </failure>
  </testcase> <!-- checkExchangeRateHistorySelectAED -->
  <testcase name="checkCancelOptionInExchangeRate" time="4.520" classname="com.focus.testcases.SmokeCurrencyTest"/>
  <testcase name="checkValuesInSavedExchangeRate" time="20.897" classname="com.focus.testcases.SmokeCurrencyTest"/>
  <testcase name="checkClickOnImportDataInImportFromExcelPageOfExchangeRate" time="14.964" classname="com.focus.testcases.SmokeCurrencyTest"/>
  <testcase name="checkValuesInUpdatedExchangeRateOptionInCurrencyMaster" time="38.299" classname="com.focus.testcases.SmokeCurrencyTest"/>
  <testcase name="checkUSDUpdatedWithRowDeleteValuesInSavedExchangeRate" time="17.505" classname="com.focus.testcases.SmokeCurrencyTest"/>
  <testcase name="checkUSDValuesInSavedExchangeRate" time="18.460" classname="com.focus.testcases.SmokeCurrencyTest"/>
  <testcase name="checkClickOnImportFromExcelToDisplayImportScreenInExchangeRate" time="5.928" classname="com.focus.testcases.SmokeCurrencyTest"/>
  <testcase name="checkClickOnExchangeRateOptionInCurrencyMaster" time="9.746" classname="com.focus.testcases.SmokeCurrencyTest"/>
  <testcase name="checkSaveExchangeRateOfCurrencyMaster" time="29.074" classname="com.focus.testcases.SmokeCurrencyTest"/>
  <testcase name="checkClickOnExchangeRateHistoryMenuFromCurrency" time="11.406" classname="com.focus.testcases.SmokeCurrencyTest"/>
  <testcase name="checkValuesInSavedExchangeRateOptionInCurrencyMaster" time="19.822" classname="com.focus.testcases.SmokeCurrencyTest"/>
  <testcase name="checkSignToCheckCurrencyMastersPage" time="26.906" classname="com.focus.testcases.SmokeCurrencyTest"/>
  <testcase name="checkClickOnCurrencyMasterMenu" time="20.620" classname="com.focus.testcases.SmokeCurrencyTest">
    <failure type="java.lang.AssertionError" message="expected [true] but found [false]">
      <![CDATA[java.lang.AssertionError: expected [true] but found [false]
	at org.testng.Assert.fail(Assert.java:94)
	at org.testng.Assert.failNotEquals(Assert.java:513)
	at org.testng.Assert.assertEqualsImpl(Assert.java:135)
	at org.testng.Assert.assertEquals(Assert.java:116)
	at org.testng.Assert.assertEquals(Assert.java:305)
	at org.testng.Assert.assertEquals(Assert.java:315)
	at com.focus.testcases.SmokeCurrencyTest.checkClickOnCurrencyMasterMenu(SmokeCurrencyTest.java:36)
	at sun.reflect.NativeMethodAccessorImpl.invoke0(Native Method)
	at sun.reflect.NativeMethodAccessorImpl.invoke(Unknown Source)
	at sun.reflect.DelegatingMethodAccessorImpl.invoke(Unknown Source)
	at java.lang.reflect.Method.invoke(Unknown Source)
	at org.testng.internal.MethodInvocationHelper.invokeMethod(MethodInvocationHelper.java:86)
	at org.testng.internal.Invoker.invokeMethod(Invoker.java:643)
	at org.testng.internal.Invoker.invokeTestMethod(Invoker.java:820)
	at org.testng.internal.Invoker.invokeTestMethods(Invoker.java:1128)
	at org.testng.internal.TestMethodWorker.invokeTestMethods(TestMethodWorker.java:129)
	at org.testng.internal.TestMethodWorker.run(TestMethodWorker.java:112)
	at org.testng.TestRunner.privateRun(TestRunner.java:782)
	at org.testng.TestRunner.run(TestRunner.java:632)
	at org.testng.SuiteRunner.runTest(SuiteRunner.java:366)
	at org.testng.SuiteRunner.runSequentially(SuiteRunner.java:361)
	at org.testng.SuiteRunner.privateRun(SuiteRunner.java:319)
	at org.testng.SuiteRunner.run(SuiteRunner.java:268)
	at org.testng.SuiteRunnerWorker.runSuite(SuiteRunnerWorker.java:52)
	at org.testng.SuiteRunnerWorker.run(SuiteRunnerWorker.java:86)
	at org.testng.TestNG.runSuitesSequentially(TestNG.java:1244)
	at org.testng.TestNG.runSuitesLocally(TestNG.java:1169)
	at org.testng.TestNG.run(TestNG.java:1064)
	at org.testng.remote.AbstractRemoteTestNG.run(AbstractRemoteTestNG.java:114)
	at org.testng.remote.RemoteTestNG.initAndRun(RemoteTestNG.java:251)
	at org.testng.remote.RemoteTestNG.main(RemoteTestNG.java:77)
]]>
    </failure>
  </testcase> <!-- checkClickOnCurrencyMasterMenu -->
  <testcase name="checkClickOnCancelButtonInCurrencyMaster" time="8.836" classname="com.focus.testcases.SmokeCurrencyTest"/>
  <testcase name="checkSelectSheetAndClickOnOkButtonInSelectSheetScreenOfExchangeRate" time="6.434" classname="com.focus.testcases.SmokeCurrencyTest"/>
  <testcase name="checkClickOnClearToClearValuesInExchangeRateOptionInCurrencyMaster" time="6.737" classname="com.focus.testcases.SmokeCurrencyTest"/>
  <testcase name="checkDeleteOptionWithYesInExchangeRate" time="6.561" classname="com.focus.testcases.SmokeCurrencyTest"/>
  <testcase name="checkDeletedCurrencyValuesIsDisplayInExchangeRate" time="6.856" classname="com.focus.testcases.SmokeCurrencyTest"/>
  <testcase name="checkClickOnClearToClearValuesInExchangeRate" time="8.137" classname="com.focus.testcases.SmokeCurrencyTest"/>
</testsuite> <!-- com.focus.testcases.SmokeCurrencyTest -->
