<?xml version="1.0" encoding="UTF-8"?>
<!-- Generated by org.testng.reporters.JUnitReportReporter -->
<testsuite hostname="FOCUS-QA-118" name="com.focus.testcases.MasterAccountsTest" tests="184" failures="5" timestamp="14 Jun 2021 15:00:29 GMT" time="1047.895" errors="0">
  <testcase name="verifyExternalModulesInCustomizeMaster" time="2.801" classname="com.focus.testcases.MasterAccountsTest"/>
  <testcase name="verifyOkEditPopUpForNewCreateTreeTabDisplayInTabs" time="7.966" classname="com.focus.testcases.MasterAccountsTest"/>
  <testcase name="verifyOkButtonInPropertiesOptionForAccountGroup" time="6.008" classname="com.focus.testcases.MasterAccountsTest"/>
  <testcase name="verifyBodyDetailsTabWithBlankForCreateDocumentTab" time="2.809" classname="com.focus.testcases.MasterAccountsTest"/>
  <testcase name="verifyMandatoryCheckForCreateTreeTabFieldCaptionAsBlank" time="5.889" classname="com.focus.testcases.MasterAccountsTest"/>
  <testcase name="verifyGeneralTabOptionsButton" time="2.975" classname="com.focus.testcases.MasterAccountsTest"/>
  <testcase name="verifyByCloneOptionAccountInformation" time="5.085" classname="com.focus.testcases.MasterAccountsTest"/>
  <testcase name="verifyNoConfirmmationMessageOnDeleteTabOptionForCreateTreeTab" time="2.662" classname="com.focus.testcases.MasterAccountsTest"/>
  <testcase name="verifySaveButtonWithoutInputCodeMandatoryFieldsInAddGroupOption" time="3.965" classname="com.focus.testcases.MasterAccountsTest"/>
  <testcase name="verifyOpenAccountsMasterAfterCustomization" time="3.368" classname="com.focus.testcases.MasterAccountsTest"/>
  <testcase name="verifyPropertiesOptionForAccount" time="6.727" classname="com.focus.testcases.MasterAccountsTest"/>
  <testcase name="verifyEditOptionForNewlyCreateAccountBeforeCustomization" time="6.302" classname="com.focus.testcases.MasterAccountsTest"/>
  <testcase name="verifyGeneralTabsInCustomizeMaster" time="2.836" classname="com.focus.testcases.MasterAccountsTest"/>
  <testcase name="verifyBodyDetailsTabInCreateCreateTab" time="2.603" classname="com.focus.testcases.MasterAccountsTest"/>
  <testcase name="verifyUpdatedAccountDisplayInAccountGridBeforeCustomization" time="2.426" classname="com.focus.testcases.MasterAccountsTest"/>
  <testcase name="verifyMoveFieldMovedToSettingsTab" time="3.858" classname="com.focus.testcases.MasterAccountsTest"/>
  <testcase name="verifyCreateCreateTabOptionsInCustomizeMaster" time="3.972" classname="com.focus.testcases.MasterAccountsTest"/>
  <testcase name="verifyDeleteOptionWithoutSelectAccount" time="2.800" classname="com.focus.testcases.MasterAccountsTest"/>
  <testcase name="verifySaveAccountByUsingCloneOption" time="3.656" classname="com.focus.testcases.MasterAccountsTest"/>
  <testcase name="verifySaveButtonWithoutInputingCodeMandatoryFields" time="3.031" classname="com.focus.testcases.MasterAccountsTest"/>
  <testcase name="verifySaveButtonInAddGroupWithInputingMandatoryFields" time="4.091" classname="com.focus.testcases.MasterAccountsTest"/>
  <testcase name="verifyDocumentTabInPreviewOption" time="4.142" classname="com.focus.testcases.MasterAccountsTest"/>
  <testcase name="verifyDetailsTabInPreviewOption" time="4.462" classname="com.focus.testcases.MasterAccountsTest"/>
  <testcase name="verifySaveButtonWithoutInputCodeMandatoryFieldsInCloneOption" time="3.114" classname="com.focus.testcases.MasterAccountsTest"/>
  <testcase name="verifyFormattingTabInCreateCreateTabDisplayInCustomizeTab" time="3.161" classname="com.focus.testcases.MasterAccountsTest"/>
  <testcase name="checkSaveButtonWithInputingMandatoryFieldsBeforeCustomization" time="3.756" classname="com.focus.testcases.MasterAccountsTest"/>
  <testcase name="verifyPropertiesTabInCreateCreateTabDisplayInCustomizeTab" time="3.854" classname="com.focus.testcases.MasterAccountsTest"/>
  <testcase name="verifyDeleteAccountDisplay" time="4.354" classname="com.focus.testcases.MasterAccountsTest"/>
  <testcase name="verifyCloneOptionWithoutRowSelectToOpenAccountsMenu" time="8.978" classname="com.focus.testcases.MasterAccountsTest"/>
  <testcase name="verifyCopyPasteAccountInformationOption" time="10.708" classname="com.focus.testcases.MasterAccountsTest"/>
  <testcase name="verifyCreatedFieldInCreateCreateTabDisplayInCustomizeTab" time="2.638" classname="com.focus.testcases.MasterAccountsTest"/>
  <testcase name="verifyCreateTreeTabOptionsInCustomizeMaster" time="4.255" classname="com.focus.testcases.MasterAccountsTest"/>
  <testcase name="verifyCancelButtonInDeleteAccount" time="2.532" classname="com.focus.testcases.MasterAccountsTest"/>
  <testcase name="verifyNewTreeTabUpdateTab" time="2.695" classname="com.focus.testcases.MasterAccountsTest"/>
  <testcase name="verifyAccountsCreationScreenAfterSavingBeforeCustomization" time="3.061" classname="com.focus.testcases.MasterAccountsTest"/>
  <testcase name="verifySettingsTabOnClickOnAddGroupButton" time="4.270" classname="com.focus.testcases.MasterAccountsTest"/>
  <testcase name="verifySaveButtonWithoutInputNameMandatoryFieldsInCloneOption" time="4.965" classname="com.focus.testcases.MasterAccountsTest"/>
  <testcase name="verifyDeleteAccountBeforeCustomization" time="8.240" classname="com.focus.testcases.MasterAccountsTest"/>
  <testcase name="verifyRulesTabInCreateCreateTabDisplayInCustomizeTab" time="3.416" classname="com.focus.testcases.MasterAccountsTest"/>
  <testcase name="verifyDetailsTabHeaderFieldsInCustomizeMaster" time="6.196" classname="com.focus.testcases.MasterAccountsTest"/>
  <testcase name="verifyCreateDocumentTabCreationWithExistingDocumentTab" time="2.815" classname="com.focus.testcases.MasterAccountsTest"/>
  <testcase name="verifyDeleteAccountDisplayBeforeCustomization" time="2.474" classname="com.focus.testcases.MasterAccountsTest"/>
  <testcase name="verifyUpdatedAccountDisplayInAccountGrid" time="2.572" classname="com.focus.testcases.MasterAccountsTest"/>
  <testcase name="verifyGenralTabOnClickOnNewButtonBeforeCustomization" time="2.976" classname="com.focus.testcases.MasterAccountsTest"/>
  <testcase name="checkPreviewOption" time="3.779" classname="com.focus.testcases.MasterAccountsTest"/>
  <testcase name="verifyCreateDocumentTabOptionsInCustomizeMaster" time="4.020" classname="com.focus.testcases.MasterAccountsTest"/>
  <testcase name="verifyCreateExtraFieldAfterCreation" time="5.264" classname="com.focus.testcases.MasterAccountsTest"/>
  <testcase name="verifyHeaderDetailsTabInCreateCreateTab" time="2.723" classname="com.focus.testcases.MasterAccountsTest"/>
  <testcase name="verifyCopyAndPasteCreationOfAccountDisplay" time="2.500" classname="com.focus.testcases.MasterAccountsTest"/>
  <testcase name="verifyGeneralTabMainTabInCustomizeMaster" time="2.697" classname="com.focus.testcases.MasterAccountsTest"/>
  <testcase name="verifyCloseBtnPreviewOptionBeforeLogout" time="2.803" classname="com.focus.testcases.MasterAccountsTest"/>
  <testcase name="verifyUpateForNewlyCreateAddGroupAccount" time="4.483" classname="com.focus.testcases.MasterAccountsTest"/>
  <testcase name="verifyYesOptionMoveDeleteInSettingsTab" time="5.070" classname="com.focus.testcases.MasterAccountsTest"/>
  <testcase name="verifyUpdatedAccountAddGroupDisplayInAccountGrid" time="2.330" classname="com.focus.testcases.MasterAccountsTest"/>
  <testcase name="verifySettingsTabOnClickOnNewButtonBeforeCustomization" time="4.184" classname="com.focus.testcases.MasterAccountsTest"/>
  <testcase name="verifyClickOnGroupToDisplayEmpty" time="3.020" classname="com.focus.testcases.MasterAccountsTest"/>
  <testcase name="verifyDetailsTabBodyDetailsInCustomizeMaster" time="7.611" classname="com.focus.testcases.MasterAccountsTest"/>
  <testcase name="verifyTreeTabUpdateInPreviewOption" time="2.927" classname="com.focus.testcases.MasterAccountsTest"/>
  <testcase name="verifyCustomizeMasterTabMasterFieldsOption" time="2.808" classname="com.focus.testcases.MasterAccountsTest"/>
  <testcase name="verifySettingsTabOptionsButton" time="4.115" classname="com.focus.testcases.MasterAccountsTest"/>
  <testcase name="verifySaveButtonWithInputingMandatoryFields" time="3.963" classname="com.focus.testcases.MasterAccountsTest"/>
  <testcase name="verifySettingsTabInCustomizeMaster" time="6.038" classname="com.focus.testcases.MasterAccountsTest"/>
  <testcase name="verifyFieldsDetailsTabInCreateCreateTabDisplayInCustomizeTab" time="3.113" classname="com.focus.testcases.MasterAccountsTest"/>
  <testcase name="verifyToolsOtherOptionsAccountsMaster" time="4.513" classname="com.focus.testcases.MasterAccountsTest"/>
  <testcase name="verifyPrintLayoutsTabInPreviewOption" time="4.056" classname="com.focus.testcases.MasterAccountsTest"/>
  <testcase name="verifySaveButtonWithoutInputingNameMandatoryFields" time="3.064" classname="com.focus.testcases.MasterAccountsTest"/>
  <testcase name="verifyCreateTreeToggleOptionsAccountsMaster" time="3.023" classname="com.focus.testcases.MasterAccountsTest"/>
  <testcase name="verifySignToCustomizeMasterInAccounts" time="16.278" classname="com.focus.testcases.MasterAccountsTest"/>
  <testcase name="verifyPrintlayoutTabOnClickOnNewButtonBeforeCustomization" time="3.679" classname="com.focus.testcases.MasterAccountsTest"/>
  <testcase name="verifyMandatoryCheckForCreateTreeTabNewMasterAsBlank" time="4.775" classname="com.focus.testcases.MasterAccountsTest"/>
  <testcase name="verifyAccountAddGroupCreationScreenAfterSaving" time="4.834" classname="com.focus.testcases.MasterAccountsTest"/>
  <testcase name="verifySaveButtonWithoutInputNameMandatoryFieldsInAddGroupOption" time="3.759" classname="com.focus.testcases.MasterAccountsTest"/>
  <testcase name="checkSaveAccountsByCreatingVATAccounts" time="27.706" classname="com.focus.testcases.MasterAccountsTest">
    <failure type="java.lang.AssertionError" message="expected [true] but found [false]">
      <![CDATA[java.lang.AssertionError: expected [true] but found [false]
	at org.testng.Assert.fail(Assert.java:94)
	at org.testng.Assert.failNotEquals(Assert.java:513)
	at org.testng.Assert.assertEqualsImpl(Assert.java:135)
	at org.testng.Assert.assertEquals(Assert.java:116)
	at org.testng.Assert.assertEquals(Assert.java:305)
	at org.testng.Assert.assertEquals(Assert.java:315)
	at com.focus.testcases.MasterAccountsTest.checkSaveAccountsByCreatingVATAccounts(MasterAccountsTest.java:1555)
	at sun.reflect.NativeMethodAccessorImpl.invoke0(Native Method)
	at sun.reflect.NativeMethodAccessorImpl.invoke(Unknown Source)
	at sun.reflect.DelegatingMethodAccessorImpl.invoke(Unknown Source)
	at java.lang.reflect.Method.invoke(Unknown Source)
	at org.testng.internal.MethodInvocationHelper.invokeMethod(MethodInvocationHelper.java:86)
	at org.testng.internal.Invoker.invokeMethod(Invoker.java:643)
	at org.testng.internal.Invoker.invokeTestMethod(Invoker.java:820)
	at org.testng.internal.Invoker.invokeTestMethods(Invoker.java:1128)
	at org.testng.internal.TestMethodWorker.invokeTestMethods(TestMethodWorker.java:129)
	at org.testng.internal.TestMethodWorker.run(TestMethodWorker.java:112)
	at org.testng.TestRunner.privateRun(TestRunner.java:782)
	at org.testng.TestRunner.run(TestRunner.java:632)
	at org.testng.SuiteRunner.runTest(SuiteRunner.java:366)
	at org.testng.SuiteRunner.runSequentially(SuiteRunner.java:361)
	at org.testng.SuiteRunner.privateRun(SuiteRunner.java:319)
	at org.testng.SuiteRunner.run(SuiteRunner.java:268)
	at org.testng.SuiteRunnerWorker.runSuite(SuiteRunnerWorker.java:52)
	at org.testng.SuiteRunnerWorker.run(SuiteRunnerWorker.java:86)
	at org.testng.TestNG.runSuitesSequentially(TestNG.java:1244)
	at org.testng.TestNG.runSuitesLocally(TestNG.java:1169)
	at org.testng.TestNG.run(TestNG.java:1064)
	at org.testng.remote.AbstractRemoteTestNG.run(AbstractRemoteTestNG.java:114)
	at org.testng.remote.RemoteTestNG.initAndRun(RemoteTestNG.java:251)
	at org.testng.remote.RemoteTestNG.main(RemoteTestNG.java:77)
]]>
    </failure>
  </testcase> <!-- checkSaveAccountsByCreatingVATAccounts -->
  <testcase name="verifyUnHideAccountGroupsDisplayOptionsAccountsMaster" time="2.804" classname="com.focus.testcases.MasterAccountsTest"/>
  <testcase name="verifyLogoutAfterAddingTabsInCustomization" time="3.075" classname="com.focus.testcases.MasterAccountsTest"/>
  <testcase name="verifySaveButtonWithoutInputNameMandatoryFieldsInNewOptionBeforeCustomization" time="3.093" classname="com.focus.testcases.MasterAccountsTest"/>
  <testcase name="verifyOkButtonInMoveField" time="5.162" classname="com.focus.testcases.MasterAccountsTest"/>
  <testcase name="checkSaveCOGSAccount" time="125.909" classname="com.focus.testcases.MasterAccountsTest">
    <failure type="java.lang.AssertionError" message="expected [true] but found [false]">
      <![CDATA[java.lang.AssertionError: expected [true] but found [false]
	at org.testng.Assert.fail(Assert.java:94)
	at org.testng.Assert.failNotEquals(Assert.java:513)
	at org.testng.Assert.assertEqualsImpl(Assert.java:135)
	at org.testng.Assert.assertEquals(Assert.java:116)
	at org.testng.Assert.assertEquals(Assert.java:305)
	at org.testng.Assert.assertEquals(Assert.java:315)
	at com.focus.testcases.MasterAccountsTest.checkSaveCOGSAccount(MasterAccountsTest.java:1547)
	at sun.reflect.NativeMethodAccessorImpl.invoke0(Native Method)
	at sun.reflect.NativeMethodAccessorImpl.invoke(Unknown Source)
	at sun.reflect.DelegatingMethodAccessorImpl.invoke(Unknown Source)
	at java.lang.reflect.Method.invoke(Unknown Source)
	at org.testng.internal.MethodInvocationHelper.invokeMethod(MethodInvocationHelper.java:86)
	at org.testng.internal.Invoker.invokeMethod(Invoker.java:643)
	at org.testng.internal.Invoker.invokeTestMethod(Invoker.java:820)
	at org.testng.internal.Invoker.invokeTestMethods(Invoker.java:1128)
	at org.testng.internal.TestMethodWorker.invokeTestMethods(TestMethodWorker.java:129)
	at org.testng.internal.TestMethodWorker.run(TestMethodWorker.java:112)
	at org.testng.TestRunner.privateRun(TestRunner.java:782)
	at org.testng.TestRunner.run(TestRunner.java:632)
	at org.testng.SuiteRunner.runTest(SuiteRunner.java:366)
	at org.testng.SuiteRunner.runSequentially(SuiteRunner.java:361)
	at org.testng.SuiteRunner.privateRun(SuiteRunner.java:319)
	at org.testng.SuiteRunner.run(SuiteRunner.java:268)
	at org.testng.SuiteRunnerWorker.runSuite(SuiteRunnerWorker.java:52)
	at org.testng.SuiteRunnerWorker.run(SuiteRunnerWorker.java:86)
	at org.testng.TestNG.runSuitesSequentially(TestNG.java:1244)
	at org.testng.TestNG.runSuitesLocally(TestNG.java:1169)
	at org.testng.TestNG.run(TestNG.java:1064)
	at org.testng.remote.AbstractRemoteTestNG.run(AbstractRemoteTestNG.java:114)
	at org.testng.remote.RemoteTestNG.initAndRun(RemoteTestNG.java:251)
	at org.testng.remote.RemoteTestNG.main(RemoteTestNG.java:77)
]]>
    </failure>
  </testcase> <!-- checkSaveCOGSAccount -->
  <testcase name="verifyMandatoryCheckForCreateTreeTabWithCaptionAsBlank" time="2.925" classname="com.focus.testcases.MasterAccountsTest"/>
  <testcase name="verifyPasteOptionAndClickOnSaveForDuplicateName" time="57.201" classname="com.focus.testcases.MasterAccountsTest"/>
  <testcase name="verifySettingsTabInPreviewOption" time="4.252" classname="com.focus.testcases.MasterAccountsTest"/>
  <testcase name="verifyNewTreeTabUpdateTabGroup" time="2.760" classname="com.focus.testcases.MasterAccountsTest"/>
  <testcase name="verifyDefaultFieldMoveInSettingsTab" time="2.680" classname="com.focus.testcases.MasterAccountsTest"/>
  <testcase name="verifySignToCheckTabsInCustomization" time="9.350" classname="com.focus.testcases.MasterAccountsTest"/>
  <testcase name="verifySettingsTabBodyDetailsInCustomizeMaster" time="5.476" classname="com.focus.testcases.MasterAccountsTest"/>
  <testcase name="verifyNewDocumentTab" time="3.947" classname="com.focus.testcases.MasterAccountsTest"/>
  <testcase name="verifyYesConfirmmationMessageOnDeleteTabOptionForCreateTreeTab" time="5.696" classname="com.focus.testcases.MasterAccountsTest">
    <failure type="java.lang.AssertionError" message="expected [true] but found [false]">
      <![CDATA[java.lang.AssertionError: expected [true] but found [false]
	at org.testng.Assert.fail(Assert.java:94)
	at org.testng.Assert.failNotEquals(Assert.java:513)
	at org.testng.Assert.assertEqualsImpl(Assert.java:135)
	at org.testng.Assert.assertEquals(Assert.java:116)
	at org.testng.Assert.assertEquals(Assert.java:305)
	at org.testng.Assert.assertEquals(Assert.java:315)
	at com.focus.testcases.MasterAccountsTest.verifyYesConfirmmationMessageOnDeleteTabOptionForCreateTreeTab(MasterAccountsTest.java:585)
	at sun.reflect.NativeMethodAccessorImpl.invoke0(Native Method)
	at sun.reflect.NativeMethodAccessorImpl.invoke(Unknown Source)
	at sun.reflect.DelegatingMethodAccessorImpl.invoke(Unknown Source)
	at java.lang.reflect.Method.invoke(Unknown Source)
	at org.testng.internal.MethodInvocationHelper.invokeMethod(MethodInvocationHelper.java:86)
	at org.testng.internal.Invoker.invokeMethod(Invoker.java:643)
	at org.testng.internal.Invoker.invokeTestMethod(Invoker.java:820)
	at org.testng.internal.Invoker.invokeTestMethods(Invoker.java:1128)
	at org.testng.internal.TestMethodWorker.invokeTestMethods(TestMethodWorker.java:129)
	at org.testng.internal.TestMethodWorker.run(TestMethodWorker.java:112)
	at org.testng.TestRunner.privateRun(TestRunner.java:782)
	at org.testng.TestRunner.run(TestRunner.java:632)
	at org.testng.SuiteRunner.runTest(SuiteRunner.java:366)
	at org.testng.SuiteRunner.runSequentially(SuiteRunner.java:361)
	at org.testng.SuiteRunner.privateRun(SuiteRunner.java:319)
	at org.testng.SuiteRunner.run(SuiteRunner.java:268)
	at org.testng.SuiteRunnerWorker.runSuite(SuiteRunnerWorker.java:52)
	at org.testng.SuiteRunnerWorker.run(SuiteRunnerWorker.java:86)
	at org.testng.TestNG.runSuitesSequentially(TestNG.java:1244)
	at org.testng.TestNG.runSuitesLocally(TestNG.java:1169)
	at org.testng.TestNG.run(TestNG.java:1064)
	at org.testng.remote.AbstractRemoteTestNG.run(AbstractRemoteTestNG.java:114)
	at org.testng.remote.RemoteTestNG.initAndRun(RemoteTestNG.java:251)
	at org.testng.remote.RemoteTestNG.main(RemoteTestNG.java:77)
]]>
    </failure>
  </testcase> <!-- verifyYesConfirmmationMessageOnDeleteTabOptionForCreateTreeTab -->
  <testcase name="verifyMoveDeleteInSettingsTab" time="3.608" classname="com.focus.testcases.MasterAccountsTest"/>
  <testcase name="verifyBodyDetailsTabWithBlankForCreateTreeTab" time="2.584" classname="com.focus.testcases.MasterAccountsTest"/>
  <testcase name="verifyRulesInCustomizeMaster" time="7.176" classname="com.focus.testcases.MasterAccountsTest"/>
  <testcase name="verifyEditOptionForNewlyCreateAddGroupAccount" time="6.716" classname="com.focus.testcases.MasterAccountsTest"/>
  <testcase name="verifyNewCreateTreeTabDisplayInTabs" time="3.083" classname="com.focus.testcases.MasterAccountsTest"/>
  <testcase name="verifyAddGroupButton" time="3.551" classname="com.focus.testcases.MasterAccountsTest"/>
  <testcase name="verifySaveUsingCopyAndPasteOption" time="5.102" classname="com.focus.testcases.MasterAccountsTest"/>
  <testcase name="verifyAccountDisplayCreationOfAccountThroughMainClone" time="2.374" classname="com.focus.testcases.MasterAccountsTest"/>
  <testcase name="verifyUpdateFieldInCreateCreateTabDisplayInCustomizeTab" time="4.030" classname="com.focus.testcases.MasterAccountsTest"/>
  <testcase name="verifyExternalModulesTabInCreateCreateTabDisplayInCustomizeTab" time="3.311" classname="com.focus.testcases.MasterAccountsTest"/>
  <testcase name="verifyMandatoryCheckForCreateTreeTabWithAllInputsAreBlank" time="2.657" classname="com.focus.testcases.MasterAccountsTest"/>
  <testcase name="verifyHeaderDetailsTabWithBlankForCreateDocumentTab" time="4.739" classname="com.focus.testcases.MasterAccountsTest"/>
  <testcase name="verifyOKWithInputCheckInDocumentTab" time="3.517" classname="com.focus.testcases.MasterAccountsTest"/>
  <testcase name="verifyEditOptionForNewlyCreateAccount" time="6.520" classname="com.focus.testcases.MasterAccountsTest"/>
  <testcase name="verifyNewInCreateTabGroup" time="3.731" classname="com.focus.testcases.MasterAccountsTest"/>
  <testcase name="verifyGeneralTabHeaderTabInCustomizeMaster" time="3.384" classname="com.focus.testcases.MasterAccountsTest"/>
  <testcase name="verifyCancelButtonInMoveField" time="2.761" classname="com.focus.testcases.MasterAccountsTest"/>
  <testcase name="verifyMasterCmbMasters" time="24.743" classname="com.focus.testcases.MasterAccountsTest"/>
  <testcase name="verifyDefaultDeleteInSettingsTab" time="2.717" classname="com.focus.testcases.MasterAccountsTest">
    <failure type="java.lang.AssertionError" message="expected [true] but found [false]">
      <![CDATA[java.lang.AssertionError: expected [true] but found [false]
	at org.testng.Assert.fail(Assert.java:94)
	at org.testng.Assert.failNotEquals(Assert.java:513)
	at org.testng.Assert.assertEqualsImpl(Assert.java:135)
	at org.testng.Assert.assertEquals(Assert.java:116)
	at org.testng.Assert.assertEquals(Assert.java:305)
	at org.testng.Assert.assertEquals(Assert.java:315)
	at com.focus.testcases.MasterAccountsTest.verifyDefaultDeleteInSettingsTab(MasterAccountsTest.java:844)
	at sun.reflect.NativeMethodAccessorImpl.invoke0(Native Method)
	at sun.reflect.NativeMethodAccessorImpl.invoke(Unknown Source)
	at sun.reflect.DelegatingMethodAccessorImpl.invoke(Unknown Source)
	at java.lang.reflect.Method.invoke(Unknown Source)
	at org.testng.internal.MethodInvocationHelper.invokeMethod(MethodInvocationHelper.java:86)
	at org.testng.internal.Invoker.invokeMethod(Invoker.java:643)
	at org.testng.internal.Invoker.invokeTestMethod(Invoker.java:820)
	at org.testng.internal.Invoker.invokeTestMethods(Invoker.java:1128)
	at org.testng.internal.TestMethodWorker.invokeTestMethods(TestMethodWorker.java:129)
	at org.testng.internal.TestMethodWorker.run(TestMethodWorker.java:112)
	at org.testng.TestRunner.privateRun(TestRunner.java:782)
	at org.testng.TestRunner.run(TestRunner.java:632)
	at org.testng.SuiteRunner.runTest(SuiteRunner.java:366)
	at org.testng.SuiteRunner.runSequentially(SuiteRunner.java:361)
	at org.testng.SuiteRunner.privateRun(SuiteRunner.java:319)
	at org.testng.SuiteRunner.run(SuiteRunner.java:268)
	at org.testng.SuiteRunnerWorker.runSuite(SuiteRunnerWorker.java:52)
	at org.testng.SuiteRunnerWorker.run(SuiteRunnerWorker.java:86)
	at org.testng.TestNG.runSuitesSequentially(TestNG.java:1244)
	at org.testng.TestNG.runSuitesLocally(TestNG.java:1169)
	at org.testng.TestNG.run(TestNG.java:1064)
	at org.testng.remote.AbstractRemoteTestNG.run(AbstractRemoteTestNG.java:114)
	at org.testng.remote.RemoteTestNG.initAndRun(RemoteTestNG.java:251)
	at org.testng.remote.RemoteTestNG.main(RemoteTestNG.java:77)
]]>
    </failure>
  </testcase> <!-- verifyDefaultDeleteInSettingsTab -->
  <testcase name="verifyCloseBtnPreviewOption" time="2.998" classname="com.focus.testcases.MasterAccountsTest"/>
  <testcase name="verifyAccountNewlyAddGroupDisplayInAccountGrid" time="4.717" classname="com.focus.testcases.MasterAccountsTest"/>
  <testcase name="verifyGeneralTabInPreviewOption" time="3.024" classname="com.focus.testcases.MasterAccountsTest"/>
  <testcase name="verifyLogoutInAccountMaster" time="3.075" classname="com.focus.testcases.MasterAccountsTest"/>
  <testcase name="verifyNewInCreateTab" time="3.975" classname="com.focus.testcases.MasterAccountsTest"/>
  <testcase name="verifyCopyOptionByEditAccount" time="8.710" classname="com.focus.testcases.MasterAccountsTest"/>
  <testcase name="verifyCloseAccountMaster" time="3.151" classname="com.focus.testcases.MasterAccountsTest"/>
  <testcase name="verifyPropertiesOptionForAccountGroup" time="7.004" classname="com.focus.testcases.MasterAccountsTest"/>
  <testcase name="verifyCloneOptionInEditAccount" time="7.165" classname="com.focus.testcases.MasterAccountsTest"/>
  <testcase name="verifySelectAccountGroupAccountMasterDisplayInMainPageGridAccountsMaster" time="2.874" classname="com.focus.testcases.MasterAccountsTest"/>
  <testcase name="verifyTreeViewOptionsAccountsMaster" time="2.694" classname="com.focus.testcases.MasterAccountsTest"/>
  <testcase name="verifyEditCreatedFieldInCreateCreateTabDisplayInCustomizeTab" time="4.086" classname="com.focus.testcases.MasterAccountsTest"/>
  <testcase name="verifyHideAccountGroupsDisplayOptionsAccountsMaster" time="2.808" classname="com.focus.testcases.MasterAccountsTest"/>
  <testcase name="verifyAddOptionInCreateCreateTabDisplayInCustomizeTab" time="3.728" classname="com.focus.testcases.MasterAccountsTest"/>
  <testcase name="verifyCreateTabsInCustomizeMaster" time="2.679" classname="com.focus.testcases.MasterAccountsTest"/>
  <testcase name="verifyCancelEditPopUpForNewCreateTreeTabDisplayInTabs" time="5.182" classname="com.focus.testcases.MasterAccountsTest"/>
  <testcase name="verifyMandatoryFieldsByClickOnOkButtonCreateCreateTabDisplayInCustomizeTab" time="2.819" classname="com.focus.testcases.MasterAccountsTest">
    <failure type="java.lang.AssertionError" message="expected [true] but found [false]">
      <![CDATA[java.lang.AssertionError: expected [true] but found [false]
	at org.testng.Assert.fail(Assert.java:94)
	at org.testng.Assert.failNotEquals(Assert.java:513)
	at org.testng.Assert.assertEqualsImpl(Assert.java:135)
	at org.testng.Assert.assertEquals(Assert.java:116)
	at org.testng.Assert.assertEquals(Assert.java:305)
	at org.testng.Assert.assertEquals(Assert.java:315)
	at com.focus.testcases.MasterAccountsTest.verifyMandatoryFieldsByClickOnOkButtonCreateCreateTabDisplayInCustomizeTab(MasterAccountsTest.java:734)
	at sun.reflect.NativeMethodAccessorImpl.invoke0(Native Method)
	at sun.reflect.NativeMethodAccessorImpl.invoke(Unknown Source)
	at sun.reflect.DelegatingMethodAccessorImpl.invoke(Unknown Source)
	at java.lang.reflect.Method.invoke(Unknown Source)
	at org.testng.internal.MethodInvocationHelper.invokeMethod(MethodInvocationHelper.java:86)
	at org.testng.internal.Invoker.invokeMethod(Invoker.java:643)
	at org.testng.internal.Invoker.invokeTestMethod(Invoker.java:820)
	at org.testng.internal.Invoker.invokeTestMethods(Invoker.java:1128)
	at org.testng.internal.TestMethodWorker.invokeTestMethods(TestMethodWorker.java:129)
	at org.testng.internal.TestMethodWorker.run(TestMethodWorker.java:112)
	at org.testng.TestRunner.privateRun(TestRunner.java:782)
	at org.testng.TestRunner.run(TestRunner.java:632)
	at org.testng.SuiteRunner.runTest(SuiteRunner.java:366)
	at org.testng.SuiteRunner.runSequentially(SuiteRunner.java:361)
	at org.testng.SuiteRunner.privateRun(SuiteRunner.java:319)
	at org.testng.SuiteRunner.run(SuiteRunner.java:268)
	at org.testng.SuiteRunnerWorker.runSuite(SuiteRunnerWorker.java:52)
	at org.testng.SuiteRunnerWorker.run(SuiteRunnerWorker.java:86)
	at org.testng.TestNG.runSuitesSequentially(TestNG.java:1244)
	at org.testng.TestNG.runSuitesLocally(TestNG.java:1169)
	at org.testng.TestNG.run(TestNG.java:1064)
	at org.testng.remote.AbstractRemoteTestNG.run(AbstractRemoteTestNG.java:114)
	at org.testng.remote.RemoteTestNG.initAndRun(RemoteTestNG.java:251)
	at org.testng.remote.RemoteTestNG.main(RemoteTestNG.java:77)
]]>
    </failure>
  </testcase> <!-- verifyMandatoryFieldsByClickOnOkButtonCreateCreateTabDisplayInCustomizeTab -->
  <testcase name="verifyUniqueContraintsOfHeaderFieldsInCustomizeMaster" time="3.840" classname="com.focus.testcases.MasterAccountsTest"/>
  <testcase name="verifyMandatoryCheckInCreateCreateTab" time="2.553" classname="com.focus.testcases.MasterAccountsTest"/>
  <testcase name="verifyYesDeleteAccount" time="7.984" classname="com.focus.testcases.MasterAccountsTest"/>
  <testcase name="verifySearchOptionsInMainPageHeaderFieldsOptionsAccountsMaster" time="2.944" classname="com.focus.testcases.MasterAccountsTest"/>
  <testcase name="verifyUpateForNewlyCreateAccountBeforeCustomiztaion" time="4.231" classname="com.focus.testcases.MasterAccountsTest"/>
  <testcase name="verifyRulesOptionsTabInCreateCreateTabDisplayInCustomizeTab" time="3.042" classname="com.focus.testcases.MasterAccountsTest"/>
  <testcase name="verifyOpenAccountsMasterAfterLogout" time="6.375" classname="com.focus.testcases.MasterAccountsTest"/>
  <testcase name="verifyAccountCreateDisplayInAccountsGrid" time="2.651" classname="com.focus.testcases.MasterAccountsTest"/>
  <testcase name="verifyNewDocumentTabGroup" time="4.032" classname="com.focus.testcases.MasterAccountsTest"/>
  <testcase name="verifyCustomizeMasterTabOption" time="14.541" classname="com.focus.testcases.MasterAccountsTest"/>
  <testcase name="verifyInfoPanelInCustomizeMaster" time="2.910" classname="com.focus.testcases.MasterAccountsTest"/>
  <testcase name="verifyCreateViewToggleOptionsAccountsMaster" time="2.913" classname="com.focus.testcases.MasterAccountsTest"/>
  <testcase name="verifyOkButtonWithAllInputInCreateCreateTab" time="4.675" classname="com.focus.testcases.MasterAccountsTest"/>
  <testcase name="verifyOpenAccountsMaster" time="30.446" classname="com.focus.testcases.MasterAccountsTest"/>
  <testcase name="verifyAccountOneCreationWithPropertyAsCDForEachUnderGroup" time="10.456" classname="com.focus.testcases.MasterAccountsTest"/>
  <testcase name="verifyNoOptionMoveDeleteInSettingsTab" time="2.683" classname="com.focus.testcases.MasterAccountsTest"/>
  <testcase name="verifyUpateForNewlyCreateAccount" time="5.873" classname="com.focus.testcases.MasterAccountsTest"/>
  <testcase name="verifyDetailsTabOnClickOnAddGroupButton" time="4.171" classname="com.focus.testcases.MasterAccountsTest"/>
  <testcase name="verifyCreateCreateTabDisplayInCustomizeTab" time="2.490" classname="com.focus.testcases.MasterAccountsTest"/>
  <testcase name="verifyCloseAccountMasterForAccountTestingStop" time="5.725" classname="com.focus.testcases.MasterAccountsTest"/>
  <testcase name="verifyHeaderDetailsTabWithBlankForCreateTreeTab" time="21.059" classname="com.focus.testcases.MasterAccountsTest"/>
  <testcase name="verifyNewButton" time="3.567" classname="com.focus.testcases.MasterAccountsTest"/>
  <testcase name="verifyPrintlayoutTabBodyDetailsInCustomizeMaster" time="4.745" classname="com.focus.testcases.MasterAccountsTest"/>
  <testcase name="verifyPrintlayoutTabOnClickOnAddGroupButton" time="3.915" classname="com.focus.testcases.MasterAccountsTest"/>
  <testcase name="verifyPrintLayoutTabOptionsButton" time="3.929" classname="com.focus.testcases.MasterAccountsTest"/>
  <testcase name="verifyPrintLayoutTabHeaderFieldsInCustomizeMaster" time="2.388" classname="com.focus.testcases.MasterAccountsTest"/>
  <testcase name="verifyToolsOptionsAccountsMaster" time="3.147" classname="com.focus.testcases.MasterAccountsTest"/>
  <testcase name="verifyPrintLayoutTabInCustomizeMaster" time="4.734" classname="com.focus.testcases.MasterAccountsTest"/>
  <testcase name="verifyOkButtonWithInputMandatoryFieldsCreateCreateTabDisplayInCustomizeTab" time="4.596" classname="com.focus.testcases.MasterAccountsTest"/>
  <testcase name="verifyCustomizeMasterTabOptionAfterAddingTabsWithLogout" time="6.145" classname="com.focus.testcases.MasterAccountsTest"/>
  <testcase name="verifyTabsAvailableInTabsOfMoveField" time="2.568" classname="com.focus.testcases.MasterAccountsTest"/>
  <testcase name="verifyNewButtonBeforeCustomization" time="11.708" classname="com.focus.testcases.MasterAccountsTest"/>
  <testcase name="verifyGroupOptionsAccountsMaster" time="3.717" classname="com.focus.testcases.MasterAccountsTest"/>
  <testcase name="verifyAccountDisplayInAccountGridBeforeCustomization" time="5.689" classname="com.focus.testcases.MasterAccountsTest"/>
  <testcase name="verifyEditPopUpForNewCreateTreeTabDisplayInTabs" time="3.850" classname="com.focus.testcases.MasterAccountsTest"/>
  <testcase name="verifyCloseButtonWithInputMandatoryFieldsCreateCreateTabDisplayInCustomizeTab" time="2.976" classname="com.focus.testcases.MasterAccountsTest"/>
  <testcase name="verifyCloseBtnCustomizeMaster" time="4.589" classname="com.focus.testcases.MasterAccountsTest"/>
  <testcase name="verifyDeleteOptionWithSelectAccount" time="6.818" classname="com.focus.testcases.MasterAccountsTest"/>
  <testcase name="verifyUniqueContraintsInCustomizeMaster" time="3.150" classname="com.focus.testcases.MasterAccountsTest"/>
  <testcase name="verifyPreviewButtonBeforeLogout" time="3.876" classname="com.focus.testcases.MasterAccountsTest"/>
  <testcase name="verifyCancelButtonInPropertiesOptionForAccount" time="2.477" classname="com.focus.testcases.MasterAccountsTest"/>
  <testcase name="verifySaveButtonWithoutInputCodeMandatoryFieldsInNewOptionBeforeCustomization" time="2.972" classname="com.focus.testcases.MasterAccountsTest"/>
  <testcase name="verifySettingsTabHeaderFieldsInCustomizeMaster" time="2.986" classname="com.focus.testcases.MasterAccountsTest"/>
  <testcase name="verifyMainOptionsAccountsMaster" time="2.554" classname="com.focus.testcases.MasterAccountsTest"/>
  <testcase name="verifyDetailsTabOptionsButton" time="4.170" classname="com.focus.testcases.MasterAccountsTest"/>
  <testcase name="verifyMainPageHeaderFieldsOptionsAccountsMaster" time="3.109" classname="com.focus.testcases.MasterAccountsTest"/>
  <testcase name="verifyMandatoryCheckInDocumentTab" time="2.578" classname="com.focus.testcases.MasterAccountsTest"/>
  <testcase name="verifyDetailsTabOnClickOnNewButtonBeforeCustomization" time="4.145" classname="com.focus.testcases.MasterAccountsTest"/>
  <testcase name="verifyConfirmmationMessageOnDeleteTabOptionForCreateTreeTab" time="10.210" classname="com.focus.testcases.MasterAccountsTest"/>
  <testcase name="verifyGenralTabOnClickOnAddGroupButton" time="2.901" classname="com.focus.testcases.MasterAccountsTest"/>
  <testcase name="verifyReportsInCustomizeMaster" time="4.991" classname="com.focus.testcases.MasterAccountsTest"/>
  <testcase name="verifySaveAccountByUsingEditCloneInMaster" time="4.025" classname="com.focus.testcases.MasterAccountsTest"/>
  <testcase name="verifyMoveExtraFieldAfterCreation" time="3.911" classname="com.focus.testcases.MasterAccountsTest"/>
  <testcase name="verifyCustomizeMasterTabMasterFieldsOptionAfterAddingTabs" time="2.872" classname="com.focus.testcases.MasterAccountsTest"/>
  <testcase name="verifyCreateTabInPreviewOption" time="3.666" classname="com.focus.testcases.MasterAccountsTest"/>
  <testcase name="verifyDetailsTabInCustomizeMaster" time="5.836" classname="com.focus.testcases.MasterAccountsTest"/>
  <testcase name="verifyCloneByEditCreationOfAccountDisplay" time="2.453" classname="com.focus.testcases.MasterAccountsTest"/>
  <testcase name="verifyAccountMasterDisplayInMainPageGridAccountsMaster" time="2.958" classname="com.focus.testcases.MasterAccountsTest"/>
  <testcase name="verifyUpdateCreatedFieldInCreateCreateTabDisplayInCustomizeTab" time="5.082" classname="com.focus.testcases.MasterAccountsTest"/>
  <testcase name="verifyOkCheckForCreateTreeTabWithInput" time="3.728" classname="com.focus.testcases.MasterAccountsTest"/>
  <testcase name="verifyCreateTabOptionsInCustomizeMaster" time="2.648" classname="com.focus.testcases.MasterAccountsTest"/>
</testsuite> <!-- com.focus.testcases.MasterAccountsTest -->
