<?xml version="1.0" encoding="UTF-8"?>
<!-- Generated by org.testng.reporters.JUnitReportReporter -->
<testsuite hostname="FOCUS-QA-118" name="com.focus.testcases.CreditTest" tests="56" failures="4" timestamp="22 Dec 2022 08:25:32 GMT" time="2995.451" errors="0">
  <testcase name="checkCreditLimitOptionsAndAssigningCreditLimitToCustomer" time="57.049" classname="com.focus.testcases.CreditTest"/>
  <testcase name="checkEnableOverDueCheckUnderARAPinSettings" time="30.182" classname="com.focus.testcases.CreditTest"/>
  <testcase name="checkResavingRecepitsVoucher" time="69.696" classname="com.focus.testcases.CreditTest"/>
  <testcase name="checkSavedAccountInMastersList" time="6.135" classname="com.focus.testcases.CreditTest"/>
  <testcase name="checkErasingAllTransactions" time="34.438" classname="com.focus.testcases.CreditTest"/>
  <testcase name="checkCopyToClipBoardFromSavedPurchaseVoucherWithRmaFromNotePad" time="76.509" classname="com.focus.testcases.CreditTest"/>
  <testcase name="checkSaveSalesInvoiceVatVoucherByConsumingPartialQuantity" time="61.183" classname="com.focus.testcases.CreditTest"/>
  <testcase name="checkSaveDebitNotesVoucherWithSavedCustOrVenAccount" time="24.217" classname="com.focus.testcases.CreditTest"/>
  <testcase name="checkSavePurchaseVoucherWithRMANumbersFromExcelAfterEraseAll" time="83.644" classname="com.focus.testcases.CreditTest"/>
  <testcase name="checkSaveSalesInvVatandConsumeQtyPartiallyFromPartiallyConsumedSalesOrder" time="72.281" classname="com.focus.testcases.CreditTest">
    <failure type="java.lang.AssertionError" message="expected [true] but found [false]">
      <![CDATA[java.lang.AssertionError: expected [true] but found [false]
	at org.testng.Assert.fail(Assert.java:94)
	at org.testng.Assert.failNotEquals(Assert.java:513)
	at org.testng.Assert.assertEqualsImpl(Assert.java:135)
	at org.testng.Assert.assertEquals(Assert.java:116)
	at org.testng.Assert.assertEquals(Assert.java:305)
	at org.testng.Assert.assertEquals(Assert.java:315)
	at com.focus.testcases.CreditTest.checkSaveSalesInvVatandConsumeQtyPartiallyFromPartiallyConsumedSalesOrder(CreditTest.java:487)
	at sun.reflect.NativeMethodAccessorImpl.invoke0(Native Method)
	at sun.reflect.NativeMethodAccessorImpl.invoke(Unknown Source)
	at sun.reflect.DelegatingMethodAccessorImpl.invoke(Unknown Source)
	at java.lang.reflect.Method.invoke(Unknown Source)
	at org.testng.internal.MethodInvocationHelper.invokeMethod(MethodInvocationHelper.java:86)
	at org.testng.internal.Invoker.invokeMethod(Invoker.java:643)
	at org.testng.internal.Invoker.invokeTestMethod(Invoker.java:820)
	at org.testng.internal.Invoker.invokeTestMethods(Invoker.java:1128)
	at org.testng.internal.TestMethodWorker.invokeTestMethods(TestMethodWorker.java:129)
	at org.testng.internal.TestMethodWorker.run(TestMethodWorker.java:112)
	at org.testng.TestRunner.privateRun(TestRunner.java:782)
	at org.testng.TestRunner.run(TestRunner.java:632)
	at org.testng.SuiteRunner.runTest(SuiteRunner.java:366)
	at org.testng.SuiteRunner.runSequentially(SuiteRunner.java:361)
	at org.testng.SuiteRunner.privateRun(SuiteRunner.java:319)
	at org.testng.SuiteRunner.run(SuiteRunner.java:268)
	at org.testng.SuiteRunnerWorker.runSuite(SuiteRunnerWorker.java:52)
	at org.testng.SuiteRunnerWorker.run(SuiteRunnerWorker.java:86)
	at org.testng.TestNG.runSuitesSequentially(TestNG.java:1244)
	at org.testng.TestNG.runSuitesLocally(TestNG.java:1169)
	at org.testng.TestNG.run(TestNG.java:1064)
	at org.testng.remote.AbstractRemoteTestNG.run(AbstractRemoteTestNG.java:114)
	at org.testng.remote.RemoteTestNG.initAndRun(RemoteTestNG.java:251)
	at org.testng.remote.RemoteTestNG.main(RemoteTestNG.java:77)
]]>
    </failure>
  </testcase> <!-- checkSaveSalesInvVatandConsumeQtyPartiallyFromPartiallyConsumedSalesOrder -->
  <testcase name="checkMappingDepartmentAndAccountInMapctreditLimitScreen" time="22.336" classname="com.focus.testcases.CreditTest"/>
  <testcase name="checkSaveSalesInvoicesVoucherWithRMAFromExcel" time="80.062" classname="com.focus.testcases.CreditTest"/>
  <testcase name="checkValidateQuantityAndNetValuesInTheSalesOrderVoucherHomePage" time="16.927" classname="com.focus.testcases.CreditTest"/>
  <testcase name="checkSavePurchaseVoucherWithRmaFromNotePad" time="63.739" classname="com.focus.testcases.CreditTest"/>
  <testcase name="checkSalesInvoiceVoucherWithCreatedCustOrVenAccount" time="60.313" classname="com.focus.testcases.CreditTest"/>
  <testcase name="checkSaveCreditNoteVoucherWithSavedCustomerOrVendorAccount" time="30.355" classname="com.focus.testcases.CreditTest"/>
  <testcase name="checkErasingAllDataAfterExcel" time="33.959" classname="com.focus.testcases.CreditTest"/>
  <testcase name="checkSavingCreditLimitAuthorisationWithVaildDataWithoutCreditDaysForApprovalInLevel1" time="28.851" classname="com.focus.testcases.CreditTest"/>
  <testcase name="checkEntringDateAfterDateOF1stVoucherInSalesInvoice" time="35.446" classname="com.focus.testcases.CreditTest"/>
  <testcase name="checkStopOptionInCreditLimitUnderSettings" time="55.298" classname="com.focus.testcases.CreditTest"/>
  <testcase name="checkEnableOnlyARTagInPreferences" time="39.396" classname="com.focus.testcases.CreditTest">
    <failure type="java.lang.AssertionError" message="expected [true] but found [false]">
      <![CDATA[java.lang.AssertionError: expected [true] but found [false]
	at org.testng.Assert.fail(Assert.java:94)
	at org.testng.Assert.failNotEquals(Assert.java:513)
	at org.testng.Assert.assertEqualsImpl(Assert.java:135)
	at org.testng.Assert.assertEquals(Assert.java:116)
	at org.testng.Assert.assertEquals(Assert.java:305)
	at org.testng.Assert.assertEquals(Assert.java:315)
	at com.focus.testcases.CreditTest.checkEnableOnlyARTagInPreferences(CreditTest.java:279)
	at sun.reflect.NativeMethodAccessorImpl.invoke0(Native Method)
	at sun.reflect.NativeMethodAccessorImpl.invoke(Unknown Source)
	at sun.reflect.DelegatingMethodAccessorImpl.invoke(Unknown Source)
	at java.lang.reflect.Method.invoke(Unknown Source)
	at org.testng.internal.MethodInvocationHelper.invokeMethod(MethodInvocationHelper.java:86)
	at org.testng.internal.Invoker.invokeMethod(Invoker.java:643)
	at org.testng.internal.Invoker.invokeTestMethod(Invoker.java:820)
	at org.testng.internal.Invoker.invokeTestMethods(Invoker.java:1128)
	at org.testng.internal.TestMethodWorker.invokeTestMethods(TestMethodWorker.java:129)
	at org.testng.internal.TestMethodWorker.run(TestMethodWorker.java:112)
	at org.testng.TestRunner.privateRun(TestRunner.java:782)
	at org.testng.TestRunner.run(TestRunner.java:632)
	at org.testng.SuiteRunner.runTest(SuiteRunner.java:366)
	at org.testng.SuiteRunner.runSequentially(SuiteRunner.java:361)
	at org.testng.SuiteRunner.privateRun(SuiteRunner.java:319)
	at org.testng.SuiteRunner.run(SuiteRunner.java:268)
	at org.testng.SuiteRunnerWorker.runSuite(SuiteRunnerWorker.java:52)
	at org.testng.SuiteRunnerWorker.run(SuiteRunnerWorker.java:86)
	at org.testng.TestNG.runSuitesSequentially(TestNG.java:1244)
	at org.testng.TestNG.runSuitesLocally(TestNG.java:1169)
	at org.testng.TestNG.run(TestNG.java:1064)
	at org.testng.remote.AbstractRemoteTestNG.run(AbstractRemoteTestNG.java:114)
	at org.testng.remote.RemoteTestNG.initAndRun(RemoteTestNG.java:251)
	at org.testng.remote.RemoteTestNG.main(RemoteTestNG.java:77)
]]>
    </failure>
  </testcase> <!-- checkEnableOnlyARTagInPreferences -->
  <testcase name="checkCopyToClipandPasteBoardPreviouslySavedPurVoucherWithRmaAndSaveWithSameRma" time="74.001" classname="com.focus.testcases.CreditTest"/>
  <testcase name="checkDeleteOptionInCreditLimitAuthorisation" time="17.837" classname="com.focus.testcases.CreditTest"/>
  <testcase name="checkTagsInARAP" time="13.938" classname="com.focus.testcases.CreditTest"/>
  <testcase name="checkSaveSalesInvoiceVoucherWithRmaFromNotePad" time="75.115" classname="com.focus.testcases.CreditTest"/>
  <testcase name="checkEnableCreditLimitOptionUnserPerferences" time="57.405" classname="com.focus.testcases.CreditTest"/>
  <testcase name="checkSavePurchaseVoucherWithCreatedCustOrVenAccount" time="54.528" classname="com.focus.testcases.CreditTest"/>
  <testcase name="checkSavingCreditLimitAuthorisationWithOutInput" time="22.497" classname="com.focus.testcases.CreditTest"/>
  <testcase name="chekARAPScreenUnderSettingsOption" time="42.833" classname="com.focus.testcases.CreditTest"/>
  <testcase name="checkSavePurchaseReturnsVoucherWithSavedCustOrVenAccount" time="79.329" classname="com.focus.testcases.CreditTest">
    <failure type="java.lang.AssertionError" message="expected [true] but found [false]">
      <![CDATA[java.lang.AssertionError: expected [true] but found [false]
	at org.testng.Assert.fail(Assert.java:94)
	at org.testng.Assert.failNotEquals(Assert.java:513)
	at org.testng.Assert.assertEqualsImpl(Assert.java:135)
	at org.testng.Assert.assertEquals(Assert.java:116)
	at org.testng.Assert.assertEquals(Assert.java:305)
	at org.testng.Assert.assertEquals(Assert.java:315)
	at com.focus.testcases.CreditTest.checkSavePurchaseReturnsVoucherWithSavedCustOrVenAccount(CreditTest.java:301)
	at sun.reflect.NativeMethodAccessorImpl.invoke0(Native Method)
	at sun.reflect.NativeMethodAccessorImpl.invoke(Unknown Source)
	at sun.reflect.DelegatingMethodAccessorImpl.invoke(Unknown Source)
	at java.lang.reflect.Method.invoke(Unknown Source)
	at org.testng.internal.MethodInvocationHelper.invokeMethod(MethodInvocationHelper.java:86)
	at org.testng.internal.Invoker.invokeMethod(Invoker.java:643)
	at org.testng.internal.Invoker.invokeTestMethod(Invoker.java:820)
	at org.testng.internal.Invoker.invokeTestMethods(Invoker.java:1128)
	at org.testng.internal.TestMethodWorker.invokeTestMethods(TestMethodWorker.java:129)
	at org.testng.internal.TestMethodWorker.run(TestMethodWorker.java:112)
	at org.testng.TestRunner.privateRun(TestRunner.java:782)
	at org.testng.TestRunner.run(TestRunner.java:632)
	at org.testng.SuiteRunner.runTest(SuiteRunner.java:366)
	at org.testng.SuiteRunner.runSequentially(SuiteRunner.java:361)
	at org.testng.SuiteRunner.privateRun(SuiteRunner.java:319)
	at org.testng.SuiteRunner.run(SuiteRunner.java:268)
	at org.testng.SuiteRunnerWorker.runSuite(SuiteRunnerWorker.java:52)
	at org.testng.SuiteRunnerWorker.run(SuiteRunnerWorker.java:86)
	at org.testng.TestNG.runSuitesSequentially(TestNG.java:1244)
	at org.testng.TestNG.runSuitesLocally(TestNG.java:1169)
	at org.testng.TestNG.run(TestNG.java:1064)
	at org.testng.remote.AbstractRemoteTestNG.run(AbstractRemoteTestNG.java:114)
	at org.testng.remote.RemoteTestNG.initAndRun(RemoteTestNG.java:251)
	at org.testng.remote.RemoteTestNG.main(RemoteTestNG.java:77)
]]>
    </failure>
  </testcase> <!-- checkSavePurchaseReturnsVoucherWithSavedCustOrVenAccount -->
  <testcase name="checkSavedCreditLimitAuthorisation" time="53.910" classname="com.focus.testcases.CreditTest"/>
  <testcase name="checkcreditlimitAuthorisationHomeScreen" time="79.472" classname="com.focus.testcases.CreditTest"/>
  <testcase name="checkSavingWithEnteringCreditDays" time="16.190" classname="com.focus.testcases.CreditTest"/>
  <testcase name="checkRaisingSalesInvoiceVoucherMoreThanCreditlimit" time="124.555" classname="com.focus.testcases.CreditTest">
    <failure type="java.lang.AssertionError" message="expected [true] but found [false]">
      <![CDATA[java.lang.AssertionError: expected [true] but found [false]
	at org.testng.Assert.fail(Assert.java:94)
	at org.testng.Assert.failNotEquals(Assert.java:513)
	at org.testng.Assert.assertEqualsImpl(Assert.java:135)
	at org.testng.Assert.assertEquals(Assert.java:116)
	at org.testng.Assert.assertEquals(Assert.java:305)
	at org.testng.Assert.assertEquals(Assert.java:315)
	at com.focus.testcases.CreditTest.checkRaisingSalesInvoiceVoucherMoreThanCreditlimit(CreditTest.java:122)
	at sun.reflect.NativeMethodAccessorImpl.invoke0(Native Method)
	at sun.reflect.NativeMethodAccessorImpl.invoke(Unknown Source)
	at sun.reflect.DelegatingMethodAccessorImpl.invoke(Unknown Source)
	at java.lang.reflect.Method.invoke(Unknown Source)
	at org.testng.internal.MethodInvocationHelper.invokeMethod(MethodInvocationHelper.java:86)
	at org.testng.internal.Invoker.invokeMethod(Invoker.java:643)
	at org.testng.internal.Invoker.invokeTestMethod(Invoker.java:820)
	at org.testng.internal.Invoker.invokeTestMethods(Invoker.java:1128)
	at org.testng.internal.TestMethodWorker.invokeTestMethods(TestMethodWorker.java:129)
	at org.testng.internal.TestMethodWorker.run(TestMethodWorker.java:112)
	at org.testng.TestRunner.privateRun(TestRunner.java:782)
	at org.testng.TestRunner.run(TestRunner.java:632)
	at org.testng.SuiteRunner.runTest(SuiteRunner.java:366)
	at org.testng.SuiteRunner.runSequentially(SuiteRunner.java:361)
	at org.testng.SuiteRunner.privateRun(SuiteRunner.java:319)
	at org.testng.SuiteRunner.run(SuiteRunner.java:268)
	at org.testng.SuiteRunnerWorker.runSuite(SuiteRunnerWorker.java:52)
	at org.testng.SuiteRunnerWorker.run(SuiteRunnerWorker.java:86)
	at org.testng.TestNG.runSuitesSequentially(TestNG.java:1244)
	at org.testng.TestNG.runSuitesLocally(TestNG.java:1169)
	at org.testng.TestNG.run(TestNG.java:1064)
	at org.testng.remote.AbstractRemoteTestNG.run(AbstractRemoteTestNG.java:114)
	at org.testng.remote.RemoteTestNG.initAndRun(RemoteTestNG.java:251)
	at org.testng.remote.RemoteTestNG.main(RemoteTestNG.java:77)
]]>
    </failure>
  </testcase> <!-- checkRaisingSalesInvoiceVoucherMoreThanCreditlimit -->
  <testcase name="checkAddingCreditDaysATAccountThroughShortCutAndCheckingChangesInDueDate" time="37.541" classname="com.focus.testcases.CreditTest"/>
  <testcase name="checkSaveSalesOrderWithPartialQntyConsumptionFromPVoucher" time="33.736" classname="com.focus.testcases.CreditTest"/>
  <testcase name="checkResavingSalesInvoiceVoucherAfterConsuming" time="17.292" classname="com.focus.testcases.CreditTest"/>
  <testcase name="checkResavingSalesInvoiceVoucherAfterConsumingLesserThanCreditLimit" time="37.362" classname="com.focus.testcases.CreditTest"/>
  <testcase name="checkEnteringDATAInsalesINvoiceAfterSavingOpeningBalance" time="73.985" classname="com.focus.testcases.CreditTest"/>
  <testcase name="checkSalesOrderVoucherHomeandValidateQtyAndNetValues" time="17.384" classname="com.focus.testcases.CreditTest"/>
  <testcase name="checklogout" time="11.224" classname="com.focus.testcases.CreditTest"/>
  <testcase name="checkEditoptionInCreditLimit" time="12.514" classname="com.focus.testcases.CreditTest"/>
  <testcase name="checkErasingAllDataAfterSavingSalesInvoiceVoucherWithRMAFromNotePad" time="34.993" classname="com.focus.testcases.CreditTest"/>
  <testcase name="checkSaveCustomerOrVendorAccountForVouchers" time="22.303" classname="com.focus.testcases.CreditTest"/>
  <testcase name="checkSaveSalesOrderVoucher" time="78.177" classname="com.focus.testcases.CreditTest"/>
  <testcase name="checkSavingCreditLimitAuthorisationWithNameInput" time="37.528" classname="com.focus.testcases.CreditTest"/>
  <testcase name="checkResavingCreditLimitAuthorisation" time="46.951" classname="com.focus.testcases.CreditTest"/>
  <testcase name="checkAddingQuantityAndNetFromTransactionFieldsInSalesOrderVoucher" time="81.590" classname="com.focus.testcases.CreditTest"/>
  <testcase name="checkLogin" time="19.908" classname="com.focus.testcases.CreditTest"/>
  <testcase name="checkRestoreCompany" time="209.515" classname="com.focus.testcases.CreditTest"/>
  <testcase name="checkSavePurchaseVoucherWithRMANumbersFromExcel" time="60.687" classname="com.focus.testcases.CreditTest"/>
  <testcase name="checkRestoreCompanyForP1" time="212.240" classname="com.focus.testcases.CreditTest"/>
  <testcase name="checkAdjustingSalesinRecepitsVoucher" time="67.491" classname="com.focus.testcases.CreditTest"/>
  <testcase name="checkErasingAllData" time="35.901" classname="com.focus.testcases.CreditTest"/>
  <testcase name="checkSavingOpeningBalanceVoucherWithHalfCreditLimit" time="69.935" classname="com.focus.testcases.CreditTest"/>
  <testcase name="checkSavePurchaseVoucher" time="83.568" classname="com.focus.testcases.CreditTest"/>
</testsuite> <!-- com.focus.testcases.CreditTest -->
