<?xml version="1.0" encoding="UTF-8"?>
<!-- Generated by org.testng.reporters.JUnitReportReporter -->
<testsuite hostname="FOCUS-QA-118" name="com.focus.testcases.MasterUnitTest" tests="43" failures="2" timestamp="14 Jun 2021 15:00:29 GMT" time="408.568" errors="0">
  <testcase name="checkOpenUnitsMenu" time="23.713" classname="com.focus.testcases.MasterUnitTest"/>
  <testcase name="verifyUnitsCreationScreenAfterSavingBeforeCustomization" time="2.974" classname="com.focus.testcases.MasterUnitTest"/>
  <testcase name="verifyCloneButtonAndSaveInUnitsMasterOptions" time="9.565" classname="com.focus.testcases.MasterUnitTest"/>
  <testcase name="verifySaveButtonWithoutInputCodeMandatoryFieldsInNewOptionBeforeCustomization" time="4.920" classname="com.focus.testcases.MasterUnitTest"/>
  <testcase name="verifySaveButtonWithoutInputUnit" time="11.207" classname="com.focus.testcases.MasterUnitTest"/>
  <testcase name="verifyCreateNewUnitForProperties" time="7.762" classname="com.focus.testcases.MasterUnitTest"/>
  <testcase name="verifyHideAccountGroupsOptionsAccountsMenu" time="2.606" classname="com.focus.testcases.MasterUnitTest"/>
  <testcase name="verifyInActiveBySelectingOkButtonInPropertiesOptionForAccount" time="5.471" classname="com.focus.testcases.MasterUnitTest"/>
  <testcase name="verifyTreeViewOptionsAccountsMenu" time="2.710" classname="com.focus.testcases.MasterUnitTest"/>
  <testcase name="verifyOkInDeleteValidationMessage" time="5.224" classname="com.focus.testcases.MasterUnitTest"/>
  <testcase name="verifyYesRowDeleteOptionInExchangeRate" time="3.499" classname="com.focus.testcases.MasterUnitTest"/>
  <testcase name="verifySaveButtonWithoutInputBaseUnit" time="4.841" classname="com.focus.testcases.MasterUnitTest"/>
  <testcase name="veriyUnitDisplayInUnitsGridBeforeCustomization" time="2.688" classname="com.focus.testcases.MasterUnitTest"/>
  <testcase name="verifyCreateTreeToggleOptionsAccountsMenu" time="2.713" classname="com.focus.testcases.MasterUnitTest"/>
  <testcase name="verifyMainPageHeaderFieldsOptionsAccountsMenu" time="2.832" classname="com.focus.testcases.MasterUnitTest"/>
  <testcase name="verifyRowDeleteFieldInExchangeRate" time="4.998" classname="com.focus.testcases.MasterUnitTest"/>
  <testcase name="verifyToolsOptionsAccountsMenu" time="2.956" classname="com.focus.testcases.MasterUnitTest"/>
  <testcase name="verifyUpdateButtonWithAllInputs" time="7.851" classname="com.focus.testcases.MasterUnitTest"/>
  <testcase name="verifyCreateNewUnitForDeleteOptionValidationMessage" time="15.700" classname="com.focus.testcases.MasterUnitTest"/>
  <testcase name="verifyCloseUnitsMaster" time="2.892" classname="com.focus.testcases.MasterUnitTest"/>
  <testcase name="verifySearchOptionsInMainPageHeaderFieldsOptionsAccountsMenu" time="2.488" classname="com.focus.testcases.MasterUnitTest"/>
  <testcase name="verifyCreateViewToggleOptionsAccountsMenu" time="2.572" classname="com.focus.testcases.MasterUnitTest"/>
  <testcase name="verifyDeleteAccountDisplayBeforeCustomization" time="2.526" classname="com.focus.testcases.MasterUnitTest"/>
  <testcase name="verifyUnitDisplayInUnitsSavingWithCloneMasterOptions" time="2.478" classname="com.focus.testcases.MasterUnitTest"/>
  <testcase name="verifyCloneButtonAndSaveInUnitsMasterCreation" time="14.545" classname="com.focus.testcases.MasterUnitTest"/>
  <testcase name="verifyClearButton" time="4.845" classname="com.focus.testcases.MasterUnitTest"/>
  <testcase name="verifyUpateForNewlyCreateAccountBeforeCustomiztaion" time="12.281" classname="com.focus.testcases.MasterUnitTest"/>
  <testcase name="verifyUnitsConversionTitle" time="7.687" classname="com.focus.testcases.MasterUnitTest"/>
  <testcase name="verifyCopyOptionByPasteOptionWithNewButton" time="87.232" classname="com.focus.testcases.MasterUnitTest">
    <failure type="java.lang.AssertionError" message="expected [true] but found [false]">
      <![CDATA[java.lang.AssertionError: expected [true] but found [false]
	at org.testng.Assert.fail(Assert.java:94)
	at org.testng.Assert.failNotEquals(Assert.java:513)
	at org.testng.Assert.assertEqualsImpl(Assert.java:135)
	at org.testng.Assert.assertEquals(Assert.java:116)
	at org.testng.Assert.assertEquals(Assert.java:305)
	at org.testng.Assert.assertEquals(Assert.java:315)
	at com.focus.testcases.MasterUnitTest.verifyCopyOptionByPasteOptionWithNewButton(MasterUnitTest.java:224)
	at sun.reflect.NativeMethodAccessorImpl.invoke0(Native Method)
	at sun.reflect.NativeMethodAccessorImpl.invoke(Unknown Source)
	at sun.reflect.DelegatingMethodAccessorImpl.invoke(Unknown Source)
	at java.lang.reflect.Method.invoke(Unknown Source)
	at org.testng.internal.MethodInvocationHelper.invokeMethod(MethodInvocationHelper.java:86)
	at org.testng.internal.Invoker.invokeMethod(Invoker.java:643)
	at org.testng.internal.Invoker.invokeTestMethod(Invoker.java:820)
	at org.testng.internal.Invoker.invokeTestMethods(Invoker.java:1128)
	at org.testng.internal.TestMethodWorker.invokeTestMethods(TestMethodWorker.java:129)
	at org.testng.internal.TestMethodWorker.run(TestMethodWorker.java:112)
	at org.testng.TestRunner.privateRun(TestRunner.java:782)
	at org.testng.TestRunner.run(TestRunner.java:632)
	at org.testng.SuiteRunner.runTest(SuiteRunner.java:366)
	at org.testng.SuiteRunner.runSequentially(SuiteRunner.java:361)
	at org.testng.SuiteRunner.privateRun(SuiteRunner.java:319)
	at org.testng.SuiteRunner.run(SuiteRunner.java:268)
	at org.testng.SuiteRunnerWorker.runSuite(SuiteRunnerWorker.java:52)
	at org.testng.SuiteRunnerWorker.run(SuiteRunnerWorker.java:86)
	at org.testng.TestNG.runSuitesSequentially(TestNG.java:1244)
	at org.testng.TestNG.runSuitesLocally(TestNG.java:1169)
	at org.testng.TestNG.run(TestNG.java:1064)
	at org.testng.remote.AbstractRemoteTestNG.run(AbstractRemoteTestNG.java:114)
	at org.testng.remote.RemoteTestNG.initAndRun(RemoteTestNG.java:251)
	at org.testng.remote.RemoteTestNG.main(RemoteTestNG.java:77)
]]>
    </failure>
  </testcase> <!-- verifyCopyOptionByPasteOptionWithNewButton -->
  <testcase name="verifySaveButtonWithoutInputDecimalsFieldMandatoryFieldsInNewOptionBeforeCustomization" time="84.883" classname="com.focus.testcases.MasterUnitTest">
    <failure type="java.lang.AssertionError" message="expected [true] but found [false]">
      <![CDATA[java.lang.AssertionError: expected [true] but found [false]
	at org.testng.Assert.fail(Assert.java:94)
	at org.testng.Assert.failNotEquals(Assert.java:513)
	at org.testng.Assert.assertEqualsImpl(Assert.java:135)
	at org.testng.Assert.assertEquals(Assert.java:116)
	at org.testng.Assert.assertEquals(Assert.java:305)
	at org.testng.Assert.assertEquals(Assert.java:315)
	at com.focus.testcases.MasterUnitTest.verifySaveButtonWithoutInputDecimalsFieldMandatoryFieldsInNewOptionBeforeCustomization(MasterUnitTest.java:129)
	at sun.reflect.NativeMethodAccessorImpl.invoke0(Native Method)
	at sun.reflect.NativeMethodAccessorImpl.invoke(Unknown Source)
	at sun.reflect.DelegatingMethodAccessorImpl.invoke(Unknown Source)
	at java.lang.reflect.Method.invoke(Unknown Source)
	at org.testng.internal.MethodInvocationHelper.invokeMethod(MethodInvocationHelper.java:86)
	at org.testng.internal.Invoker.invokeMethod(Invoker.java:643)
	at org.testng.internal.Invoker.invokeTestMethod(Invoker.java:820)
	at org.testng.internal.Invoker.invokeTestMethods(Invoker.java:1128)
	at org.testng.internal.TestMethodWorker.invokeTestMethods(TestMethodWorker.java:129)
	at org.testng.internal.TestMethodWorker.run(TestMethodWorker.java:112)
	at org.testng.TestRunner.privateRun(TestRunner.java:782)
	at org.testng.TestRunner.run(TestRunner.java:632)
	at org.testng.SuiteRunner.runTest(SuiteRunner.java:366)
	at org.testng.SuiteRunner.runSequentially(SuiteRunner.java:361)
	at org.testng.SuiteRunner.privateRun(SuiteRunner.java:319)
	at org.testng.SuiteRunner.run(SuiteRunner.java:268)
	at org.testng.SuiteRunnerWorker.runSuite(SuiteRunnerWorker.java:52)
	at org.testng.SuiteRunnerWorker.run(SuiteRunnerWorker.java:86)
	at org.testng.TestNG.runSuitesSequentially(TestNG.java:1244)
	at org.testng.TestNG.runSuitesLocally(TestNG.java:1169)
	at org.testng.TestNG.run(TestNG.java:1064)
	at org.testng.remote.AbstractRemoteTestNG.run(AbstractRemoteTestNG.java:114)
	at org.testng.remote.RemoteTestNG.initAndRun(RemoteTestNG.java:251)
	at org.testng.remote.RemoteTestNG.main(RemoteTestNG.java:77)
]]>
    </failure>
  </testcase> <!-- verifySaveButtonWithoutInputDecimalsFieldMandatoryFieldsInNewOptionBeforeCustomization -->
  <testcase name="verifySaveButtonWithoutInputXFactor" time="7.917" classname="com.focus.testcases.MasterUnitTest"/>
  <testcase name="verifySaveButtonWithAllInputs" time="7.865" classname="com.focus.testcases.MasterUnitTest"/>
  <testcase name="verifySaveButtonWithoutInputNameMandatoryFieldsInNewOptionBeforeCustomization" time="2.837" classname="com.focus.testcases.MasterUnitTest"/>
  <testcase name="verifyNewButtonBeforeCustomization" time="3.392" classname="com.focus.testcases.MasterUnitTest"/>
  <testcase name="verifyRowDeleteOptionInExchangeRate" time="2.606" classname="com.focus.testcases.MasterUnitTest"/>
  <testcase name="verifyEditOptionForNewlyCreatedUnit" time="3.230" classname="com.focus.testcases.MasterUnitTest"/>
  <testcase name="verifyUnitDisplayInUnitsSavingWithCloneMasterCreationOptions" time="2.376" classname="com.focus.testcases.MasterUnitTest"/>
  <testcase name="verifyOtherToolsOptionsAccountsMenu" time="2.979" classname="com.focus.testcases.MasterUnitTest"/>
  <testcase name="verifyUnitsConversionFields" time="2.939" classname="com.focus.testcases.MasterUnitTest"/>
  <testcase name="verifySaveButtonWithInputingMandatoryFieldsBeforeCustomization" time="8.663" classname="com.focus.testcases.MasterUnitTest"/>
  <testcase name="verifyMainOptionsUnitsMenu" time="9.869" classname="com.focus.testcases.MasterUnitTest"/>
  <testcase name="verifyUpdatedAccountDisplayInAccountGridBeforeCustomization" time="2.531" classname="com.focus.testcases.MasterUnitTest"/>
  <testcase name="verifyUnitDisplayInUnitsSavingWithCopyAndPaste" time="2.705" classname="com.focus.testcases.MasterUnitTest"/>
</testsuite> <!-- com.focus.testcases.MasterUnitTest -->
