<?xml version="1.0" encoding="UTF-8"?>
<!-- Generated by org.testng.reporters.JUnitReportReporter -->
<testsuite hostname="FOCUS-QA-118" name="com.focus.testcases.MasterWarehouseTest" tests="54" failures="1" timestamp="14 Jun 2021 15:00:29 GMT" time="339.455" errors="0">
  <testcase name="verifySaveWarehouseInWarehouseGroup" time="4.029" classname="com.focus.testcases.MasterWarehouseTest"/>
  <testcase name="verifyCloneButtonAndSaveInWarehouseMasterCreation" time="7.519" classname="com.focus.testcases.MasterWarehouseTest"/>
  <testcase name="checkEditMasterUpdateWarehouse" time="4.483" classname="com.focus.testcases.MasterWarehouseTest"/>
  <testcase name="verifyWarehouseFirstLevel" time="5.738" classname="com.focus.testcases.MasterWarehouseTest"/>
  <testcase name="verifyUpateForNewlyCreateAddGroupWarehouse" time="3.852" classname="com.focus.testcases.MasterWarehouseTest"/>
  <testcase name="verifyWarehouseMasterProperties" time="5.958" classname="com.focus.testcases.MasterWarehouseTest"/>
  <testcase name="verifyMainPageHeaderFieldsOptionsWarehouseMenu" time="2.844" classname="com.focus.testcases.MasterWarehouseTest"/>
  <testcase name="verifyCloseOptionInWarehouseCreation" time="5.819" classname="com.focus.testcases.MasterWarehouseTest"/>
  <testcase name="verifySaveButtonWithoutInputCodeMandatoryFieldsInNew" time="3.014" classname="com.focus.testcases.MasterWarehouseTest"/>
  <testcase name="verifyNewButton" time="3.133" classname="com.focus.testcases.MasterWarehouseTest"/>
  <testcase name="verifyWarehouseAddGroupNewCreateDisplayInWarehouseGrid" time="5.634" classname="com.focus.testcases.MasterWarehouseTest"/>
  <testcase name="verifySaveButtonWithoutInputCodeMandatoryFieldsInAddGroupOption" time="3.091" classname="com.focus.testcases.MasterWarehouseTest"/>
  <testcase name="verifyGeneralTabOptionHeaderDetailsTabInCustomizeMaster" time="2.889" classname="com.focus.testcases.MasterWarehouseTest"/>
  <testcase name="verifyUpateForNewlyCreateWarehouse" time="4.169" classname="com.focus.testcases.MasterWarehouseTest"/>
  <testcase name="verifyDeleteWarehouseDisplayBeforeCustomization" time="5.414" classname="com.focus.testcases.MasterWarehouseTest"/>
  <testcase name="verifyTreeViewOptionsWarehouseMenu" time="2.783" classname="com.focus.testcases.MasterWarehouseTest"/>
  <testcase name="verifyUnitDisplayInUnitsSavingWithCloneMasterOptions" time="5.631" classname="com.focus.testcases.MasterWarehouseTest"/>
  <testcase name="verifyWarehouseDisplaySavingWithCopyAndPaste" time="6.157" classname="com.focus.testcases.MasterWarehouseTest"/>
  <testcase name="verifyCreateTreeToggleOptionsWarehouseMenu" time="2.765" classname="com.focus.testcases.MasterWarehouseTest"/>
  <testcase name="verifyToolsOptionsWarehouseMenu" time="3.040" classname="com.focus.testcases.MasterWarehouseTest"/>
  <testcase name="verifyHideAccountGroupsOptionsWarehouseMenu" time="2.686" classname="com.focus.testcases.MasterWarehouseTest"/>
  <testcase name="verifyGeneralTabOptionMainTabInCustomizeMaster" time="2.917" classname="com.focus.testcases.MasterWarehouseTest"/>
  <testcase name="checkMainOptionsWarehouseMenu" time="2.831" classname="com.focus.testcases.MasterWarehouseTest"/>
  <testcase name="verifySaveButtonWithoutInputNameMandatoryFieldsInNew" time="2.849" classname="com.focus.testcases.MasterWarehouseTest"/>
  <testcase name="verifyCreateNewWarehouseForDeleteOptionValidationMessage" time="11.430" classname="com.focus.testcases.MasterWarehouseTest"/>
  <testcase name="verifyBinsAddGroupCreationScreenAfterSaving" time="2.814" classname="com.focus.testcases.MasterWarehouseTest"/>
  <testcase name="verifyCustomizeMasterTabOption" time="3.969" classname="com.focus.testcases.MasterWarehouseTest"/>
  <testcase name="verifyWarehouseDisplayInUnitsSavingWithCloneMasterCreationOptions" time="5.476" classname="com.focus.testcases.MasterWarehouseTest"/>
  <testcase name="verifySaveButtonInAddGroupWithInputingMandatoryFields" time="3.596" classname="com.focus.testcases.MasterWarehouseTest"/>
  <testcase name="verifyOtherToolsOptionsWarehouseMenu" time="3.302" classname="com.focus.testcases.MasterWarehouseTest"/>
  <testcase name="checkCloneButtonAndSaveInWarehoueMasterOptions" time="7.530" classname="com.focus.testcases.MasterWarehouseTest"/>
  <testcase name="checkWarehouseCreationScreenAfterSaving" time="2.804" classname="com.focus.testcases.MasterWarehouseTest"/>
  <testcase name="verifyCustomizeMasterTabMasterFieldsOption" time="2.923" classname="com.focus.testcases.MasterWarehouseTest"/>
  <testcase name="verifySaveButtonWithoutInputNameMandatoryFieldsInAddGroupOption" time="2.805" classname="com.focus.testcases.MasterWarehouseTest"/>
  <testcase name="verifyNewlyCreatedWarehouseDisplayInGrid" time="5.603" classname="com.focus.testcases.MasterWarehouseTest"/>
  <testcase name="verifyClickOnGroupToDisplayEmpty" time="6.067" classname="com.focus.testcases.MasterWarehouseTest"/>
  <testcase name="verifyEditOptionForNewlyCreatedWarehouse" time="6.317" classname="com.focus.testcases.MasterWarehouseTest"/>
  <testcase name="verifySearchOptionsInMainPageHeaderFieldsOptionsWarehouseMenu" time="2.686" classname="com.focus.testcases.MasterWarehouseTest"/>
  <testcase name="verifyOkInDeleteValidationMessage" time="3.223" classname="com.focus.testcases.MasterWarehouseTest"/>
  <testcase name="verifyCloseBtnOpenWarehouseMasterUpdateWarehouse" time="7.921" classname="com.focus.testcases.MasterWarehouseTest"/>
  <testcase name="verifyAddGroupButton" time="3.125" classname="com.focus.testcases.MasterWarehouseTest"/>
  <testcase name="verifyInActiveBySelectingOkButtonInPropertiesOptionForWrehouse" time="5.952" classname="com.focus.testcases.MasterWarehouseTest"/>
  <testcase name="verifySaveButtonWithInputingMandatoryFields" time="3.457" classname="com.focus.testcases.MasterWarehouseTest"/>
  <testcase name="verifyEditBinInMainTabInCustomizeMaster" time="3.619" classname="com.focus.testcases.MasterWarehouseTest"/>
  <testcase name="verifyEditOptionForNewlyCreateAddGroupWarehouse" time="6.176" classname="com.focus.testcases.MasterWarehouseTest"/>
  <testcase name="verifyUpdatedMasterWarehouseDisplayInGrid" time="5.420" classname="com.focus.testcases.MasterWarehouseTest"/>
  <testcase name="checkCloseBtnInWarehouseMaster" time="6.643" classname="com.focus.testcases.MasterWarehouseTest"/>
  <testcase name="verifyCreateViewToggleOptionsWarehouseMenu" time="2.765" classname="com.focus.testcases.MasterWarehouseTest"/>
  <testcase name="verifyCopyOptionByPasteOptionWithNewButton" time="3.521" classname="com.focus.testcases.MasterWarehouseTest"/>
  <testcase name="verifySaveWarehouseUsingCopyAndPaste" time="5.348" classname="com.focus.testcases.MasterWarehouseTest"/>
  <testcase name="verifyOpenWarehouseMenu" time="15.656" classname="com.focus.testcases.MasterWarehouseTest"/>
  <testcase name="verifyUpdatedWarehouseGroupDisplayInWarehouseGrid" time="5.575" classname="com.focus.testcases.MasterWarehouseTest"/>
  <testcase name="checkEditMasterUpdateWarehouseWH1" time="89.853" classname="com.focus.testcases.MasterWarehouseTest">
    <failure type="java.lang.AssertionError" message="expected [true] but found [false]">
      <![CDATA[java.lang.AssertionError: expected [true] but found [false]
	at org.testng.Assert.fail(Assert.java:94)
	at org.testng.Assert.failNotEquals(Assert.java:513)
	at org.testng.Assert.assertEqualsImpl(Assert.java:135)
	at org.testng.Assert.assertEquals(Assert.java:116)
	at org.testng.Assert.assertEquals(Assert.java:305)
	at org.testng.Assert.assertEquals(Assert.java:315)
	at com.focus.testcases.MasterWarehouseTest.checkEditMasterUpdateWarehouseWH1(MasterWarehouseTest.java:485)
	at sun.reflect.NativeMethodAccessorImpl.invoke0(Native Method)
	at sun.reflect.NativeMethodAccessorImpl.invoke(Unknown Source)
	at sun.reflect.DelegatingMethodAccessorImpl.invoke(Unknown Source)
	at java.lang.reflect.Method.invoke(Unknown Source)
	at org.testng.internal.MethodInvocationHelper.invokeMethod(MethodInvocationHelper.java:86)
	at org.testng.internal.Invoker.invokeMethod(Invoker.java:643)
	at org.testng.internal.Invoker.invokeTestMethod(Invoker.java:820)
	at org.testng.internal.Invoker.invokeTestMethods(Invoker.java:1128)
	at org.testng.internal.TestMethodWorker.invokeTestMethods(TestMethodWorker.java:129)
	at org.testng.internal.TestMethodWorker.run(TestMethodWorker.java:112)
	at org.testng.TestRunner.privateRun(TestRunner.java:782)
	at org.testng.TestRunner.run(TestRunner.java:632)
	at org.testng.SuiteRunner.runTest(SuiteRunner.java:366)
	at org.testng.SuiteRunner.runSequentially(SuiteRunner.java:361)
	at org.testng.SuiteRunner.privateRun(SuiteRunner.java:319)
	at org.testng.SuiteRunner.run(SuiteRunner.java:268)
	at org.testng.SuiteRunnerWorker.runSuite(SuiteRunnerWorker.java:52)
	at org.testng.SuiteRunnerWorker.run(SuiteRunnerWorker.java:86)
	at org.testng.TestNG.runSuitesSequentially(TestNG.java:1244)
	at org.testng.TestNG.runSuitesLocally(TestNG.java:1169)
	at org.testng.TestNG.run(TestNG.java:1064)
	at org.testng.remote.AbstractRemoteTestNG.run(AbstractRemoteTestNG.java:114)
	at org.testng.remote.RemoteTestNG.initAndRun(RemoteTestNG.java:251)
	at org.testng.remote.RemoteTestNG.main(RemoteTestNG.java:77)
]]>
    </failure>
  </testcase> <!-- checkEditMasterUpdateWarehouseWH1 -->
  <testcase name="verifyUpdateCreatedFieldInCreateCreateTabDisplayInCustomizeTab" time="4.634" classname="com.focus.testcases.MasterWarehouseTest"/>
</testsuite> <!-- com.focus.testcases.MasterWarehouseTest -->
