<?xml version="1.0" encoding="UTF-8"?>
<!-- Generated by org.testng.reporters.JUnitReportReporter -->
<testsuite hostname="FOCUS-QA-118" name="com.focus.testcases.SmokeTransactionAuthorizationDefinitionTest" tests="70" failures="2" timestamp="14 Jun 2021 17:24:16 GMT" time="890.108" errors="3">
  <testcase name="checkSelectingVoucherInDocumentDropdown" time="4.991" classname="com.focus.testcases.SmokeTransactionAuthorizationDefinitionTest"/>
  <testcase name="checkSaveSMSTemplateWithMandatoryInputs" time="7.011" classname="com.focus.testcases.SmokeTransactionAuthorizationDefinitionTest"/>
  <testcase name="checkBodyControlLayout" time="18.595" classname="com.focus.testcases.SmokeTransactionAuthorizationDefinitionTest"/>
  <testcase name="checkAlertsTemplateOption" time="18.756" classname="com.focus.testcases.SmokeTransactionAuthorizationDefinitionTest"/>
  <testcase name="checkSavedSMSTemplateInTemplate" time="17.065" classname="com.focus.testcases.SmokeTransactionAuthorizationDefinitionTest"/>
  <testcase name="checkHeaderOptions" time="10.233" classname="com.focus.testcases.SmokeTransactionAuthorizationDefinitionTest"/>
  <testcase name="checkNewOption" time="4.909" classname="com.focus.testcases.SmokeTransactionAuthorizationDefinitionTest"/>
  <testcase name="checkSaveOptionInEmailTemplate" time="13.916" classname="com.focus.testcases.SmokeTransactionAuthorizationDefinitionTest"/>
  <testcase name="checkConditionAsMandatory" time="4.712" classname="com.focus.testcases.SmokeTransactionAuthorizationDefinitionTest">
    <failure type="java.lang.AssertionError" message="expected [true] but found [false]">
      <![CDATA[java.lang.AssertionError: expected [true] but found [false]
	at org.testng.Assert.fail(Assert.java:94)
	at org.testng.Assert.failNotEquals(Assert.java:513)
	at org.testng.Assert.assertEqualsImpl(Assert.java:135)
	at org.testng.Assert.assertEquals(Assert.java:116)
	at org.testng.Assert.assertEquals(Assert.java:305)
	at org.testng.Assert.assertEquals(Assert.java:315)
	at com.focus.testcases.SmokeTransactionAuthorizationDefinitionTest.checkConditionAsMandatory(SmokeTransactionAuthorizationDefinitionTest.java:189)
	at sun.reflect.NativeMethodAccessorImpl.invoke0(Native Method)
	at sun.reflect.NativeMethodAccessorImpl.invoke(Unknown Source)
	at sun.reflect.DelegatingMethodAccessorImpl.invoke(Unknown Source)
	at java.lang.reflect.Method.invoke(Unknown Source)
	at org.testng.internal.MethodInvocationHelper.invokeMethod(MethodInvocationHelper.java:86)
	at org.testng.internal.Invoker.invokeMethod(Invoker.java:643)
	at org.testng.internal.Invoker.invokeTestMethod(Invoker.java:820)
	at org.testng.internal.Invoker.invokeTestMethods(Invoker.java:1128)
	at org.testng.internal.TestMethodWorker.invokeTestMethods(TestMethodWorker.java:129)
	at org.testng.internal.TestMethodWorker.run(TestMethodWorker.java:112)
	at org.testng.TestRunner.privateRun(TestRunner.java:782)
	at org.testng.TestRunner.run(TestRunner.java:632)
	at org.testng.SuiteRunner.runTest(SuiteRunner.java:366)
	at org.testng.SuiteRunner.runSequentially(SuiteRunner.java:361)
	at org.testng.SuiteRunner.privateRun(SuiteRunner.java:319)
	at org.testng.SuiteRunner.run(SuiteRunner.java:268)
	at org.testng.SuiteRunnerWorker.runSuite(SuiteRunnerWorker.java:52)
	at org.testng.SuiteRunnerWorker.run(SuiteRunnerWorker.java:86)
	at org.testng.TestNG.runSuitesSequentially(TestNG.java:1244)
	at org.testng.TestNG.runSuitesLocally(TestNG.java:1169)
	at org.testng.TestNG.run(TestNG.java:1064)
	at org.testng.remote.AbstractRemoteTestNG.run(AbstractRemoteTestNG.java:114)
	at org.testng.remote.RemoteTestNG.initAndRun(RemoteTestNG.java:251)
	at org.testng.remote.RemoteTestNG.main(RemoteTestNG.java:77)
]]>
    </failure>
  </testcase> <!-- checkConditionAsMandatory -->
  <testcase name="checkSaveAuthorizationWithAlertsAndEsclations" time="5.256" classname="com.focus.testcases.SmokeTransactionAuthorizationDefinitionTest"/>
  <testcase name="checkCreatedEmailInEmailHedaerTemplate" time="8.750" classname="com.focus.testcases.SmokeTransactionAuthorizationDefinitionTest"/>
  <testcase name="checkSavedAlertTemplateInTemplate" time="17.339" classname="com.focus.testcases.SmokeTransactionAuthorizationDefinitionTest"/>
  <testcase name="checkSMSTemplateOption" time="6.661" classname="com.focus.testcases.SmokeTransactionAuthorizationDefinitionTest"/>
  <testcase name="checkVoucherTypeDocumentOptions" time="8.090" classname="com.focus.testcases.SmokeTransactionAuthorizationDefinitionTest"/>
  <testcase name="checkSaveOptionWithLayoutName" time="14.506" classname="com.focus.testcases.SmokeTransactionAuthorizationDefinitionTest"/>
  <testcase name="checkEditCreateEmailTemplateHeader" time="13.655" classname="com.focus.testcases.SmokeTransactionAuthorizationDefinitionTest"/>
  <testcase name="checkOkButtonOnSelectionEmailHeaderTemplate" time="4.712" classname="com.focus.testcases.SmokeTransactionAuthorizationDefinitionTest"/>
  <testcase name="checkTemplateNameWithoutTemplateText" time="9.737" classname="com.focus.testcases.SmokeTransactionAuthorizationDefinitionTest"/>
  <testcase name="checkUserSelectionTabOptions" time="8.294" classname="com.focus.testcases.SmokeTransactionAuthorizationDefinitionTest">
    <failure type="java.lang.AssertionError" message="expected [true] but found [false]">
      <![CDATA[java.lang.AssertionError: expected [true] but found [false]
	at org.testng.Assert.fail(Assert.java:94)
	at org.testng.Assert.failNotEquals(Assert.java:513)
	at org.testng.Assert.assertEqualsImpl(Assert.java:135)
	at org.testng.Assert.assertEquals(Assert.java:116)
	at org.testng.Assert.assertEquals(Assert.java:305)
	at org.testng.Assert.assertEquals(Assert.java:315)
	at com.focus.testcases.SmokeTransactionAuthorizationDefinitionTest.checkUserSelectionTabOptions(SmokeTransactionAuthorizationDefinitionTest.java:128)
	at sun.reflect.NativeMethodAccessorImpl.invoke0(Native Method)
	at sun.reflect.NativeMethodAccessorImpl.invoke(Unknown Source)
	at sun.reflect.DelegatingMethodAccessorImpl.invoke(Unknown Source)
	at java.lang.reflect.Method.invoke(Unknown Source)
	at org.testng.internal.MethodInvocationHelper.invokeMethod(MethodInvocationHelper.java:86)
	at org.testng.internal.Invoker.invokeMethod(Invoker.java:643)
	at org.testng.internal.Invoker.invokeTestMethod(Invoker.java:820)
	at org.testng.internal.Invoker.invokeTestMethods(Invoker.java:1128)
	at org.testng.internal.TestMethodWorker.invokeTestMethods(TestMethodWorker.java:129)
	at org.testng.internal.TestMethodWorker.run(TestMethodWorker.java:112)
	at org.testng.TestRunner.privateRun(TestRunner.java:782)
	at org.testng.TestRunner.run(TestRunner.java:632)
	at org.testng.SuiteRunner.runTest(SuiteRunner.java:366)
	at org.testng.SuiteRunner.runSequentially(SuiteRunner.java:361)
	at org.testng.SuiteRunner.privateRun(SuiteRunner.java:319)
	at org.testng.SuiteRunner.run(SuiteRunner.java:268)
	at org.testng.SuiteRunnerWorker.runSuite(SuiteRunnerWorker.java:52)
	at org.testng.SuiteRunnerWorker.run(SuiteRunnerWorker.java:86)
	at org.testng.TestNG.runSuitesSequentially(TestNG.java:1244)
	at org.testng.TestNG.runSuitesLocally(TestNG.java:1169)
	at org.testng.TestNG.run(TestNG.java:1064)
	at org.testng.remote.AbstractRemoteTestNG.run(AbstractRemoteTestNG.java:114)
	at org.testng.remote.RemoteTestNG.initAndRun(RemoteTestNG.java:251)
	at org.testng.remote.RemoteTestNG.main(RemoteTestNG.java:77)
]]>
    </failure>
  </testcase> <!-- checkUserSelectionTabOptions -->
  <testcase name="checkConditionTabOptions" time="6.253" classname="com.focus.testcases.SmokeTransactionAuthorizationDefinitionTest"/>
  <testcase name="checkExitOptionInLayout" time="6.977" classname="com.focus.testcases.SmokeTransactionAuthorizationDefinitionTest"/>
  <testcase name="checkActiveCheckBox" time="5.041" classname="com.focus.testcases.SmokeTransactionAuthorizationDefinitionTest"/>
  <testcase name="checkSaveButtonWithoutTemplateName" time="5.973" classname="com.focus.testcases.SmokeTransactionAuthorizationDefinitionTest"/>
  <testcase name="checkClearButton" time="8.917" classname="com.focus.testcases.SmokeTransactionAuthorizationDefinitionTest"/>
  <testcase name="checkOkInAlertDeleteOption" time="7.868" classname="com.focus.testcases.SmokeTransactionAuthorizationDefinitionTest"/>
  <testcase name="checkLoginToCheckTransactionAuthorization" time="23.400" classname="com.focus.testcases.SmokeTransactionAuthorizationDefinitionTest"/>
  <testcase name="checkBodyOptions" time="48.630" classname="com.focus.testcases.SmokeTransactionAuthorizationDefinitionTest">
    <error type="org.openqa.selenium.NoSuchElementException" message="no such element: Unable to locate element: {&quot;method&quot;:&quot;xpath&quot;,&quot;selector&quot;:&quot;//*[@id=&#039;InvoiceDesignFields&#039;]/ul/li[3]/ul/li[19]/a/span&quot;}
  (Session info: chrome=91.0.4472.101)
For documentation on this error, please visit: http://seleniumhq.org/exceptions/no_such_element.html
Build info: version: &#039;3.12.0&#039;, revision: &#039;7c6e0b3&#039;, time: &#039;2018-05-08T14:04:26.12Z&#039;
System info: host: &#039;FOCUS-QA-118&#039;, ip: &#039;192.168.4.56&#039;, os.name: &#039;Windows 10&#039;, os.arch: &#039;amd64&#039;, os.version: &#039;10.0&#039;, java.version: &#039;1.8.0_111&#039;
Driver info: org.openqa.selenium.chrome.ChromeDriver
Capabilities {acceptInsecureCerts: false, browserName: chrome, browserVersion: 91.0.4472.101, chrome: {chromedriverVersion: 90.0.4430.24 (4c6d850f087da..., userDataDir: C:\Users\Admin\AppData\Loca...}, goog:chromeOptions: {debuggerAddress: localhost:62592}, javascriptEnabled: true, networkConnectionEnabled: false, pageLoadStrategy: normal, platform: WINDOWS, platformName: WINDOWS, proxy: Proxy(), setWindowRect: true, strictFileInteractability: false, timeouts: {implicit: 0, pageLoad: 300000, script: 30000}, unhandledPromptBehavior: dismiss and notify, webauthn:extension:largeBlob: true, webauthn:virtualAuthenticators: true}
Session ID: 163e986de8ef151e71b95fcb2ac3a200
*** Element info: {Using=xpath, value=//*[@id=&#039;InvoiceDesignFields&#039;]/ul/li[3]/ul/li[19]/a/span}">
      <![CDATA[org.openqa.selenium.NoSuchElementException: no such element: Unable to locate element: {"method":"xpath","selector":"//*[@id='InvoiceDesignFields']/ul/li[3]/ul/li[19]/a/span"}
  (Session info: chrome=91.0.4472.101)
For documentation on this error, please visit: http://seleniumhq.org/exceptions/no_such_element.html
Build info: version: '3.12.0', revision: '7c6e0b3', time: '2018-05-08T14:04:26.12Z'
System info: host: 'FOCUS-QA-118', ip: '192.168.4.56', os.name: 'Windows 10', os.arch: 'amd64', os.version: '10.0', java.version: '1.8.0_111'
Driver info: org.openqa.selenium.chrome.ChromeDriver
Capabilities {acceptInsecureCerts: false, browserName: chrome, browserVersion: 91.0.4472.101, chrome: {chromedriverVersion: 90.0.4430.24 (4c6d850f087da..., userDataDir: C:\Users\Admin\AppData\Loca...}, goog:chromeOptions: {debuggerAddress: localhost:62592}, javascriptEnabled: true, networkConnectionEnabled: false, pageLoadStrategy: normal, platform: WINDOWS, platformName: WINDOWS, proxy: Proxy(), setWindowRect: true, strictFileInteractability: false, timeouts: {implicit: 0, pageLoad: 300000, script: 30000}, unhandledPromptBehavior: dismiss and notify, webauthn:extension:largeBlob: true, webauthn:virtualAuthenticators: true}
Session ID: 163e986de8ef151e71b95fcb2ac3a200
*** Element info: {Using=xpath, value=//*[@id='InvoiceDesignFields']/ul/li[3]/ul/li[19]/a/span}
	at sun.reflect.NativeConstructorAccessorImpl.newInstance0(Native Method)
	at sun.reflect.NativeConstructorAccessorImpl.newInstance(Unknown Source)
	at sun.reflect.DelegatingConstructorAccessorImpl.newInstance(Unknown Source)
	at java.lang.reflect.Constructor.newInstance(Unknown Source)
	at org.openqa.selenium.remote.http.W3CHttpResponseCodec.createException(W3CHttpResponseCodec.java:187)
	at org.openqa.selenium.remote.http.W3CHttpResponseCodec.decode(W3CHttpResponseCodec.java:122)
	at org.openqa.selenium.remote.http.W3CHttpResponseCodec.decode(W3CHttpResponseCodec.java:49)
	at org.openqa.selenium.remote.HttpCommandExecutor.execute(HttpCommandExecutor.java:158)
	at org.openqa.selenium.remote.service.DriverCommandExecutor.execute(DriverCommandExecutor.java:83)
	at org.openqa.selenium.remote.RemoteWebDriver.execute(RemoteWebDriver.java:543)
	at org.openqa.selenium.remote.RemoteWebDriver.findElement(RemoteWebDriver.java:317)
	at org.openqa.selenium.remote.RemoteWebDriver.findElementByXPath(RemoteWebDriver.java:419)
	at org.openqa.selenium.By$ByXPath.findElement(By.java:353)
	at org.openqa.selenium.remote.RemoteWebDriver.findElement(RemoteWebDriver.java:309)
	at org.openqa.selenium.support.pagefactory.DefaultElementLocator.findElement(DefaultElementLocator.java:69)
	at org.openqa.selenium.support.pagefactory.internal.LocatingElementHandler.invoke(LocatingElementHandler.java:38)
	at com.sun.proxy.$Proxy14.isDisplayed(Unknown Source)
	at com.focus.Pages.SmokeTransactionAuthorizationDefinitionPage.checkBodyOptions(SmokeTransactionAuthorizationDefinitionPage.java:4958)
	at com.focus.testcases.SmokeTransactionAuthorizationDefinitionTest.checkBodyOptions(SmokeTransactionAuthorizationDefinitionTest.java:397)
	at sun.reflect.NativeMethodAccessorImpl.invoke0(Native Method)
	at sun.reflect.NativeMethodAccessorImpl.invoke(Unknown Source)
	at sun.reflect.DelegatingMethodAccessorImpl.invoke(Unknown Source)
	at java.lang.reflect.Method.invoke(Unknown Source)
	at org.testng.internal.MethodInvocationHelper.invokeMethod(MethodInvocationHelper.java:86)
	at org.testng.internal.Invoker.invokeMethod(Invoker.java:643)
	at org.testng.internal.Invoker.invokeTestMethod(Invoker.java:820)
	at org.testng.internal.Invoker.invokeTestMethods(Invoker.java:1128)
	at org.testng.internal.TestMethodWorker.invokeTestMethods(TestMethodWorker.java:129)
	at org.testng.internal.TestMethodWorker.run(TestMethodWorker.java:112)
	at org.testng.TestRunner.privateRun(TestRunner.java:782)
	at org.testng.TestRunner.run(TestRunner.java:632)
	at org.testng.SuiteRunner.runTest(SuiteRunner.java:366)
	at org.testng.SuiteRunner.runSequentially(SuiteRunner.java:361)
	at org.testng.SuiteRunner.privateRun(SuiteRunner.java:319)
	at org.testng.SuiteRunner.run(SuiteRunner.java:268)
	at org.testng.SuiteRunnerWorker.runSuite(SuiteRunnerWorker.java:52)
	at org.testng.SuiteRunnerWorker.run(SuiteRunnerWorker.java:86)
	at org.testng.TestNG.runSuitesSequentially(TestNG.java:1244)
	at org.testng.TestNG.runSuitesLocally(TestNG.java:1169)
	at org.testng.TestNG.run(TestNG.java:1064)
	at org.testng.remote.AbstractRemoteTestNG.run(AbstractRemoteTestNG.java:114)
	at org.testng.remote.RemoteTestNG.initAndRun(RemoteTestNG.java:251)
	at org.testng.remote.RemoteTestNG.main(RemoteTestNG.java:77)
]]>
    </error>
  </testcase> <!-- checkBodyOptions -->
  <testcase name="checkPreviewOption" time="11.103" classname="com.focus.testcases.SmokeTransactionAuthorizationDefinitionTest"/>
  <testcase name="checkOkButtonOnSelectingUser" time="10.394" classname="com.focus.testcases.SmokeTransactionAuthorizationDefinitionTest"/>
  <testcase name="checkOkBtnInEscalationTabOptions" time="20.012" classname="com.focus.testcases.SmokeTransactionAuthorizationDefinitionTest"/>
  <testcase name="checkStartPoint" time="7.882" classname="com.focus.testcases.SmokeTransactionAuthorizationDefinitionTest"/>
  <testcase name="checkEscalationTabOptionsAfterClickingAddBtn" time="4.555" classname="com.focus.testcases.SmokeTransactionAuthorizationDefinitionTest"/>
  <testcase name="checkCancelButtonInDefinitionScreen" time="4.901" classname="com.focus.testcases.SmokeTransactionAuthorizationDefinitionTest"/>
  <testcase name="checkSaveButtonWithoutSMSTemplateName" time="6.486" classname="com.focus.testcases.SmokeTransactionAuthorizationDefinitionTest"/>
  <testcase name="checkEmailTemplateHeaderOption" time="4.677" classname="com.focus.testcases.SmokeTransactionAuthorizationDefinitionTest"/>
  <testcase name="checkEditAuthorizationSettings" time="7.410" classname="com.focus.testcases.SmokeTransactionAuthorizationDefinitionTest"/>
  <testcase name="checkInputNameAndClickOnSaveWithoutAuthorizationSettings" time="6.651" classname="com.focus.testcases.SmokeTransactionAuthorizationDefinitionTest"/>
  <testcase name="checkSaveAlertsTemplateWithMandatoryInputs" time="7.133" classname="com.focus.testcases.SmokeTransactionAuthorizationDefinitionTest"/>
  <testcase name="checkSavingTransactionAuthorization" time="9.881" classname="com.focus.testcases.SmokeTransactionAuthorizationDefinitionTest"/>
  <testcase name="checkAlertsTabOptions" time="4.718" classname="com.focus.testcases.SmokeTransactionAuthorizationDefinitionTest"/>
  <testcase name="checkCloseAndLogoutTheCompany" time="9.191" classname="com.focus.testcases.SmokeTransactionAuthorizationDefinitionTest"/>
  <testcase name="checkTransactionAuthorizationOptions" time="9.617" classname="com.focus.testcases.SmokeTransactionAuthorizationDefinitionTest"/>
  <testcase name="checkDisplayingAuthorizationName" time="21.513" classname="com.focus.testcases.SmokeTransactionAuthorizationDefinitionTest"/>
  <testcase name="checkEditOnSelectAlertsTabOptions" time="10.228" classname="com.focus.testcases.SmokeTransactionAuthorizationDefinitionTest"/>
  <testcase name="checkCloseOption" time="6.784" classname="com.focus.testcases.SmokeTransactionAuthorizationDefinitionTest"/>
  <testcase name="checkCompanyExpandInFieldsTabOptions" time="6.146" classname="com.focus.testcases.SmokeTransactionAuthorizationDefinitionTest"/>
  <testcase name="checkSaveWithAllMandatoryInputs" time="4.788" classname="com.focus.testcases.SmokeTransactionAuthorizationDefinitionTest"/>
  <testcase name="checkDescriptionAsMandatory" time="7.730" classname="com.focus.testcases.SmokeTransactionAuthorizationDefinitionTest"/>
  <testcase name="checkSaveButtonWithoutAlertsTemplateName" time="4.554" classname="com.focus.testcases.SmokeTransactionAuthorizationDefinitionTest"/>
  <testcase name="checkBannerTextInNameTextBox" time="6.852" classname="com.focus.testcases.SmokeTransactionAuthorizationDefinitionTest"/>
  <testcase name="checkCloseOptionInAlertsTemplateWithMandatoryInputs" time="3.085" classname="com.focus.testcases.SmokeTransactionAuthorizationDefinitionTest"/>
  <testcase name="checkCancelInAlertDeleteOption" time="7.291" classname="com.focus.testcases.SmokeTransactionAuthorizationDefinitionTest"/>
  <testcase name="checkUserDetailsOptions" time="9.122" classname="com.focus.testcases.SmokeTransactionAuthorizationDefinitionTest"/>
  <testcase name="checkAlertMessageOnDeleteAuthorization" time="41.211" classname="com.focus.testcases.SmokeTransactionAuthorizationDefinitionTest"/>
  <testcase name="checkCreateAuthorizationInMaterialRequistion" time="24.958" classname="com.focus.testcases.SmokeTransactionAuthorizationDefinitionTest"/>
  <testcase name="checkBodyPropertiesControl" time="85.611" classname="com.focus.testcases.SmokeTransactionAuthorizationDefinitionTest">
    <error type="org.openqa.selenium.TimeoutException" message="Expected condition failed: waiting for element to be clickable: Proxy element for: DefaultElementLocator &#039;By.xpath: //input[@id=&#039;FTextBox_10_2000&#039;]&#039; (tried for 20 second(s) with 1000 milliseconds interval)">
      <![CDATA[org.openqa.selenium.TimeoutException: Expected condition failed: waiting for element to be clickable: Proxy element for: DefaultElementLocator 'By.xpath: //input[@id='FTextBox_10_2000']' (tried for 20 second(s) with 1000 milliseconds interval)
	at org.openqa.selenium.support.ui.FluentWait.timeoutException(FluentWait.java:303)
	at org.openqa.selenium.support.ui.FluentWait.until(FluentWait.java:271)
	at com.focus.Pages.SmokeTransactionAuthorizationDefinitionPage.checkBodyPropertiesControl(SmokeTransactionAuthorizationDefinitionPage.java:5712)
	at com.focus.testcases.SmokeTransactionAuthorizationDefinitionTest.checkBodyPropertiesControl(SmokeTransactionAuthorizationDefinitionTest.java:444)
	at sun.reflect.NativeMethodAccessorImpl.invoke0(Native Method)
	at sun.reflect.NativeMethodAccessorImpl.invoke(Unknown Source)
	at sun.reflect.DelegatingMethodAccessorImpl.invoke(Unknown Source)
	at java.lang.reflect.Method.invoke(Unknown Source)
	at org.testng.internal.MethodInvocationHelper.invokeMethod(MethodInvocationHelper.java:86)
	at org.testng.internal.Invoker.invokeMethod(Invoker.java:643)
	at org.testng.internal.Invoker.invokeTestMethod(Invoker.java:820)
	at org.testng.internal.Invoker.invokeTestMethods(Invoker.java:1128)
	at org.testng.internal.TestMethodWorker.invokeTestMethods(TestMethodWorker.java:129)
	at org.testng.internal.TestMethodWorker.run(TestMethodWorker.java:112)
	at org.testng.TestRunner.privateRun(TestRunner.java:782)
	at org.testng.TestRunner.run(TestRunner.java:632)
	at org.testng.SuiteRunner.runTest(SuiteRunner.java:366)
	at org.testng.SuiteRunner.runSequentially(SuiteRunner.java:361)
	at org.testng.SuiteRunner.privateRun(SuiteRunner.java:319)
	at org.testng.SuiteRunner.run(SuiteRunner.java:268)
	at org.testng.SuiteRunnerWorker.runSuite(SuiteRunnerWorker.java:52)
	at org.testng.SuiteRunnerWorker.run(SuiteRunnerWorker.java:86)
	at org.testng.TestNG.runSuitesSequentially(TestNG.java:1244)
	at org.testng.TestNG.runSuitesLocally(TestNG.java:1169)
	at org.testng.TestNG.run(TestNG.java:1064)
	at org.testng.remote.AbstractRemoteTestNG.run(AbstractRemoteTestNG.java:114)
	at org.testng.remote.RemoteTestNG.initAndRun(RemoteTestNG.java:251)
	at org.testng.remote.RemoteTestNG.main(RemoteTestNG.java:77)
Caused by: org.openqa.selenium.NoSuchElementException: no such element: Unable to locate element: {"method":"xpath","selector":"//input[@id='FTextBox_10_2000']"}
  (Session info: chrome=91.0.4472.101)
For documentation on this error, please visit: http://seleniumhq.org/exceptions/no_such_element.html
Build info: version: '3.12.0', revision: '7c6e0b3', time: '2018-05-08T14:04:26.12Z'
System info: host: 'FOCUS-QA-118', ip: '192.168.4.56', os.name: 'Windows 10', os.arch: 'amd64', os.version: '10.0', java.version: '1.8.0_111'
Driver info: org.openqa.selenium.chrome.ChromeDriver
Capabilities {acceptInsecureCerts: false, browserName: chrome, browserVersion: 91.0.4472.101, chrome: {chromedriverVersion: 90.0.4430.24 (4c6d850f087da..., userDataDir: C:\Users\Admin\AppData\Loca...}, goog:chromeOptions: {debuggerAddress: localhost:62592}, javascriptEnabled: true, networkConnectionEnabled: false, pageLoadStrategy: normal, platform: WINDOWS, platformName: WINDOWS, proxy: Proxy(), setWindowRect: true, strictFileInteractability: false, timeouts: {implicit: 0, pageLoad: 300000, script: 30000}, unhandledPromptBehavior: dismiss and notify, webauthn:extension:largeBlob: true, webauthn:virtualAuthenticators: true}
Session ID: 163e986de8ef151e71b95fcb2ac3a200
*** Element info: {Using=xpath, value=//input[@id='FTextBox_10_2000']}
	at sun.reflect.NativeConstructorAccessorImpl.newInstance0(Native Method)
	at sun.reflect.NativeConstructorAccessorImpl.newInstance(Unknown Source)
	at sun.reflect.DelegatingConstructorAccessorImpl.newInstance(Unknown Source)
	at java.lang.reflect.Constructor.newInstance(Unknown Source)
	at org.openqa.selenium.remote.http.W3CHttpResponseCodec.createException(W3CHttpResponseCodec.java:187)
	at org.openqa.selenium.remote.http.W3CHttpResponseCodec.decode(W3CHttpResponseCodec.java:122)
	at org.openqa.selenium.remote.http.W3CHttpResponseCodec.decode(W3CHttpResponseCodec.java:49)
	at org.openqa.selenium.remote.HttpCommandExecutor.execute(HttpCommandExecutor.java:158)
	at org.openqa.selenium.remote.service.DriverCommandExecutor.execute(DriverCommandExecutor.java:83)
	at org.openqa.selenium.remote.RemoteWebDriver.execute(RemoteWebDriver.java:543)
	at org.openqa.selenium.remote.RemoteWebDriver.findElement(RemoteWebDriver.java:317)
	at org.openqa.selenium.remote.RemoteWebDriver.findElementByXPath(RemoteWebDriver.java:419)
	at org.openqa.selenium.By$ByXPath.findElement(By.java:353)
	at org.openqa.selenium.remote.RemoteWebDriver.findElement(RemoteWebDriver.java:309)
	at org.openqa.selenium.support.pagefactory.DefaultElementLocator.findElement(DefaultElementLocator.java:69)
	at org.openqa.selenium.support.pagefactory.internal.LocatingElementHandler.invoke(LocatingElementHandler.java:38)
	at com.sun.proxy.$Proxy14.isDisplayed(Unknown Source)
	at org.openqa.selenium.support.ui.ExpectedConditions.elementIfVisible(ExpectedConditions.java:315)
	at org.openqa.selenium.support.ui.ExpectedConditions.access$100(ExpectedConditions.java:44)
	at org.openqa.selenium.support.ui.ExpectedConditions$10.apply(ExpectedConditions.java:301)
	at org.openqa.selenium.support.ui.ExpectedConditions$10.apply(ExpectedConditions.java:298)
	at org.openqa.selenium.support.ui.ExpectedConditions$23.apply(ExpectedConditions.java:686)
	at org.openqa.selenium.support.ui.ExpectedConditions$23.apply(ExpectedConditions.java:682)
	at org.openqa.selenium.support.ui.FluentWait.until(FluentWait.java:248)
	... 26 more
]]>
    </error>
  </testcase> <!-- checkBodyPropertiesControl -->
  <testcase name="checkSavingTransactionAuthorizationOnSelctingEmailHeaderTemplate" time="4.739" classname="com.focus.testcases.SmokeTransactionAuthorizationDefinitionTest"/>
  <testcase name="checkSaveOptionWithoutLayoutName" time="7.565" classname="com.focus.testcases.SmokeTransactionAuthorizationDefinitionTest"/>
  <testcase name="checkUserDropdownOptions" time="3.414" classname="com.focus.testcases.SmokeTransactionAuthorizationDefinitionTest"/>
  <testcase name="checkEscalationTabOptions" time="4.357" classname="com.focus.testcases.SmokeTransactionAuthorizationDefinitionTest"/>
  <testcase name="checkFieldsTabOptions" time="3.464" classname="com.focus.testcases.SmokeTransactionAuthorizationDefinitionTest"/>
  <testcase name="checkCloseOptionInSMSTemplateWithMandatoryInputs" time="4.734" classname="com.focus.testcases.SmokeTransactionAuthorizationDefinitionTest"/>
  <testcase name="checkFieldsDragInHeaderOptions" time="94.447" classname="com.focus.testcases.SmokeTransactionAuthorizationDefinitionTest">
    <error type="org.openqa.selenium.TimeoutException" message="Expected condition failed: waiting for element to be clickable: Proxy element for: DefaultElementLocator &#039;By.xpath: //div[@id=&#039;StaticText_0_2002&#039;]//p[contains(text(),&#039;DocNo&#039;)]&#039; (tried for 20 second(s) with 1000 milliseconds interval)">
      <![CDATA[org.openqa.selenium.TimeoutException: Expected condition failed: waiting for element to be clickable: Proxy element for: DefaultElementLocator 'By.xpath: //div[@id='StaticText_0_2002']//p[contains(text(),'DocNo')]' (tried for 20 second(s) with 1000 milliseconds interval)
	at org.openqa.selenium.support.ui.FluentWait.timeoutException(FluentWait.java:303)
	at org.openqa.selenium.support.ui.FluentWait.until(FluentWait.java:271)
	at com.focus.Pages.SmokeTransactionAuthorizationDefinitionPage.checkFieldsDragInHeaderOptions(SmokeTransactionAuthorizationDefinitionPage.java:5457)
	at com.focus.testcases.SmokeTransactionAuthorizationDefinitionTest.checkFieldsDragInHeaderOptions(SmokeTransactionAuthorizationDefinitionTest.java:427)
	at sun.reflect.NativeMethodAccessorImpl.invoke0(Native Method)
	at sun.reflect.NativeMethodAccessorImpl.invoke(Unknown Source)
	at sun.reflect.DelegatingMethodAccessorImpl.invoke(Unknown Source)
	at java.lang.reflect.Method.invoke(Unknown Source)
	at org.testng.internal.MethodInvocationHelper.invokeMethod(MethodInvocationHelper.java:86)
	at org.testng.internal.Invoker.invokeMethod(Invoker.java:643)
	at org.testng.internal.Invoker.invokeTestMethod(Invoker.java:820)
	at org.testng.internal.Invoker.invokeTestMethods(Invoker.java:1128)
	at org.testng.internal.TestMethodWorker.invokeTestMethods(TestMethodWorker.java:129)
	at org.testng.internal.TestMethodWorker.run(TestMethodWorker.java:112)
	at org.testng.TestRunner.privateRun(TestRunner.java:782)
	at org.testng.TestRunner.run(TestRunner.java:632)
	at org.testng.SuiteRunner.runTest(SuiteRunner.java:366)
	at org.testng.SuiteRunner.runSequentially(SuiteRunner.java:361)
	at org.testng.SuiteRunner.privateRun(SuiteRunner.java:319)
	at org.testng.SuiteRunner.run(SuiteRunner.java:268)
	at org.testng.SuiteRunnerWorker.runSuite(SuiteRunnerWorker.java:52)
	at org.testng.SuiteRunnerWorker.run(SuiteRunnerWorker.java:86)
	at org.testng.TestNG.runSuitesSequentially(TestNG.java:1244)
	at org.testng.TestNG.runSuitesLocally(TestNG.java:1169)
	at org.testng.TestNG.run(TestNG.java:1064)
	at org.testng.remote.AbstractRemoteTestNG.run(AbstractRemoteTestNG.java:114)
	at org.testng.remote.RemoteTestNG.initAndRun(RemoteTestNG.java:251)
	at org.testng.remote.RemoteTestNG.main(RemoteTestNG.java:77)
Caused by: org.openqa.selenium.NoSuchElementException: no such element: Unable to locate element: {"method":"xpath","selector":"//div[@id='StaticText_0_2002']//p[contains(text(),'DocNo')]"}
  (Session info: chrome=91.0.4472.101)
For documentation on this error, please visit: http://seleniumhq.org/exceptions/no_such_element.html
Build info: version: '3.12.0', revision: '7c6e0b3', time: '2018-05-08T14:04:26.12Z'
System info: host: 'FOCUS-QA-118', ip: '192.168.4.56', os.name: 'Windows 10', os.arch: 'amd64', os.version: '10.0', java.version: '1.8.0_111'
Driver info: org.openqa.selenium.chrome.ChromeDriver
Capabilities {acceptInsecureCerts: false, browserName: chrome, browserVersion: 91.0.4472.101, chrome: {chromedriverVersion: 90.0.4430.24 (4c6d850f087da..., userDataDir: C:\Users\Admin\AppData\Loca...}, goog:chromeOptions: {debuggerAddress: localhost:62592}, javascriptEnabled: true, networkConnectionEnabled: false, pageLoadStrategy: normal, platform: WINDOWS, platformName: WINDOWS, proxy: Proxy(), setWindowRect: true, strictFileInteractability: false, timeouts: {implicit: 0, pageLoad: 300000, script: 30000}, unhandledPromptBehavior: dismiss and notify, webauthn:extension:largeBlob: true, webauthn:virtualAuthenticators: true}
Session ID: 163e986de8ef151e71b95fcb2ac3a200
*** Element info: {Using=xpath, value=//div[@id='StaticText_0_2002']//p[contains(text(),'DocNo')]}
	at sun.reflect.NativeConstructorAccessorImpl.newInstance0(Native Method)
	at sun.reflect.NativeConstructorAccessorImpl.newInstance(Unknown Source)
	at sun.reflect.DelegatingConstructorAccessorImpl.newInstance(Unknown Source)
	at java.lang.reflect.Constructor.newInstance(Unknown Source)
	at org.openqa.selenium.remote.http.W3CHttpResponseCodec.createException(W3CHttpResponseCodec.java:187)
	at org.openqa.selenium.remote.http.W3CHttpResponseCodec.decode(W3CHttpResponseCodec.java:122)
	at org.openqa.selenium.remote.http.W3CHttpResponseCodec.decode(W3CHttpResponseCodec.java:49)
	at org.openqa.selenium.remote.HttpCommandExecutor.execute(HttpCommandExecutor.java:158)
	at org.openqa.selenium.remote.service.DriverCommandExecutor.execute(DriverCommandExecutor.java:83)
	at org.openqa.selenium.remote.RemoteWebDriver.execute(RemoteWebDriver.java:543)
	at org.openqa.selenium.remote.RemoteWebDriver.findElement(RemoteWebDriver.java:317)
	at org.openqa.selenium.remote.RemoteWebDriver.findElementByXPath(RemoteWebDriver.java:419)
	at org.openqa.selenium.By$ByXPath.findElement(By.java:353)
	at org.openqa.selenium.remote.RemoteWebDriver.findElement(RemoteWebDriver.java:309)
	at org.openqa.selenium.support.pagefactory.DefaultElementLocator.findElement(DefaultElementLocator.java:69)
	at org.openqa.selenium.support.pagefactory.internal.LocatingElementHandler.invoke(LocatingElementHandler.java:38)
	at com.sun.proxy.$Proxy14.isDisplayed(Unknown Source)
	at org.openqa.selenium.support.ui.ExpectedConditions.elementIfVisible(ExpectedConditions.java:315)
	at org.openqa.selenium.support.ui.ExpectedConditions.access$100(ExpectedConditions.java:44)
	at org.openqa.selenium.support.ui.ExpectedConditions$10.apply(ExpectedConditions.java:301)
	at org.openqa.selenium.support.ui.ExpectedConditions$10.apply(ExpectedConditions.java:298)
	at org.openqa.selenium.support.ui.ExpectedConditions$23.apply(ExpectedConditions.java:686)
	at org.openqa.selenium.support.ui.ExpectedConditions$23.apply(ExpectedConditions.java:682)
	at org.openqa.selenium.support.ui.FluentWait.until(FluentWait.java:248)
	... 26 more
]]>
    </error>
  </testcase> <!-- checkFieldsDragInHeaderOptions -->
  <testcase name="checkSavedEmailTemplateInEmailTemplate" time="20.186" classname="com.focus.testcases.SmokeTransactionAuthorizationDefinitionTest"/>
  <testcase name="checkCreateAuthorizationInPurchasesOrder" time="25.127" classname="com.focus.testcases.SmokeTransactionAuthorizationDefinitionTest"/>
  <testcase name="checkCancelButton" time="4.835" classname="com.focus.testcases.SmokeTransactionAuthorizationDefinitionTest"/>
  <testcase name="checkUserCreatedVoucherTypeDocumentOptions" time="5.346" classname="com.focus.testcases.SmokeTransactionAuthorizationDefinitionTest"/>
  <testcase name="checkUserSelectionIsManadatory" time="10.733" classname="com.focus.testcases.SmokeTransactionAuthorizationDefinitionTest"/>
  <testcase name="checkMiscellaneousOptions" time="8.709" classname="com.focus.testcases.SmokeTransactionAuthorizationDefinitionTest"/>
  <testcase name="checkEditClickOnEmailTemplate" time="17.721" classname="com.focus.testcases.SmokeTransactionAuthorizationDefinitionTest"/>
</testsuite> <!-- com.focus.testcases.SmokeTransactionAuthorizationDefinitionTest -->
